------------------------------------------------------------------------------------------------------------------------

[2013-01-31 05:54:17 #1 store] 
Database 'C:\Documents and Settings\puppet\My Documents\WorkspaceGIT\videoclub\db\videoclub.odb' is opened by 3672@quake

[2013-01-31 05:54:17 #2 type] 
Type model.Product is not enhanced.

[2013-01-31 05:54:17 #3 type] 
Type model.Profile is not enhanced.

[2013-01-31 05:54:17 #4 type] 
Type model.Right is not enhanced.

[2013-01-31 05:54:17 #5 type] 
Type model.User is not enhanced.

[2013-01-31 05:54:17 #6 type] 
Type model.Order is not enhanced.

------------------------------------------------------------------------------------------------------------------------

[2013-01-31 05:55:34 #1 store] 
Database 'C:\Documents and Settings\puppet\My Documents\WorkspaceGIT\videoclub\db\videoclub.odb' is opened by 660@quake

[2013-01-31 05:55:35 #2 type] 
Type model.Profile is not enhanced.

[2013-01-31 05:55:35 #3 type] 
Type model.Right is not enhanced.

[2013-01-31 05:55:35 #4 type] 
Type model.User is not enhanced.

[2013-01-31 05:55:35 #5 type] 
Type model.Order is not enhanced.

[2013-01-31 05:55:35 #6 type] 
Type model.Product is not enhanced.

