------------------------------------------------------------------------------------------------------------------------

[2013-01-29 02:51:19 #1 store] 
Database '/home/larry/workspace/videoclub/db/videoclub.odb' is opened by 5570@larry-notebook

[2013-01-29 02:51:19 #2 type] 
Type model.Profile is not enhanced.

[2013-01-29 02:51:19 #3 type] 
Type model.Right is not enhanced.

[2013-01-29 02:51:19 #4 type] 
Type model.User is not enhanced.

[2013-01-29 02:51:19 #5 type] 
Type model.Order is not enhanced.

[2013-01-29 02:51:19 #6 type] 
Type model.Product is not enhanced.

------------------------------------------------------------------------------------------------------------------------

[2013-01-29 02:52:34 #1 store] 
Database '/home/larry/workspace/videoclub/db/videoclub.odb' is opened by 5629@larry-notebook

[2013-01-29 02:52:35 #2 type] 
Type model.Profile is not enhanced.

[2013-01-29 02:52:35 #3 type] 
Type model.Right is not enhanced.

[2013-01-29 02:52:35 #4 type] 
Type model.User is not enhanced.

[2013-01-29 02:52:35 #5 type] 
Type model.Order is not enhanced.

[2013-01-29 02:52:35 #6 type] 
Type model.Product is not enhanced.

------------------------------------------------------------------------------------------------------------------------

[2013-01-29 02:54:17 #1 store] 
Database '/home/larry/workspace/videoclub/db/videoclub.odb' has been recovered (tr. 15-15)

[2013-01-29 02:54:17 #2 store] 
Database '/home/larry/workspace/videoclub/db/videoclub.odb' is opened by 5660@larry-notebook

[2013-01-29 02:54:17 #3 type] 
Type model.Profile is not enhanced.

[2013-01-29 02:54:17 #4 type] 
Type model.Right is not enhanced.

[2013-01-29 02:54:17 #5 type] 
Type model.User is not enhanced.

[2013-01-29 02:54:17 #6 type] 
Type model.Order is not enhanced.

[2013-01-29 02:54:17 #7 type] 
Type model.Product is not enhanced.

------------------------------------------------------------------------------------------------------------------------

[2013-01-29 03:01:37 #1 store] 
Database '/home/larry/workspace/videoclub/db/videoclub.odb' has been recovered (tr. 16-24)

[2013-01-29 03:01:37 #2 store] 
Database '/home/larry/workspace/videoclub/db/videoclub.odb' is opened by 5779@larry-notebook

[2013-01-29 03:01:37 #3 type] 
Type model.Profile is not enhanced.

[2013-01-29 03:01:37 #4 type] 
Type model.Right is not enhanced.

[2013-01-29 03:01:37 #5 type] 
Type model.User is not enhanced.

[2013-01-29 03:01:37 #6 type] 
Type model.Order is not enhanced.

[2013-01-29 03:01:37 #7 type] 
Type model.Product is not enhanced.

------------------------------------------------------------------------------------------------------------------------

[2013-01-29 03:02:57 #1 store] 
Database '/home/larry/workspace/videoclub/db/videoclub.odb' has been recovered (tr. 25-26)

[2013-01-29 03:02:57 #2 store] 
Database '/home/larry/workspace/videoclub/db/videoclub.odb' is opened by 5830@larry-notebook

[2013-01-29 03:02:58 #3 type] 
Type model.Profile is not enhanced.

[2013-01-29 03:02:58 #4 type] 
Type model.Right is not enhanced.

[2013-01-29 03:02:58 #5 type] 
Type model.User is not enhanced.

[2013-01-29 03:02:58 #6 type] 
Type model.Order is not enhanced.

[2013-01-29 03:02:58 #7 type] 
Type model.Product is not enhanced.

------------------------------------------------------------------------------------------------------------------------

[2013-01-29 03:05:20 #1 store] 
Database '/home/larry/workspace/videoclub/db/videoclub.odb' is opened by 5958@larry-notebook

[2013-01-29 03:05:21 #2 type] 
Type model.Profile is not enhanced.

[2013-01-29 03:05:21 #3 type] 
Type model.Right is not enhanced.

[2013-01-29 03:05:21 #4 type] 
Type model.User is not enhanced.

[2013-01-29 03:05:21 #5 type] 
Type model.Order is not enhanced.

[2013-01-29 03:05:21 #6 type] 
Type model.Product is not enhanced.

------------------------------------------------------------------------------------------------------------------------

[2013-01-29 03:06:27 #1 store] 
Database '/home/larry/workspace/videoclub/db/videoclub.odb' is opened by 6002@larry-notebook

[2013-01-29 03:06:27 #2 type] 
Type model.Profile is not enhanced.

[2013-01-29 03:06:27 #3 type] 
Type model.Right is not enhanced.

[2013-01-29 03:06:27 #4 type] 
Type model.User is not enhanced.

[2013-01-29 03:06:27 #5 type] 
Type model.Order is not enhanced.

[2013-01-29 03:06:27 #6 type] 
Type model.Product is not enhanced.

------------------------------------------------------------------------------------------------------------------------

[2013-01-29 03:19:13 #1 store] 
Database '/home/larry/workspace/videoclub/db/videoclub.odb' is opened by 6334@larry-notebook

[2013-01-29 03:19:14 #2 type] 
Type model.Profile is not enhanced.

[2013-01-29 03:19:14 #3 type] 
Type model.Right is not enhanced.

[2013-01-29 03:19:14 #4 type] 
Type model.User is not enhanced.

[2013-01-29 03:19:14 #5 type] 
Type model.Order is not enhanced.

[2013-01-29 03:19:14 #6 type] 
Type model.Product is not enhanced.

------------------------------------------------------------------------------------------------------------------------

[2013-01-29 03:23:13 #1 store] 
Database '/home/larry/workspace/videoclub/db/videoclub.odb' is opened by 6398@larry-notebook

[2013-01-29 03:23:13 #2 type] 
Type model.Profile is not enhanced.

[2013-01-29 03:23:13 #3 type] 
Type model.Right is not enhanced.

[2013-01-29 03:23:13 #4 type] 
Type model.User is not enhanced.

[2013-01-29 03:23:13 #5 type] 
Type model.Order is not enhanced.

[2013-01-29 03:23:13 #6 type] 
Type model.Product is not enhanced.

------------------------------------------------------------------------------------------------------------------------

[2013-01-29 03:33:45 #1 store] 
Database '/home/larry/workspace/videoclub/db/videoclub.odb' has been recovered (tr. 27-27)

[2013-01-29 03:33:45 #2 store] 
Database '/home/larry/workspace/videoclub/db/videoclub.odb' is opened by 6713@larry-notebook

[2013-01-29 03:33:45 #3 type] 
Type model.Profile is not enhanced.

[2013-01-29 03:33:45 #4 type] 
Type model.Right is not enhanced.

[2013-01-29 03:33:45 #5 type] 
Type model.User is not enhanced.

[2013-01-29 03:33:45 #6 type] 
Type model.Order is not enhanced.

[2013-01-29 03:33:45 #7 type] 
Type model.Product is not enhanced.

------------------------------------------------------------------------------------------------------------------------

[2013-01-29 03:38:33 #1 store] 
Database '/home/larry/workspace/videoclub/db/videoclub.odb' is opened by 6810@larry-notebook

[2013-01-29 03:38:33 #2 type] 
Type model.Profile is not enhanced.

[2013-01-29 03:38:33 #3 type] 
Type model.Right is not enhanced.

[2013-01-29 03:38:33 #4 type] 
Type model.User is not enhanced.

[2013-01-29 03:38:33 #5 type] 
Type model.Order is not enhanced.

[2013-01-29 03:38:33 #6 type] 
Type model.Product is not enhanced.

------------------------------------------------------------------------------------------------------------------------

[2013-01-29 03:47:49 #1 store] 
Database '/home/larry/workspace/videoclub/db/videoclub.odb' is opened by 6937@larry-notebook

[2013-01-29 03:47:49 #2 type] 
Type model.Profile is not enhanced.

[2013-01-29 03:47:49 #3 type] 
Type model.Right is not enhanced.

[2013-01-29 03:47:49 #4 type] 
Type model.User is not enhanced.

[2013-01-29 03:47:49 #5 type] 
Type model.Order is not enhanced.

[2013-01-29 03:47:49 #6 type] 
Type model.Product is not enhanced.

------------------------------------------------------------------------------------------------------------------------

[2013-01-29 03:50:49 #1 store] 
Database '/home/larry/workspace/videoclub/db/videoclub.odb' is opened by 7022@larry-notebook

[2013-01-29 03:50:49 #2 type] 
Type model.Profile is not enhanced.

[2013-01-29 03:50:49 #3 type] 
Type model.Right is not enhanced.

[2013-01-29 03:50:49 #4 type] 
Type model.User is not enhanced.

[2013-01-29 03:50:49 #5 type] 
Type model.Order is not enhanced.

[2013-01-29 03:50:49 #6 type] 
Type model.Product is not enhanced.

------------------------------------------------------------------------------------------------------------------------

[2013-01-29 03:54:20 #1 store] 
Database '/home/larry/workspace/videoclub/db/videoclub.odb' is opened by 7097@larry-notebook

[2013-01-29 03:54:21 #2 type] 
Type model.Profile is not enhanced.

[2013-01-29 03:54:21 #3 type] 
Type model.Right is not enhanced.

[2013-01-29 03:54:21 #4 type] 
Type model.User is not enhanced.

[2013-01-29 03:54:21 #5 type] 
Type model.Order is not enhanced.

[2013-01-29 03:54:21 #6 type] 
Type model.Product is not enhanced.

------------------------------------------------------------------------------------------------------------------------

[2013-01-29 04:05:00 #1 store] 
Database '/home/larry/workspace/videoclub/db/videoclub.odb' is opened by 7291@larry-notebook

[2013-01-29 04:05:00 #2 type] 
Type model.Profile is not enhanced.

[2013-01-29 04:05:00 #3 type] 
Type model.Right is not enhanced.

[2013-01-29 04:05:00 #4 type] 
Type model.User is not enhanced.

[2013-01-29 04:05:00 #5 type] 
Type model.Order is not enhanced.

[2013-01-29 04:05:00 #6 type] 
Type model.Product is not enhanced.

------------------------------------------------------------------------------------------------------------------------

[2013-01-29 04:07:07 #1 store] 
Database '/home/larry/workspace/videoclub/db/videoclub.odb' is opened by 7326@larry-notebook

[2013-01-29 04:07:08 #2 type] 
Type model.Profile is not enhanced.

[2013-01-29 04:07:08 #3 type] 
Type model.Right is not enhanced.

[2013-01-29 04:07:08 #4 type] 
Type model.User is not enhanced.

[2013-01-29 04:07:08 #5 type] 
Type model.Order is not enhanced.

[2013-01-29 04:07:08 #6 type] 
Type model.Product is not enhanced.

------------------------------------------------------------------------------------------------------------------------

[2013-01-29 04:11:33 #1 store] 
Database '/home/larry/workspace/videoclub/db/videoclub.odb' is opened by 7446@larry-notebook

[2013-01-29 04:11:33 #2 type] 
Type model.Profile is not enhanced.

[2013-01-29 04:11:33 #3 type] 
Type model.Right is not enhanced.

[2013-01-29 04:11:34 #4 type] 
Type model.User is not enhanced.

[2013-01-29 04:11:34 #5 type] 
Type model.Order is not enhanced.

[2013-01-29 04:11:34 #6 type] 
Type model.Product is not enhanced.

------------------------------------------------------------------------------------------------------------------------

[2013-01-29 04:14:09 #1 store] 
Database '/home/larry/workspace/videoclub/db/videoclub.odb' is opened by 7548@larry-notebook

[2013-01-29 04:14:09 #2 type] 
Type model.Profile is not enhanced.

[2013-01-29 04:14:09 #3 type] 
Type model.Right is not enhanced.

[2013-01-29 04:14:09 #4 type] 
Type model.User is not enhanced.

[2013-01-29 04:14:09 #5 type] 
Type model.Order is not enhanced.

[2013-01-29 04:14:09 #6 type] 
Type model.Product is not enhanced.

------------------------------------------------------------------------------------------------------------------------

[2013-01-29 04:19:21 #1 store] 
Database '/home/larry/workspace/videoclub/db/videoclub.odb' is opened by 7804@larry-notebook

[2013-01-29 04:19:21 #2 type] 
Type model.Profile is not enhanced.

[2013-01-29 04:19:21 #3 type] 
Type model.Right is not enhanced.

[2013-01-29 04:19:21 #4 type] 
Type model.User is not enhanced.

[2013-01-29 04:19:21 #5 type] 
Type model.Order is not enhanced.

[2013-01-29 04:19:21 #6 type] 
Type model.Product is not enhanced.

------------------------------------------------------------------------------------------------------------------------

[2013-01-29 04:21:34 #1 store] 
Database '/home/larry/workspace/videoclub/db/videoclub.odb' is opened by 7880@larry-notebook

[2013-01-29 04:21:35 #2 type] 
Type model.Profile is not enhanced.

[2013-01-29 04:21:35 #3 type] 
Type model.Right is not enhanced.

[2013-01-29 04:21:35 #4 type] 
Type model.User is not enhanced.

[2013-01-29 04:21:35 #5 type] 
Type model.Order is not enhanced.

[2013-01-29 04:21:35 #6 type] 
Type model.Product is not enhanced.

------------------------------------------------------------------------------------------------------------------------

[2013-01-29 04:24:11 #1 store] 
Database '/home/larry/workspace/videoclub/db/videoclub.odb' is opened by 7944@larry-notebook

[2013-01-29 04:24:11 #2 type] 
Type model.Profile is not enhanced.

[2013-01-29 04:24:11 #3 type] 
Type model.Right is not enhanced.

[2013-01-29 04:24:11 #4 type] 
Type model.User is not enhanced.

[2013-01-29 04:24:11 #5 type] 
Type model.Order is not enhanced.

[2013-01-29 04:24:11 #6 type] 
Type model.Product is not enhanced.

------------------------------------------------------------------------------------------------------------------------

[2013-01-29 04:24:36 #1 store] 
Database '/home/larry/workspace/videoclub/db/videoclub.odb' is opened by 7972@larry-notebook

[2013-01-29 04:24:36 #2 type] 
Type model.Profile is not enhanced.

[2013-01-29 04:24:36 #3 type] 
Type model.Right is not enhanced.

[2013-01-29 04:24:36 #4 type] 
Type model.User is not enhanced.

[2013-01-29 04:24:36 #5 type] 
Type model.Order is not enhanced.

[2013-01-29 04:24:36 #6 type] 
Type model.Product is not enhanced.

------------------------------------------------------------------------------------------------------------------------

[2013-01-29 04:25:33 #1 store] 
Database '/home/larry/workspace/videoclub/db/videoclub.odb' is opened by 8006@larry-notebook

[2013-01-29 04:25:33 #2 type] 
Type model.Profile is not enhanced.

[2013-01-29 04:25:33 #3 type] 
Type model.Right is not enhanced.

[2013-01-29 04:25:33 #4 type] 
Type model.User is not enhanced.

[2013-01-29 04:25:33 #5 type] 
Type model.Order is not enhanced.

[2013-01-29 04:25:33 #6 type] 
Type model.Product is not enhanced.

------------------------------------------------------------------------------------------------------------------------

[2013-01-29 04:26:18 #1 store] 
Database '/home/larry/workspace/videoclub/db/videoclub.odb' is opened by 8037@larry-notebook

[2013-01-29 04:26:18 #2 type] 
Type model.Profile is not enhanced.

[2013-01-29 04:26:18 #3 type] 
Type model.Right is not enhanced.

[2013-01-29 04:26:18 #4 type] 
Type model.User is not enhanced.

[2013-01-29 04:26:18 #5 type] 
Type model.Order is not enhanced.

[2013-01-29 04:26:18 #6 type] 
Type model.Product is not enhanced.

