------------------------------------------------------------------------------------------------------------------------

[2013-01-09 00:00:33 #1 store] 
Database '/home/larry/workspace/videoclub/db/videoclub.odb' is opened by 10319@larry-notebook

[2013-01-09 00:00:33 #2 type] 
Type model.Product is not enhanced.

------------------------------------------------------------------------------------------------------------------------

[2013-01-09 00:01:36 #1 store] 
Database '/home/larry/workspace/videoclub/db/videoclub.odb' is opened by 10353@larry-notebook

[2013-01-09 00:01:36 #2 type] 
Type model.Product is not enhanced.

------------------------------------------------------------------------------------------------------------------------

[2013-01-09 00:05:59 #1 store] 
Database '/home/larry/workspace/videoclub/db/videoclub.odb' is opened by 10397@larry-notebook

[2013-01-09 00:05:59 #2 type] 
Type model.Product is not enhanced.

------------------------------------------------------------------------------------------------------------------------

[2013-01-09 00:08:56 #1 store] 
Database '/home/larry/workspace/videoclub/db/videoclub.odb' is opened by 10464@larry-notebook

[2013-01-09 00:08:57 #2 type] 
Type model.Product is not enhanced.

------------------------------------------------------------------------------------------------------------------------

[2013-01-09 00:12:31 #1 store] 
Database '/home/larry/workspace/videoclub/db/videoclub.odb' is opened by 10519@larry-notebook

[2013-01-09 00:12:31 #2 type] 
Type model.Product is not enhanced.

------------------------------------------------------------------------------------------------------------------------

[2013-01-09 00:13:53 #1 store] 
Database '/home/larry/workspace/videoclub/db/videoclub.odb' is opened by 10570@larry-notebook

[2013-01-09 00:13:53 #2 type] 
Type model.Product is not enhanced.

------------------------------------------------------------------------------------------------------------------------

[2013-01-09 00:14:19 #1 store] 
Database '/home/larry/workspace/videoclub/db/videoclub.odb' is opened by 10609@larry-notebook

[2013-01-09 00:14:19 #2 type] 
Type model.Product is not enhanced.

------------------------------------------------------------------------------------------------------------------------

[2013-01-09 00:15:48 #1 store] 
Database '/home/larry/workspace/videoclub/db/videoclub.odb' is opened by 10699@larry-notebook

[2013-01-09 00:15:48 #2 type] 
Type model.Product is not enhanced.

------------------------------------------------------------------------------------------------------------------------

[2013-01-09 00:18:23 #1 store] 
Database '/home/larry/workspace/videoclub/db/videoclub.odb' is opened by 10810@larry-notebook

[2013-01-09 00:18:23 #2 type] 
Type model.Product is not enhanced.

------------------------------------------------------------------------------------------------------------------------

[2013-01-09 00:19:23 #1 store] 
Database '/home/larry/workspace/videoclub/db/videoclub.odb' is opened by 10856@larry-notebook

[2013-01-09 00:19:23 #2 type] 
Type model.Product is not enhanced.

------------------------------------------------------------------------------------------------------------------------

[2013-01-09 00:21:37 #1 store] 
Database '/home/larry/workspace/videoclub/db/videoclub.odb' is opened by 10917@larry-notebook

[2013-01-09 00:21:37 #2 type] 
Type model.Product is not enhanced.

------------------------------------------------------------------------------------------------------------------------

[2013-01-09 00:24:02 #1 store] 
Database '/home/larry/workspace/videoclub/db/videoclub.odb' is opened by 10975@larry-notebook

[2013-01-09 00:24:02 #2 type] 
Type model.Product is not enhanced.

------------------------------------------------------------------------------------------------------------------------

[2013-01-09 00:25:45 #1 store] 
Database '/home/larry/workspace/videoclub/db/videoclub.odb' is opened by 11059@larry-notebook

[2013-01-09 00:25:45 #2 type] 
Type model.Product is not enhanced.

------------------------------------------------------------------------------------------------------------------------

[2013-01-09 00:26:44 #1 store] 
Database '/home/larry/workspace/videoclub/db/videoclub.odb' is opened by 11094@larry-notebook

[2013-01-09 00:26:44 #2 type] 
Type model.Product is not enhanced.

------------------------------------------------------------------------------------------------------------------------

[2013-01-09 00:27:18 #1 store] 
Database '/home/larry/workspace/videoclub/db/videoclub.odb' is opened by 11120@larry-notebook

[2013-01-09 00:27:18 #2 type] 
Type model.Product is not enhanced.

------------------------------------------------------------------------------------------------------------------------

[2013-01-09 00:29:24 #1 store] 
Database '/home/larry/workspace/videoclub/db/videoclub.odb' is opened by 11151@larry-notebook

[2013-01-09 00:29:24 #2 type] 
Type model.Product is not enhanced.

------------------------------------------------------------------------------------------------------------------------

[2013-01-09 00:31:27 #1 store] 
Database '/home/larry/workspace/videoclub/db/videoclub.odb' is opened by 11221@larry-notebook

[2013-01-09 00:31:28 #2 type] 
Type model.Product is not enhanced.

------------------------------------------------------------------------------------------------------------------------

[2013-01-09 00:31:49 #1 store] 
Database '/home/larry/workspace/videoclub/db/videoclub.odb' is opened by 11248@larry-notebook

[2013-01-09 00:31:49 #2 type] 
Type model.Product is not enhanced.

------------------------------------------------------------------------------------------------------------------------

[2013-01-09 00:32:02 #1 store] 
Database '/home/larry/workspace/videoclub/db/videoclub.odb' is opened by 11275@larry-notebook

[2013-01-09 00:32:02 #2 type] 
Type model.Product is not enhanced.

------------------------------------------------------------------------------------------------------------------------

[2013-01-09 00:33:10 #1 store] 
Database '/home/larry/workspace/videoclub/db/videoclub.odb' is opened by 11337@larry-notebook

[2013-01-09 00:33:10 #2 type] 
Type model.Product is not enhanced.

------------------------------------------------------------------------------------------------------------------------

[2013-01-09 00:36:08 #1 store] 
Database '/home/larry/workspace/videoclub/db/videoclub.odb' is opened by 11430@larry-notebook

[2013-01-09 00:36:09 #2 type] 
Type model.Product is not enhanced.

------------------------------------------------------------------------------------------------------------------------

[2013-01-09 00:41:08 #1 store] 
Database '/home/larry/workspace/videoclub/db/videoclub.odb' is opened by 11497@larry-notebook

[2013-01-09 00:41:08 #2 type] 
Type model.Product is not enhanced.

------------------------------------------------------------------------------------------------------------------------

[2013-01-09 00:41:38 #1 store] 
Database '/home/larry/workspace/videoclub/db/videoclub.odb' is opened by 11526@larry-notebook

[2013-01-09 00:41:38 #2 type] 
Type model.Product is not enhanced.

------------------------------------------------------------------------------------------------------------------------

[2013-01-09 00:43:28 #1 store] 
Database '/home/larry/workspace/videoclub/db/videoclub.odb' is opened by 11640@larry-notebook

[2013-01-09 00:43:28 #2 type] 
Type model.Product is not enhanced.

------------------------------------------------------------------------------------------------------------------------

[2013-01-09 00:46:46 #1 store] 
Database '/home/larry/workspace/videoclub/db/videoclub.odb' is opened by 11798@larry-notebook

[2013-01-09 00:46:46 #2 type] 
Type model.Product is not enhanced.

------------------------------------------------------------------------------------------------------------------------

[2013-01-09 00:47:56 #1 store] 
Database '/home/larry/workspace/videoclub/db/videoclub.odb' has been recovered (tr. 15-15)

[2013-01-09 00:47:56 #2 store] 
Database '/home/larry/workspace/videoclub/db/videoclub.odb' is opened by 11854@larry-notebook

[2013-01-09 00:47:56 #3 type] 
Type model.Product is not enhanced.

------------------------------------------------------------------------------------------------------------------------

[2013-01-09 00:49:44 #1 store] 
Database '/home/larry/workspace/videoclub/db/videoclub.odb' is opened by 11925@larry-notebook

[2013-01-09 00:49:44 #2 type] 
Type model.Product is not enhanced.

------------------------------------------------------------------------------------------------------------------------

[2013-01-09 00:54:51 #1 store] 
Database '/home/larry/workspace/videoclub/db/videoclub.odb' has been recovered (tr. 16-16)

[2013-01-09 00:54:51 #2 store] 
Database '/home/larry/workspace/videoclub/db/videoclub.odb' is opened by 12028@larry-notebook

[2013-01-09 00:54:51 #3 type] 
Type model.Product is not enhanced.

------------------------------------------------------------------------------------------------------------------------

[2013-01-09 00:55:30 #1 store] 
Database '/home/larry/workspace/videoclub/db/videoclub.odb' has been recovered (tr. 17-17)

[2013-01-09 00:55:30 #2 store] 
Database '/home/larry/workspace/videoclub/db/videoclub.odb' is opened by 12056@larry-notebook

[2013-01-09 00:55:30 #3 type] 
Type model.Product is not enhanced.

------------------------------------------------------------------------------------------------------------------------

[2013-01-09 00:59:08 #1 store] 
Database '/home/larry/workspace/videoclub/db/videoclub.odb' is opened by 12115@larry-notebook

[2013-01-09 00:59:08 #2 type] 
Type model.Product is not enhanced.

------------------------------------------------------------------------------------------------------------------------

[2013-01-09 01:03:56 #1 store] 
Database '/home/larry/workspace/videoclub/db/videoclub.odb' is opened by 12189@larry-notebook

[2013-01-09 01:03:56 #2 type] 
Type model.Product is not enhanced.

------------------------------------------------------------------------------------------------------------------------

[2013-01-09 01:10:15 #1 store] 
Database '/home/larry/workspace/videoclub/db/videoclub.odb' is opened by 12341@larry-notebook

[2013-01-09 01:10:15 #2 type] 
Type model.Product is not enhanced.

------------------------------------------------------------------------------------------------------------------------

[2013-01-09 01:16:10 #1 store] 
Database '/home/larry/workspace/videoclub/db/videoclub.odb' is opened by 12532@larry-notebook

[2013-01-09 01:16:10 #2 type] 
Type model.Product is not enhanced.

------------------------------------------------------------------------------------------------------------------------

[2013-01-09 01:16:33 #1 store] 
Database '/home/larry/workspace/videoclub/db/videoclub.odb' has been recovered (tr. 17-17)

[2013-01-09 01:16:33 #2 store] 
Database '/home/larry/workspace/videoclub/db/videoclub.odb' is opened by 12559@larry-notebook

[2013-01-09 01:16:33 #3 type] 
Type model.Product is not enhanced.

------------------------------------------------------------------------------------------------------------------------

[2013-01-09 01:16:56 #1 store] 
Database '/home/larry/workspace/videoclub/db/videoclub.odb' has been recovered (tr. 18-18)

[2013-01-09 01:16:56 #2 store] 
Database '/home/larry/workspace/videoclub/db/videoclub.odb' is opened by 12589@larry-notebook

[2013-01-09 01:16:56 #3 type] 
Type model.Product is not enhanced.

------------------------------------------------------------------------------------------------------------------------

[2013-01-09 01:17:18 #1 store] 
Database '/home/larry/workspace/videoclub/db/videoclub.odb' has been recovered (tr. 19-19)

[2013-01-09 01:17:18 #2 store] 
Database '/home/larry/workspace/videoclub/db/videoclub.odb' is opened by 12618@larry-notebook

[2013-01-09 01:17:18 #3 type] 
Type model.Product is not enhanced.

------------------------------------------------------------------------------------------------------------------------

[2013-01-09 01:19:58 #1 store] 
Database '/home/larry/workspace/videoclub/db/videoclub.odb' is opened by 12663@larry-notebook

[2013-01-09 01:19:59 #2 type] 
Type model.Product is not enhanced.

------------------------------------------------------------------------------------------------------------------------

[2013-01-09 01:38:55 #1 store] 
Database '/home/larry/workspace/videoclub/db/videoclub.odb' has been recovered (tr. 20-20)

[2013-01-09 01:38:55 #2 store] 
Database '/home/larry/workspace/videoclub/db/videoclub.odb' is opened by 13019@larry-notebook

[2013-01-09 01:39:12 #3 store] 
Database '/home/larry/workspace/videoclub/db/videoclub.odb' is closed by 13019@larry-notebook

------------------------------------------------------------------------------------------------------------------------

[2013-01-09 02:14:43 #1 store] 
Database '/home/larry/workspace/videoclub/db/videoclub.odb' is opened by 13760@larry-notebook

[2013-01-09 02:14:43 #2 type] 
Type model.Product is not enhanced.

------------------------------------------------------------------------------------------------------------------------

[2013-01-09 02:18:46 #1 store] 
Database '/home/larry/workspace/videoclub/db/videoclub.odb' is opened by 13868@larry-notebook

[2013-01-09 02:18:46 #2 type] 
Type model.Product is not enhanced.

------------------------------------------------------------------------------------------------------------------------

[2013-01-09 02:23:45 #1 store] 
Database '/home/larry/workspace/videoclub/db/videoclub.odb' is opened by 13943@larry-notebook

[2013-01-09 02:23:45 #2 type] 
Type model.Product is not enhanced.

------------------------------------------------------------------------------------------------------------------------

[2013-01-09 02:29:51 #1 store] 
Database '/home/larry/workspace/videoclub/db/videoclub.odb' is opened by 14105@larry-notebook

[2013-01-09 02:29:52 #2 type] 
Type model.Product is not enhanced.

------------------------------------------------------------------------------------------------------------------------

[2013-01-09 02:30:59 #1 store] 
Database '/home/larry/workspace/videoclub/db/videoclub.odb' is opened by 14139@larry-notebook

[2013-01-09 02:30:59 #2 type] 
Type model.Product is not enhanced.

------------------------------------------------------------------------------------------------------------------------

[2013-01-09 02:33:27 #1 store] 
Database '/home/larry/workspace/videoclub/db/videoclub.odb' is opened by 14209@larry-notebook

[2013-01-09 02:33:28 #2 type] 
Type model.Product is not enhanced.

------------------------------------------------------------------------------------------------------------------------

[2013-01-09 02:35:06 #1 store] 
Database '/home/larry/workspace/videoclub/db/videoclub.odb' is opened by 14249@larry-notebook

[2013-01-09 02:35:06 #2 type] 
Type model.Product is not enhanced.

------------------------------------------------------------------------------------------------------------------------

[2013-01-09 02:36:47 #1 store] 
Database '/home/larry/workspace/videoclub/db/videoclub.odb' is opened by 14314@larry-notebook

[2013-01-09 02:36:47 #2 type] 
Type model.Product is not enhanced.

[2013-01-09 02:36:47 #3 type] 
Type model.Profile is not enhanced.

[2013-01-09 02:36:47 #4 type] 
Type model.Right is not enhanced.

------------------------------------------------------------------------------------------------------------------------

[2013-01-09 02:37:25 #1 store] 
Database '/home/larry/workspace/videoclub/db/videoclub.odb' has been recovered (tr. 21-21)

[2013-01-09 02:37:26 #2 store] 
Database '/home/larry/workspace/videoclub/db/videoclub.odb' is opened by 14418@larry-notebook

[2013-01-09 02:39:18 #3 store] 
Database '/home/larry/workspace/videoclub/db/videoclub.odb' is closed by 14418@larry-notebook

------------------------------------------------------------------------------------------------------------------------

[2013-01-09 02:39:23 #1 store] 
Database '/home/larry/workspace/videoclub/db/videoclub.odb' is opened by 14445@larry-notebook

[2013-01-09 02:39:53 #2 store] 
Database '/home/larry/workspace/videoclub/db/videoclub.odb' is closed by 14445@larry-notebook

------------------------------------------------------------------------------------------------------------------------

[2013-01-09 02:40:36 #1 store] 
Database '/home/larry/workspace/videoclub/db/videoclub.odb' is opened by 14485@larry-notebook

[2013-01-09 02:40:36 #2 type] 
Type model.Profile is not enhanced.

[2013-01-09 02:40:36 #3 type] 
Type model.Right is not enhanced.

[2013-01-09 02:40:36 #4 type] 
Type model.Product is not enhanced.

------------------------------------------------------------------------------------------------------------------------

[2013-01-09 02:41:07 #1 store] 
Database '/home/larry/workspace/videoclub/db/videoclub.odb' has been recovered (tr. 1-4)

[2013-01-09 02:41:07 #2 store] 
Database '/home/larry/workspace/videoclub/db/videoclub.odb' is opened by 14522@larry-notebook

[2013-01-09 02:41:24 #3 store] 
Database '/home/larry/workspace/videoclub/db/videoclub.odb' is closed by 14522@larry-notebook

------------------------------------------------------------------------------------------------------------------------

[2013-01-09 17:18:21 #1 store] 
Database '/home/larry/workspace/videoclub/db/videoclub.odb' is opened by 8284@larry-notebook

[2013-01-09 17:18:22 #2 type] 
Type model.Product is not enhanced.

------------------------------------------------------------------------------------------------------------------------

[2013-01-09 17:18:54 #1 store] 
Database '/home/larry/workspace/videoclub/db/videoclub.odb' has been recovered (tr. 1-3)

[2013-01-09 17:18:54 #2 store] 
Database '/home/larry/workspace/videoclub/db/videoclub.odb' is opened by 8320@larry-notebook

[2013-01-09 17:18:54 #3 type] 
Type model.Product is not enhanced.

------------------------------------------------------------------------------------------------------------------------

[2013-01-09 17:22:08 #1 store] 
Database '/home/larry/workspace/videoclub/db/videoclub.odb' is opened by 8386@larry-notebook

[2013-01-09 17:22:08 #2 type] 
Type model.Product is not enhanced.

------------------------------------------------------------------------------------------------------------------------

[2013-01-09 17:22:26 #1 store] 
Database '/home/larry/workspace/videoclub/db/videoclub.odb' is opened by 8424@larry-notebook

[2013-01-09 17:22:26 #2 type] 
Type model.Product is not enhanced.

------------------------------------------------------------------------------------------------------------------------

[2013-01-09 17:27:07 #1 store] 
Database '/home/larry/workspace/videoclub/db/videoclub.odb' is opened by 8527@larry-notebook

[2013-01-09 17:27:07 #2 type] 
Type model.Product is not enhanced.

------------------------------------------------------------------------------------------------------------------------

[2013-01-09 17:28:35 #1 store] 
Database '/home/larry/workspace/videoclub/db/videoclub.odb' is opened by 8586@larry-notebook

[2013-01-09 17:28:35 #2 type] 
Type model.Product is not enhanced.

------------------------------------------------------------------------------------------------------------------------

[2013-01-09 17:29:23 #1 store] 
Database '/home/larry/workspace/videoclub/db/videoclub.odb' is opened by 8636@larry-notebook

[2013-01-09 17:29:23 #2 type] 
Type model.Product is not enhanced.

------------------------------------------------------------------------------------------------------------------------

[2013-01-09 17:30:52 #1 store] 
Database '/home/larry/workspace/videoclub/db/videoclub.odb' is opened by 8699@larry-notebook

[2013-01-09 17:30:52 #2 type] 
Type model.Product is not enhanced.

------------------------------------------------------------------------------------------------------------------------

[2013-01-09 17:32:12 #1 store] 
Database '/home/larry/workspace/videoclub/db/videoclub.odb' is opened by 8767@larry-notebook

[2013-01-09 17:32:12 #2 type] 
Type model.Product is not enhanced.

------------------------------------------------------------------------------------------------------------------------

[2013-01-09 17:32:50 #1 store] 
Database '/home/larry/workspace/videoclub/db/videoclub.odb' is opened by 8805@larry-notebook

[2013-01-09 17:32:51 #2 type] 
Type model.Product is not enhanced.

------------------------------------------------------------------------------------------------------------------------

[2013-01-09 17:34:39 #1 store] 
Database '/home/larry/workspace/videoclub/db/videoclub.odb' is opened by 8854@larry-notebook

[2013-01-09 17:34:39 #2 type] 
Type model.Product is not enhanced.

------------------------------------------------------------------------------------------------------------------------

[2013-01-09 17:37:03 #1 store] 
Database '/home/larry/workspace/videoclub/db/videoclub.odb' is opened by 8939@larry-notebook

[2013-01-09 17:37:04 #2 type] 
Type model.Product is not enhanced.

------------------------------------------------------------------------------------------------------------------------

[2013-01-09 17:47:07 #1 store] 
Database '/home/larry/workspace/videoclub/db/videoclub.odb' is opened by 9136@larry-notebook

[2013-01-09 17:47:07 #2 type] 
Type model.Product is not enhanced.

------------------------------------------------------------------------------------------------------------------------

[2013-01-09 17:48:06 #1 store] 
Database '/home/larry/workspace/videoclub/db/videoclub.odb' is opened by 9196@larry-notebook

[2013-01-09 17:48:06 #2 type] 
Type model.Product is not enhanced.

------------------------------------------------------------------------------------------------------------------------

[2013-01-09 17:48:23 #1 store] 
Database '/home/larry/workspace/videoclub/db/videoclub.odb' is opened by 9235@larry-notebook

[2013-01-09 17:48:23 #2 type] 
Type model.Product is not enhanced.

------------------------------------------------------------------------------------------------------------------------

[2013-01-09 17:49:02 #1 store] 
Database '/home/larry/workspace/videoclub/db/videoclub.odb' is opened by 9272@larry-notebook

[2013-01-09 17:49:02 #2 type] 
Type model.Product is not enhanced.

------------------------------------------------------------------------------------------------------------------------

[2013-01-09 17:49:14 #1 store] 
Database '/home/larry/workspace/videoclub/db/videoclub.odb' is opened by 9307@larry-notebook

[2013-01-09 17:49:14 #2 type] 
Type model.Product is not enhanced.

------------------------------------------------------------------------------------------------------------------------

[2013-01-09 17:53:21 #1 store] 
Database '/home/larry/workspace/videoclub/db/videoclub.odb' is opened by 9432@larry-notebook

[2013-01-09 17:53:21 #2 type] 
Type model.Product is not enhanced.

------------------------------------------------------------------------------------------------------------------------

[2013-01-09 17:53:38 #1 store] 
Database '/home/larry/workspace/videoclub/db/videoclub.odb' is opened by 9470@larry-notebook

[2013-01-09 17:53:38 #2 type] 
Type model.Product is not enhanced.

------------------------------------------------------------------------------------------------------------------------

[2013-01-09 18:04:20 #1 store] 
Database '/home/larry/workspace/videoclub/db/videoclub.odb' is opened by 9631@larry-notebook

[2013-01-09 18:04:20 #2 type] 
Type model.Product is not enhanced.

------------------------------------------------------------------------------------------------------------------------

[2013-01-09 18:04:36 #1 store] 
Database '/home/larry/workspace/videoclub/db/videoclub.odb' is opened by 9670@larry-notebook

[2013-01-09 18:04:37 #2 type] 
Type model.Product is not enhanced.

------------------------------------------------------------------------------------------------------------------------

[2013-01-09 18:06:55 #1 store] 
Database '/home/larry/workspace/videoclub/db/videoclub.odb' is opened by 9717@larry-notebook

[2013-01-09 18:06:55 #2 type] 
Type model.Product is not enhanced.

[2013-01-09 18:06:55 #3 type] 
Type model.Profile is not enhanced.

[2013-01-09 18:06:55 #4 type] 
Type model.Right is not enhanced.

