------------------------------------------------------------------------------------------------------------------------

[2012-12-25 02:11:20 #1 store] 
Database 'C:\Documents and Settings\puppet\My Documents\WorkspaceGIT\videoclub\db\videoclub.odb' is opened by 41532@quake

[2012-12-25 02:11:20 #2 type] 
Type entity.ProductEntity is not enhanced.

[2012-12-25 02:11:20 #3 store] 
Database 'C:\Documents and Settings\puppet\My Documents\WorkspaceGIT\videoclub\db\videoclub.odb' is closed by 41532@quake

------------------------------------------------------------------------------------------------------------------------

[2012-12-25 02:16:41 #1 store] 
Database 'C:\Documents and Settings\puppet\My Documents\WorkspaceGIT\videoclub\db\videoclub.odb' is opened by 73528@quake

[2012-12-25 02:16:41 #2 type] 
Type entity.ProductEntity is not enhanced.

[2012-12-25 02:16:41 #3 store] 
Database 'C:\Documents and Settings\puppet\My Documents\WorkspaceGIT\videoclub\db\videoclub.odb' is closed by 73528@quake

------------------------------------------------------------------------------------------------------------------------

[2012-12-25 02:19:02 #1 store] 
Database 'C:\Documents and Settings\puppet\My Documents\WorkspaceGIT\videoclub\db\videoclub.odb' is opened by 84804@quake

[2012-12-25 02:19:02 #2 type] 
Type entity.ProductEntity is not enhanced.

------------------------------------------------------------------------------------------------------------------------

[2012-12-25 02:19:28 #1 store] 
Database 'C:\Documents and Settings\puppet\My Documents\WorkspaceGIT\videoclub\db\videoclub.odb' has been recovered (tr. 8-8)

[2012-12-25 02:19:28 #2 store] 
Database 'C:\Documents and Settings\puppet\My Documents\WorkspaceGIT\videoclub\db\videoclub.odb' is opened by 89308@quake

[2012-12-25 02:19:29 #3 type] 
Type entity.ProductEntity is not enhanced.

------------------------------------------------------------------------------------------------------------------------

[2012-12-25 02:19:41 #1 store] 
Database 'C:\Documents and Settings\puppet\My Documents\WorkspaceGIT\videoclub\db\videoclub.odb' has been recovered (tr. 9-9)

[2012-12-25 02:19:41 #2 store] 
Database 'C:\Documents and Settings\puppet\My Documents\WorkspaceGIT\videoclub\db\videoclub.odb' is opened by 91408@quake

[2012-12-25 02:19:41 #3 type] 
Type entity.ProductEntity is not enhanced.

[2012-12-25 02:19:42 #4 store] 
Database 'C:\Documents and Settings\puppet\My Documents\WorkspaceGIT\videoclub\db\videoclub.odb' is closed by 91408@quake

------------------------------------------------------------------------------------------------------------------------

[2012-12-25 02:29:03 #1 store] 
Database 'C:\Documents and Settings\puppet\My Documents\WorkspaceGIT\videoclub\db\videoclub.odb' is opened by 30204@quake

[2012-12-25 02:29:03 #2 type] 
Type entity.ProductEntity is not enhanced.

------------------------------------------------------------------------------------------------------------------------

[2012-12-25 02:31:32 #1 store] 
Database 'C:\Documents and Settings\puppet\My Documents\WorkspaceGIT\videoclub\db\videoclub.odb' has been recovered (tr. 11-11)

[2012-12-25 02:31:32 #2 store] 
Database 'C:\Documents and Settings\puppet\My Documents\WorkspaceGIT\videoclub\db\videoclub.odb' is opened by 45336@quake

[2012-12-25 02:31:32 #3 type] 
Type entity.ProductEntity is not enhanced.

[2012-12-25 02:31:32 #4 store] 
Database 'C:\Documents and Settings\puppet\My Documents\WorkspaceGIT\videoclub\db\videoclub.odb' is closed by 45336@quake

------------------------------------------------------------------------------------------------------------------------

[2012-12-25 02:33:13 #1 store] 
Database 'C:\Documents and Settings\puppet\My Documents\WorkspaceGIT\videoclub\db\videoclub.odb' is opened by 53424@quake

[2012-12-25 02:33:13 #2 type] 
Type entity.ProductEntity is not enhanced.

[2012-12-25 02:33:13 #3 store] 
Database 'C:\Documents and Settings\puppet\My Documents\WorkspaceGIT\videoclub\db\videoclub.odb' is closed by 53424@quake

