------------------------------------------------------------------------------------------------------------------------

[2013-01-30 00:23:47 #1 store] 
Database '/home/larry/workspace/videoclub/db/videoclub.odb' is opened by 11592@larry-notebook

[2013-01-30 00:23:48 #2 type] 
Type model.Profile is not enhanced.

[2013-01-30 00:23:48 #3 type] 
Type model.Right is not enhanced.

[2013-01-30 00:23:48 #4 type] 
Type model.User is not enhanced.

[2013-01-30 00:23:48 #5 type] 
Type model.Order is not enhanced.

[2013-01-30 00:23:48 #6 type] 
Type model.Product is not enhanced.

------------------------------------------------------------------------------------------------------------------------

[2013-01-30 00:47:15 #1 store] 
Database '/home/larry/workspace/videoclub/db/videoclub.odb' is opened by 12230@larry-notebook

[2013-01-30 00:47:16 #2 type] 
Type model.Profile is not enhanced.

[2013-01-30 00:47:16 #3 type] 
Type model.Right is not enhanced.

[2013-01-30 00:47:16 #4 type] 
Type model.User is not enhanced.

[2013-01-30 00:47:16 #5 type] 
Type model.Order is not enhanced.

[2013-01-30 00:47:16 #6 type] 
Type model.Product is not enhanced.

------------------------------------------------------------------------------------------------------------------------

[2013-01-30 00:48:14 #1 store] 
Database '/home/larry/workspace/videoclub/db/videoclub.odb' is opened by 12276@larry-notebook

[2013-01-30 00:48:14 #2 type] 
Type model.Profile is not enhanced.

[2013-01-30 00:48:14 #3 type] 
Type model.Right is not enhanced.

[2013-01-30 00:48:14 #4 type] 
Type model.User is not enhanced.

[2013-01-30 00:48:14 #5 type] 
Type model.Order is not enhanced.

[2013-01-30 00:48:14 #6 type] 
Type model.Product is not enhanced.

------------------------------------------------------------------------------------------------------------------------

[2013-01-30 00:50:39 #1 store] 
Database '/home/larry/workspace/videoclub/db/videoclub.odb' is opened by 12336@larry-notebook

[2013-01-30 00:50:39 #2 type] 
Type model.Profile is not enhanced.

[2013-01-30 00:50:39 #3 type] 
Type model.Right is not enhanced.

[2013-01-30 00:50:39 #4 type] 
Type model.User is not enhanced.

[2013-01-30 00:50:39 #5 type] 
Type model.Order is not enhanced.

[2013-01-30 00:50:39 #6 type] 
Type model.Product is not enhanced.

------------------------------------------------------------------------------------------------------------------------

[2013-01-30 01:21:35 #1 store] 
Database '/home/larry/workspace/videoclub/db/videoclub.odb' is opened by 13050@larry-notebook

[2013-01-30 01:21:35 #2 type] 
Type model.Profile is not enhanced.

[2013-01-30 01:21:35 #3 type] 
Type model.Right is not enhanced.

[2013-01-30 01:21:35 #4 type] 
Type model.User is not enhanced.

[2013-01-30 01:21:35 #5 type] 
Type model.Order is not enhanced.

[2013-01-30 01:21:35 #6 type] 
Type model.Product is not enhanced.

------------------------------------------------------------------------------------------------------------------------

[2013-01-30 01:23:13 #1 store] 
Database '/home/larry/workspace/videoclub/db/videoclub.odb' is opened by 13083@larry-notebook

[2013-01-30 01:23:14 #2 type] 
Type model.Profile is not enhanced.

[2013-01-30 01:23:14 #3 type] 
Type model.Right is not enhanced.

[2013-01-30 01:23:14 #4 type] 
Type model.User is not enhanced.

[2013-01-30 01:23:14 #5 type] 
Type model.Order is not enhanced.

[2013-01-30 01:23:14 #6 type] 
Type model.Product is not enhanced.

------------------------------------------------------------------------------------------------------------------------

[2013-01-30 01:24:08 #1 store] 
Database '/home/larry/workspace/videoclub/db/videoclub.odb' has been recovered (tr. 34-34)

[2013-01-30 01:24:09 #2 store] 
Database '/home/larry/workspace/videoclub/db/videoclub.odb' is opened by 13110@larry-notebook

[2013-01-30 01:24:09 #3 type] 
Type model.Profile is not enhanced.

[2013-01-30 01:24:09 #4 type] 
Type model.Right is not enhanced.

[2013-01-30 01:24:09 #5 type] 
Type model.User is not enhanced.

[2013-01-30 01:24:09 #6 type] 
Type model.Order is not enhanced.

[2013-01-30 01:24:09 #7 type] 
Type model.Product is not enhanced.

------------------------------------------------------------------------------------------------------------------------

[2013-01-30 01:25:04 #1 store] 
Database '/home/larry/workspace/videoclub/db/videoclub.odb' is opened by 13155@larry-notebook

[2013-01-30 01:25:05 #2 type] 
Type model.Profile is not enhanced.

[2013-01-30 01:25:05 #3 type] 
Type model.Right is not enhanced.

[2013-01-30 01:25:05 #4 type] 
Type model.User is not enhanced.

[2013-01-30 01:25:05 #5 type] 
Type model.Order is not enhanced.

[2013-01-30 01:25:05 #6 type] 
Type model.Product is not enhanced.

------------------------------------------------------------------------------------------------------------------------

[2013-01-30 01:26:25 #1 store] 
Database '/home/larry/workspace/videoclub/db/videoclub.odb' has been recovered (tr. 35-36)

[2013-01-30 01:26:25 #2 store] 
Database '/home/larry/workspace/videoclub/db/videoclub.odb' is opened by 13204@larry-notebook

[2013-01-30 01:26:25 #3 type] 
Type model.Profile is not enhanced.

[2013-01-30 01:26:25 #4 type] 
Type model.Right is not enhanced.

[2013-01-30 01:26:25 #5 type] 
Type model.User is not enhanced.

[2013-01-30 01:26:25 #6 type] 
Type model.Order is not enhanced.

[2013-01-30 01:26:25 #7 type] 
Type model.Product is not enhanced.

------------------------------------------------------------------------------------------------------------------------

[2013-01-30 01:44:58 #1 store] 
Database '/home/larry/workspace/videoclub/db/videoclub.odb' has been recovered (tr. 37-38)

[2013-01-30 01:44:58 #2 store] 
Database '/home/larry/workspace/videoclub/db/videoclub.odb' is opened by 13606@larry-notebook

[2013-01-30 01:44:59 #3 type] 
Type model.Profile is not enhanced.

[2013-01-30 01:44:59 #4 type] 
Type model.Right is not enhanced.

[2013-01-30 01:44:59 #5 type] 
Type model.User is not enhanced.

[2013-01-30 01:44:59 #6 type] 
Type model.Order is not enhanced.

[2013-01-30 01:44:59 #7 type] 
Type model.Product is not enhanced.

------------------------------------------------------------------------------------------------------------------------

[2013-01-30 01:45:49 #1 store] 
Database '/home/larry/workspace/videoclub/db/videoclub.odb' is opened by 13633@larry-notebook

[2013-01-30 01:45:49 #2 type] 
Type model.Profile is not enhanced.

[2013-01-30 01:45:49 #3 type] 
Type model.Right is not enhanced.

[2013-01-30 01:45:49 #4 type] 
Type model.User is not enhanced.

[2013-01-30 01:45:49 #5 type] 
Type model.Order is not enhanced.

[2013-01-30 01:45:49 #6 type] 
Type model.Product is not enhanced.

------------------------------------------------------------------------------------------------------------------------

[2013-01-30 01:51:33 #1 store] 
Database '/home/larry/workspace/videoclub/db/videoclub.odb' is opened by 13729@larry-notebook

[2013-01-30 01:51:33 #2 type] 
Type model.Profile is not enhanced.

[2013-01-30 01:51:33 #3 type] 
Type model.Right is not enhanced.

[2013-01-30 01:51:33 #4 type] 
Type model.User is not enhanced.

[2013-01-30 01:51:33 #5 type] 
Type model.Order is not enhanced.

[2013-01-30 01:51:33 #6 type] 
Type model.Product is not enhanced.

------------------------------------------------------------------------------------------------------------------------

[2013-01-30 01:52:59 #1 store] 
Database '/home/larry/workspace/videoclub/db/videoclub.odb' is opened by 13789@larry-notebook

[2013-01-30 01:52:59 #2 type] 
Type model.Profile is not enhanced.

[2013-01-30 01:52:59 #3 type] 
Type model.Right is not enhanced.

[2013-01-30 01:52:59 #4 type] 
Type model.User is not enhanced.

[2013-01-30 01:52:59 #5 type] 
Type model.Order is not enhanced.

[2013-01-30 01:52:59 #6 type] 
Type model.Product is not enhanced.

------------------------------------------------------------------------------------------------------------------------

[2013-01-30 01:53:52 #1 store] 
Database '/home/larry/workspace/videoclub/db/videoclub.odb' is opened by 13823@larry-notebook

[2013-01-30 01:53:53 #2 type] 
Type model.Profile is not enhanced.

[2013-01-30 01:53:53 #3 type] 
Type model.Right is not enhanced.

[2013-01-30 01:53:53 #4 type] 
Type model.User is not enhanced.

[2013-01-30 01:53:53 #5 type] 
Type model.Order is not enhanced.

[2013-01-30 01:53:53 #6 type] 
Type model.Product is not enhanced.

------------------------------------------------------------------------------------------------------------------------

[2013-01-30 02:09:23 #1 store] 
Database '/home/larry/workspace/videoclub/db/videoclub.odb' is opened by 14352@larry-notebook

[2013-01-30 02:09:23 #2 type] 
Type model.Profile is not enhanced.

[2013-01-30 02:09:23 #3 type] 
Type model.Right is not enhanced.

[2013-01-30 02:09:23 #4 type] 
Type model.User is not enhanced.

[2013-01-30 02:09:23 #5 type] 
Type model.Order is not enhanced.

[2013-01-30 02:09:23 #6 type] 
Type model.Product is not enhanced.

