------------------------------------------------------------------------------------------------------------------------

[2013-01-28 01:36:59 #1 store] 
Database '/home/larry/workspace/videoclub/db/videoclub.odb' has been recovered (tr. 12-13)

[2013-01-28 01:36:59 #2 store] 
Database '/home/larry/workspace/videoclub/db/videoclub.odb' is opened by 4111@larry-notebook

[2013-01-28 01:36:59 #3 type] 
Type model.Profile is not enhanced.

[2013-01-28 01:36:59 #4 type] 
Type model.Right is not enhanced.

[2013-01-28 01:36:59 #5 type] 
Type model.User is not enhanced.

[2013-01-28 01:36:59 #6 type] 
Type model.Order is not enhanced.

[2013-01-28 01:36:59 #7 type] 
Type model.Product is not enhanced.

------------------------------------------------------------------------------------------------------------------------

[2013-01-28 01:37:41 #1 store] 
Database '/home/larry/workspace/videoclub/db/videoclub.odb' is opened by 4151@larry-notebook

[2013-01-28 01:37:41 #2 type] 
Type model.Profile is not enhanced.

[2013-01-28 01:37:41 #3 type] 
Type model.Right is not enhanced.

[2013-01-28 01:37:41 #4 type] 
Type model.User is not enhanced.

[2013-01-28 01:37:41 #5 type] 
Type model.Order is not enhanced.

[2013-01-28 01:37:41 #6 type] 
Type model.Product is not enhanced.

------------------------------------------------------------------------------------------------------------------------

[2013-01-28 01:46:54 #1 store] 
Database '/home/larry/workspace/videoclub/db/videoclub.odb' is opened by 4263@larry-notebook

[2013-01-28 01:46:54 #2 type] 
Type model.Profile is not enhanced.

[2013-01-28 01:46:54 #3 type] 
Type model.Right is not enhanced.

[2013-01-28 01:46:54 #4 type] 
Type model.User is not enhanced.

[2013-01-28 01:46:54 #5 type] 
Type model.Order is not enhanced.

[2013-01-28 01:46:54 #6 type] 
Type model.Product is not enhanced.

------------------------------------------------------------------------------------------------------------------------

[2013-01-28 02:08:51 #1 store] 
Database '/home/larry/workspace/videoclub/db/videoclub.odb' has been recovered (tr. 14-14)

[2013-01-28 02:08:51 #2 store] 
Database '/home/larry/workspace/videoclub/db/videoclub.odb' is opened by 4706@larry-notebook

[2013-01-28 02:08:51 #3 type] 
Type model.Profile is not enhanced.

[2013-01-28 02:08:51 #4 type] 
Type model.Right is not enhanced.

[2013-01-28 02:08:51 #5 type] 
Type model.User is not enhanced.

[2013-01-28 02:08:51 #6 type] 
Type model.Order is not enhanced.

[2013-01-28 02:08:51 #7 type] 
Type model.Product is not enhanced.

------------------------------------------------------------------------------------------------------------------------

[2013-01-28 03:50:43 #1 store] 
Database '/home/larry/workspace/videoclub/db/videoclub.odb' is opened by 6680@larry-notebook

[2013-01-28 03:50:43 #2 type] 
Type model.Profile is not enhanced.

[2013-01-28 03:50:43 #3 type] 
Type model.Right is not enhanced.

[2013-01-28 03:50:43 #4 type] 
Type model.User is not enhanced.

[2013-01-28 03:50:43 #5 type] 
Type model.Order is not enhanced.

[2013-01-28 03:50:43 #6 type] 
Type model.Product is not enhanced.

------------------------------------------------------------------------------------------------------------------------

[2013-01-28 03:53:59 #1 store] 
Database '/home/larry/workspace/videoclub/db/videoclub.odb' is opened by 6727@larry-notebook

[2013-01-28 03:53:59 #2 type] 
Type model.Profile is not enhanced.

[2013-01-28 03:53:59 #3 type] 
Type model.Right is not enhanced.

[2013-01-28 03:53:59 #4 type] 
Type model.User is not enhanced.

[2013-01-28 03:53:59 #5 type] 
Type model.Order is not enhanced.

[2013-01-28 03:53:59 #6 type] 
Type model.Product is not enhanced.

