------------------------------------------------------------------------------------------------------------------------

[2013-01-21 19:24:34 #1 store] 
Database '/home/larry/workspace/videoclub/db/videoclub.odb' is opened by 2356@larry-notebook

[2013-01-21 19:24:34 #2 type] 
Type model.Profile is not enhanced.

[2013-01-21 19:24:34 #3 type] 
Type model.Right is not enhanced.

[2013-01-21 19:24:34 #4 type] 
Type model.User is not enhanced.

[2013-01-21 19:24:34 #5 type] 
Type model.Order is not enhanced.

[2013-01-21 19:24:34 #6 type] 
Type model.Product is not enhanced.

------------------------------------------------------------------------------------------------------------------------

[2013-01-21 19:42:35 #1 store] 
Database '/home/larry/workspace/videoclub/db/videoclub.odb' is opened by 3093@larry-notebook

[2013-01-21 19:42:35 #2 type] 
Type model.Profile is not enhanced.

[2013-01-21 19:42:35 #3 type] 
Type model.Right is not enhanced.

[2013-01-21 19:42:35 #4 type] 
Type model.User is not enhanced.

[2013-01-21 19:42:35 #5 type] 
Type model.Order is not enhanced.

[2013-01-21 19:42:35 #6 type] 
Type model.Product is not enhanced.

