------------------------------------------------------------------------------------------------------------------------

[2012-12-23 10:30:19 #1 store] 
Database 'C:\Documents and Settings\puppet\My Documents\WorkspaceGIT\videoclub\$videoclub\db\videoclub.odb' is opened by 2424@quake

[2012-12-23 10:30:20 #2 type] 
Type entity.ProductEntityImpl is not enhanced.

[2012-12-23 10:30:20 #3 store] 
Database 'C:\Documents and Settings\puppet\My Documents\WorkspaceGIT\videoclub\$videoclub\db\videoclub.odb' is closed by 2424@quake

------------------------------------------------------------------------------------------------------------------------

[2012-12-23 10:30:37 #1 store] 
Database 'C:\Documents and Settings\puppet\My Documents\WorkspaceGIT\videoclub\$videoclub\db\videoclub.odb' is opened by 1772@quake

[2012-12-23 10:30:38 #2 type] 
Type entity.ProductEntityImpl is not enhanced.

[2012-12-23 10:30:38 #3 store] 
Database 'C:\Documents and Settings\puppet\My Documents\WorkspaceGIT\videoclub\$videoclub\db\videoclub.odb' is closed by 1772@quake

------------------------------------------------------------------------------------------------------------------------

[2012-12-23 10:31:11 #1 store] 
Database 'C:\Documents and Settings\puppet\My Documents\WorkspaceGIT\videoclub\$videoclub\db\videoclub.odb' is opened by 716@quake

[2012-12-23 10:31:11 #2 type] 
Type entity.ProductEntityImpl is not enhanced.

[2012-12-23 10:31:12 #3 store] 
Database 'C:\Documents and Settings\puppet\My Documents\WorkspaceGIT\videoclub\$videoclub\db\videoclub.odb' is closed by 716@quake

------------------------------------------------------------------------------------------------------------------------

[2012-12-23 10:32:04 #1 store] 
Database 'C:\Documents and Settings\puppet\My Documents\WorkspaceGIT\videoclub\$videoclub\db\videoclub.odb' is opened by 2448@quake

[2012-12-23 10:32:04 #2 type] 
Type entity.ProductEntityImpl is not enhanced.

------------------------------------------------------------------------------------------------------------------------

[2012-12-23 10:39:12 #1 store] 
Database 'C:\Documents and Settings\puppet\My Documents\WorkspaceGIT\videoclub\$videoclub\db\videoclub.odb' has been recovered (tr. 7-7)

[2012-12-23 10:39:12 #2 store] 
Database 'C:\Documents and Settings\puppet\My Documents\WorkspaceGIT\videoclub\$videoclub\db\videoclub.odb' is opened by 2528@quake

[2012-12-23 10:39:12 #3 type] 
Type entity.ProductEntityImpl is not enhanced.

------------------------------------------------------------------------------------------------------------------------

[2012-12-23 10:40:30 #1 store] 
Database 'C:\Documents and Settings\puppet\My Documents\WorkspaceGIT\videoclub\$videoclub\db\videoclub.odb' has been recovered (tr. 8-8)

[2012-12-23 10:40:30 #2 store] 
Database 'C:\Documents and Settings\puppet\My Documents\WorkspaceGIT\videoclub\$videoclub\db\videoclub.odb' is opened by 2744@quake

[2012-12-23 10:40:30 #3 type] 
Type entity.ProductEntityImpl is not enhanced.

------------------------------------------------------------------------------------------------------------------------

[2012-12-23 10:43:26 #1 store] 
Database 'C:\Documents and Settings\puppet\My Documents\WorkspaceGIT\videoclub\$videoclub\db\videoclub.odb' has been recovered (tr. 9-9)

[2012-12-23 10:43:26 #2 store] 
Database 'C:\Documents and Settings\puppet\My Documents\WorkspaceGIT\videoclub\$videoclub\db\videoclub.odb' is opened by 3760@quake

[2012-12-23 10:43:26 #3 type] 
Type entity.ProductEntityImpl is not enhanced.

------------------------------------------------------------------------------------------------------------------------

[2012-12-23 10:45:58 #1 store] 
Database 'C:\Documents and Settings\puppet\My Documents\WorkspaceGIT\videoclub\$videoclub\db\videoclub.odb' has been recovered (tr. 10-10)

[2012-12-23 10:45:58 #2 store] 
Database 'C:\Documents and Settings\puppet\My Documents\WorkspaceGIT\videoclub\$videoclub\db\videoclub.odb' is opened by 3992@quake

[2012-12-23 10:45:58 #3 type] 
Type entity.ProductEntityImpl is not enhanced.

[2012-12-23 10:45:58 #4 store] 
Database 'C:\Documents and Settings\puppet\My Documents\WorkspaceGIT\videoclub\$videoclub\db\videoclub.odb' is closed by 3992@quake

------------------------------------------------------------------------------------------------------------------------

[2012-12-23 10:47:20 #1 store] 
Database 'C:\Documents and Settings\puppet\My Documents\WorkspaceGIT\videoclub\$videoclub\db\videoclub.odb' is opened by 172@quake

[2012-12-23 10:47:20 #2 type] 
Type entity.ProductEntityImpl is not enhanced.

[2012-12-23 10:47:21 #3 store] 
Database 'C:\Documents and Settings\puppet\My Documents\WorkspaceGIT\videoclub\$videoclub\db\videoclub.odb' is closed by 172@quake

------------------------------------------------------------------------------------------------------------------------

[2012-12-23 10:49:29 #1 store] 
Database 'C:\Documents and Settings\puppet\My Documents\WorkspaceGIT\videoclub\$videoclub\db\videoclub.odb' is opened by 3160@quake

[2012-12-23 10:49:29 #2 type] 
Type entity.ProductEntityImpl is not enhanced.

[2012-12-23 10:49:29 #3 store] 
Database 'C:\Documents and Settings\puppet\My Documents\WorkspaceGIT\videoclub\$videoclub\db\videoclub.odb' is closed by 3160@quake

------------------------------------------------------------------------------------------------------------------------

[2012-12-23 10:50:57 #1 store] 
Database 'C:\Documents and Settings\puppet\My Documents\WorkspaceGIT\videoclub\$videoclub\db\videoclub.odb' is opened by 3032@quake

[2012-12-23 10:50:57 #2 type] 
Type entity.ProductEntityImpl is not enhanced.

[2012-12-23 10:50:57 #3 store] 
Database 'C:\Documents and Settings\puppet\My Documents\WorkspaceGIT\videoclub\$videoclub\db\videoclub.odb' is closed by 3032@quake

------------------------------------------------------------------------------------------------------------------------

[2012-12-23 10:58:12 #1 store] 
Database 'C:\Documents and Settings\puppet\My Documents\WorkspaceGIT\videoclub\$videoclub\db\videoclub.odb' is opened by 568@quake

[2012-12-23 10:58:12 #2 type] 
Type entity.ProductEntityImpl is not enhanced.

[2012-12-23 10:58:12 #3 store] 
Database 'C:\Documents and Settings\puppet\My Documents\WorkspaceGIT\videoclub\$videoclub\db\videoclub.odb' is closed by 568@quake

------------------------------------------------------------------------------------------------------------------------

[2012-12-23 11:01:29 #1 store] 
Database 'C:\Documents and Settings\puppet\My Documents\WorkspaceGIT\videoclub\$videoclub\db\videoclub.odb' is opened by 3080@quake

[2012-12-23 11:01:29 #2 type] 
Type entity.ProductEntityImpl is not enhanced.

[2012-12-23 11:01:29 #3 store] 
Database 'C:\Documents and Settings\puppet\My Documents\WorkspaceGIT\videoclub\$videoclub\db\videoclub.odb' is closed by 3080@quake

------------------------------------------------------------------------------------------------------------------------

[2012-12-23 11:13:41 #1 store] 
Database 'C:\Documents and Settings\puppet\My Documents\WorkspaceGIT\videoclub\$videoclub\db\videoclub.odb' is opened by 4064@quake

[2012-12-23 11:13:42 #2 type] 
Type entity.ProductEntityImpl is not enhanced.

[2012-12-23 11:13:42 #3 store] 
Database 'C:\Documents and Settings\puppet\My Documents\WorkspaceGIT\videoclub\$videoclub\db\videoclub.odb' is closed by 4064@quake

------------------------------------------------------------------------------------------------------------------------

[2012-12-23 11:14:13 #1 store] 
Database 'C:\Documents and Settings\puppet\My Documents\WorkspaceGIT\videoclub\db\videoclub.odb' is opened by 3160@quake

[2012-12-23 11:14:13 #2 type] 
Type entity.ProductEntityImpl is not enhanced.

[2012-12-23 11:14:13 #3 store] 
Database 'C:\Documents and Settings\puppet\My Documents\WorkspaceGIT\videoclub\db\videoclub.odb' is closed by 3160@quake

------------------------------------------------------------------------------------------------------------------------

[2012-12-23 11:15:36 #1 store] 
Database 'C:\Documents and Settings\puppet\My Documents\WorkspaceGIT\videoclub\db\videoclub.odb' is opened by 1336@quake

[2012-12-23 11:17:37 #2 store] 
Database 'C:\Documents and Settings\puppet\My Documents\WorkspaceGIT\videoclub\db\videoclub.odb' is closed by 1336@quake

------------------------------------------------------------------------------------------------------------------------

[2012-12-23 11:42:15 #1 store] 
Database 'C:\Documents and Settings\puppet\My Documents\WorkspaceGIT\videoclub\db\videoclub.odb' is opened by 2644@quake

[2012-12-23 11:42:16 #2 type] 
Type entity.ProductEntityImpl is not enhanced.

------------------------------------------------------------------------------------------------------------------------

[2012-12-23 11:43:05 #1 store] 
Database 'C:\Documents and Settings\puppet\My Documents\WorkspaceGIT\videoclub\db\videoclub.odb' is opened by 3948@quake

[2012-12-23 11:43:05 #2 type] 
Type entity.ProductEntityImpl is not enhanced.

[2012-12-23 11:43:05 #3 store] 
Database 'C:\Documents and Settings\puppet\My Documents\WorkspaceGIT\videoclub\db\videoclub.odb' is closed by 3948@quake

------------------------------------------------------------------------------------------------------------------------

[2012-12-23 11:43:25 #1 store] 
Database 'C:\Documents and Settings\puppet\My Documents\WorkspaceGIT\videoclub\db\videoclub.odb' is opened by 2392@quake

[2012-12-23 11:44:39 #2 store] 
Database 'C:\Documents and Settings\puppet\My Documents\WorkspaceGIT\videoclub\db\videoclub.odb' is closed by 2392@quake

------------------------------------------------------------------------------------------------------------------------

[2012-12-23 11:45:35 #1 store] 
Database 'C:\Documents and Settings\puppet\My Documents\WorkspaceGIT\videoclub\db\videoclub.odb' is opened by 2900@quake

[2012-12-23 11:45:35 #2 type] 
Type entity.ProductEntityImpl is not enhanced.

[2012-12-23 11:45:35 #3 store] 
Database 'C:\Documents and Settings\puppet\My Documents\WorkspaceGIT\videoclub\db\videoclub.odb' is closed by 2900@quake

------------------------------------------------------------------------------------------------------------------------

[2012-12-23 11:45:51 #1 store] 
Database 'C:\Documents and Settings\puppet\My Documents\WorkspaceGIT\videoclub\db\videoclub.odb' is opened by 2392@quake

[2012-12-23 11:46:27 #2 store] 
Database 'C:\Documents and Settings\puppet\My Documents\WorkspaceGIT\videoclub\db\videoclub.odb' is closed by 2392@quake

------------------------------------------------------------------------------------------------------------------------

[2012-12-23 11:49:32 #1 store] 
Database 'C:\Documents and Settings\puppet\My Documents\WorkspaceGIT\videoclub\db\videoclub.odb' is opened by 2484@quake

[2012-12-23 11:49:32 #2 type] 
Type entity.ProductEntityImpl is not enhanced.

[2012-12-23 11:49:32 #3 store] 
Database 'C:\Documents and Settings\puppet\My Documents\WorkspaceGIT\videoclub\db\videoclub.odb' is closed by 2484@quake

------------------------------------------------------------------------------------------------------------------------

[2012-12-23 11:49:42 #1 store] 
Database 'C:\Documents and Settings\puppet\My Documents\WorkspaceGIT\videoclub\db\videoclub.odb' is opened by 3644@quake

[2012-12-23 11:49:42 #2 type] 
Type entity.ProductEntityImpl is not enhanced.

[2012-12-23 11:49:43 #3 store] 
Database 'C:\Documents and Settings\puppet\My Documents\WorkspaceGIT\videoclub\db\videoclub.odb' is closed by 3644@quake

------------------------------------------------------------------------------------------------------------------------

[2012-12-23 11:49:57 #1 store] 
Database 'C:\Documents and Settings\puppet\My Documents\WorkspaceGIT\videoclub\db\videoclub.odb' is opened by 2832@quake

[2012-12-23 11:53:31 #2 store] 
Database 'C:\Documents and Settings\puppet\My Documents\WorkspaceGIT\videoclub\db\videoclub.odb' is closed by 2832@quake

------------------------------------------------------------------------------------------------------------------------

[2012-12-23 11:53:42 #1 store] 
Database 'C:\Documents and Settings\puppet\My Documents\WorkspaceGIT\videoclub\db\videoclub.odb' is opened by 2532@quake

[2012-12-23 11:53:42 #2 type] 
Type entity.ProductEntityImpl is not enhanced.

[2012-12-23 11:53:42 #3 store] 
Database 'C:\Documents and Settings\puppet\My Documents\WorkspaceGIT\videoclub\db\videoclub.odb' is closed by 2532@quake

------------------------------------------------------------------------------------------------------------------------

[2012-12-23 11:53:58 #1 store] 
Database 'C:\Documents and Settings\puppet\My Documents\WorkspaceGIT\videoclub\db\videoclub.odb' is opened by 3796@quake

[2012-12-23 11:54:49 #2 store] 
Database 'C:\Documents and Settings\puppet\My Documents\WorkspaceGIT\videoclub\db\videoclub.odb' is closed by 3796@quake

