------------------------------------------------------------------------------------------------------------------------

[2013-01-18 00:43:31 #1 store] 
Database '/home/larry/workspace/videoblub/db/videoclub.odb' is opened by 8807@larry-server

[2013-01-18 00:43:31 #2 type] 
Type model.Profile is not enhanced.

[2013-01-18 00:43:31 #3 type] 
Type model.Right is not enhanced.

[2013-01-18 00:43:31 #4 type] 
Type model.User is not enhanced.

[2013-01-18 00:43:31 #5 type] 
Type model.Order is not enhanced.

[2013-01-18 00:43:31 #6 type] 
Type model.Product is not enhanced.

------------------------------------------------------------------------------------------------------------------------

[2013-01-18 00:44:48 #1 store] 
Database '/home/larry/workspace/videoblub/db/videoclub.odb' is opened by 8834@larry-server

[2013-01-18 00:44:48 #2 type] 
Type model.Profile is not enhanced.

[2013-01-18 00:44:48 #3 type] 
Type model.Right is not enhanced.

[2013-01-18 00:44:48 #4 type] 
Type model.User is not enhanced.

[2013-01-18 00:44:48 #5 type] 
Type model.Order is not enhanced.

[2013-01-18 00:44:48 #6 type] 
Type model.Product is not enhanced.

------------------------------------------------------------------------------------------------------------------------

[2013-01-18 00:51:34 #1 store] 
Database '/home/larry/workspace/videoblub/db/videoclub.odb' is opened by 8944@larry-server

[2013-01-18 00:51:34 #2 type] 
Type model.Profile is not enhanced.

[2013-01-18 00:51:34 #3 type] 
Type model.Right is not enhanced.

[2013-01-18 00:51:34 #4 type] 
Type model.User is not enhanced.

[2013-01-18 00:51:34 #5 type] 
Type model.Order is not enhanced.

[2013-01-18 00:51:34 #6 type] 
Type model.Product is not enhanced.

------------------------------------------------------------------------------------------------------------------------

[2013-01-18 01:02:30 #1 store] 
Database '/home/larry/workspace/videoblub/db/videoclub.odb' is opened by 9113@larry-server

[2013-01-18 01:02:30 #2 type] 
Type model.Profile is not enhanced.

[2013-01-18 01:02:30 #3 type] 
Type model.Right is not enhanced.

[2013-01-18 01:02:30 #4 type] 
Type model.User is not enhanced.

[2013-01-18 01:02:30 #5 type] 
Type model.Order is not enhanced.

[2013-01-18 01:02:30 #6 type] 
Type model.Product is not enhanced.

------------------------------------------------------------------------------------------------------------------------

[2013-01-18 01:03:32 #1 store] 
Database '/home/larry/workspace/videoblub/db/videoclub.odb' has been recovered (tr. 40-44)

[2013-01-18 01:03:32 #2 store] 
Database '/home/larry/workspace/videoblub/db/videoclub.odb' is opened by 9143@larry-server

[2013-01-18 01:03:32 #3 type] 
Type model.Profile is not enhanced.

[2013-01-18 01:03:32 #4 type] 
Type model.Right is not enhanced.

[2013-01-18 01:03:32 #5 type] 
Type model.User is not enhanced.

[2013-01-18 01:03:32 #6 type] 
Type model.Order is not enhanced.

[2013-01-18 01:03:32 #7 type] 
Type model.Product is not enhanced.

------------------------------------------------------------------------------------------------------------------------

[2013-01-18 01:13:30 #1 store] 
Database '/home/larry/workspace/videoblub/db/videoclub.odb' has been recovered (tr. 45-49)

[2013-01-18 01:13:30 #2 store] 
Database '/home/larry/workspace/videoblub/db/videoclub.odb' is opened by 9362@larry-server

[2013-01-18 01:13:30 #3 type] 
Type model.Profile is not enhanced.

[2013-01-18 01:13:30 #4 type] 
Type model.Right is not enhanced.

[2013-01-18 01:13:30 #5 type] 
Type model.User is not enhanced.

[2013-01-18 01:13:30 #6 type] 
Type model.Order is not enhanced.

[2013-01-18 01:13:30 #7 type] 
Type model.Product is not enhanced.

------------------------------------------------------------------------------------------------------------------------

[2013-01-18 01:14:18 #1 store] 
Database '/home/larry/workspace/videoblub/db/videoclub.odb' has been recovered (tr. 50-50)

[2013-01-18 01:14:18 #2 store] 
Database '/home/larry/workspace/videoblub/db/videoclub.odb' is opened by 9492@larry-server

[2013-01-18 01:15:38 #3 store] 
Database '/home/larry/workspace/videoblub/db/videoclub.odb' is closed by 9492@larry-server

------------------------------------------------------------------------------------------------------------------------

[2013-01-18 01:22:27 #1 store] 
Database '/home/larry/workspace/videoblub/db/videoclub.odb' is opened by 9772@larry-server

[2013-01-18 01:22:27 #2 type] 
Type model.Profile is not enhanced.

[2013-01-18 01:22:27 #3 type] 
Type model.Right is not enhanced.

[2013-01-18 01:22:27 #4 type] 
Type model.User is not enhanced.

[2013-01-18 01:22:27 #5 type] 
Type model.Order is not enhanced.

[2013-01-18 01:22:27 #6 type] 
Type model.Product is not enhanced.

------------------------------------------------------------------------------------------------------------------------

[2013-01-18 01:25:27 #1 store] 
Database '/home/larry/workspace/videoblub/db/videoclub.odb' has been recovered (tr. 52-52)

[2013-01-18 01:25:27 #2 store] 
Database '/home/larry/workspace/videoblub/db/videoclub.odb' is opened by 9805@larry-server

[2013-01-18 01:25:28 #3 type] 
Type model.Profile is not enhanced.

[2013-01-18 01:25:28 #4 type] 
Type model.Right is not enhanced.

[2013-01-18 01:25:28 #5 type] 
Type model.User is not enhanced.

[2013-01-18 01:25:28 #6 type] 
Type model.Order is not enhanced.

[2013-01-18 01:25:28 #7 type] 
Type model.Product is not enhanced.

------------------------------------------------------------------------------------------------------------------------

[2013-01-18 02:05:19 #1 store] 
Database '/home/larry/workspace/videoblub/db/videoclub.odb' has been recovered (tr. 53-53)

[2013-01-18 02:05:19 #2 store] 
Database '/home/larry/workspace/videoblub/db/videoclub.odb' is opened by 10304@larry-server

[2013-01-18 02:05:19 #3 type] 
Type model.Profile is not enhanced.

[2013-01-18 02:05:19 #4 type] 
Type model.Right is not enhanced.

[2013-01-18 02:05:19 #5 type] 
Type model.User is not enhanced.

[2013-01-18 02:05:19 #6 type] 
Type model.Order is not enhanced.

[2013-01-18 02:05:19 #7 type] 
Type model.Product is not enhanced.

