------------------------------------------------------------------------------------------------------------------------

[2013-01-03 16:31:36 #1 store] 
Database 'C:\Documents and Settings\puppet\My Documents\WorkspaceGIT\videoclub\db\videoclub.odb' is opened by 2944@quake

[2013-01-03 16:31:36 #2 type] 
Type model.Product is not enhanced.

[2013-01-03 16:31:36 #3 store] 
Database 'C:\Documents and Settings\puppet\My Documents\WorkspaceGIT\videoclub\db\videoclub.odb' is closed by 2944@quake

------------------------------------------------------------------------------------------------------------------------

[2013-01-03 19:10:07 #1 store] 
Database 'C:\Documents and Settings\puppet\My Documents\WorkspaceGIT\videoclub\db\videoclub.odb' is opened by 4224@quake

[2013-01-03 19:10:07 #2 type] 
Type model.Product is not enhanced.

[2013-01-03 19:10:07 #3 store] 
Database 'C:\Documents and Settings\puppet\My Documents\WorkspaceGIT\videoclub\db\videoclub.odb' is closed by 4224@quake

[2013-01-03 19:10:50 #4 store] 
Database 'C:\Documents and Settings\puppet\My Documents\WorkspaceGIT\videoclub\db\videoclub.odb' is opened by 4224@quake

[2013-01-03 19:10:50 #5 store] 
Database 'C:\Documents and Settings\puppet\My Documents\WorkspaceGIT\videoclub\db\videoclub.odb' is closed by 4224@quake

[2013-01-03 19:10:50 #6 store] 
Database 'C:\Documents and Settings\puppet\My Documents\WorkspaceGIT\videoclub\db\videoclub.odb' is opened by 4224@quake

[2013-01-03 19:10:50 #7 store] 
Database 'C:\Documents and Settings\puppet\My Documents\WorkspaceGIT\videoclub\db\videoclub.odb' is closed by 4224@quake

------------------------------------------------------------------------------------------------------------------------

[2013-01-03 19:30:39 #1 store] 
Database 'C:\Documents and Settings\puppet\My Documents\WorkspaceGIT\videoclub\db\videoclub.odb' is opened by 5476@quake

[2013-01-03 19:30:39 #2 type] 
Type model.Product is not enhanced.

[2013-01-03 19:30:40 #3 store] 
Database 'C:\Documents and Settings\puppet\My Documents\WorkspaceGIT\videoclub\db\videoclub.odb' is closed by 5476@quake

------------------------------------------------------------------------------------------------------------------------

[2013-01-03 19:34:04 #1 store] 
Database 'C:\Documents and Settings\puppet\My Documents\WorkspaceGIT\videoclub\db\videoclub.odb' is opened by 5260@quake

[2013-01-03 19:34:04 #2 type] 
Type model.Product is not enhanced.

[2013-01-03 19:34:05 #3 store] 
Database 'C:\Documents and Settings\puppet\My Documents\WorkspaceGIT\videoclub\db\videoclub.odb' is closed by 5260@quake

