------------------------------------------------------------------------------------------------------------------------

[2013-01-30 00:23:47 #1 store] 
Database '/home/larry/workspace/videoclub/db/videoclub.odb' is opened by 11592@larry-notebook

[2013-01-30 00:23:48 #2 type] 
Type model.Profile is not enhanced.

[2013-01-30 00:23:48 #3 type] 
Type model.Right is not enhanced.

[2013-01-30 00:23:48 #4 type] 
Type model.User is not enhanced.

[2013-01-30 00:23:48 #5 type] 
Type model.Order is not enhanced.

[2013-01-30 00:23:48 #6 type] 
Type model.Product is not enhanced.

------------------------------------------------------------------------------------------------------------------------

[2013-01-30 00:47:15 #1 store] 
Database '/home/larry/workspace/videoclub/db/videoclub.odb' is opened by 12230@larry-notebook

[2013-01-30 00:47:16 #2 type] 
Type model.Profile is not enhanced.

[2013-01-30 00:47:16 #3 type] 
Type model.Right is not enhanced.

[2013-01-30 00:47:16 #4 type] 
Type model.User is not enhanced.

[2013-01-30 00:47:16 #5 type] 
Type model.Order is not enhanced.

[2013-01-30 00:47:16 #6 type] 
Type model.Product is not enhanced.

------------------------------------------------------------------------------------------------------------------------

[2013-01-30 00:48:14 #1 store] 
Database '/home/larry/workspace/videoclub/db/videoclub.odb' is opened by 12276@larry-notebook

[2013-01-30 00:48:14 #2 type] 
Type model.Profile is not enhanced.

[2013-01-30 00:48:14 #3 type] 
Type model.Right is not enhanced.

[2013-01-30 00:48:14 #4 type] 
Type model.User is not enhanced.

[2013-01-30 00:48:14 #5 type] 
Type model.Order is not enhanced.

[2013-01-30 00:48:14 #6 type] 
Type model.Product is not enhanced.

------------------------------------------------------------------------------------------------------------------------

[2013-01-30 00:50:39 #1 store] 
Database '/home/larry/workspace/videoclub/db/videoclub.odb' is opened by 12336@larry-notebook

[2013-01-30 00:50:39 #2 type] 
Type model.Profile is not enhanced.

[2013-01-30 00:50:39 #3 type] 
Type model.Right is not enhanced.

[2013-01-30 00:50:39 #4 type] 
Type model.User is not enhanced.

[2013-01-30 00:50:39 #5 type] 
Type model.Order is not enhanced.

[2013-01-30 00:50:39 #6 type] 
Type model.Product is not enhanced.

------------------------------------------------------------------------------------------------------------------------

[2013-01-30 01:21:35 #1 store] 
Database '/home/larry/workspace/videoclub/db/videoclub.odb' is opened by 13050@larry-notebook

[2013-01-30 01:21:35 #2 type] 
Type model.Profile is not enhanced.

[2013-01-30 01:21:35 #3 type] 
Type model.Right is not enhanced.

[2013-01-30 01:21:35 #4 type] 
Type model.User is not enhanced.

[2013-01-30 01:21:35 #5 type] 
Type model.Order is not enhanced.

[2013-01-30 01:21:35 #6 type] 
Type model.Product is not enhanced.

------------------------------------------------------------------------------------------------------------------------

[2013-01-30 01:23:13 #1 store] 
Database '/home/larry/workspace/videoclub/db/videoclub.odb' is opened by 13083@larry-notebook

[2013-01-30 01:23:14 #2 type] 
Type model.Profile is not enhanced.

[2013-01-30 01:23:14 #3 type] 
Type model.Right is not enhanced.

[2013-01-30 01:23:14 #4 type] 
Type model.User is not enhanced.

[2013-01-30 01:23:14 #5 type] 
Type model.Order is not enhanced.

[2013-01-30 01:23:14 #6 type] 
Type model.Product is not enhanced.

------------------------------------------------------------------------------------------------------------------------

[2013-01-30 01:24:08 #1 store] 
Database '/home/larry/workspace/videoclub/db/videoclub.odb' has been recovered (tr. 34-34)

[2013-01-30 01:24:09 #2 store] 
Database '/home/larry/workspace/videoclub/db/videoclub.odb' is opened by 13110@larry-notebook

[2013-01-30 01:24:09 #3 type] 
Type model.Profile is not enhanced.

[2013-01-30 01:24:09 #4 type] 
Type model.Right is not enhanced.

[2013-01-30 01:24:09 #5 type] 
Type model.User is not enhanced.

[2013-01-30 01:24:09 #6 type] 
Type model.Order is not enhanced.

[2013-01-30 01:24:09 #7 type] 
Type model.Product is not enhanced.

------------------------------------------------------------------------------------------------------------------------

[2013-01-30 01:25:04 #1 store] 
Database '/home/larry/workspace/videoclub/db/videoclub.odb' is opened by 13155@larry-notebook

[2013-01-30 01:25:05 #2 type] 
Type model.Profile is not enhanced.

[2013-01-30 01:25:05 #3 type] 
Type model.Right is not enhanced.

[2013-01-30 01:25:05 #4 type] 
Type model.User is not enhanced.

[2013-01-30 01:25:05 #5 type] 
Type model.Order is not enhanced.

[2013-01-30 01:25:05 #6 type] 
Type model.Product is not enhanced.

------------------------------------------------------------------------------------------------------------------------

[2013-01-30 01:26:25 #1 store] 
Database '/home/larry/workspace/videoclub/db/videoclub.odb' has been recovered (tr. 35-36)

[2013-01-30 01:26:25 #2 store] 
Database '/home/larry/workspace/videoclub/db/videoclub.odb' is opened by 13204@larry-notebook

[2013-01-30 01:26:25 #3 type] 
Type model.Profile is not enhanced.

[2013-01-30 01:26:25 #4 type] 
Type model.Right is not enhanced.

[2013-01-30 01:26:25 #5 type] 
Type model.User is not enhanced.

[2013-01-30 01:26:25 #6 type] 
Type model.Order is not enhanced.

[2013-01-30 01:26:25 #7 type] 
Type model.Product is not enhanced.

------------------------------------------------------------------------------------------------------------------------

[2013-01-30 01:44:58 #1 store] 
Database '/home/larry/workspace/videoclub/db/videoclub.odb' has been recovered (tr. 37-38)

[2013-01-30 01:44:58 #2 store] 
Database '/home/larry/workspace/videoclub/db/videoclub.odb' is opened by 13606@larry-notebook

[2013-01-30 01:44:59 #3 type] 
Type model.Profile is not enhanced.

[2013-01-30 01:44:59 #4 type] 
Type model.Right is not enhanced.

[2013-01-30 01:44:59 #5 type] 
Type model.User is not enhanced.

[2013-01-30 01:44:59 #6 type] 
Type model.Order is not enhanced.

[2013-01-30 01:44:59 #7 type] 
Type model.Product is not enhanced.

------------------------------------------------------------------------------------------------------------------------

[2013-01-30 01:45:49 #1 store] 
Database '/home/larry/workspace/videoclub/db/videoclub.odb' is opened by 13633@larry-notebook

[2013-01-30 01:45:49 #2 type] 
Type model.Profile is not enhanced.

[2013-01-30 01:45:49 #3 type] 
Type model.Right is not enhanced.

[2013-01-30 01:45:49 #4 type] 
Type model.User is not enhanced.

[2013-01-30 01:45:49 #5 type] 
Type model.Order is not enhanced.

[2013-01-30 01:45:49 #6 type] 
Type model.Product is not enhanced.

------------------------------------------------------------------------------------------------------------------------

[2013-01-30 01:51:33 #1 store] 
Database '/home/larry/workspace/videoclub/db/videoclub.odb' is opened by 13729@larry-notebook

[2013-01-30 01:51:33 #2 type] 
Type model.Profile is not enhanced.

[2013-01-30 01:51:33 #3 type] 
Type model.Right is not enhanced.

[2013-01-30 01:51:33 #4 type] 
Type model.User is not enhanced.

[2013-01-30 01:51:33 #5 type] 
Type model.Order is not enhanced.

[2013-01-30 01:51:33 #6 type] 
Type model.Product is not enhanced.

------------------------------------------------------------------------------------------------------------------------

[2013-01-30 01:52:59 #1 store] 
Database '/home/larry/workspace/videoclub/db/videoclub.odb' is opened by 13789@larry-notebook

[2013-01-30 01:52:59 #2 type] 
Type model.Profile is not enhanced.

[2013-01-30 01:52:59 #3 type] 
Type model.Right is not enhanced.

[2013-01-30 01:52:59 #4 type] 
Type model.User is not enhanced.

[2013-01-30 01:52:59 #5 type] 
Type model.Order is not enhanced.

[2013-01-30 01:52:59 #6 type] 
Type model.Product is not enhanced.

------------------------------------------------------------------------------------------------------------------------

[2013-01-30 01:53:52 #1 store] 
Database '/home/larry/workspace/videoclub/db/videoclub.odb' is opened by 13823@larry-notebook

[2013-01-30 01:53:53 #2 type] 
Type model.Profile is not enhanced.

[2013-01-30 01:53:53 #3 type] 
Type model.Right is not enhanced.

[2013-01-30 01:53:53 #4 type] 
Type model.User is not enhanced.

[2013-01-30 01:53:53 #5 type] 
Type model.Order is not enhanced.

[2013-01-30 01:53:53 #6 type] 
Type model.Product is not enhanced.

------------------------------------------------------------------------------------------------------------------------

[2013-01-30 02:09:23 #1 store] 
Database '/home/larry/workspace/videoclub/db/videoclub.odb' is opened by 14352@larry-notebook

[2013-01-30 02:09:23 #2 type] 
Type model.Profile is not enhanced.

[2013-01-30 02:09:23 #3 type] 
Type model.Right is not enhanced.

[2013-01-30 02:09:23 #4 type] 
Type model.User is not enhanced.

[2013-01-30 02:09:23 #5 type] 
Type model.Order is not enhanced.

[2013-01-30 02:09:23 #6 type] 
Type model.Product is not enhanced.

------------------------------------------------------------------------------------------------------------------------

[2013-01-30 02:22:15 #1 store] 
Database '/home/larry/workspace/videoclub/db/videoclub.odb' has been recovered (tr. 39-39)

[2013-01-30 02:22:15 #2 store] 
Database '/home/larry/workspace/videoclub/db/videoclub.odb' is opened by 14725@larry-notebook

[2013-01-30 02:22:15 #3 type] 
Type model.Profile is not enhanced.

[2013-01-30 02:22:15 #4 type] 
Type model.Right is not enhanced.

[2013-01-30 02:22:15 #5 type] 
Type model.User is not enhanced.

[2013-01-30 02:22:15 #6 type] 
Type model.Order is not enhanced.

[2013-01-30 02:22:15 #7 type] 
Type model.Product is not enhanced.

------------------------------------------------------------------------------------------------------------------------

[2013-01-30 02:24:38 #1 store] 
Database '/home/larry/workspace/videoclub/db/videoclub.odb' has been recovered (tr. 40-40)

[2013-01-30 02:24:38 #2 store] 
Database '/home/larry/workspace/videoclub/db/videoclub.odb' is opened by 14780@larry-notebook

[2013-01-30 02:24:39 #3 type] 
Type model.Profile is not enhanced.

[2013-01-30 02:24:39 #4 type] 
Type model.Right is not enhanced.

[2013-01-30 02:24:39 #5 type] 
Type model.User is not enhanced.

[2013-01-30 02:24:39 #6 type] 
Type model.Order is not enhanced.

[2013-01-30 02:24:39 #7 type] 
Type model.Product is not enhanced.

------------------------------------------------------------------------------------------------------------------------

[2013-01-30 02:59:43 #1 store] 
Database '/home/larry/workspace/videoclub/db/videoclub.odb' has been recovered (tr. 41-42)

[2013-01-30 02:59:43 #2 store] 
Database '/home/larry/workspace/videoclub/db/videoclub.odb' is opened by 15348@larry-notebook

[2013-01-30 02:59:44 #3 type] 
Type model.Profile is not enhanced.

[2013-01-30 02:59:44 #4 type] 
Type model.Right is not enhanced.

[2013-01-30 02:59:44 #5 type] 
Type model.User is not enhanced.

[2013-01-30 02:59:44 #6 type] 
Type model.Order is not enhanced.

[2013-01-30 02:59:44 #7 type] 
Type model.Product is not enhanced.

------------------------------------------------------------------------------------------------------------------------

[2013-01-30 03:03:03 #1 store] 
Database '/home/larry/workspace/videoclub/db/videoclub.odb' is opened by 15480@larry-notebook

[2013-01-30 03:03:03 #2 type] 
Type model.Profile is not enhanced.

[2013-01-30 03:03:03 #3 type] 
Type model.Right is not enhanced.

[2013-01-30 03:03:03 #4 type] 
Type model.User is not enhanced.

[2013-01-30 03:03:03 #5 type] 
Type model.Order is not enhanced.

[2013-01-30 03:03:03 #6 type] 
Type model.Product is not enhanced.

------------------------------------------------------------------------------------------------------------------------

[2013-01-30 03:23:54 #1 store] 
Database '/home/larry/workspace/videoclub/db/videoclub.odb' is opened by 16075@larry-notebook

[2013-01-30 03:23:54 #2 type] 
Type model.Profile is not enhanced.

[2013-01-30 03:23:54 #3 type] 
Type model.Right is not enhanced.

[2013-01-30 03:23:54 #4 type] 
Type model.User is not enhanced.

[2013-01-30 03:23:54 #5 type] 
Type model.Order is not enhanced.

[2013-01-30 03:23:54 #6 type] 
Type model.Product is not enhanced.

------------------------------------------------------------------------------------------------------------------------

[2013-01-30 03:25:22 #1 store] 
Database '/home/larry/workspace/videoclub/db/videoclub.odb' is opened by 16164@larry-notebook

[2013-01-30 03:25:22 #2 type] 
Type model.Profile is not enhanced.

[2013-01-30 03:25:22 #3 type] 
Type model.Right is not enhanced.

[2013-01-30 03:25:22 #4 type] 
Type model.User is not enhanced.

[2013-01-30 03:25:22 #5 type] 
Type model.Order is not enhanced.

[2013-01-30 03:25:22 #6 type] 
Type model.Product is not enhanced.

------------------------------------------------------------------------------------------------------------------------

[2013-01-30 03:26:34 #1 store] 
Database '/home/larry/workspace/videoclub/db/videoclub.odb' is opened by 16207@larry-notebook

[2013-01-30 03:26:34 #2 type] 
Type model.Profile is not enhanced.

[2013-01-30 03:26:34 #3 type] 
Type model.Right is not enhanced.

[2013-01-30 03:26:34 #4 type] 
Type model.User is not enhanced.

[2013-01-30 03:26:34 #5 type] 
Type model.Order is not enhanced.

[2013-01-30 03:26:34 #6 type] 
Type model.Product is not enhanced.

------------------------------------------------------------------------------------------------------------------------

[2013-01-30 03:27:59 #1 store] 
Database '/home/larry/workspace/videoclub/db/videoclub.odb' is opened by 16249@larry-notebook

[2013-01-30 03:27:59 #2 type] 
Type model.Profile is not enhanced.

[2013-01-30 03:27:59 #3 type] 
Type model.Right is not enhanced.

[2013-01-30 03:27:59 #4 type] 
Type model.User is not enhanced.

[2013-01-30 03:27:59 #5 type] 
Type model.Order is not enhanced.

[2013-01-30 03:27:59 #6 type] 
Type model.Product is not enhanced.

------------------------------------------------------------------------------------------------------------------------

[2013-01-30 03:29:17 #1 store] 
Database '/home/larry/workspace/videoclub/db/videoclub.odb' is opened by 16303@larry-notebook

[2013-01-30 03:29:17 #2 type] 
Type model.Profile is not enhanced.

[2013-01-30 03:29:17 #3 type] 
Type model.Right is not enhanced.

[2013-01-30 03:29:17 #4 type] 
Type model.User is not enhanced.

[2013-01-30 03:29:17 #5 type] 
Type model.Order is not enhanced.

[2013-01-30 03:29:17 #6 type] 
Type model.Product is not enhanced.

------------------------------------------------------------------------------------------------------------------------

[2013-01-30 03:35:50 #1 store] 
Database '/home/larry/workspace/videoclub/db/videoclub.odb' is opened by 16612@larry-notebook

[2013-01-30 03:35:50 #2 type] 
Type model.Profile is not enhanced.

[2013-01-30 03:35:50 #3 type] 
Type model.Right is not enhanced.

[2013-01-30 03:35:50 #4 type] 
Type model.User is not enhanced.

[2013-01-30 03:35:50 #5 type] 
Type model.Order is not enhanced.

[2013-01-30 03:35:50 #6 type] 
Type model.Product is not enhanced.

------------------------------------------------------------------------------------------------------------------------

[2013-01-30 03:37:10 #1 store] 
Database '/home/larry/workspace/videoclub/db/videoclub.odb' is opened by 16656@larry-notebook

[2013-01-30 03:37:10 #2 type] 
Type model.Profile is not enhanced.

[2013-01-30 03:37:10 #3 type] 
Type model.Right is not enhanced.

[2013-01-30 03:37:10 #4 type] 
Type model.User is not enhanced.

[2013-01-30 03:37:10 #5 type] 
Type model.Order is not enhanced.

[2013-01-30 03:37:10 #6 type] 
Type model.Product is not enhanced.

------------------------------------------------------------------------------------------------------------------------

[2013-01-30 03:38:08 #1 store] 
Database '/home/larry/workspace/videoclub/db/videoclub.odb' is opened by 16699@larry-notebook

[2013-01-30 03:38:08 #2 type] 
Type model.Profile is not enhanced.

[2013-01-30 03:38:08 #3 type] 
Type model.Right is not enhanced.

[2013-01-30 03:38:08 #4 type] 
Type model.User is not enhanced.

[2013-01-30 03:38:08 #5 type] 
Type model.Order is not enhanced.

[2013-01-30 03:38:08 #6 type] 
Type model.Product is not enhanced.

------------------------------------------------------------------------------------------------------------------------

[2013-01-30 03:39:36 #1 store] 
Database '/home/larry/workspace/videoclub/db/videoclub.odb' is opened by 16740@larry-notebook

[2013-01-30 03:39:36 #2 type] 
Type model.Profile is not enhanced.

[2013-01-30 03:39:36 #3 type] 
Type model.Right is not enhanced.

[2013-01-30 03:39:36 #4 type] 
Type model.User is not enhanced.

[2013-01-30 03:39:36 #5 type] 
Type model.Order is not enhanced.

[2013-01-30 03:39:36 #6 type] 
Type model.Product is not enhanced.

------------------------------------------------------------------------------------------------------------------------

[2013-01-30 03:43:54 #1 store] 
Database '/home/larry/workspace/videoclub/db/videoclub.odb' is opened by 16907@larry-notebook

[2013-01-30 03:43:55 #2 type] 
Type model.Profile is not enhanced.

[2013-01-30 03:43:55 #3 type] 
Type model.Right is not enhanced.

[2013-01-30 03:43:55 #4 type] 
Type model.User is not enhanced.

[2013-01-30 03:43:55 #5 type] 
Type model.Order is not enhanced.

[2013-01-30 03:43:55 #6 type] 
Type model.Product is not enhanced.

------------------------------------------------------------------------------------------------------------------------

[2013-01-30 03:51:20 #1 store] 
Database '/home/larry/workspace/videoclub/db/videoclub.odb' is opened by 17101@larry-notebook

[2013-01-30 03:51:20 #2 type] 
Type model.Profile is not enhanced.

[2013-01-30 03:51:20 #3 type] 
Type model.Right is not enhanced.

[2013-01-30 03:51:20 #4 type] 
Type model.User is not enhanced.

[2013-01-30 03:51:20 #5 type] 
Type model.Order is not enhanced.

[2013-01-30 03:51:20 #6 type] 
Type model.Product is not enhanced.

------------------------------------------------------------------------------------------------------------------------

[2013-01-30 03:51:47 #1 store] 
Database '/home/larry/workspace/videoclub/db/videoclub.odb' is opened by 17135@larry-notebook

[2013-01-30 03:51:47 #2 type] 
Type model.Profile is not enhanced.

[2013-01-30 03:51:47 #3 type] 
Type model.Right is not enhanced.

[2013-01-30 03:51:47 #4 type] 
Type model.User is not enhanced.

[2013-01-30 03:51:47 #5 type] 
Type model.Order is not enhanced.

[2013-01-30 03:51:47 #6 type] 
Type model.Product is not enhanced.

------------------------------------------------------------------------------------------------------------------------

[2013-01-30 03:53:29 #1 store] 
Database '/home/larry/workspace/videoclub/db/videoclub.odb' is opened by 17217@larry-notebook

[2013-01-30 03:53:29 #2 type] 
Type model.Profile is not enhanced.

[2013-01-30 03:53:29 #3 type] 
Type model.Right is not enhanced.

[2013-01-30 03:53:29 #4 type] 
Type model.User is not enhanced.

[2013-01-30 03:53:29 #5 type] 
Type model.Order is not enhanced.

[2013-01-30 03:53:29 #6 type] 
Type model.Product is not enhanced.

------------------------------------------------------------------------------------------------------------------------

[2013-01-30 04:35:43 #1 store] 
Database '/home/larry/workspace/videoclub/db/videoclub.odb' is opened by 17735@larry-notebook

[2013-01-30 04:35:44 #2 type] 
Type model.Profile is not enhanced.

[2013-01-30 04:35:44 #3 type] 
Type model.Right is not enhanced.

[2013-01-30 04:35:44 #4 type] 
Type model.User is not enhanced.

[2013-01-30 04:35:44 #5 type] 
Type model.Order is not enhanced.

[2013-01-30 04:35:44 #6 type] 
Type model.Product is not enhanced.

------------------------------------------------------------------------------------------------------------------------

[2013-01-30 04:37:14 #1 store] 
Database '/home/larry/workspace/videoclub/db/videoclub.odb' is opened by 17797@larry-notebook

[2013-01-30 04:37:14 #2 type] 
Type model.Profile is not enhanced.

[2013-01-30 04:37:14 #3 type] 
Type model.Right is not enhanced.

[2013-01-30 04:37:14 #4 type] 
Type model.User is not enhanced.

[2013-01-30 04:37:14 #5 type] 
Type model.Order is not enhanced.

[2013-01-30 04:37:14 #6 type] 
Type model.Product is not enhanced.

------------------------------------------------------------------------------------------------------------------------

[2013-01-30 04:39:30 #1 store] 
Database '/home/larry/workspace/videoclub/db/videoclub.odb' is opened by 17889@larry-notebook

[2013-01-30 04:39:31 #2 type] 
Type model.Profile is not enhanced.

[2013-01-30 04:39:31 #3 type] 
Type model.Right is not enhanced.

[2013-01-30 04:39:31 #4 type] 
Type model.User is not enhanced.

[2013-01-30 04:39:31 #5 type] 
Type model.Order is not enhanced.

[2013-01-30 04:39:31 #6 type] 
Type model.Product is not enhanced.

------------------------------------------------------------------------------------------------------------------------

[2013-01-30 04:43:28 #1 store] 
Database '/home/larry/workspace/videoclub/db/videoclub.odb' is opened by 17950@larry-notebook

[2013-01-30 04:43:29 #2 type] 
Type model.Profile is not enhanced.

[2013-01-30 04:43:29 #3 type] 
Type model.Right is not enhanced.

[2013-01-30 04:43:29 #4 type] 
Type model.User is not enhanced.

[2013-01-30 04:43:29 #5 type] 
Type model.Order is not enhanced.

[2013-01-30 04:43:29 #6 type] 
Type model.Product is not enhanced.

------------------------------------------------------------------------------------------------------------------------

[2013-01-30 04:47:45 #1 store] 
Database '/home/larry/workspace/videoclub/db/videoclub.odb' is opened by 18116@larry-notebook

[2013-01-30 04:47:45 #2 type] 
Type model.Profile is not enhanced.

[2013-01-30 04:47:45 #3 type] 
Type model.Right is not enhanced.

[2013-01-30 04:47:45 #4 type] 
Type model.User is not enhanced.

[2013-01-30 04:47:45 #5 type] 
Type model.Order is not enhanced.

[2013-01-30 04:47:45 #6 type] 
Type model.Product is not enhanced.

------------------------------------------------------------------------------------------------------------------------

[2013-01-30 04:49:06 #1 store] 
Database '/home/larry/workspace/videoclub/db/videoclub.odb' is opened by 18165@larry-notebook

[2013-01-30 04:49:06 #2 type] 
Type model.Profile is not enhanced.

[2013-01-30 04:49:06 #3 type] 
Type model.Right is not enhanced.

[2013-01-30 04:49:06 #4 type] 
Type model.User is not enhanced.

[2013-01-30 04:49:06 #5 type] 
Type model.Order is not enhanced.

[2013-01-30 04:49:06 #6 type] 
Type model.Product is not enhanced.

------------------------------------------------------------------------------------------------------------------------

[2013-01-30 04:49:59 #1 store] 
Database '/home/larry/workspace/videoclub/db/videoclub.odb' is opened by 18220@larry-notebook

[2013-01-30 04:50:00 #2 type] 
Type model.Profile is not enhanced.

[2013-01-30 04:50:00 #3 type] 
Type model.Right is not enhanced.

[2013-01-30 04:50:00 #4 type] 
Type model.User is not enhanced.

[2013-01-30 04:50:00 #5 type] 
Type model.Order is not enhanced.

[2013-01-30 04:50:00 #6 type] 
Type model.Product is not enhanced.

------------------------------------------------------------------------------------------------------------------------

[2013-01-30 04:56:32 #1 store] 
Database '/home/larry/workspace/videoclub/db/videoclub.odb' is opened by 18440@larry-notebook

[2013-01-30 04:56:33 #2 type] 
Type model.Profile is not enhanced.

[2013-01-30 04:56:33 #3 type] 
Type model.Right is not enhanced.

[2013-01-30 04:56:33 #4 type] 
Type model.User is not enhanced.

[2013-01-30 04:56:33 #5 type] 
Type model.Order is not enhanced.

[2013-01-30 04:56:33 #6 type] 
Type model.Product is not enhanced.

------------------------------------------------------------------------------------------------------------------------

[2013-01-30 05:23:18 #1 store] 
Database '/home/larry/workspace/videoclub/db/videoclub.odb' is opened by 19497@larry-notebook

[2013-01-30 05:23:18 #2 type] 
Type model.Profile is not enhanced.

[2013-01-30 05:23:18 #3 type] 
Type model.Right is not enhanced.

[2013-01-30 05:23:18 #4 type] 
Type model.User is not enhanced.

[2013-01-30 05:23:18 #5 type] 
Type model.Order is not enhanced.

[2013-01-30 05:23:18 #6 type] 
Type model.Product is not enhanced.

------------------------------------------------------------------------------------------------------------------------

[2013-01-30 05:24:59 #1 store] 
Database '/home/larry/workspace/videoclub/db/videoclub.odb' is opened by 19545@larry-notebook

[2013-01-30 05:24:59 #2 type] 
Type model.Profile is not enhanced.

[2013-01-30 05:24:59 #3 type] 
Type model.Right is not enhanced.

[2013-01-30 05:24:59 #4 type] 
Type model.User is not enhanced.

[2013-01-30 05:24:59 #5 type] 
Type model.Order is not enhanced.

[2013-01-30 05:24:59 #6 type] 
Type model.Product is not enhanced.

------------------------------------------------------------------------------------------------------------------------

[2013-01-30 05:26:00 #1 store] 
Database '/home/larry/workspace/videoclub/db/videoclub.odb' is opened by 19582@larry-notebook

[2013-01-30 05:26:00 #2 type] 
Type model.Profile is not enhanced.

[2013-01-30 05:26:00 #3 type] 
Type model.Right is not enhanced.

[2013-01-30 05:26:00 #4 type] 
Type model.User is not enhanced.

[2013-01-30 05:26:00 #5 type] 
Type model.Order is not enhanced.

[2013-01-30 05:26:00 #6 type] 
Type model.Product is not enhanced.

------------------------------------------------------------------------------------------------------------------------

[2013-01-30 05:30:30 #1 store] 
Database '/home/larry/workspace/videoclub/db/videoclub.odb' is opened by 19675@larry-notebook

[2013-01-30 05:30:30 #2 type] 
Type model.Profile is not enhanced.

[2013-01-30 05:30:30 #3 type] 
Type model.Right is not enhanced.

[2013-01-30 05:30:30 #4 type] 
Type model.User is not enhanced.

[2013-01-30 05:30:30 #5 type] 
Type model.Order is not enhanced.

[2013-01-30 05:30:30 #6 type] 
Type model.Product is not enhanced.

------------------------------------------------------------------------------------------------------------------------

[2013-01-30 05:39:29 #1 store] 
Database '/home/larry/workspace/videoclub/db/videoclub.odb' is opened by 19795@larry-notebook

[2013-01-30 05:39:29 #2 type] 
Type model.Profile is not enhanced.

[2013-01-30 05:39:29 #3 type] 
Type model.Right is not enhanced.

[2013-01-30 05:39:29 #4 type] 
Type model.User is not enhanced.

[2013-01-30 05:39:29 #5 type] 
Type model.Order is not enhanced.

[2013-01-30 05:39:29 #6 type] 
Type model.Product is not enhanced.

------------------------------------------------------------------------------------------------------------------------

[2013-01-30 05:40:26 #1 store] 
Database '/home/larry/workspace/videoclub/db/videoclub.odb' is opened by 19837@larry-notebook

[2013-01-30 05:40:26 #2 type] 
Type model.Profile is not enhanced.

[2013-01-30 05:40:26 #3 type] 
Type model.Right is not enhanced.

[2013-01-30 05:40:26 #4 type] 
Type model.User is not enhanced.

[2013-01-30 05:40:26 #5 type] 
Type model.Order is not enhanced.

[2013-01-30 05:40:26 #6 type] 
Type model.Product is not enhanced.

------------------------------------------------------------------------------------------------------------------------

[2013-01-30 05:42:21 #1 store] 
Database '/home/larry/workspace/videoclub/db/videoclub.odb' is opened by 19897@larry-notebook

[2013-01-30 05:42:22 #2 type] 
Type model.Profile is not enhanced.

[2013-01-30 05:42:22 #3 type] 
Type model.Right is not enhanced.

[2013-01-30 05:42:22 #4 type] 
Type model.User is not enhanced.

[2013-01-30 05:42:22 #5 type] 
Type model.Order is not enhanced.

[2013-01-30 05:42:22 #6 type] 
Type model.Product is not enhanced.

------------------------------------------------------------------------------------------------------------------------

[2013-01-30 05:42:53 #1 store] 
Database '/home/larry/workspace/videoclub/db/videoclub.odb' is opened by 19933@larry-notebook

[2013-01-30 05:42:53 #2 type] 
Type model.Profile is not enhanced.

[2013-01-30 05:42:53 #3 type] 
Type model.Right is not enhanced.

[2013-01-30 05:42:53 #4 type] 
Type model.User is not enhanced.

[2013-01-30 05:42:53 #5 type] 
Type model.Order is not enhanced.

[2013-01-30 05:42:53 #6 type] 
Type model.Product is not enhanced.

------------------------------------------------------------------------------------------------------------------------

[2013-01-30 05:44:11 #1 store] 
Database '/home/larry/workspace/videoclub/db/videoclub.odb' is opened by 19968@larry-notebook

[2013-01-30 05:44:11 #2 type] 
Type model.Profile is not enhanced.

[2013-01-30 05:44:11 #3 type] 
Type model.Right is not enhanced.

[2013-01-30 05:44:11 #4 type] 
Type model.User is not enhanced.

[2013-01-30 05:44:11 #5 type] 
Type model.Order is not enhanced.

[2013-01-30 05:44:11 #6 type] 
Type model.Product is not enhanced.

------------------------------------------------------------------------------------------------------------------------

[2013-01-30 05:46:37 #1 store] 
Database '/home/larry/workspace/videoclub/db/videoclub.odb' is opened by 20028@larry-notebook

[2013-01-30 05:46:37 #2 type] 
Type model.Profile is not enhanced.

[2013-01-30 05:46:37 #3 type] 
Type model.Right is not enhanced.

[2013-01-30 05:46:37 #4 type] 
Type model.User is not enhanced.

[2013-01-30 05:46:37 #5 type] 
Type model.Order is not enhanced.

[2013-01-30 05:46:37 #6 type] 
Type model.Product is not enhanced.

------------------------------------------------------------------------------------------------------------------------

[2013-01-30 05:48:11 #1 store] 
Database '/home/larry/workspace/videoclub/db/videoclub.odb' is opened by 20081@larry-notebook

[2013-01-30 05:48:11 #2 type] 
Type model.Profile is not enhanced.

[2013-01-30 05:48:11 #3 type] 
Type model.Right is not enhanced.

[2013-01-30 05:48:11 #4 type] 
Type model.User is not enhanced.

[2013-01-30 05:48:11 #5 type] 
Type model.Order is not enhanced.

[2013-01-30 05:48:11 #6 type] 
Type model.Product is not enhanced.

------------------------------------------------------------------------------------------------------------------------

[2013-01-30 05:49:23 #1 store] 
Database '/home/larry/workspace/videoclub/db/videoclub.odb' is opened by 20131@larry-notebook

[2013-01-30 05:49:23 #2 type] 
Type model.Profile is not enhanced.

[2013-01-30 05:49:23 #3 type] 
Type model.Right is not enhanced.

[2013-01-30 05:49:23 #4 type] 
Type model.User is not enhanced.

[2013-01-30 05:49:23 #5 type] 
Type model.Order is not enhanced.

[2013-01-30 05:49:23 #6 type] 
Type model.Product is not enhanced.

------------------------------------------------------------------------------------------------------------------------

[2013-01-30 05:55:18 #1 store] 
Database '/home/larry/workspace/videoclub/db/videoclub.odb' is opened by 20359@larry-notebook

[2013-01-30 05:55:18 #2 type] 
Type model.Profile is not enhanced.

[2013-01-30 05:55:18 #3 type] 
Type model.Right is not enhanced.

[2013-01-30 05:55:18 #4 type] 
Type model.User is not enhanced.

[2013-01-30 05:55:18 #5 type] 
Type model.Order is not enhanced.

[2013-01-30 05:55:18 #6 type] 
Type model.Product is not enhanced.

------------------------------------------------------------------------------------------------------------------------

[2013-01-30 18:14:14 #1 store] 
Database '/home/larry/workspace/videoclub/db/videoclub.odb' is opened by 2398@larry-notebook

[2013-01-30 18:14:14 #2 type] 
Type model.Profile is not enhanced.

[2013-01-30 18:14:14 #3 type] 
Type model.Right is not enhanced.

[2013-01-30 18:14:14 #4 type] 
Type model.User is not enhanced.

[2013-01-30 18:14:14 #5 type] 
Type model.Order is not enhanced.

[2013-01-30 18:14:14 #6 type] 
Type model.Product is not enhanced.

------------------------------------------------------------------------------------------------------------------------

[2013-01-30 18:39:54 #1 store] 
Database '/home/larry/workspace/videoclub/db/videoclub.odb' is opened by 3031@larry-notebook

[2013-01-30 18:39:54 #2 type] 
Type model.Profile is not enhanced.

[2013-01-30 18:39:54 #3 type] 
Type model.Right is not enhanced.

[2013-01-30 18:39:54 #4 type] 
Type model.User is not enhanced.

[2013-01-30 18:39:54 #5 type] 
Type model.Order is not enhanced.

[2013-01-30 18:39:54 #6 type] 
Type model.Product is not enhanced.

------------------------------------------------------------------------------------------------------------------------

[2013-01-30 18:43:22 #1 store] 
Database '/home/larry/workspace/videoclub/db/videoclub.odb' is opened by 3160@larry-notebook

[2013-01-30 18:43:22 #2 type] 
Type model.Profile is not enhanced.

[2013-01-30 18:43:22 #3 type] 
Type model.Right is not enhanced.

[2013-01-30 18:43:22 #4 type] 
Type model.User is not enhanced.

[2013-01-30 18:43:22 #5 type] 
Type model.Order is not enhanced.

[2013-01-30 18:43:23 #6 type] 
Type model.Product is not enhanced.

------------------------------------------------------------------------------------------------------------------------

[2013-01-30 18:44:03 #1 store] 
Database '/home/larry/workspace/videoclub/db/videoclub.odb' is opened by 3201@larry-notebook

[2013-01-30 18:44:03 #2 type] 
Type model.Profile is not enhanced.

[2013-01-30 18:44:03 #3 type] 
Type model.Right is not enhanced.

[2013-01-30 18:44:03 #4 type] 
Type model.User is not enhanced.

[2013-01-30 18:44:03 #5 type] 
Type model.Order is not enhanced.

[2013-01-30 18:44:03 #6 type] 
Type model.Product is not enhanced.

------------------------------------------------------------------------------------------------------------------------

[2013-01-30 18:48:59 #1 store] 
Database '/home/larry/workspace/videoclub/db/videoclub.odb' is opened by 3377@larry-notebook

[2013-01-30 18:48:59 #2 type] 
Type model.Profile is not enhanced.

[2013-01-30 18:48:59 #3 type] 
Type model.Right is not enhanced.

[2013-01-30 18:48:59 #4 type] 
Type model.User is not enhanced.

[2013-01-30 18:48:59 #5 type] 
Type model.Order is not enhanced.

[2013-01-30 18:48:59 #6 type] 
Type model.Product is not enhanced.

------------------------------------------------------------------------------------------------------------------------

[2013-01-30 18:54:14 #1 store] 
Database '/home/larry/workspace/videoclub/db/videoclub.odb' is opened by 3620@larry-notebook

[2013-01-30 18:54:14 #2 type] 
Type model.Profile is not enhanced.

[2013-01-30 18:54:14 #3 type] 
Type model.Right is not enhanced.

[2013-01-30 18:54:14 #4 type] 
Type model.User is not enhanced.

[2013-01-30 18:54:14 #5 type] 
Type model.Order is not enhanced.

[2013-01-30 18:54:14 #6 type] 
Type model.Product is not enhanced.

------------------------------------------------------------------------------------------------------------------------

[2013-01-30 18:55:42 #1 store] 
Database '/home/larry/workspace/videoclub/db/videoclub.odb' is opened by 3689@larry-notebook

[2013-01-30 18:55:42 #2 type] 
Type model.Profile is not enhanced.

[2013-01-30 18:55:42 #3 type] 
Type model.Right is not enhanced.

[2013-01-30 18:55:42 #4 type] 
Type model.User is not enhanced.

[2013-01-30 18:55:42 #5 type] 
Type model.Order is not enhanced.

[2013-01-30 18:55:42 #6 type] 
Type model.Product is not enhanced.

------------------------------------------------------------------------------------------------------------------------

[2013-01-30 19:00:26 #1 store] 
Database '/home/larry/workspace/videoclub/db/videoclub.odb' is opened by 3905@larry-notebook

[2013-01-30 19:00:26 #2 type] 
Type model.Profile is not enhanced.

[2013-01-30 19:00:26 #3 type] 
Type model.Right is not enhanced.

[2013-01-30 19:00:26 #4 type] 
Type model.User is not enhanced.

[2013-01-30 19:00:26 #5 type] 
Type model.Order is not enhanced.

[2013-01-30 19:00:26 #6 type] 
Type model.Product is not enhanced.

------------------------------------------------------------------------------------------------------------------------

[2013-01-30 19:07:34 #1 store] 
Database '/home/larry/workspace/videoclub/db/videoclub.odb' is opened by 4191@larry-notebook

[2013-01-30 19:07:34 #2 type] 
Type model.Profile is not enhanced.

[2013-01-30 19:07:34 #3 type] 
Type model.Right is not enhanced.

[2013-01-30 19:07:34 #4 type] 
Type model.User is not enhanced.

[2013-01-30 19:07:34 #5 type] 
Type model.Order is not enhanced.

[2013-01-30 19:07:34 #6 type] 
Type model.Product is not enhanced.

------------------------------------------------------------------------------------------------------------------------

[2013-01-30 19:44:57 #1 store] 
Database '/home/larry/workspace/videoclub/db/videoclub.odb' is opened by 5000@larry-notebook

[2013-01-30 19:44:57 #2 type] 
Type model.Profile is not enhanced.

[2013-01-30 19:44:57 #3 type] 
Type model.Right is not enhanced.

[2013-01-30 19:44:57 #4 type] 
Type model.User is not enhanced.

[2013-01-30 19:44:57 #5 type] 
Type model.Order is not enhanced.

[2013-01-30 19:44:57 #6 type] 
Type model.Product is not enhanced.

------------------------------------------------------------------------------------------------------------------------

[2013-01-30 19:45:52 #1 store] 
Database '/home/larry/workspace/videoclub/db/videoclub.odb' is opened by 5036@larry-notebook

[2013-01-30 19:45:52 #2 type] 
Type model.Profile is not enhanced.

[2013-01-30 19:45:52 #3 type] 
Type model.Right is not enhanced.

[2013-01-30 19:45:52 #4 type] 
Type model.User is not enhanced.

[2013-01-30 19:45:52 #5 type] 
Type model.Order is not enhanced.

[2013-01-30 19:45:52 #6 type] 
Type model.Product is not enhanced.

------------------------------------------------------------------------------------------------------------------------

[2013-01-30 20:01:04 #1 store] 
Database '/home/larry/workspace/videoclub/db/videoclub.odb' is opened by 5162@larry-notebook

[2013-01-30 20:01:04 #2 type] 
Type model.Profile is not enhanced.

[2013-01-30 20:01:04 #3 type] 
Type model.Right is not enhanced.

[2013-01-30 20:01:04 #4 type] 
Type model.User is not enhanced.

[2013-01-30 20:01:04 #5 type] 
Type model.Order is not enhanced.

[2013-01-30 20:01:04 #6 type] 
Type model.Product is not enhanced.

------------------------------------------------------------------------------------------------------------------------

[2013-01-30 20:02:06 #1 store] 
Database '/home/larry/workspace/videoclub/db/videoclub.odb' is opened by 5202@larry-notebook

[2013-01-30 20:02:06 #2 type] 
Type model.Profile is not enhanced.

[2013-01-30 20:02:06 #3 type] 
Type model.Right is not enhanced.

[2013-01-30 20:02:06 #4 type] 
Type model.User is not enhanced.

[2013-01-30 20:02:06 #5 type] 
Type model.Order is not enhanced.

[2013-01-30 20:02:06 #6 type] 
Type model.Product is not enhanced.

------------------------------------------------------------------------------------------------------------------------

[2013-01-30 20:03:27 #1 store] 
Database '/home/larry/workspace/videoclub/db/videoclub.odb' is opened by 5241@larry-notebook

[2013-01-30 20:03:27 #2 type] 
Type model.Profile is not enhanced.

[2013-01-30 20:03:27 #3 type] 
Type model.Right is not enhanced.

[2013-01-30 20:03:27 #4 type] 
Type model.User is not enhanced.

[2013-01-30 20:03:27 #5 type] 
Type model.Order is not enhanced.

[2013-01-30 20:03:27 #6 type] 
Type model.Product is not enhanced.

------------------------------------------------------------------------------------------------------------------------

[2013-01-30 20:08:55 #1 store] 
Database '/home/larry/workspace/videoclub/db/videoclub.odb' is opened by 5374@larry-notebook

[2013-01-30 20:08:56 #2 type] 
Type model.Profile is not enhanced.

[2013-01-30 20:08:56 #3 type] 
Type model.Right is not enhanced.

[2013-01-30 20:08:56 #4 type] 
Type model.User is not enhanced.

[2013-01-30 20:08:56 #5 type] 
Type model.Order is not enhanced.

[2013-01-30 20:08:56 #6 type] 
Type model.Product is not enhanced.

------------------------------------------------------------------------------------------------------------------------

[2013-01-30 20:47:33 #1 store] 
Database '/home/larry/workspace/videoclub/db/videoclub.odb' is opened by 6673@larry-notebook

[2013-01-30 20:47:33 #2 type] 
Type model.Profile is not enhanced.

[2013-01-30 20:47:33 #3 type] 
Type model.Right is not enhanced.

[2013-01-30 20:47:33 #4 type] 
Type model.User is not enhanced.

[2013-01-30 20:47:33 #5 type] 
Type model.Order is not enhanced.

[2013-01-30 20:47:33 #6 type] 
Type model.Product is not enhanced.

------------------------------------------------------------------------------------------------------------------------

[2013-01-30 20:50:25 #1 store] 
Database '/home/larry/workspace/videoclub/db/videoclub.odb' is opened by 6815@larry-notebook

[2013-01-30 20:50:26 #2 type] 
Type model.Profile is not enhanced.

[2013-01-30 20:50:26 #3 type] 
Type model.Right is not enhanced.

[2013-01-30 20:50:26 #4 type] 
Type model.User is not enhanced.

[2013-01-30 20:50:26 #5 type] 
Type model.Order is not enhanced.

[2013-01-30 20:50:26 #6 type] 
Type model.Product is not enhanced.

------------------------------------------------------------------------------------------------------------------------

[2013-01-30 21:03:44 #1 store] 
Database '/home/larry/workspace/videoclub/db/videoclub.odb' has been recovered (tr. 1-7)

[2013-01-30 21:03:45 #2 store] 
Database '/home/larry/workspace/videoclub/db/videoclub.odb' is opened by 7220@larry-notebook

[2013-01-30 21:03:45 #3 type] 
Type model.Profile is not enhanced.

[2013-01-30 21:03:45 #4 type] 
Type model.Right is not enhanced.

[2013-01-30 21:03:45 #5 type] 
Type model.User is not enhanced.

[2013-01-30 21:03:45 #6 type] 
Type model.Order is not enhanced.

[2013-01-30 21:03:45 #7 type] 
Type model.Product is not enhanced.

------------------------------------------------------------------------------------------------------------------------

[2013-01-30 21:13:43 #1 store] 
Database '/home/larry/workspace/videoclub/db/videoclub.odb' has been recovered (tr. 8-10)

[2013-01-30 21:13:43 #2 store] 
Database '/home/larry/workspace/videoclub/db/videoclub.odb' is opened by 7344@larry-notebook

[2013-01-30 21:13:43 #3 type] 
Type model.Profile is not enhanced.

[2013-01-30 21:13:43 #4 type] 
Type model.Right is not enhanced.

[2013-01-30 21:13:43 #5 type] 
Type model.User is not enhanced.

[2013-01-30 21:13:43 #6 type] 
Type model.Order is not enhanced.

[2013-01-30 21:13:43 #7 type] 
Type model.Product is not enhanced.

------------------------------------------------------------------------------------------------------------------------

[2013-01-30 21:14:55 #1 store] 
Database '/home/larry/workspace/videoclub/db/videoclub.odb' is opened by 7434@larry-notebook

[2013-01-30 21:14:56 #2 type] 
Type model.Profile is not enhanced.

[2013-01-30 21:14:56 #3 type] 
Type model.Right is not enhanced.

[2013-01-30 21:14:56 #4 type] 
Type model.User is not enhanced.

[2013-01-30 21:14:56 #5 type] 
Type model.Order is not enhanced.

[2013-01-30 21:14:56 #6 type] 
Type model.Product is not enhanced.

------------------------------------------------------------------------------------------------------------------------

[2013-01-30 21:16:07 #1 store] 
Database '/home/larry/workspace/videoclub/db/videoclub.odb' is opened by 7496@larry-notebook

[2013-01-30 21:16:07 #2 type] 
Type model.Profile is not enhanced.

[2013-01-30 21:16:07 #3 type] 
Type model.Right is not enhanced.

[2013-01-30 21:16:07 #4 type] 
Type model.User is not enhanced.

[2013-01-30 21:16:07 #5 type] 
Type model.Order is not enhanced.

[2013-01-30 21:16:07 #6 type] 
Type model.Product is not enhanced.

------------------------------------------------------------------------------------------------------------------------

[2013-01-30 21:36:56 #1 store] 
Database '/home/larry/workspace/videoclub/db/videoclub.odb' has been recovered (tr. 1-18)

[2013-01-30 21:36:56 #2 store] 
Database '/home/larry/workspace/videoclub/db/videoclub.odb' is opened by 7815@larry-notebook

[2013-01-30 21:36:57 #3 type] 
Type model.Profile is not enhanced.

[2013-01-30 21:36:57 #4 type] 
Type model.Right is not enhanced.

[2013-01-30 21:36:57 #5 type] 
Type model.User is not enhanced.

[2013-01-30 21:36:57 #6 type] 
Type model.Order is not enhanced.

[2013-01-30 21:36:57 #7 type] 
Type model.Product is not enhanced.

------------------------------------------------------------------------------------------------------------------------

[2013-01-30 21:40:00 #1 store] 
Database '/home/larry/workspace/videoclub/db/videoclub.odb' is opened by 7944@larry-notebook

[2013-01-30 21:40:00 #2 type] 
Type model.Profile is not enhanced.

[2013-01-30 21:40:00 #3 type] 
Type model.Right is not enhanced.

[2013-01-30 21:40:00 #4 type] 
Type model.User is not enhanced.

[2013-01-30 21:40:00 #5 type] 
Type model.Order is not enhanced.

[2013-01-30 21:40:00 #6 type] 
Type model.Product is not enhanced.

------------------------------------------------------------------------------------------------------------------------

[2013-01-30 21:40:57 #1 store] 
Database '/home/larry/workspace/videoclub/db/videoclub.odb' has been recovered (tr. 19-19)

[2013-01-30 21:40:57 #2 store] 
Database '/home/larry/workspace/videoclub/db/videoclub.odb' is opened by 7974@larry-notebook

[2013-01-30 21:40:57 #3 type] 
Type model.Profile is not enhanced.

[2013-01-30 21:40:57 #4 type] 
Type model.Right is not enhanced.

[2013-01-30 21:40:57 #5 type] 
Type model.User is not enhanced.

[2013-01-30 21:40:57 #6 type] 
Type model.Order is not enhanced.

[2013-01-30 21:40:57 #7 type] 
Type model.Product is not enhanced.

------------------------------------------------------------------------------------------------------------------------

[2013-01-30 21:43:45 #1 store] 
Database '/home/larry/workspace/videoclub/db/videoclub.odb' is opened by 8050@larry-notebook

[2013-01-30 21:43:45 #2 type] 
Type model.Profile is not enhanced.

[2013-01-30 21:43:45 #3 type] 
Type model.Right is not enhanced.

[2013-01-30 21:43:45 #4 type] 
Type model.User is not enhanced.

[2013-01-30 21:43:45 #5 type] 
Type model.Order is not enhanced.

[2013-01-30 21:43:45 #6 type] 
Type model.Product is not enhanced.

------------------------------------------------------------------------------------------------------------------------

[2013-01-30 21:46:13 #1 store] 
Database '/home/larry/workspace/videoclub/db/videoclub.odb' has been recovered (tr. 20-20)

[2013-01-30 21:46:13 #2 store] 
Database '/home/larry/workspace/videoclub/db/videoclub.odb' is opened by 8158@larry-notebook

[2013-01-30 21:46:13 #3 type] 
Type model.Profile is not enhanced.

[2013-01-30 21:46:13 #4 type] 
Type model.Right is not enhanced.

[2013-01-30 21:46:13 #5 type] 
Type model.User is not enhanced.

[2013-01-30 21:46:13 #6 type] 
Type model.Order is not enhanced.

[2013-01-30 21:46:13 #7 type] 
Type model.Product is not enhanced.

------------------------------------------------------------------------------------------------------------------------

[2013-01-30 21:47:59 #1 store] 
Database '/home/larry/workspace/videoclub/db/videoclub.odb' is opened by 8205@larry-notebook

[2013-01-30 21:47:59 #2 type] 
Type model.Profile is not enhanced.

[2013-01-30 21:47:59 #3 type] 
Type model.Right is not enhanced.

[2013-01-30 21:47:59 #4 type] 
Type model.User is not enhanced.

[2013-01-30 21:47:59 #5 type] 
Type model.Order is not enhanced.

[2013-01-30 21:47:59 #6 type] 
Type model.Product is not enhanced.

