------------------------------------------------------------------------------------------------------------------------

[2012-12-30 14:16:24 #1 store] 
Database 'C:\Documents and Settings\puppet\My Documents\WorkspaceGIT\videoclub\db\videoclub.odb' is opened by 4008@quake

[2012-12-30 14:16:24 #2 type] 
Type entity.ProductEntity is not enhanced.

[2012-12-30 14:16:24 #3 store] 
Database 'C:\Documents and Settings\puppet\My Documents\WorkspaceGIT\videoclub\db\videoclub.odb' is closed by 4008@quake

[2012-12-30 14:16:44 #4 store] 
Database 'C:\Documents and Settings\puppet\My Documents\WorkspaceGIT\videoclub\db\videoclub.odb' is opened by 4008@quake

[2012-12-30 14:16:44 #5 store] 
Database 'C:\Documents and Settings\puppet\My Documents\WorkspaceGIT\videoclub\db\videoclub.odb' is closed by 4008@quake

------------------------------------------------------------------------------------------------------------------------

[2012-12-30 14:22:07 #1 store] 
Database 'C:\Documents and Settings\puppet\My Documents\WorkspaceGIT\videoclub\db\videoclub.odb' is opened by 1084@quake

[2012-12-30 14:22:07 #2 type] 
Type entity.ProductEntity is not enhanced.

[2012-12-30 14:22:07 #3 store] 
Database 'C:\Documents and Settings\puppet\My Documents\WorkspaceGIT\videoclub\db\videoclub.odb' is closed by 1084@quake

[2012-12-30 14:22:54 #4 store] 
Database 'C:\Documents and Settings\puppet\My Documents\WorkspaceGIT\videoclub\db\videoclub.odb' is opened by 1084@quake

[2012-12-30 14:22:54 #5 store] 
Database 'C:\Documents and Settings\puppet\My Documents\WorkspaceGIT\videoclub\db\videoclub.odb' is closed by 1084@quake

[2012-12-30 14:23:07 #6 store] 
Database 'C:\Documents and Settings\puppet\My Documents\WorkspaceGIT\videoclub\db\videoclub.odb' is opened by 1084@quake

[2012-12-30 14:23:07 #7 store] 
Database 'C:\Documents and Settings\puppet\My Documents\WorkspaceGIT\videoclub\db\videoclub.odb' is closed by 1084@quake

------------------------------------------------------------------------------------------------------------------------

[2012-12-30 14:23:47 #1 store] 
Database 'C:\Documents and Settings\puppet\My Documents\WorkspaceGIT\videoclub\db\videoclub.odb' is opened by 3512@quake

[2012-12-30 14:23:47 #2 type] 
Type entity.ProductEntity is not enhanced.

[2012-12-30 14:23:47 #3 store] 
Database 'C:\Documents and Settings\puppet\My Documents\WorkspaceGIT\videoclub\db\videoclub.odb' is closed by 3512@quake

------------------------------------------------------------------------------------------------------------------------

[2012-12-30 14:27:00 #1 store] 
Database 'C:\Documents and Settings\puppet\My Documents\WorkspaceGIT\videoclub\db\videoclub.odb' is opened by 872@quake

[2012-12-30 14:27:00 #2 type] 
Type entity.ProductEntity is not enhanced.

[2012-12-30 14:27:00 #3 store] 
Database 'C:\Documents and Settings\puppet\My Documents\WorkspaceGIT\videoclub\db\videoclub.odb' is closed by 872@quake

[2012-12-30 14:27:16 #4 store] 
Database 'C:\Documents and Settings\puppet\My Documents\WorkspaceGIT\videoclub\db\videoclub.odb' is opened by 872@quake

[2012-12-30 14:27:16 #5 store] 
Database 'C:\Documents and Settings\puppet\My Documents\WorkspaceGIT\videoclub\db\videoclub.odb' is closed by 872@quake

[2012-12-30 14:27:16 #6 store] 
Database 'C:\Documents and Settings\puppet\My Documents\WorkspaceGIT\videoclub\db\videoclub.odb' is opened by 872@quake

[2012-12-30 14:27:16 #7 store] 
Database 'C:\Documents and Settings\puppet\My Documents\WorkspaceGIT\videoclub\db\videoclub.odb' is closed by 872@quake

[2012-12-30 14:27:32 #8 store] 
Database 'C:\Documents and Settings\puppet\My Documents\WorkspaceGIT\videoclub\db\videoclub.odb' is opened by 872@quake

[2012-12-30 14:27:32 #9 store] 
Database 'C:\Documents and Settings\puppet\My Documents\WorkspaceGIT\videoclub\db\videoclub.odb' is closed by 872@quake

[2012-12-30 14:27:32 #10 store] 
Database 'C:\Documents and Settings\puppet\My Documents\WorkspaceGIT\videoclub\db\videoclub.odb' is opened by 872@quake

[2012-12-30 14:27:32 #11 store] 
Database 'C:\Documents and Settings\puppet\My Documents\WorkspaceGIT\videoclub\db\videoclub.odb' is closed by 872@quake

------------------------------------------------------------------------------------------------------------------------

[2012-12-30 14:30:45 #1 store] 
Database 'C:\Documents and Settings\puppet\My Documents\WorkspaceGIT\videoclub\db\videoclub.odb' is opened by 4028@quake

[2012-12-30 14:30:45 #2 type] 
Type entity.ProductEntity is not enhanced.

[2012-12-30 14:30:45 #3 store] 
Database 'C:\Documents and Settings\puppet\My Documents\WorkspaceGIT\videoclub\db\videoclub.odb' is closed by 4028@quake

------------------------------------------------------------------------------------------------------------------------

[2012-12-30 14:33:10 #1 store] 
Database 'C:\Documents and Settings\puppet\My Documents\WorkspaceGIT\videoclub\db\videoclub.odb' is opened by 2012@quake

[2012-12-30 14:33:11 #2 type] 
Type entity.ProductEntity is not enhanced.

[2012-12-30 14:33:11 #3 store] 
Database 'C:\Documents and Settings\puppet\My Documents\WorkspaceGIT\videoclub\db\videoclub.odb' is closed by 2012@quake

