------------------------------------------------------------------------------------------------------------------------

[2012-12-25 02:11:20 #1 store] 
Database 'C:\Documents and Settings\puppet\My Documents\WorkspaceGIT\videoclub\db\videoclub.odb' is opened by 41532@quake

[2012-12-25 02:11:20 #2 type] 
Type entity.ProductEntity is not enhanced.

[2012-12-25 02:11:20 #3 store] 
Database 'C:\Documents and Settings\puppet\My Documents\WorkspaceGIT\videoclub\db\videoclub.odb' is closed by 41532@quake

------------------------------------------------------------------------------------------------------------------------

[2012-12-25 02:16:41 #1 store] 
Database 'C:\Documents and Settings\puppet\My Documents\WorkspaceGIT\videoclub\db\videoclub.odb' is opened by 73528@quake

[2012-12-25 02:16:41 #2 type] 
Type entity.ProductEntity is not enhanced.

[2012-12-25 02:16:41 #3 store] 
Database 'C:\Documents and Settings\puppet\My Documents\WorkspaceGIT\videoclub\db\videoclub.odb' is closed by 73528@quake

------------------------------------------------------------------------------------------------------------------------

[2012-12-25 02:19:02 #1 store] 
Database 'C:\Documents and Settings\puppet\My Documents\WorkspaceGIT\videoclub\db\videoclub.odb' is opened by 84804@quake

[2012-12-25 02:19:02 #2 type] 
Type entity.ProductEntity is not enhanced.

------------------------------------------------------------------------------------------------------------------------

[2012-12-25 02:19:28 #1 store] 
Database 'C:\Documents and Settings\puppet\My Documents\WorkspaceGIT\videoclub\db\videoclub.odb' has been recovered (tr. 8-8)

[2012-12-25 02:19:28 #2 store] 
Database 'C:\Documents and Settings\puppet\My Documents\WorkspaceGIT\videoclub\db\videoclub.odb' is opened by 89308@quake

[2012-12-25 02:19:29 #3 type] 
Type entity.ProductEntity is not enhanced.

------------------------------------------------------------------------------------------------------------------------

[2012-12-25 02:19:41 #1 store] 
Database 'C:\Documents and Settings\puppet\My Documents\WorkspaceGIT\videoclub\db\videoclub.odb' has been recovered (tr. 9-9)

[2012-12-25 02:19:41 #2 store] 
Database 'C:\Documents and Settings\puppet\My Documents\WorkspaceGIT\videoclub\db\videoclub.odb' is opened by 91408@quake

[2012-12-25 02:19:41 #3 type] 
Type entity.ProductEntity is not enhanced.

[2012-12-25 02:19:42 #4 store] 
Database 'C:\Documents and Settings\puppet\My Documents\WorkspaceGIT\videoclub\db\videoclub.odb' is closed by 91408@quake

------------------------------------------------------------------------------------------------------------------------

[2012-12-25 02:29:03 #1 store] 
Database 'C:\Documents and Settings\puppet\My Documents\WorkspaceGIT\videoclub\db\videoclub.odb' is opened by 30204@quake

[2012-12-25 02:29:03 #2 type] 
Type entity.ProductEntity is not enhanced.

------------------------------------------------------------------------------------------------------------------------

[2012-12-25 02:31:32 #1 store] 
Database 'C:\Documents and Settings\puppet\My Documents\WorkspaceGIT\videoclub\db\videoclub.odb' has been recovered (tr. 11-11)

[2012-12-25 02:31:32 #2 store] 
Database 'C:\Documents and Settings\puppet\My Documents\WorkspaceGIT\videoclub\db\videoclub.odb' is opened by 45336@quake

[2012-12-25 02:31:32 #3 type] 
Type entity.ProductEntity is not enhanced.

[2012-12-25 02:31:32 #4 store] 
Database 'C:\Documents and Settings\puppet\My Documents\WorkspaceGIT\videoclub\db\videoclub.odb' is closed by 45336@quake

------------------------------------------------------------------------------------------------------------------------

[2012-12-25 02:33:13 #1 store] 
Database 'C:\Documents and Settings\puppet\My Documents\WorkspaceGIT\videoclub\db\videoclub.odb' is opened by 53424@quake

[2012-12-25 02:33:13 #2 type] 
Type entity.ProductEntity is not enhanced.

[2012-12-25 02:33:13 #3 store] 
Database 'C:\Documents and Settings\puppet\My Documents\WorkspaceGIT\videoclub\db\videoclub.odb' is closed by 53424@quake

------------------------------------------------------------------------------------------------------------------------

[2012-12-25 03:31:16 #1 store] 
Database 'C:\Documents and Settings\puppet\My Documents\WorkspaceGIT\videoclub\db\videoclub.odb' is opened by 83220@quake

[2012-12-25 03:31:17 #2 type] 
Type entity.ProductEntity is not enhanced.

[2012-12-25 03:31:17 #3 store] 
Database 'C:\Documents and Settings\puppet\My Documents\WorkspaceGIT\videoclub\db\videoclub.odb' is closed by 83220@quake

[2012-12-25 03:31:35 #4 store] 
Database 'C:\Documents and Settings\puppet\My Documents\WorkspaceGIT\videoclub\db\videoclub.odb' is opened by 83220@quake

[2012-12-25 03:31:35 #5 store] 
Database 'C:\Documents and Settings\puppet\My Documents\WorkspaceGIT\videoclub\db\videoclub.odb' is closed by 83220@quake

[2012-12-25 03:31:35 #6 store] 
Database 'C:\Documents and Settings\puppet\My Documents\WorkspaceGIT\videoclub\db\videoclub.odb' is opened by 83220@quake

[2012-12-25 03:31:35 #7 store] 
Database 'C:\Documents and Settings\puppet\My Documents\WorkspaceGIT\videoclub\db\videoclub.odb' is closed by 83220@quake

[2012-12-25 03:31:50 #8 store] 
Database 'C:\Documents and Settings\puppet\My Documents\WorkspaceGIT\videoclub\db\videoclub.odb' is opened by 83220@quake

------------------------------------------------------------------------------------------------------------------------

[2012-12-25 03:33:32 #1 store] 
Database 'C:\Documents and Settings\puppet\My Documents\WorkspaceGIT\videoclub\db\videoclub.odb' is opened by 99544@quake

[2012-12-25 03:33:56 #2 store] 
Database 'C:\Documents and Settings\puppet\My Documents\WorkspaceGIT\videoclub\db\videoclub.odb' is closed by 99544@quake

------------------------------------------------------------------------------------------------------------------------

[2012-12-25 04:18:59 #1 store] 
Database 'C:\Documents and Settings\puppet\My Documents\WorkspaceGIT\videoclub\db\videoclub.odb' is opened by 11100@quake

[2012-12-25 04:18:59 #2 type] 
Type entity.ProductEntity is not enhanced.

[2012-12-25 04:18:59 #3 store] 
Database 'C:\Documents and Settings\puppet\My Documents\WorkspaceGIT\videoclub\db\videoclub.odb' is closed by 11100@quake

[2012-12-25 04:19:11 #4 store] 
Database 'C:\Documents and Settings\puppet\My Documents\WorkspaceGIT\videoclub\db\videoclub.odb' is opened by 11100@quake

[2012-12-25 04:19:11 #5 store] 
Database 'C:\Documents and Settings\puppet\My Documents\WorkspaceGIT\videoclub\db\videoclub.odb' is closed by 11100@quake

[2012-12-25 04:19:11 #6 store] 
Database 'C:\Documents and Settings\puppet\My Documents\WorkspaceGIT\videoclub\db\videoclub.odb' is opened by 11100@quake

[2012-12-25 04:19:11 #7 store] 
Database 'C:\Documents and Settings\puppet\My Documents\WorkspaceGIT\videoclub\db\videoclub.odb' is closed by 11100@quake

------------------------------------------------------------------------------------------------------------------------

[2012-12-25 05:26:32 #1 store] 
Database 'C:\Documents and Settings\puppet\My Documents\WorkspaceGIT\videoclub\db\videoclub.odb' is opened by 31756@quake

[2012-12-25 05:26:33 #2 type] 
Type entity.ProductEntity is not enhanced.

[2012-12-25 05:26:33 #3 store] 
Database 'C:\Documents and Settings\puppet\My Documents\WorkspaceGIT\videoclub\db\videoclub.odb' is closed by 31756@quake

[2012-12-25 05:26:53 #4 store] 
Database 'C:\Documents and Settings\puppet\My Documents\WorkspaceGIT\videoclub\db\videoclub.odb' is opened by 31756@quake

[2012-12-25 05:26:53 #5 store] 
Database 'C:\Documents and Settings\puppet\My Documents\WorkspaceGIT\videoclub\db\videoclub.odb' is closed by 31756@quake

[2012-12-25 05:26:53 #6 store] 
Database 'C:\Documents and Settings\puppet\My Documents\WorkspaceGIT\videoclub\db\videoclub.odb' is opened by 31756@quake

[2012-12-25 05:26:53 #7 store] 
Database 'C:\Documents and Settings\puppet\My Documents\WorkspaceGIT\videoclub\db\videoclub.odb' is closed by 31756@quake

------------------------------------------------------------------------------------------------------------------------

[2012-12-25 14:49:03 #1 store] 
Database 'C:\Documents and Settings\puppet\My Documents\WorkspaceGIT\videoclub\db\videoclub.odb' is opened by 3288@quake

[2012-12-25 14:49:03 #2 type] 
Type entity.ProductEntity is not enhanced.

[2012-12-25 14:49:03 #3 store] 
Database 'C:\Documents and Settings\puppet\My Documents\WorkspaceGIT\videoclub\db\videoclub.odb' is closed by 3288@quake

[2012-12-25 14:49:20 #4 store] 
Database 'C:\Documents and Settings\puppet\My Documents\WorkspaceGIT\videoclub\db\videoclub.odb' is opened by 3288@quake

[2012-12-25 14:49:20 #5 store] 
Database 'C:\Documents and Settings\puppet\My Documents\WorkspaceGIT\videoclub\db\videoclub.odb' is closed by 3288@quake

[2012-12-25 14:49:20 #6 store] 
Database 'C:\Documents and Settings\puppet\My Documents\WorkspaceGIT\videoclub\db\videoclub.odb' is opened by 3288@quake

[2012-12-25 14:49:20 #7 store] 
Database 'C:\Documents and Settings\puppet\My Documents\WorkspaceGIT\videoclub\db\videoclub.odb' is closed by 3288@quake

------------------------------------------------------------------------------------------------------------------------

[2012-12-25 17:23:45 #1 store] 
Database 'C:\Documents and Settings\puppet\My Documents\WorkspaceGIT\videoclub\db\videoclub.odb' is opened by 3884@quake

[2012-12-25 17:23:46 #2 type] 
Type entity.ProductEntity is not enhanced.

[2012-12-25 17:23:46 #3 store] 
Database 'C:\Documents and Settings\puppet\My Documents\WorkspaceGIT\videoclub\db\videoclub.odb' is closed by 3884@quake

[2012-12-25 17:24:06 #4 store] 
Database 'C:\Documents and Settings\puppet\My Documents\WorkspaceGIT\videoclub\db\videoclub.odb' is opened by 3884@quake

[2012-12-25 17:24:06 #5 store] 
Database 'C:\Documents and Settings\puppet\My Documents\WorkspaceGIT\videoclub\db\videoclub.odb' is closed by 3884@quake

[2012-12-25 17:24:06 #6 store] 
Database 'C:\Documents and Settings\puppet\My Documents\WorkspaceGIT\videoclub\db\videoclub.odb' is opened by 3884@quake

[2012-12-25 17:24:06 #7 store] 
Database 'C:\Documents and Settings\puppet\My Documents\WorkspaceGIT\videoclub\db\videoclub.odb' is closed by 3884@quake

