------------------------------------------------------------------------------------------------------------------------

[2013-01-07 00:25:34 #1 store] 
Database 'C:\Documents and Settings\puppet\My Documents\WorkspaceGIT\videoclub\db\videoclub.odb' is opened by 6052@quake

[2013-01-07 00:25:34 #2 type] 
Type model.Product is not enhanced.

[2013-01-07 00:25:34 #3 store] 
Database 'C:\Documents and Settings\puppet\My Documents\WorkspaceGIT\videoclub\db\videoclub.odb' is closed by 6052@quake

[2013-01-07 00:25:48 #4 store] 
Database 'C:\Documents and Settings\puppet\My Documents\WorkspaceGIT\videoclub\db\videoclub.odb' is opened by 6052@quake

[2013-01-07 00:25:48 #5 store] 
Database 'C:\Documents and Settings\puppet\My Documents\WorkspaceGIT\videoclub\db\videoclub.odb' is closed by 6052@quake

[2013-01-07 00:25:59 #6 store] 
Database 'C:\Documents and Settings\puppet\My Documents\WorkspaceGIT\videoclub\db\videoclub.odb' is opened by 6052@quake

[2013-01-07 00:25:59 #7 store] 
Database 'C:\Documents and Settings\puppet\My Documents\WorkspaceGIT\videoclub\db\videoclub.odb' is closed by 6052@quake

[2013-01-07 00:26:08 #8 store] 
Database 'C:\Documents and Settings\puppet\My Documents\WorkspaceGIT\videoclub\db\videoclub.odb' is opened by 6052@quake

[2013-01-07 00:26:08 #9 store] 
Database 'C:\Documents and Settings\puppet\My Documents\WorkspaceGIT\videoclub\db\videoclub.odb' is closed by 6052@quake

[2013-01-07 00:26:08 #10 store] 
Database 'C:\Documents and Settings\puppet\My Documents\WorkspaceGIT\videoclub\db\videoclub.odb' is opened by 6052@quake

[2013-01-07 00:26:08 #11 store] 
Database 'C:\Documents and Settings\puppet\My Documents\WorkspaceGIT\videoclub\db\videoclub.odb' is closed by 6052@quake

[2013-01-07 00:26:15 #12 store] 
Database 'C:\Documents and Settings\puppet\My Documents\WorkspaceGIT\videoclub\db\videoclub.odb' is opened by 6052@quake

[2013-01-07 00:26:15 #13 store] 
Database 'C:\Documents and Settings\puppet\My Documents\WorkspaceGIT\videoclub\db\videoclub.odb' is closed by 6052@quake

------------------------------------------------------------------------------------------------------------------------

[2013-01-07 01:03:04 #1 store] 
Database 'C:\Documents and Settings\puppet\My Documents\WorkspaceGIT\videoclub\db\videoclub.odb' is opened by 4752@quake

[2013-01-07 01:03:04 #2 type] 
Type model.Product is not enhanced.

[2013-01-07 01:03:04 #3 store] 
Database 'C:\Documents and Settings\puppet\My Documents\WorkspaceGIT\videoclub\db\videoclub.odb' is closed by 4752@quake

[2013-01-07 01:03:08 #4 store] 
Database 'C:\Documents and Settings\puppet\My Documents\WorkspaceGIT\videoclub\db\videoclub.odb' is opened by 4752@quake

[2013-01-07 01:03:08 #5 store] 
Database 'C:\Documents and Settings\puppet\My Documents\WorkspaceGIT\videoclub\db\videoclub.odb' is closed by 4752@quake

[2013-01-07 01:03:17 #6 store] 
Database 'C:\Documents and Settings\puppet\My Documents\WorkspaceGIT\videoclub\db\videoclub.odb' is opened by 4752@quake

[2013-01-07 01:03:17 #7 store] 
Database 'C:\Documents and Settings\puppet\My Documents\WorkspaceGIT\videoclub\db\videoclub.odb' is closed by 4752@quake

[2013-01-07 01:03:17 #8 store] 
Database 'C:\Documents and Settings\puppet\My Documents\WorkspaceGIT\videoclub\db\videoclub.odb' is opened by 4752@quake

[2013-01-07 01:03:17 #9 store] 
Database 'C:\Documents and Settings\puppet\My Documents\WorkspaceGIT\videoclub\db\videoclub.odb' is closed by 4752@quake

------------------------------------------------------------------------------------------------------------------------

[2013-01-07 01:03:32 #1 store] 
Database 'C:\Documents and Settings\puppet\My Documents\WorkspaceGIT\videoclub\db\videoclub.odb' is opened by 4596@quake

[2013-01-07 01:03:46 #2 store] 
Database 'C:\Documents and Settings\puppet\My Documents\WorkspaceGIT\videoclub\db\videoclub.odb' is closed by 4596@quake

------------------------------------------------------------------------------------------------------------------------

[2013-01-07 01:07:46 #1 store] 
Database 'C:\Documents and Settings\puppet\My Documents\WorkspaceGIT\videoclub\db\videoclub.odb' is opened by 4444@quake

[2013-01-07 01:07:46 #2 type] 
Type model.Product is not enhanced.

[2013-01-07 01:07:46 #3 store] 
Database 'C:\Documents and Settings\puppet\My Documents\WorkspaceGIT\videoclub\db\videoclub.odb' is closed by 4444@quake

------------------------------------------------------------------------------------------------------------------------

[2013-01-07 01:07:52 #1 store] 
Database 'C:\Documents and Settings\puppet\My Documents\WorkspaceGIT\videoclub\db\videoclub.odb' is opened by 4144@quake

[2013-01-07 01:07:52 #2 type] 
Type model.Product is not enhanced.

[2013-01-07 01:07:53 #3 store] 
Database 'C:\Documents and Settings\puppet\My Documents\WorkspaceGIT\videoclub\db\videoclub.odb' is closed by 4144@quake

------------------------------------------------------------------------------------------------------------------------

[2013-01-07 18:31:58 #1 store] 
Database 'C:\Documents and Settings\puppet\My Documents\WorkspaceGIT\videoclub\db\videoclub.odb' is opened by 2856@quake

[2013-01-07 18:31:58 #2 type] 
Type model.Product is not enhanced.

[2013-01-07 18:31:58 #3 store] 
Database 'C:\Documents and Settings\puppet\My Documents\WorkspaceGIT\videoclub\db\videoclub.odb' is closed by 2856@quake

------------------------------------------------------------------------------------------------------------------------

[2013-01-07 18:52:28 #1 store] 
Database 'C:\Documents and Settings\puppet\My Documents\WorkspaceGIT\videoclub\db\videoclub.odb' is opened by 4080@quake

[2013-01-07 18:52:28 #2 type] 
Type model.Product is not enhanced.

[2013-01-07 18:52:29 #3 store] 
Database 'C:\Documents and Settings\puppet\My Documents\WorkspaceGIT\videoclub\db\videoclub.odb' is closed by 4080@quake

[2013-01-07 18:52:34 #4 store] 
Database 'C:\Documents and Settings\puppet\My Documents\WorkspaceGIT\videoclub\db\videoclub.odb' is opened by 4080@quake

[2013-01-07 18:52:34 #5 store] 
Database 'C:\Documents and Settings\puppet\My Documents\WorkspaceGIT\videoclub\db\videoclub.odb' is closed by 4080@quake

[2013-01-07 18:52:38 #6 store] 
Database 'C:\Documents and Settings\puppet\My Documents\WorkspaceGIT\videoclub\db\videoclub.odb' is opened by 4080@quake

[2013-01-07 18:52:39 #7 store] 
Database 'C:\Documents and Settings\puppet\My Documents\WorkspaceGIT\videoclub\db\videoclub.odb' is closed by 4080@quake

[2013-01-07 18:52:39 #8 store] 
Database 'C:\Documents and Settings\puppet\My Documents\WorkspaceGIT\videoclub\db\videoclub.odb' is opened by 4080@quake

[2013-01-07 18:52:39 #9 store] 
Database 'C:\Documents and Settings\puppet\My Documents\WorkspaceGIT\videoclub\db\videoclub.odb' is closed by 4080@quake

