------------------------------------------------------------------------------------------------------------------------

[2012-12-26 13:47:18 #1 store] 
Database 'C:\Documents and Settings\puppet\My Documents\WorkspaceGIT\myvideoclub\db\videoclub.odb' is opened by 2772@quake

[2012-12-26 13:47:18 #2 type] 
Type entity.ProductEntity is not enhanced.

[2012-12-26 13:47:18 #3 store] 
Database 'C:\Documents and Settings\puppet\My Documents\WorkspaceGIT\myvideoclub\db\videoclub.odb' is closed by 2772@quake

------------------------------------------------------------------------------------------------------------------------

[2012-12-26 13:55:21 #1 store] 
Database 'C:\Documents and Settings\puppet\My Documents\WorkspaceGIT\myvideoclub\db\videoclub.odb' is opened by 2720@quake

[2012-12-26 13:55:21 #2 type] 
Type entity.ProductEntity is not enhanced.

[2012-12-26 13:55:21 #3 store] 
Database 'C:\Documents and Settings\puppet\My Documents\WorkspaceGIT\myvideoclub\db\videoclub.odb' is closed by 2720@quake

------------------------------------------------------------------------------------------------------------------------

[2012-12-26 13:55:47 #1 store] 
Database 'C:\Documents and Settings\puppet\My Documents\WorkspaceGIT\myvideoclub\db\videoclub.odb' is opened by 3292@quake

[2012-12-26 13:55:47 #2 type] 
Type entity.ProductEntity is not enhanced.

[2012-12-26 13:55:47 #3 store] 
Database 'C:\Documents and Settings\puppet\My Documents\WorkspaceGIT\myvideoclub\db\videoclub.odb' is closed by 3292@quake

------------------------------------------------------------------------------------------------------------------------

[2012-12-26 13:56:48 #1 store] 
Database 'C:\Documents and Settings\puppet\My Documents\WorkspaceGIT\myvideoclub\db\videoclub.odb' is opened by 3588@quake

[2012-12-26 13:56:48 #2 type] 
Type entity.ProductEntity is not enhanced.

[2012-12-26 13:56:48 #3 store] 
Database 'C:\Documents and Settings\puppet\My Documents\WorkspaceGIT\myvideoclub\db\videoclub.odb' is closed by 3588@quake

------------------------------------------------------------------------------------------------------------------------

[2012-12-26 13:57:08 #1 store] 
Database 'C:\Documents and Settings\puppet\My Documents\WorkspaceGIT\myvideoclub\db\videoclub.odb' is opened by 3028@quake

[2012-12-26 13:57:09 #2 type] 
Type entity.ProductEntity is not enhanced.

[2012-12-26 13:57:09 #3 store] 
Database 'C:\Documents and Settings\puppet\My Documents\WorkspaceGIT\myvideoclub\db\videoclub.odb' is closed by 3028@quake

------------------------------------------------------------------------------------------------------------------------

[2012-12-26 14:03:14 #1 store] 
Database 'C:\Documents and Settings\puppet\My Documents\WorkspaceGIT\myvideoclub\db\videoclub.odb' is opened by 1236@quake

[2012-12-26 14:03:15 #2 type] 
Type entity.ProductEntity is not enhanced.

------------------------------------------------------------------------------------------------------------------------

[2012-12-26 14:03:47 #1 store] 
Database 'C:\Documents and Settings\puppet\My Documents\WorkspaceGIT\myvideoclub\db\videoclub.odb' has been recovered (tr. 13-13)

[2012-12-26 14:03:47 #2 store] 
Database 'C:\Documents and Settings\puppet\My Documents\WorkspaceGIT\myvideoclub\db\videoclub.odb' is opened by 2248@quake

[2012-12-26 14:03:47 #3 type] 
Type entity.ProductEntity is not enhanced.

------------------------------------------------------------------------------------------------------------------------

[2012-12-26 14:12:16 #1 store] 
Database 'C:\Documents and Settings\puppet\My Documents\WorkspaceGIT\myvideoclub\db\videoclub.odb' is opened by 3744@quake

[2012-12-26 14:12:16 #2 type] 
Type entity.ProductEntity is not enhanced.

[2012-12-26 14:12:16 #3 store] 
Database 'C:\Documents and Settings\puppet\My Documents\WorkspaceGIT\myvideoclub\db\videoclub.odb' is closed by 3744@quake

------------------------------------------------------------------------------------------------------------------------

[2012-12-26 14:12:56 #1 store] 
Database 'C:\Documents and Settings\puppet\My Documents\WorkspaceGIT\myvideoclub\db\videoclub.odb' is opened by 3688@quake

[2012-12-26 14:12:56 #2 type] 
Type entity.ProductEntity is not enhanced.

------------------------------------------------------------------------------------------------------------------------

[2012-12-26 14:13:07 #1 store] 
Database 'C:\Documents and Settings\puppet\My Documents\WorkspaceGIT\myvideoclub\db\videoclub.odb' has been recovered (tr. 5-5)

[2012-12-26 14:13:07 #2 store] 
Database 'C:\Documents and Settings\puppet\My Documents\WorkspaceGIT\myvideoclub\db\videoclub.odb' is opened by 3784@quake

[2012-12-26 14:13:07 #3 type] 
Type entity.ProductEntity is not enhanced.

------------------------------------------------------------------------------------------------------------------------

[2012-12-26 14:14:43 #1 store] 
Database 'C:\Documents and Settings\puppet\My Documents\WorkspaceGIT\myvideoclub\db\videoclub.odb' is opened by 936@quake

[2012-12-26 14:14:43 #2 type] 
Type entity.ProductEntity is not enhanced.

[2012-12-26 14:14:43 #3 store] 
Database 'C:\Documents and Settings\puppet\My Documents\WorkspaceGIT\myvideoclub\db\videoclub.odb' is closed by 936@quake

------------------------------------------------------------------------------------------------------------------------

[2012-12-26 14:15:40 #1 store] 
Database 'C:\Documents and Settings\puppet\My Documents\WorkspaceGIT\myvideoclub\db\videoclub.odb' is opened by 3672@quake

[2012-12-26 14:15:41 #2 type] 
Type entity.ProductEntity is not enhanced.

[2012-12-26 14:15:41 #3 store] 
Database 'C:\Documents and Settings\puppet\My Documents\WorkspaceGIT\myvideoclub\db\videoclub.odb' is closed by 3672@quake

[2012-12-26 14:15:49 #4 store] 
Database 'C:\Documents and Settings\puppet\My Documents\WorkspaceGIT\myvideoclub\db\videoclub.odb' is opened by 3672@quake

[2012-12-26 14:15:49 #5 store] 
Database 'C:\Documents and Settings\puppet\My Documents\WorkspaceGIT\myvideoclub\db\videoclub.odb' is closed by 3672@quake

[2012-12-26 14:15:49 #6 store] 
Database 'C:\Documents and Settings\puppet\My Documents\WorkspaceGIT\myvideoclub\db\videoclub.odb' is opened by 3672@quake

[2012-12-26 14:15:49 #7 store] 
Database 'C:\Documents and Settings\puppet\My Documents\WorkspaceGIT\myvideoclub\db\videoclub.odb' is closed by 3672@quake

------------------------------------------------------------------------------------------------------------------------

[2012-12-26 14:35:02 #1 store] 
Database 'C:\Documents and Settings\puppet\My Documents\WorkspaceGIT\myvideoclub\db\videoclub.odb' is opened by 3268@quake

[2012-12-26 14:35:02 #2 type] 
Type entity.ProductEntity is not enhanced.

[2012-12-26 14:35:02 #3 store] 
Database 'C:\Documents and Settings\puppet\My Documents\WorkspaceGIT\myvideoclub\db\videoclub.odb' is closed by 3268@quake

------------------------------------------------------------------------------------------------------------------------

[2012-12-26 14:39:15 #1 store] 
Database 'C:\Documents and Settings\puppet\My Documents\WorkspaceGIT\myvideoclub\db\videoclub.odb' is opened by 896@quake

[2012-12-26 14:39:15 #2 type] 
Type entity.ProductEntity is not enhanced.

[2012-12-26 14:39:15 #3 store] 
Database 'C:\Documents and Settings\puppet\My Documents\WorkspaceGIT\myvideoclub\db\videoclub.odb' is closed by 896@quake

------------------------------------------------------------------------------------------------------------------------

[2012-12-26 14:46:15 #1 store] 
Database 'C:\Documents and Settings\puppet\My Documents\WorkspaceGIT\myvideoclub\db\videoclub.odb' is opened by 2308@quake

[2012-12-26 14:46:15 #2 type] 
Type entity.ProductEntity is not enhanced.

[2012-12-26 14:46:15 #3 store] 
Database 'C:\Documents and Settings\puppet\My Documents\WorkspaceGIT\myvideoclub\db\videoclub.odb' is closed by 2308@quake

[2012-12-26 14:46:28 #4 store] 
Database 'C:\Documents and Settings\puppet\My Documents\WorkspaceGIT\myvideoclub\db\videoclub.odb' is opened by 2308@quake

[2012-12-26 14:46:28 #5 store] 
Database 'C:\Documents and Settings\puppet\My Documents\WorkspaceGIT\myvideoclub\db\videoclub.odb' is closed by 2308@quake

[2012-12-26 14:46:28 #6 store] 
Database 'C:\Documents and Settings\puppet\My Documents\WorkspaceGIT\myvideoclub\db\videoclub.odb' is opened by 2308@quake

[2012-12-26 14:46:28 #7 store] 
Database 'C:\Documents and Settings\puppet\My Documents\WorkspaceGIT\myvideoclub\db\videoclub.odb' is closed by 2308@quake

