------------------------------------------------------------------------------------------------------------------------

[2012-12-28 07:02:08 #1 store] 
Database 'C:\Documents and Settings\puppet\My Documents\WorkspaceGIT\videoclub\db\videoclub.odb' is opened by 5768@quake

[2012-12-28 07:02:08 #2 type] 
Type entity.ProductEntity is not enhanced.

[2012-12-28 07:02:08 #3 store] 
Database 'C:\Documents and Settings\puppet\My Documents\WorkspaceGIT\videoclub\db\videoclub.odb' is closed by 5768@quake

------------------------------------------------------------------------------------------------------------------------

[2012-12-28 07:17:47 #1 store] 
Database 'C:\Documents and Settings\puppet\My Documents\WorkspaceGIT\videoclub\db\videoclub.odb' is opened by 4560@quake

[2012-12-28 07:17:48 #2 type] 
Type entity.ProductEntity is not enhanced.

------------------------------------------------------------------------------------------------------------------------

[2012-12-28 07:21:35 #1 store] 
Database 'C:\Documents and Settings\puppet\My Documents\WorkspaceGIT\videoclub\db\videoclub.odb' is opened by 4504@quake

[2012-12-28 07:21:35 #2 type] 
Type entity.ProductEntity is not enhanced.

[2012-12-28 07:21:36 #3 store] 
Database 'C:\Documents and Settings\puppet\My Documents\WorkspaceGIT\videoclub\db\videoclub.odb' is closed by 4504@quake

[2012-12-28 07:21:58 #4 store] 
Database 'C:\Documents and Settings\puppet\My Documents\WorkspaceGIT\videoclub\db\videoclub.odb' is opened by 4504@quake

------------------------------------------------------------------------------------------------------------------------

[2012-12-28 18:11:28 #1 store] 
Database 'C:\Documents and Settings\puppet\My Documents\WorkspaceGIT\videoclub\db\videoclub.odb' is opened by 3376@quake

[2012-12-28 18:11:29 #2 type] 
Type entity.ProductEntity is not enhanced.

[2012-12-28 18:11:29 #3 store] 
Database 'C:\Documents and Settings\puppet\My Documents\WorkspaceGIT\videoclub\db\videoclub.odb' is closed by 3376@quake

[2012-12-28 18:14:08 #4 store] 
Database 'C:\Documents and Settings\puppet\My Documents\WorkspaceGIT\videoclub\db\videoclub.odb' is opened by 3376@quake

[2012-12-28 18:14:08 #5 store] 
Database 'C:\Documents and Settings\puppet\My Documents\WorkspaceGIT\videoclub\db\videoclub.odb' is closed by 3376@quake

[2012-12-28 18:15:17 #6 store] 
Database 'C:\Documents and Settings\puppet\My Documents\WorkspaceGIT\videoclub\db\videoclub.odb' is opened by 3376@quake

[2012-12-28 18:15:17 #7 store] 
Database 'C:\Documents and Settings\puppet\My Documents\WorkspaceGIT\videoclub\db\videoclub.odb' is closed by 3376@quake

[2012-12-28 18:15:17 #8 store] 
Database 'C:\Documents and Settings\puppet\My Documents\WorkspaceGIT\videoclub\db\videoclub.odb' is opened by 3376@quake

[2012-12-28 18:15:17 #9 store] 
Database 'C:\Documents and Settings\puppet\My Documents\WorkspaceGIT\videoclub\db\videoclub.odb' is closed by 3376@quake

[2012-12-28 18:15:28 #10 store] 
Database 'C:\Documents and Settings\puppet\My Documents\WorkspaceGIT\videoclub\db\videoclub.odb' is opened by 3376@quake

[2012-12-28 18:15:28 #11 store] 
Database 'C:\Documents and Settings\puppet\My Documents\WorkspaceGIT\videoclub\db\videoclub.odb' is closed by 3376@quake

------------------------------------------------------------------------------------------------------------------------

[2012-12-28 18:31:34 #1 store] 
Database 'C:\Documents and Settings\puppet\My Documents\WorkspaceGIT\videoclub\db\videoclub.odb' is opened by 3816@quake

[2012-12-28 18:31:34 #2 type] 
Type entity.ProductEntity is not enhanced.

[2012-12-28 18:31:34 #3 store] 
Database 'C:\Documents and Settings\puppet\My Documents\WorkspaceGIT\videoclub\db\videoclub.odb' is closed by 3816@quake

[2012-12-28 18:31:54 #4 store] 
Database 'C:\Documents and Settings\puppet\My Documents\WorkspaceGIT\videoclub\db\videoclub.odb' is opened by 3816@quake

[2012-12-28 18:31:54 #5 store] 
Database 'C:\Documents and Settings\puppet\My Documents\WorkspaceGIT\videoclub\db\videoclub.odb' is closed by 3816@quake

