------------------------------------------------------------------------------------------------------------------------

[2012-12-31 03:08:31 #1 store] 
Database 'C:\Documents and Settings\puppet\My Documents\WorkspaceGIT\videoclub\db\videoclub.odb' is opened by 2540@quake

[2012-12-31 03:08:32 #2 type] 
Type entity.ProductEntity is not enhanced.

[2012-12-31 03:08:32 #3 store] 
Database 'C:\Documents and Settings\puppet\My Documents\WorkspaceGIT\videoclub\db\videoclub.odb' is closed by 2540@quake

[2012-12-31 03:09:59 #4 store] 
Database 'C:\Documents and Settings\puppet\My Documents\WorkspaceGIT\videoclub\db\videoclub.odb' is opened by 2540@quake

[2012-12-31 03:10:00 #5 store] 
Database 'C:\Documents and Settings\puppet\My Documents\WorkspaceGIT\videoclub\db\videoclub.odb' is closed by 2540@quake

[2012-12-31 03:10:00 #6 store] 
Database 'C:\Documents and Settings\puppet\My Documents\WorkspaceGIT\videoclub\db\videoclub.odb' is opened by 2540@quake

[2012-12-31 03:10:00 #7 store] 
Database 'C:\Documents and Settings\puppet\My Documents\WorkspaceGIT\videoclub\db\videoclub.odb' is closed by 2540@quake

------------------------------------------------------------------------------------------------------------------------

[2012-12-31 16:19:36 #1 store] 
Database 'C:\Documents and Settings\puppet\My Documents\WorkspaceGIT\videoclub\db\videoclub.odb' is opened by 1176@quake

[2012-12-31 16:19:36 #2 type] 
Type entity.ProductEntity is not enhanced.

[2012-12-31 16:19:36 #3 store] 
Database 'C:\Documents and Settings\puppet\My Documents\WorkspaceGIT\videoclub\db\videoclub.odb' is closed by 1176@quake

[2012-12-31 16:19:57 #4 store] 
Database 'C:\Documents and Settings\puppet\My Documents\WorkspaceGIT\videoclub\db\videoclub.odb' is opened by 1176@quake

[2012-12-31 16:19:57 #5 store] 
Database 'C:\Documents and Settings\puppet\My Documents\WorkspaceGIT\videoclub\db\videoclub.odb' is closed by 1176@quake

[2012-12-31 16:19:57 #6 store] 
Database 'C:\Documents and Settings\puppet\My Documents\WorkspaceGIT\videoclub\db\videoclub.odb' is opened by 1176@quake

[2012-12-31 16:19:57 #7 store] 
Database 'C:\Documents and Settings\puppet\My Documents\WorkspaceGIT\videoclub\db\videoclub.odb' is closed by 1176@quake

------------------------------------------------------------------------------------------------------------------------

[2012-12-31 16:21:42 #1 store] 
Database 'C:\Documents and Settings\puppet\My Documents\WorkspaceGIT\videoclub\db\videoclub.odb' is opened by 1404@quake

[2012-12-31 16:21:42 #2 type] 
Type entity.ProductEntity is not enhanced.

[2012-12-31 16:21:43 #3 store] 
Database 'C:\Documents and Settings\puppet\My Documents\WorkspaceGIT\videoclub\db\videoclub.odb' is closed by 1404@quake

[2012-12-31 16:22:02 #4 store] 
Database 'C:\Documents and Settings\puppet\My Documents\WorkspaceGIT\videoclub\db\videoclub.odb' is opened by 1404@quake

[2012-12-31 16:22:02 #5 store] 
Database 'C:\Documents and Settings\puppet\My Documents\WorkspaceGIT\videoclub\db\videoclub.odb' is closed by 1404@quake

[2012-12-31 16:22:02 #6 store] 
Database 'C:\Documents and Settings\puppet\My Documents\WorkspaceGIT\videoclub\db\videoclub.odb' is opened by 1404@quake

[2012-12-31 16:22:02 #7 store] 
Database 'C:\Documents and Settings\puppet\My Documents\WorkspaceGIT\videoclub\db\videoclub.odb' is closed by 1404@quake

[2012-12-31 16:22:32 #8 store] 
Database 'C:\Documents and Settings\puppet\My Documents\WorkspaceGIT\videoclub\db\videoclub.odb' is opened by 1404@quake

[2012-12-31 16:22:32 #9 store] 
Database 'C:\Documents and Settings\puppet\My Documents\WorkspaceGIT\videoclub\db\videoclub.odb' is closed by 1404@quake

[2012-12-31 16:22:32 #10 store] 
Database 'C:\Documents and Settings\puppet\My Documents\WorkspaceGIT\videoclub\db\videoclub.odb' is opened by 1404@quake

[2012-12-31 16:22:32 #11 store] 
Database 'C:\Documents and Settings\puppet\My Documents\WorkspaceGIT\videoclub\db\videoclub.odb' is closed by 1404@quake

