------------------------------------------------------------------------------------------------------------------------

[2013-01-10 00:01:47 #1 store] 
Database '/home/larry/workspace/videoclub/db/videoclub.odb' is opened by 16824@larry-notebook

[2013-01-10 00:01:47 #2 type] 
Type model.Profile is not enhanced.

[2013-01-10 00:01:47 #3 type] 
Type model.Right is not enhanced.

[2013-01-10 00:01:47 #4 type] 
Type model.User is not enhanced.

[2013-01-10 00:01:47 #5 type] 
Type model.Order is not enhanced.

[2013-01-10 00:01:47 #6 type] 
Type model.Product is not enhanced.

------------------------------------------------------------------------------------------------------------------------

[2013-01-10 00:24:36 #1 store] 
Database '/home/larry/workspace/videoclub/db/videoclub.odb' is opened by 16983@larry-notebook

[2013-01-10 00:24:36 #2 type] 
Type model.Profile is not enhanced.

[2013-01-10 00:24:36 #3 type] 
Type model.Right is not enhanced.

[2013-01-10 00:24:36 #4 type] 
Type model.User is not enhanced.

[2013-01-10 00:24:36 #5 type] 
Type model.Order is not enhanced.

[2013-01-10 00:24:36 #6 type] 
Type model.Product is not enhanced.

------------------------------------------------------------------------------------------------------------------------

[2013-01-10 00:25:32 #1 store] 
Database '/home/larry/workspace/videoclub/db/videoclub.odb' is opened by 17020@larry-notebook

[2013-01-10 00:25:32 #2 type] 
Type model.Profile is not enhanced.

[2013-01-10 00:25:32 #3 type] 
Type model.Right is not enhanced.

[2013-01-10 00:25:32 #4 type] 
Type model.User is not enhanced.

[2013-01-10 00:25:32 #5 type] 
Type model.Order is not enhanced.

[2013-01-10 00:25:32 #6 type] 
Type model.Product is not enhanced.

------------------------------------------------------------------------------------------------------------------------

[2013-01-10 00:25:57 #1 store] 
Database '/home/larry/workspace/videoclub/db/videoclub.odb' is opened by 17060@larry-notebook

[2013-01-10 00:25:57 #2 type] 
Type model.Profile is not enhanced.

[2013-01-10 00:25:57 #3 type] 
Type model.Right is not enhanced.

[2013-01-10 00:25:57 #4 type] 
Type model.User is not enhanced.

[2013-01-10 00:25:57 #5 type] 
Type model.Order is not enhanced.

[2013-01-10 00:25:57 #6 type] 
Type model.Product is not enhanced.

------------------------------------------------------------------------------------------------------------------------

[2013-01-10 01:12:25 #1 store] 
Database '/home/larry/workspace/videoclub/db/videoclub.odb' is opened by 18280@larry-notebook

[2013-01-10 01:12:25 #2 type] 
Type model.Profile is not enhanced.

[2013-01-10 01:12:25 #3 type] 
Type model.Right is not enhanced.

[2013-01-10 01:12:25 #4 type] 
Type model.User is not enhanced.

[2013-01-10 01:12:25 #5 type] 
Type model.Order is not enhanced.

[2013-01-10 01:12:25 #6 type] 
Type model.Product is not enhanced.

------------------------------------------------------------------------------------------------------------------------

[2013-01-10 01:17:31 #1 store] 
Database '/home/larry/workspace/videoclub/db/videoclub.odb' is opened by 18382@larry-notebook

[2013-01-10 01:17:31 #2 type] 
Type model.Profile is not enhanced.

[2013-01-10 01:17:31 #3 type] 
Type model.Right is not enhanced.

[2013-01-10 01:17:31 #4 type] 
Type model.User is not enhanced.

[2013-01-10 01:17:31 #5 type] 
Type model.Order is not enhanced.

[2013-01-10 01:17:31 #6 type] 
Type model.Product is not enhanced.

------------------------------------------------------------------------------------------------------------------------

[2013-01-10 01:20:00 #1 store] 
Database '/home/larry/workspace/videoclub/db/videoclub.odb' is opened by 18448@larry-notebook

[2013-01-10 01:20:00 #2 type] 
Type model.Profile is not enhanced.

[2013-01-10 01:20:00 #3 type] 
Type model.Right is not enhanced.

[2013-01-10 01:20:00 #4 type] 
Type model.User is not enhanced.

[2013-01-10 01:20:00 #5 type] 
Type model.Order is not enhanced.

[2013-01-10 01:20:00 #6 type] 
Type model.Product is not enhanced.

------------------------------------------------------------------------------------------------------------------------

[2013-01-10 01:20:27 #1 store] 
Database '/home/larry/workspace/videoclub/db/videoclub.odb' is opened by 18487@larry-notebook

[2013-01-10 01:20:27 #2 type] 
Type model.Profile is not enhanced.

[2013-01-10 01:20:27 #3 type] 
Type model.Right is not enhanced.

[2013-01-10 01:20:27 #4 type] 
Type model.User is not enhanced.

[2013-01-10 01:20:27 #5 type] 
Type model.Order is not enhanced.

[2013-01-10 01:20:27 #6 type] 
Type model.Product is not enhanced.

------------------------------------------------------------------------------------------------------------------------

[2013-01-10 01:21:12 #1 store] 
Database '/home/larry/workspace/videoclub/db/videoclub.odb' is opened by 18531@larry-notebook

[2013-01-10 01:21:12 #2 type] 
Type model.Profile is not enhanced.

[2013-01-10 01:21:12 #3 type] 
Type model.Right is not enhanced.

[2013-01-10 01:21:12 #4 type] 
Type model.User is not enhanced.

[2013-01-10 01:21:12 #5 type] 
Type model.Order is not enhanced.

[2013-01-10 01:21:12 #6 type] 
Type model.Product is not enhanced.

------------------------------------------------------------------------------------------------------------------------

[2013-01-10 02:05:50 #1 store] 
Database '/home/larry/workspace/videoclub/db/videoclub.odb' is opened by 19466@larry-notebook

[2013-01-10 02:05:50 #2 type] 
Type model.Profile is not enhanced.

[2013-01-10 02:05:50 #3 type] 
Type model.Right is not enhanced.

[2013-01-10 02:05:50 #4 type] 
Type model.User is not enhanced.

[2013-01-10 02:05:50 #5 type] 
Type model.Order is not enhanced.

[2013-01-10 02:05:50 #6 type] 
Type model.Product is not enhanced.

------------------------------------------------------------------------------------------------------------------------

[2013-01-10 02:06:47 #1 explorer] 
[ObjectDB 2.4.4_18] javax.persistence.PersistenceException
Attempt to open a database file '/home/larry/workspace/videoclub/db/videoclub.odb' that is currently in use by another process (error 141)
	at com.objectdb.Explorer$1.run(Explorer.java:56)
	at java.awt.event.InvocationEvent.dispatch(InvocationEvent.java:251)
	at java.awt.EventQueue.dispatchEventImpl(EventQueue.java:721)
	at java.awt.EventQueue.access$200(EventQueue.java:103)
	at java.awt.EventQueue$3.run(EventQueue.java:682)
	at java.awt.EventQueue$3.run(EventQueue.java:680)
	at java.security.AccessController.doPrivileged(Native Method)
	at java.security.ProtectionDomain$1.doIntersectionPrivilege(ProtectionDomain.java:76)
	at java.awt.EventQueue.dispatchEvent(EventQueue.java:691)
	at java.awt.EventDispatchThread.pumpOneEventForFilters(EventDispatchThread.java:244)
	at java.awt.EventDispatchThread.pumpEventsForFilter(EventDispatchThread.java:163)
	at java.awt.EventDispatchThread.pumpEventsForHierarchy(EventDispatchThread.java:151)
	at java.awt.EventDispatchThread.pumpEvents(EventDispatchThread.java:147)
	at java.awt.EventDispatchThread.pumpEvents(EventDispatchThread.java:139)
	at java.awt.EventDispatchThread.run(EventDispatchThread.java:97)
Caused by: com.objectdb.o.UserException: Attempt to open a database file '/home/larry/workspace/videoclub/db/videoclub.odb' that is currently in use by another process
	at com.objectdb.o.MSG.d(MSG.java:61)
	at com.objectdb.o.LFL.O(LFL.java:913)
	at com.objectdb.o.LFL.I(LFL.java:859)
	at com.objectdb.o.LFL.I(LFL.java:769)
	at com.objectdb.o.SFL.<init>(SFL.java:226)
	at com.objectdb.o.MST.<init>(MST.java:109)
	at com.objectdb.o.MST.aI(MST.java:94)
	at com.objectdb.o.MSF.UJ(MSF.java:178)
	at com.objectdb.o.OMF.am(OMF.java:751)
	at com.objectdb.jpa.EMF.am(EMF.java:232)
	at com.objectdb.o.OMF.al(OMF.java:693)
	at com.objectdb.jpa.EMF.createEntityManager(EMF.java:250)
	... 17 more

------------------------------------------------------------------------------------------------------------------------

[2013-01-10 02:07:00 #1 store] 
Database '/home/larry/workspace/videoclub/db/videoclub.odb' is opened by 19529@larry-notebook

[2013-01-10 02:07:13 #2 store] 
Database '/home/larry/workspace/videoclub/db/videoclub.odb' is closed by 19529@larry-notebook

------------------------------------------------------------------------------------------------------------------------

[2013-01-10 02:08:13 #1 store] 
Database '/home/larry/workspace/videoclub/db/videoclub.odb' is opened by 19571@larry-notebook

[2013-01-10 02:08:13 #2 type] 
Type model.Profile is not enhanced.

[2013-01-10 02:08:13 #3 type] 
Type model.Right is not enhanced.

[2013-01-10 02:08:13 #4 type] 
Type model.User is not enhanced.

[2013-01-10 02:08:13 #5 type] 
Type model.Order is not enhanced.

[2013-01-10 02:08:13 #6 type] 
Type model.Product is not enhanced.

------------------------------------------------------------------------------------------------------------------------

[2013-01-10 02:11:23 #1 store] 
Database '/home/larry/workspace/videoclub/db/videoclub.odb' is opened by 19692@larry-notebook

[2013-01-10 02:11:23 #2 type] 
Type model.Profile is not enhanced.

[2013-01-10 02:11:23 #3 type] 
Type model.Right is not enhanced.

[2013-01-10 02:11:23 #4 type] 
Type model.User is not enhanced.

[2013-01-10 02:11:23 #5 type] 
Type model.Order is not enhanced.

[2013-01-10 02:11:23 #6 type] 
Type model.Product is not enhanced.

------------------------------------------------------------------------------------------------------------------------

[2013-01-10 02:20:08 #1 store] 
Database '/home/larry/workspace/videoclub/db/videoclub.odb' is opened by 19889@larry-notebook

[2013-01-10 02:20:08 #2 type] 
Type model.Profile is not enhanced.

[2013-01-10 02:20:08 #3 type] 
Type model.Right is not enhanced.

[2013-01-10 02:20:08 #4 type] 
Type model.User is not enhanced.

[2013-01-10 02:20:08 #5 type] 
Type model.Order is not enhanced.

[2013-01-10 02:20:08 #6 type] 
Type model.Product is not enhanced.

------------------------------------------------------------------------------------------------------------------------

[2013-01-10 02:20:46 #1 store] 
Database '/home/larry/workspace/videoclub/db/videoclub.odb' is opened by 19933@larry-notebook

[2013-01-10 02:20:46 #2 type] 
Type model.Profile is not enhanced.

[2013-01-10 02:20:46 #3 type] 
Type model.Right is not enhanced.

[2013-01-10 02:20:46 #4 type] 
Type model.User is not enhanced.

[2013-01-10 02:20:46 #5 type] 
Type model.Order is not enhanced.

[2013-01-10 02:20:46 #6 type] 
Type model.Product is not enhanced.

------------------------------------------------------------------------------------------------------------------------

[2013-01-10 02:22:34 #1 store] 
Database '/home/larry/workspace/videoclub/db/videoclub.odb' is opened by 20019@larry-notebook

[2013-01-10 02:22:34 #2 type] 
Type model.Profile is not enhanced.

[2013-01-10 02:22:34 #3 type] 
Type model.Right is not enhanced.

[2013-01-10 02:22:34 #4 type] 
Type model.User is not enhanced.

[2013-01-10 02:22:34 #5 type] 
Type model.Order is not enhanced.

[2013-01-10 02:22:34 #6 type] 
Type model.Product is not enhanced.

------------------------------------------------------------------------------------------------------------------------

[2013-01-10 02:22:59 #1 store] 
Database '/home/larry/workspace/videoclub/db/videoclub.odb' is opened by 20057@larry-notebook

[2013-01-10 02:22:59 #2 type] 
Type model.Profile is not enhanced.

[2013-01-10 02:22:59 #3 type] 
Type model.Right is not enhanced.

[2013-01-10 02:22:59 #4 type] 
Type model.User is not enhanced.

[2013-01-10 02:22:59 #5 type] 
Type model.Order is not enhanced.

[2013-01-10 02:22:59 #6 type] 
Type model.Product is not enhanced.

------------------------------------------------------------------------------------------------------------------------

[2013-01-10 02:41:19 #1 store] 
Database '/home/larry/workspace/videoclub/db/videoclub.odb' is opened by 20439@larry-notebook

[2013-01-10 02:41:19 #2 type] 
Type model.Profile is not enhanced.

[2013-01-10 02:41:19 #3 type] 
Type model.Right is not enhanced.

[2013-01-10 02:41:19 #4 type] 
Type model.User is not enhanced.

[2013-01-10 02:41:19 #5 type] 
Type model.Order is not enhanced.

[2013-01-10 02:41:19 #6 type] 
Type model.Product is not enhanced.

------------------------------------------------------------------------------------------------------------------------

[2013-01-10 03:13:58 #1 store] 
Database '/home/larry/workspace/videoclub/db/videoclub.odb' is opened by 20626@larry-notebook

[2013-01-10 03:13:58 #2 type] 
Type model.Profile is not enhanced.

[2013-01-10 03:13:58 #3 type] 
Type model.Right is not enhanced.

[2013-01-10 03:13:58 #4 type] 
Type model.User is not enhanced.

[2013-01-10 03:13:58 #5 type] 
Type model.Order is not enhanced.

[2013-01-10 03:13:58 #6 type] 
Type model.Product is not enhanced.

------------------------------------------------------------------------------------------------------------------------

[2013-01-10 03:18:09 #1 store] 
Database '/home/larry/workspace/videoclub/db/videoclub.odb' is opened by 20664@larry-notebook

[2013-01-10 03:18:41 #2 store] 
Database '/home/larry/workspace/videoclub/db/videoclub.odb' is closed by 20664@larry-notebook

------------------------------------------------------------------------------------------------------------------------

[2013-01-10 03:21:07 #1 store] 
Database '/home/larry/workspace/videoclub/db/videoclub.odb' is opened by 20784@larry-notebook

[2013-01-10 03:21:07 #2 type] 
Type model.Profile is not enhanced.

[2013-01-10 03:21:07 #3 type] 
Type model.Right is not enhanced.

[2013-01-10 03:21:08 #4 type] 
Type model.User is not enhanced.

[2013-01-10 03:21:08 #5 type] 
Type model.Order is not enhanced.

[2013-01-10 03:21:08 #6 type] 
Type model.Product is not enhanced.

------------------------------------------------------------------------------------------------------------------------

[2013-01-10 03:22:30 #1 store] 
Database '/home/larry/workspace/videoclub/db/videoclub.odb' is opened by 20865@larry-notebook

[2013-01-10 03:22:30 #2 type] 
Type model.Profile is not enhanced.

[2013-01-10 03:22:30 #3 type] 
Type model.Right is not enhanced.

[2013-01-10 03:22:30 #4 type] 
Type model.User is not enhanced.

[2013-01-10 03:22:30 #5 type] 
Type model.Order is not enhanced.

[2013-01-10 03:22:30 #6 type] 
Type model.Product is not enhanced.

------------------------------------------------------------------------------------------------------------------------

[2013-01-10 03:23:04 #1 store] 
Database '/home/larry/workspace/videoclub/db/videoclub.odb' is opened by 20904@larry-notebook

[2013-01-10 03:23:04 #2 type] 
Type model.Profile is not enhanced.

[2013-01-10 03:23:04 #3 type] 
Type model.Right is not enhanced.

[2013-01-10 03:23:04 #4 type] 
Type model.User is not enhanced.

[2013-01-10 03:23:04 #5 type] 
Type model.Order is not enhanced.

[2013-01-10 03:23:04 #6 type] 
Type model.Product is not enhanced.

------------------------------------------------------------------------------------------------------------------------

[2013-01-10 03:25:55 #1 store] 
Database '/home/larry/workspace/videoclub/db/videoclub.odb' is opened by 20955@larry-notebook

[2013-01-10 03:25:55 #2 type] 
Type model.Profile is not enhanced.

[2013-01-10 03:25:55 #3 type] 
Type model.Right is not enhanced.

[2013-01-10 03:25:55 #4 type] 
Type model.User is not enhanced.

[2013-01-10 03:25:55 #5 type] 
Type model.Order is not enhanced.

[2013-01-10 03:25:55 #6 type] 
Type model.Product is not enhanced.

------------------------------------------------------------------------------------------------------------------------

[2013-01-10 03:26:48 #1 store] 
Database '/home/larry/workspace/videoclub/db/videoclub.odb' is opened by 21009@larry-notebook

[2013-01-10 03:26:48 #2 type] 
Type model.Profile is not enhanced.

[2013-01-10 03:26:48 #3 type] 
Type model.Right is not enhanced.

[2013-01-10 03:26:48 #4 type] 
Type model.User is not enhanced.

[2013-01-10 03:26:48 #5 type] 
Type model.Order is not enhanced.

[2013-01-10 03:26:48 #6 type] 
Type model.Product is not enhanced.

------------------------------------------------------------------------------------------------------------------------

[2013-01-10 03:55:01 #1 store] 
Database '/home/larry/workspace/videoclub/db/videoclub.odb' is opened by 21471@larry-notebook

[2013-01-10 03:55:01 #2 type] 
Type model.Profile is not enhanced.

[2013-01-10 03:55:01 #3 type] 
Type model.Right is not enhanced.

[2013-01-10 03:55:01 #4 type] 
Type model.User is not enhanced.

[2013-01-10 03:55:01 #5 type] 
Type model.Order is not enhanced.

[2013-01-10 03:55:01 #6 type] 
Type model.Product is not enhanced.

------------------------------------------------------------------------------------------------------------------------

[2013-01-10 04:03:41 #1 store] 
Database '/home/larry/workspace/videoclub/db/videoclub.odb' is opened by 21702@larry-notebook

[2013-01-10 04:03:41 #2 type] 
Type model.Profile is not enhanced.

[2013-01-10 04:03:41 #3 type] 
Type model.Right is not enhanced.

[2013-01-10 04:03:41 #4 type] 
Type model.User is not enhanced.

[2013-01-10 04:03:41 #5 type] 
Type model.Order is not enhanced.

[2013-01-10 04:03:41 #6 type] 
Type model.Product is not enhanced.

------------------------------------------------------------------------------------------------------------------------

[2013-01-10 04:13:31 #1 store] 
Database '/home/larry/workspace/videoclub/db/videoclub.odb' is opened by 21985@larry-notebook

[2013-01-10 04:13:31 #2 type] 
Type model.Profile is not enhanced.

[2013-01-10 04:13:31 #3 type] 
Type model.Right is not enhanced.

[2013-01-10 04:13:31 #4 type] 
Type model.User is not enhanced.

[2013-01-10 04:13:31 #5 type] 
Type model.Order is not enhanced.

[2013-01-10 04:13:31 #6 type] 
Type model.Product is not enhanced.

------------------------------------------------------------------------------------------------------------------------

[2013-01-10 04:14:09 #1 store] 
Database '/home/larry/workspace/videoclub/db/videoclub.odb' is opened by 22018@larry-notebook

[2013-01-10 04:14:09 #2 type] 
Type model.Profile is not enhanced.

[2013-01-10 04:14:09 #3 type] 
Type model.Right is not enhanced.

[2013-01-10 04:14:09 #4 type] 
Type model.User is not enhanced.

[2013-01-10 04:14:09 #5 type] 
Type model.Order is not enhanced.

[2013-01-10 04:14:09 #6 type] 
Type model.Product is not enhanced.

------------------------------------------------------------------------------------------------------------------------

[2013-01-10 04:15:21 #1 store] 
Database '/home/larry/workspace/videoclub/db/videoclub.odb' is opened by 22067@larry-notebook

[2013-01-10 04:15:22 #2 type] 
Type model.Profile is not enhanced.

[2013-01-10 04:15:22 #3 type] 
Type model.Right is not enhanced.

[2013-01-10 04:15:22 #4 type] 
Type model.User is not enhanced.

[2013-01-10 04:15:22 #5 type] 
Type model.Order is not enhanced.

[2013-01-10 04:15:22 #6 type] 
Type model.Product is not enhanced.

------------------------------------------------------------------------------------------------------------------------

[2013-01-10 04:15:45 #1 store] 
Database '/home/larry/workspace/videoclub/db/videoclub.odb' is opened by 22097@larry-notebook

[2013-01-10 04:15:46 #2 type] 
Type model.Profile is not enhanced.

[2013-01-10 04:15:46 #3 type] 
Type model.Right is not enhanced.

[2013-01-10 04:15:46 #4 type] 
Type model.User is not enhanced.

[2013-01-10 04:15:46 #5 type] 
Type model.Order is not enhanced.

[2013-01-10 04:15:46 #6 type] 
Type model.Product is not enhanced.

------------------------------------------------------------------------------------------------------------------------

[2013-01-10 04:16:27 #1 store] 
Database '/home/larry/workspace/videoclub/db/videoclub.odb' is opened by 22128@larry-notebook

[2013-01-10 04:16:28 #2 type] 
Type model.Profile is not enhanced.

[2013-01-10 04:16:28 #3 type] 
Type model.Right is not enhanced.

[2013-01-10 04:16:28 #4 type] 
Type model.User is not enhanced.

[2013-01-10 04:16:28 #5 type] 
Type model.Order is not enhanced.

[2013-01-10 04:16:28 #6 type] 
Type model.Product is not enhanced.

------------------------------------------------------------------------------------------------------------------------

[2013-01-10 04:16:58 #1 store] 
Database '/home/larry/workspace/videoclub/db/videoclub.odb' is opened by 22159@larry-notebook

[2013-01-10 04:16:59 #2 type] 
Type model.Profile is not enhanced.

[2013-01-10 04:16:59 #3 type] 
Type model.Right is not enhanced.

[2013-01-10 04:16:59 #4 type] 
Type model.User is not enhanced.

[2013-01-10 04:16:59 #5 type] 
Type model.Order is not enhanced.

[2013-01-10 04:16:59 #6 type] 
Type model.Product is not enhanced.

------------------------------------------------------------------------------------------------------------------------

[2013-01-10 04:17:37 #1 store] 
Database '/home/larry/workspace/videoclub/db/videoclub.odb' is opened by 22195@larry-notebook

[2013-01-10 04:17:37 #2 type] 
Type model.Profile is not enhanced.

[2013-01-10 04:17:37 #3 type] 
Type model.Right is not enhanced.

[2013-01-10 04:17:37 #4 type] 
Type model.User is not enhanced.

[2013-01-10 04:17:37 #5 type] 
Type model.Order is not enhanced.

[2013-01-10 04:17:37 #6 type] 
Type model.Product is not enhanced.

------------------------------------------------------------------------------------------------------------------------

[2013-01-10 04:18:03 #1 store] 
Database '/home/larry/workspace/videoclub/db/videoclub.odb' is opened by 22226@larry-notebook

[2013-01-10 04:18:03 #2 type] 
Type model.Profile is not enhanced.

[2013-01-10 04:18:03 #3 type] 
Type model.Right is not enhanced.

[2013-01-10 04:18:03 #4 type] 
Type model.User is not enhanced.

[2013-01-10 04:18:03 #5 type] 
Type model.Order is not enhanced.

[2013-01-10 04:18:03 #6 type] 
Type model.Product is not enhanced.

------------------------------------------------------------------------------------------------------------------------

[2013-01-10 04:18:35 #1 store] 
Database '/home/larry/workspace/videoclub/db/videoclub.odb' is opened by 22257@larry-notebook

[2013-01-10 04:18:35 #2 type] 
Type model.Profile is not enhanced.

[2013-01-10 04:18:35 #3 type] 
Type model.Right is not enhanced.

[2013-01-10 04:18:35 #4 type] 
Type model.User is not enhanced.

[2013-01-10 04:18:35 #5 type] 
Type model.Order is not enhanced.

[2013-01-10 04:18:35 #6 type] 
Type model.Product is not enhanced.

------------------------------------------------------------------------------------------------------------------------

[2013-01-10 04:37:23 #1 store] 
Database '/home/larry/workspace/videoclub/db/videoclub.odb' is opened by 22825@larry-notebook

[2013-01-10 04:37:23 #2 type] 
Type model.Profile is not enhanced.

[2013-01-10 04:37:23 #3 type] 
Type model.Right is not enhanced.

[2013-01-10 04:37:23 #4 type] 
Type model.User is not enhanced.

[2013-01-10 04:37:23 #5 type] 
Type model.Order is not enhanced.

[2013-01-10 04:37:23 #6 type] 
Type model.Product is not enhanced.

------------------------------------------------------------------------------------------------------------------------

[2013-01-10 04:50:00 #1 store] 
Database '/home/larry/workspace/videoclub/db/videoclub.odb' has been recovered (tr. 7-9)

[2013-01-10 04:50:00 #2 store] 
Database '/home/larry/workspace/videoclub/db/videoclub.odb' is opened by 23238@larry-notebook

[2013-01-10 04:50:01 #3 type] 
Type model.Profile is not enhanced.

[2013-01-10 04:50:01 #4 type] 
Type model.Right is not enhanced.

[2013-01-10 04:50:01 #5 type] 
Type model.User is not enhanced.

[2013-01-10 04:50:01 #6 type] 
Type model.Order is not enhanced.

[2013-01-10 04:50:01 #7 type] 
Type model.Product is not enhanced.

------------------------------------------------------------------------------------------------------------------------

[2013-01-10 04:51:52 #1 store] 
Database '/home/larry/workspace/videoclub/db/videoclub.odb' is opened by 23299@larry-notebook

[2013-01-10 04:51:52 #2 type] 
Type model.Profile is not enhanced.

[2013-01-10 04:51:52 #3 type] 
Type model.Right is not enhanced.

[2013-01-10 04:51:52 #4 type] 
Type model.User is not enhanced.

[2013-01-10 04:51:52 #5 type] 
Type model.Order is not enhanced.

[2013-01-10 04:51:52 #6 type] 
Type model.Product is not enhanced.

------------------------------------------------------------------------------------------------------------------------

[2013-01-10 04:54:29 #1 store] 
Database '/home/larry/workspace/videoclub/db/videoclub.odb' is opened by 23410@larry-notebook

[2013-01-10 04:54:29 #2 type] 
Type model.Profile is not enhanced.

[2013-01-10 04:54:29 #3 type] 
Type model.Right is not enhanced.

[2013-01-10 04:54:29 #4 type] 
Type model.User is not enhanced.

[2013-01-10 04:54:29 #5 type] 
Type model.Order is not enhanced.

[2013-01-10 04:54:29 #6 type] 
Type model.Product is not enhanced.

------------------------------------------------------------------------------------------------------------------------

[2013-01-10 05:04:47 #1 store] 
Database '/home/larry/workspace/videoclub/db/videoclub.odb' is opened by 23511@larry-notebook

[2013-01-10 05:05:07 #2 store] 
Database '/home/larry/workspace/videoclub/db/videoclub.odb' is closed by 23511@larry-notebook

