------------------------------------------------------------------------------------------------------------------------

[2013-01-12 13:12:22 #1 store] 
Database '/home/larry/workspace/videoclub/db/videoclub.odb' is opened by 2775@larry-notebook

[2013-01-12 13:12:23 #2 type] 
Type model.Profile is not enhanced.

[2013-01-12 13:12:23 #3 type] 
Type model.Right is not enhanced.

[2013-01-12 13:12:23 #4 type] 
Type model.User is not enhanced.

[2013-01-12 13:12:23 #5 type] 
Type model.Order is not enhanced.

[2013-01-12 13:12:23 #6 type] 
Type model.Product is not enhanced.

------------------------------------------------------------------------------------------------------------------------

[2013-01-12 13:38:45 #1 store] 
Database '/home/larry/workspace/videoclub/db/videoclub.odb' is opened by 3266@larry-notebook

[2013-01-12 13:38:45 #2 type] 
Type model.Profile is not enhanced.

[2013-01-12 13:38:45 #3 type] 
Type model.Right is not enhanced.

[2013-01-12 13:38:45 #4 type] 
Type model.User is not enhanced.

[2013-01-12 13:38:45 #5 type] 
Type model.Order is not enhanced.

[2013-01-12 13:38:45 #6 type] 
Type model.Product is not enhanced.

------------------------------------------------------------------------------------------------------------------------

[2013-01-12 13:44:36 #1 explorer] 
[ObjectDB 2.4.4_18] javax.persistence.PersistenceException
Attempt to open a database file '/home/larry/workspace/videoclub/db/videoclub.odb' that is currently in use by another process (error 141)
	at com.objectdb.Explorer$1.run(Explorer.java:56)
	at java.awt.event.InvocationEvent.dispatch(InvocationEvent.java:251)
	at java.awt.EventQueue.dispatchEventImpl(EventQueue.java:721)
	at java.awt.EventQueue.access$200(EventQueue.java:103)
	at java.awt.EventQueue$3.run(EventQueue.java:682)
	at java.awt.EventQueue$3.run(EventQueue.java:680)
	at java.security.AccessController.doPrivileged(Native Method)
	at java.security.ProtectionDomain$1.doIntersectionPrivilege(ProtectionDomain.java:76)
	at java.awt.EventQueue.dispatchEvent(EventQueue.java:691)
	at java.awt.EventDispatchThread.pumpOneEventForFilters(EventDispatchThread.java:244)
	at java.awt.EventDispatchThread.pumpEventsForFilter(EventDispatchThread.java:163)
	at java.awt.EventDispatchThread.pumpEventsForHierarchy(EventDispatchThread.java:151)
	at java.awt.EventDispatchThread.pumpEvents(EventDispatchThread.java:147)
	at java.awt.EventDispatchThread.pumpEvents(EventDispatchThread.java:139)
	at java.awt.EventDispatchThread.run(EventDispatchThread.java:97)
Caused by: com.objectdb.o.UserException: Attempt to open a database file '/home/larry/workspace/videoclub/db/videoclub.odb' that is currently in use by another process
	at com.objectdb.o.MSG.d(MSG.java:61)
	at com.objectdb.o.LFL.O(LFL.java:913)
	at com.objectdb.o.LFL.I(LFL.java:859)
	at com.objectdb.o.LFL.I(LFL.java:769)
	at com.objectdb.o.SFL.<init>(SFL.java:226)
	at com.objectdb.o.MST.<init>(MST.java:109)
	at com.objectdb.o.MST.aI(MST.java:94)
	at com.objectdb.o.MSF.UJ(MSF.java:178)
	at com.objectdb.o.OMF.am(OMF.java:751)
	at com.objectdb.jpa.EMF.am(EMF.java:232)
	at com.objectdb.o.OMF.al(OMF.java:693)
	at com.objectdb.jpa.EMF.createEntityManager(EMF.java:250)
	... 17 more

------------------------------------------------------------------------------------------------------------------------

[2013-01-12 13:44:41 #1 store] 
Database '/home/larry/workspace/videoclub/db/videoclub.odb' is opened by 3441@larry-notebook

[2013-01-12 13:44:57 #2 store] 
Database '/home/larry/workspace/videoclub/db/videoclub.odb' is closed by 3441@larry-notebook

------------------------------------------------------------------------------------------------------------------------

[2013-01-12 13:45:05 #1 store] 
Database '/home/larry/workspace/videoclub/db/videoclub.odb' is opened by 3466@larry-notebook

[2013-01-12 13:45:05 #2 type] 
Type model.Profile is not enhanced.

[2013-01-12 13:45:05 #3 type] 
Type model.Right is not enhanced.

[2013-01-12 13:45:06 #4 type] 
Type model.User is not enhanced.

[2013-01-12 13:45:06 #5 type] 
Type model.Order is not enhanced.

[2013-01-12 13:45:06 #6 type] 
Type model.Product is not enhanced.

------------------------------------------------------------------------------------------------------------------------

[2013-01-12 14:50:44 #1 store] 
Database '/home/larry/workspace/videoclub/db/videoclub.odb' has been recovered (tr. 10-10)

[2013-01-12 14:50:44 #2 store] 
Database '/home/larry/workspace/videoclub/db/videoclub.odb' is opened by 3800@larry-notebook

[2013-01-12 14:50:45 #3 type] 
Type model.Profile is not enhanced.

[2013-01-12 14:50:45 #4 type] 
Type model.Right is not enhanced.

[2013-01-12 14:50:45 #5 type] 
Type model.User is not enhanced.

[2013-01-12 14:50:45 #6 type] 
Type model.Order is not enhanced.

[2013-01-12 14:50:45 #7 type] 
Type model.Product is not enhanced.

------------------------------------------------------------------------------------------------------------------------

[2013-01-12 16:04:29 #1 store] 
Database '/home/larry/workspace/videoclub/db/videoclub.odb' is opened by 2353@larry-notebook

[2013-01-12 16:04:29 #2 type] 
Type model.Profile is not enhanced.

[2013-01-12 16:04:29 #3 type] 
Type model.Right is not enhanced.

[2013-01-12 16:04:29 #4 type] 
Type model.User is not enhanced.

[2013-01-12 16:04:29 #5 type] 
Type model.Order is not enhanced.

[2013-01-12 16:04:29 #6 type] 
Type model.Product is not enhanced.

------------------------------------------------------------------------------------------------------------------------

[2013-01-12 16:06:09 #1 store] 
Database '/home/larry/workspace/videoclub/db/videoclub.odb' is opened by 2408@larry-notebook

[2013-01-12 16:06:09 #2 type] 
Type model.Profile is not enhanced.

[2013-01-12 16:06:09 #3 type] 
Type model.Right is not enhanced.

[2013-01-12 16:06:09 #4 type] 
Type model.User is not enhanced.

[2013-01-12 16:06:09 #5 type] 
Type model.Order is not enhanced.

[2013-01-12 16:06:09 #6 type] 
Type model.Product is not enhanced.

------------------------------------------------------------------------------------------------------------------------

[2013-01-12 16:11:26 #1 store] 
Database '/home/larry/workspace/videoclub/db/videoclub.odb' is opened by 2592@larry-notebook

[2013-01-12 16:11:26 #2 type] 
Type model.Profile is not enhanced.

[2013-01-12 16:11:26 #3 type] 
Type model.Right is not enhanced.

[2013-01-12 16:11:26 #4 type] 
Type model.User is not enhanced.

[2013-01-12 16:11:26 #5 type] 
Type model.Order is not enhanced.

[2013-01-12 16:11:26 #6 type] 
Type model.Product is not enhanced.

------------------------------------------------------------------------------------------------------------------------

[2013-01-12 16:14:05 #1 store] 
Database '/home/larry/workspace/videoclub/db/videoclub.odb' is opened by 2683@larry-notebook

[2013-01-12 16:14:05 #2 type] 
Type model.Profile is not enhanced.

[2013-01-12 16:14:05 #3 type] 
Type model.Right is not enhanced.

[2013-01-12 16:14:05 #4 type] 
Type model.User is not enhanced.

[2013-01-12 16:14:05 #5 type] 
Type model.Order is not enhanced.

[2013-01-12 16:14:05 #6 type] 
Type model.Product is not enhanced.

------------------------------------------------------------------------------------------------------------------------

[2013-01-12 16:15:52 #1 store] 
Database '/home/larry/workspace/videoclub/db/videoclub.odb' is opened by 2744@larry-notebook

[2013-01-12 16:15:52 #2 type] 
Type model.Profile is not enhanced.

[2013-01-12 16:15:52 #3 type] 
Type model.Right is not enhanced.

[2013-01-12 16:15:52 #4 type] 
Type model.User is not enhanced.

[2013-01-12 16:15:52 #5 type] 
Type model.Order is not enhanced.

[2013-01-12 16:15:52 #6 type] 
Type model.Product is not enhanced.

------------------------------------------------------------------------------------------------------------------------

[2013-01-12 16:29:20 #1 store] 
Database '/home/larry/workspace/videoclub/db/videoclub.odb' is opened by 2916@larry-notebook

[2013-01-12 16:29:21 #2 type] 
Type model.Profile is not enhanced.

[2013-01-12 16:29:21 #3 type] 
Type model.Right is not enhanced.

[2013-01-12 16:29:21 #4 type] 
Type model.User is not enhanced.

[2013-01-12 16:29:21 #5 type] 
Type model.Order is not enhanced.

[2013-01-12 16:29:21 #6 type] 
Type model.Product is not enhanced.

------------------------------------------------------------------------------------------------------------------------

[2013-01-12 16:35:12 #1 store] 
Database '/home/larry/workspace/videoclub/db/videoclub.odb' is opened by 2953@larry-notebook

[2013-01-12 16:35:12 #2 type] 
Type model.Profile is not enhanced.

[2013-01-12 16:35:12 #3 type] 
Type model.Right is not enhanced.

[2013-01-12 16:35:12 #4 type] 
Type model.User is not enhanced.

[2013-01-12 16:35:12 #5 type] 
Type model.Order is not enhanced.

[2013-01-12 16:35:12 #6 type] 
Type model.Product is not enhanced.

------------------------------------------------------------------------------------------------------------------------

[2013-01-12 16:39:12 #1 store] 
Database '/home/larry/workspace/videoclub/db/videoclub.odb' is opened by 3064@larry-notebook

[2013-01-12 16:39:12 #2 type] 
Type model.Profile is not enhanced.

[2013-01-12 16:39:12 #3 type] 
Type model.Right is not enhanced.

[2013-01-12 16:39:12 #4 type] 
Type model.User is not enhanced.

[2013-01-12 16:39:12 #5 type] 
Type model.Order is not enhanced.

[2013-01-12 16:39:12 #6 type] 
Type model.Product is not enhanced.

------------------------------------------------------------------------------------------------------------------------

[2013-01-12 16:40:42 #1 store] 
Database '/home/larry/workspace/videoclub/db/videoclub.odb' is opened by 3113@larry-notebook

[2013-01-12 16:40:43 #2 type] 
Type model.Profile is not enhanced.

[2013-01-12 16:40:43 #3 type] 
Type model.Right is not enhanced.

[2013-01-12 16:40:43 #4 type] 
Type model.User is not enhanced.

[2013-01-12 16:40:43 #5 type] 
Type model.Order is not enhanced.

[2013-01-12 16:40:43 #6 type] 
Type model.Product is not enhanced.

------------------------------------------------------------------------------------------------------------------------

[2013-01-12 16:42:38 #1 store] 
Database '/home/larry/workspace/videoclub/db/videoclub.odb' is opened by 3152@larry-notebook

[2013-01-12 16:42:39 #2 type] 
Type model.Profile is not enhanced.

[2013-01-12 16:42:39 #3 type] 
Type model.Right is not enhanced.

[2013-01-12 16:42:39 #4 type] 
Type model.User is not enhanced.

[2013-01-12 16:42:39 #5 type] 
Type model.Order is not enhanced.

[2013-01-12 16:42:39 #6 type] 
Type model.Product is not enhanced.

------------------------------------------------------------------------------------------------------------------------

[2013-01-12 16:43:01 #1 store] 
Database '/home/larry/workspace/videoclub/db/videoclub.odb' is opened by 3185@larry-notebook

[2013-01-12 16:43:01 #2 type] 
Type model.Profile is not enhanced.

[2013-01-12 16:43:01 #3 type] 
Type model.Right is not enhanced.

[2013-01-12 16:43:01 #4 type] 
Type model.User is not enhanced.

[2013-01-12 16:43:01 #5 type] 
Type model.Order is not enhanced.

[2013-01-12 16:43:02 #6 type] 
Type model.Product is not enhanced.

------------------------------------------------------------------------------------------------------------------------

[2013-01-12 16:50:10 #1 store] 
Database '/home/larry/workspace/videoclub/db/videoclub.odb' is opened by 3368@larry-notebook

[2013-01-12 16:50:11 #2 type] 
Type model.Profile is not enhanced.

[2013-01-12 16:50:11 #3 type] 
Type model.Right is not enhanced.

[2013-01-12 16:50:11 #4 type] 
Type model.User is not enhanced.

[2013-01-12 16:50:11 #5 type] 
Type model.Order is not enhanced.

[2013-01-12 16:50:11 #6 type] 
Type model.Product is not enhanced.

------------------------------------------------------------------------------------------------------------------------

[2013-01-12 16:52:26 #1 store] 
Database '/home/larry/workspace/videoclub/db/videoclub.odb' is opened by 3445@larry-notebook

[2013-01-12 16:52:26 #2 type] 
Type model.Profile is not enhanced.

[2013-01-12 16:52:26 #3 type] 
Type model.Right is not enhanced.

[2013-01-12 16:52:26 #4 type] 
Type model.User is not enhanced.

[2013-01-12 16:52:26 #5 type] 
Type model.Order is not enhanced.

[2013-01-12 16:52:26 #6 type] 
Type model.Product is not enhanced.

------------------------------------------------------------------------------------------------------------------------

[2013-01-12 16:53:52 #1 store] 
Database '/home/larry/workspace/videoclub/db/videoclub.odb' is opened by 3487@larry-notebook

[2013-01-12 16:53:52 #2 type] 
Type model.Profile is not enhanced.

[2013-01-12 16:53:52 #3 type] 
Type model.Right is not enhanced.

[2013-01-12 16:53:52 #4 type] 
Type model.User is not enhanced.

[2013-01-12 16:53:52 #5 type] 
Type model.Order is not enhanced.

[2013-01-12 16:53:52 #6 type] 
Type model.Product is not enhanced.

------------------------------------------------------------------------------------------------------------------------

[2013-01-12 16:54:53 #1 store] 
Database '/home/larry/workspace/videoclub/db/videoclub.odb' is opened by 3518@larry-notebook

[2013-01-12 16:54:53 #2 type] 
Type model.Profile is not enhanced.

[2013-01-12 16:54:53 #3 type] 
Type model.Right is not enhanced.

[2013-01-12 16:54:53 #4 type] 
Type model.User is not enhanced.

[2013-01-12 16:54:53 #5 type] 
Type model.Order is not enhanced.

[2013-01-12 16:54:53 #6 type] 
Type model.Product is not enhanced.

------------------------------------------------------------------------------------------------------------------------

[2013-01-12 17:01:02 #1 store] 
Database '/home/larry/workspace/videoclub/db/videoclub.odb' has been recovered (tr. 11-11)

[2013-01-12 17:01:03 #2 store] 
Database '/home/larry/workspace/videoclub/db/videoclub.odb' is opened by 3645@larry-notebook

[2013-01-12 17:01:03 #3 type] 
Type model.Profile is not enhanced.

[2013-01-12 17:01:03 #4 type] 
Type model.Right is not enhanced.

[2013-01-12 17:01:03 #5 type] 
Type model.User is not enhanced.

[2013-01-12 17:01:03 #6 type] 
Type model.Order is not enhanced.

[2013-01-12 17:01:03 #7 type] 
Type model.Product is not enhanced.

------------------------------------------------------------------------------------------------------------------------

[2013-01-12 17:02:29 #1 store] 
Database '/home/larry/workspace/videoclub/db/videoclub.odb' is opened by 3698@larry-notebook

[2013-01-12 17:02:29 #2 type] 
Type model.Profile is not enhanced.

[2013-01-12 17:02:29 #3 type] 
Type model.Right is not enhanced.

[2013-01-12 17:02:29 #4 type] 
Type model.User is not enhanced.

[2013-01-12 17:02:30 #5 type] 
Type model.Order is not enhanced.

[2013-01-12 17:02:30 #6 type] 
Type model.Product is not enhanced.

------------------------------------------------------------------------------------------------------------------------

[2013-01-12 17:03:06 #1 store] 
Database '/home/larry/workspace/videoclub/db/videoclub.odb' is opened by 3736@larry-notebook

[2013-01-12 17:03:06 #2 type] 
Type model.Profile is not enhanced.

[2013-01-12 17:03:06 #3 type] 
Type model.Right is not enhanced.

[2013-01-12 17:03:06 #4 type] 
Type model.User is not enhanced.

[2013-01-12 17:03:06 #5 type] 
Type model.Order is not enhanced.

[2013-01-12 17:03:06 #6 type] 
Type model.Product is not enhanced.

------------------------------------------------------------------------------------------------------------------------

[2013-01-12 17:06:44 #1 store] 
Database '/home/larry/workspace/videoclub/db/videoclub.odb' is opened by 3845@larry-notebook

[2013-01-12 17:06:44 #2 type] 
Type model.Profile is not enhanced.

[2013-01-12 17:06:44 #3 type] 
Type model.Right is not enhanced.

[2013-01-12 17:06:44 #4 type] 
Type model.User is not enhanced.

[2013-01-12 17:06:44 #5 type] 
Type model.Order is not enhanced.

[2013-01-12 17:06:44 #6 type] 
Type model.Product is not enhanced.

------------------------------------------------------------------------------------------------------------------------

[2013-01-12 17:10:12 #1 store] 
Database '/home/larry/workspace/videoclub/db/videoclub.odb' is opened by 3943@larry-notebook

[2013-01-12 17:10:12 #2 type] 
Type model.Profile is not enhanced.

[2013-01-12 17:10:12 #3 type] 
Type model.Right is not enhanced.

[2013-01-12 17:10:12 #4 type] 
Type model.User is not enhanced.

[2013-01-12 17:10:12 #5 type] 
Type model.Order is not enhanced.

[2013-01-12 17:10:12 #6 type] 
Type model.Product is not enhanced.

------------------------------------------------------------------------------------------------------------------------

[2013-01-12 17:12:57 #1 store] 
Database '/home/larry/workspace/videoclub/db/videoclub.odb' is opened by 4030@larry-notebook

[2013-01-12 17:12:57 #2 type] 
Type model.Profile is not enhanced.

[2013-01-12 17:12:57 #3 type] 
Type model.Right is not enhanced.

[2013-01-12 17:12:57 #4 type] 
Type model.User is not enhanced.

[2013-01-12 17:12:57 #5 type] 
Type model.Order is not enhanced.

[2013-01-12 17:12:57 #6 type] 
Type model.Product is not enhanced.

------------------------------------------------------------------------------------------------------------------------

[2013-01-12 17:51:00 #1 store] 
Database '/home/larry/workspace/videoclub/db/videoclub.odb' is opened by 4309@larry-notebook

[2013-01-12 17:51:00 #2 type] 
Type model.Profile is not enhanced.

[2013-01-12 17:51:00 #3 type] 
Type model.Right is not enhanced.

[2013-01-12 17:51:00 #4 type] 
Type model.User is not enhanced.

[2013-01-12 17:51:00 #5 type] 
Type model.Order is not enhanced.

[2013-01-12 17:51:00 #6 type] 
Type model.Product is not enhanced.

------------------------------------------------------------------------------------------------------------------------

[2013-01-12 17:56:54 #1 store] 
Database '/home/larry/workspace/videoclub/db/videoclub.odb' is opened by 4384@larry-notebook

[2013-01-12 17:56:54 #2 type] 
Type model.Profile is not enhanced.

[2013-01-12 17:56:55 #3 type] 
Type model.Right is not enhanced.

[2013-01-12 17:56:55 #4 type] 
Type model.User is not enhanced.

[2013-01-12 17:56:55 #5 type] 
Type model.Order is not enhanced.

[2013-01-12 17:56:55 #6 type] 
Type model.Product is not enhanced.

------------------------------------------------------------------------------------------------------------------------

[2013-01-12 18:24:55 #1 store] 
Database '/home/larry/workspace/videoclub/db/videoclub.odb' is opened by 4620@larry-notebook

[2013-01-12 18:24:55 #2 type] 
Type model.Profile is not enhanced.

[2013-01-12 18:24:55 #3 type] 
Type model.Right is not enhanced.

[2013-01-12 18:24:55 #4 type] 
Type model.User is not enhanced.

[2013-01-12 18:24:55 #5 type] 
Type model.Order is not enhanced.

[2013-01-12 18:24:55 #6 type] 
Type model.Product is not enhanced.

------------------------------------------------------------------------------------------------------------------------

[2013-01-12 18:25:15 #1 store] 
Database '/home/larry/workspace/videoclub/db/videoclub.odb' is opened by 4650@larry-notebook

[2013-01-12 18:25:16 #2 type] 
Type model.Profile is not enhanced.

[2013-01-12 18:25:16 #3 type] 
Type model.Right is not enhanced.

[2013-01-12 18:25:16 #4 type] 
Type model.User is not enhanced.

[2013-01-12 18:25:16 #5 type] 
Type model.Order is not enhanced.

[2013-01-12 18:25:16 #6 type] 
Type model.Product is not enhanced.

------------------------------------------------------------------------------------------------------------------------

[2013-01-12 18:25:41 #1 store] 
Database '/home/larry/workspace/videoclub/db/videoclub.odb' has been recovered (tr. 12-12)

[2013-01-12 18:25:41 #2 store] 
Database '/home/larry/workspace/videoclub/db/videoclub.odb' is opened by 4783@larry-notebook

[2013-01-12 18:25:53 #3 store] 
Database '/home/larry/workspace/videoclub/db/videoclub.odb' is closed by 4783@larry-notebook

------------------------------------------------------------------------------------------------------------------------

[2013-01-12 18:37:41 #1 store] 
Database '/home/larry/workspace/videoclub/db/videoclub.odb' is opened by 4949@larry-notebook

[2013-01-12 18:38:21 #2 store] 
Database '/home/larry/workspace/videoclub/db/videoclub.odb' is closed by 4949@larry-notebook

------------------------------------------------------------------------------------------------------------------------

[2013-01-12 18:38:31 #1 store] 
Database '/home/larry/workspace/videoclub/db/videoclub.odb' is opened by 4976@larry-notebook

[2013-01-12 18:38:31 #2 type] 
Type model.Profile is not enhanced.

[2013-01-12 18:38:31 #3 type] 
Type model.Right is not enhanced.

[2013-01-12 18:38:31 #4 type] 
Type model.User is not enhanced.

[2013-01-12 18:38:31 #5 type] 
Type model.Order is not enhanced.

[2013-01-12 18:38:31 #6 type] 
Type model.Product is not enhanced.

------------------------------------------------------------------------------------------------------------------------

[2013-01-12 21:38:17 #1 store] 
Database '/home/larry/workspace/videoclub/db/videoclub.odb' is opened by 7740@larry-notebook

[2013-01-12 21:38:17 #2 type] 
Type model.Profile is not enhanced.

[2013-01-12 21:38:17 #3 type] 
Type model.Right is not enhanced.

[2013-01-12 21:38:17 #4 type] 
Type model.User is not enhanced.

[2013-01-12 21:38:17 #5 type] 
Type model.Order is not enhanced.

[2013-01-12 21:38:17 #6 type] 
Type model.Product is not enhanced.

------------------------------------------------------------------------------------------------------------------------

[2013-01-12 21:40:14 #1 store] 
Database '/home/larry/workspace/videoclub/db/videoclub.odb' is opened by 7783@larry-notebook

[2013-01-12 21:40:14 #2 type] 
Type model.Profile is not enhanced.

[2013-01-12 21:40:14 #3 type] 
Type model.Right is not enhanced.

[2013-01-12 21:40:14 #4 type] 
Type model.User is not enhanced.

[2013-01-12 21:40:14 #5 type] 
Type model.Order is not enhanced.

[2013-01-12 21:40:14 #6 type] 
Type model.Product is not enhanced.

------------------------------------------------------------------------------------------------------------------------

[2013-01-12 21:40:36 #1 store] 
Database '/home/larry/workspace/videoclub/db/videoclub.odb' is opened by 7816@larry-notebook

[2013-01-12 21:40:36 #2 type] 
Type model.Profile is not enhanced.

[2013-01-12 21:40:36 #3 type] 
Type model.Right is not enhanced.

[2013-01-12 21:40:36 #4 type] 
Type model.User is not enhanced.

[2013-01-12 21:40:36 #5 type] 
Type model.Order is not enhanced.

[2013-01-12 21:40:36 #6 type] 
Type model.Product is not enhanced.

------------------------------------------------------------------------------------------------------------------------

[2013-01-12 21:41:14 #1 store] 
Database '/home/larry/workspace/videoclub/db/videoclub.odb' is opened by 7846@larry-notebook

[2013-01-12 21:41:14 #2 type] 
Type model.Profile is not enhanced.

[2013-01-12 21:41:14 #3 type] 
Type model.Right is not enhanced.

[2013-01-12 21:41:14 #4 type] 
Type model.User is not enhanced.

[2013-01-12 21:41:14 #5 type] 
Type model.Order is not enhanced.

[2013-01-12 21:41:14 #6 type] 
Type model.Product is not enhanced.

------------------------------------------------------------------------------------------------------------------------

[2013-01-12 21:56:16 #1 store] 
Database '/home/larry/workspace/videoclub/db/videoclub.odb' is opened by 8101@larry-notebook

[2013-01-12 21:56:16 #2 type] 
Type model.Profile is not enhanced.

[2013-01-12 21:56:16 #3 type] 
Type model.Right is not enhanced.

[2013-01-12 21:56:16 #4 type] 
Type model.User is not enhanced.

[2013-01-12 21:56:16 #5 type] 
Type model.Order is not enhanced.

[2013-01-12 21:56:16 #6 type] 
Type model.Product is not enhanced.

------------------------------------------------------------------------------------------------------------------------

[2013-01-12 21:57:21 #1 store] 
Database '/home/larry/workspace/videoclub/db/videoclub.odb' has been recovered (tr. 13-13)

[2013-01-12 21:57:21 #2 store] 
Database '/home/larry/workspace/videoclub/db/videoclub.odb' is opened by 8238@larry-notebook

[2013-01-12 21:58:08 #3 store] 
Database '/home/larry/workspace/videoclub/db/videoclub.odb' is closed by 8238@larry-notebook

------------------------------------------------------------------------------------------------------------------------

[2013-01-12 21:58:45 #1 store] 
Database '/home/larry/workspace/videoclub/db/videoclub.odb' is opened by 8282@larry-notebook

[2013-01-12 21:58:45 #2 type] 
Type model.Profile is not enhanced.

[2013-01-12 21:58:45 #3 type] 
Type model.Right is not enhanced.

[2013-01-12 21:58:45 #4 type] 
Type model.User is not enhanced.

[2013-01-12 21:58:45 #5 type] 
Type model.Order is not enhanced.

[2013-01-12 21:58:45 #6 type] 
Type model.Product is not enhanced.

------------------------------------------------------------------------------------------------------------------------

[2013-01-12 21:59:22 #1 store] 
Database '/home/larry/workspace/videoclub/db/videoclub.odb' has been recovered (tr. 14-15)

[2013-01-12 21:59:22 #2 store] 
Database '/home/larry/workspace/videoclub/db/videoclub.odb' is opened by 8308@larry-notebook

[2013-01-12 21:59:51 #3 store] 
Database '/home/larry/workspace/videoclub/db/videoclub.odb' is closed by 8308@larry-notebook

