------------------------------------------------------------------------------------------------------------------------

[2013-01-14 12:55:15 #1 store] 
Database '/home/larry/workspace/videoclub/db/videoclub.odb' is opened by 2786@larry-notebook

[2013-01-14 12:55:15 #2 type] 
Type model.Profile is not enhanced.

[2013-01-14 12:55:15 #3 type] 
Type model.Right is not enhanced.

[2013-01-14 12:55:15 #4 type] 
Type model.User is not enhanced.

[2013-01-14 12:55:15 #5 type] 
Type model.Order is not enhanced.

[2013-01-14 12:55:15 #6 type] 
Type model.Product is not enhanced.

------------------------------------------------------------------------------------------------------------------------

[2013-01-14 13:03:11 #1 store] 
Database '/home/larry/workspace/videoclub/db/videoclub.odb' is opened by 2921@larry-notebook

[2013-01-14 13:03:11 #2 type] 
Type model.Profile is not enhanced.

[2013-01-14 13:03:11 #3 type] 
Type model.Right is not enhanced.

[2013-01-14 13:03:11 #4 type] 
Type model.User is not enhanced.

[2013-01-14 13:03:11 #5 type] 
Type model.Order is not enhanced.

[2013-01-14 13:03:11 #6 type] 
Type model.Product is not enhanced.

------------------------------------------------------------------------------------------------------------------------

[2013-01-14 13:05:55 #1 store] 
Database '/home/larry/workspace/videoclub/db/videoclub.odb' is opened by 3014@larry-notebook

[2013-01-14 13:05:56 #2 type] 
Type model.Profile is not enhanced.

[2013-01-14 13:05:56 #3 type] 
Type model.Right is not enhanced.

[2013-01-14 13:05:56 #4 type] 
Type model.User is not enhanced.

[2013-01-14 13:05:56 #5 type] 
Type model.Order is not enhanced.

[2013-01-14 13:05:56 #6 type] 
Type model.Product is not enhanced.

------------------------------------------------------------------------------------------------------------------------

[2013-01-14 13:08:15 #1 store] 
Database '/home/larry/workspace/videoclub/db/videoclub.odb' is opened by 3066@larry-notebook

[2013-01-14 13:08:16 #2 type] 
Type model.Profile is not enhanced.

[2013-01-14 13:08:16 #3 type] 
Type model.Right is not enhanced.

[2013-01-14 13:08:16 #4 type] 
Type model.User is not enhanced.

[2013-01-14 13:08:16 #5 type] 
Type model.Order is not enhanced.

[2013-01-14 13:08:16 #6 type] 
Type model.Product is not enhanced.

------------------------------------------------------------------------------------------------------------------------

[2013-01-14 13:09:39 #1 store] 
Database '/home/larry/workspace/videoclub/db/videoclub.odb' is opened by 3125@larry-notebook

[2013-01-14 13:09:39 #2 type] 
Type model.Profile is not enhanced.

[2013-01-14 13:09:39 #3 type] 
Type model.Right is not enhanced.

[2013-01-14 13:09:39 #4 type] 
Type model.User is not enhanced.

[2013-01-14 13:09:39 #5 type] 
Type model.Order is not enhanced.

[2013-01-14 13:09:39 #6 type] 
Type model.Product is not enhanced.

------------------------------------------------------------------------------------------------------------------------

[2013-01-14 13:23:56 #1 store] 
Database '/home/larry/workspace/videoclub/db/videoclub.odb' is opened by 3290@larry-notebook

[2013-01-14 13:23:56 #2 type] 
Type model.Profile is not enhanced.

[2013-01-14 13:23:56 #3 type] 
Type model.Right is not enhanced.

[2013-01-14 13:23:56 #4 type] 
Type model.User is not enhanced.

[2013-01-14 13:23:56 #5 type] 
Type model.Order is not enhanced.

[2013-01-14 13:23:56 #6 type] 
Type model.Product is not enhanced.

------------------------------------------------------------------------------------------------------------------------

[2013-01-14 13:31:40 #1 store] 
Database '/home/larry/workspace/videoclub/db/videoclub.odb' is opened by 3357@larry-notebook

[2013-01-14 13:31:40 #2 type] 
Type model.Profile is not enhanced.

[2013-01-14 13:31:40 #3 type] 
Type model.Right is not enhanced.

[2013-01-14 13:31:40 #4 type] 
Type model.User is not enhanced.

[2013-01-14 13:31:40 #5 type] 
Type model.Order is not enhanced.

[2013-01-14 13:31:40 #6 type] 
Type model.Product is not enhanced.

------------------------------------------------------------------------------------------------------------------------

[2013-01-14 13:48:38 #1 store] 
Database '/home/larry/workspace/videoclub/db/videoclub.odb' is opened by 3613@larry-notebook

[2013-01-14 13:48:38 #2 type] 
Type model.Profile is not enhanced.

[2013-01-14 13:48:38 #3 type] 
Type model.Right is not enhanced.

[2013-01-14 13:48:38 #4 type] 
Type model.User is not enhanced.

[2013-01-14 13:48:38 #5 type] 
Type model.Order is not enhanced.

[2013-01-14 13:48:38 #6 type] 
Type model.Product is not enhanced.

------------------------------------------------------------------------------------------------------------------------

[2013-01-14 13:51:11 #1 store] 
Database '/home/larry/workspace/videoclub/db/videoclub.odb' is opened by 3659@larry-notebook

[2013-01-14 13:51:11 #2 type] 
Type model.Profile is not enhanced.

[2013-01-14 13:51:11 #3 type] 
Type model.Right is not enhanced.

[2013-01-14 13:51:11 #4 type] 
Type model.User is not enhanced.

[2013-01-14 13:51:11 #5 type] 
Type model.Order is not enhanced.

[2013-01-14 13:51:11 #6 type] 
Type model.Product is not enhanced.

------------------------------------------------------------------------------------------------------------------------

[2013-01-14 13:58:04 #1 store] 
Database '/home/larry/workspace/videoclub/db/videoclub.odb' is opened by 3783@larry-notebook

[2013-01-14 13:58:04 #2 type] 
Type model.Profile is not enhanced.

[2013-01-14 13:58:04 #3 type] 
Type model.Right is not enhanced.

[2013-01-14 13:58:04 #4 type] 
Type model.User is not enhanced.

[2013-01-14 13:58:04 #5 type] 
Type model.Order is not enhanced.

[2013-01-14 13:58:04 #6 type] 
Type model.Product is not enhanced.

------------------------------------------------------------------------------------------------------------------------

[2013-01-14 14:08:49 #1 store] 
Database '/home/larry/workspace/videoclub/db/videoclub.odb' is opened by 3924@larry-notebook

[2013-01-14 14:08:49 #2 type] 
Type model.Profile is not enhanced.

[2013-01-14 14:08:49 #3 type] 
Type model.Right is not enhanced.

[2013-01-14 14:08:49 #4 type] 
Type model.User is not enhanced.

[2013-01-14 14:08:49 #5 type] 
Type model.Order is not enhanced.

[2013-01-14 14:08:49 #6 type] 
Type model.Product is not enhanced.

------------------------------------------------------------------------------------------------------------------------

[2013-01-14 14:13:44 #1 store] 
Database '/home/larry/workspace/videoclub/db/videoclub.odb' is opened by 4021@larry-notebook

[2013-01-14 14:13:44 #2 type] 
Type model.Profile is not enhanced.

[2013-01-14 14:13:44 #3 type] 
Type model.Right is not enhanced.

[2013-01-14 14:13:44 #4 type] 
Type model.User is not enhanced.

[2013-01-14 14:13:44 #5 type] 
Type model.Order is not enhanced.

[2013-01-14 14:13:44 #6 type] 
Type model.Product is not enhanced.

------------------------------------------------------------------------------------------------------------------------

[2013-01-14 14:15:32 #1 store] 
Database '/home/larry/workspace/videoclub/db/videoclub.odb' is opened by 4069@larry-notebook

[2013-01-14 14:15:32 #2 type] 
Type model.Profile is not enhanced.

[2013-01-14 14:15:32 #3 type] 
Type model.Right is not enhanced.

[2013-01-14 14:15:32 #4 type] 
Type model.User is not enhanced.

[2013-01-14 14:15:32 #5 type] 
Type model.Order is not enhanced.

[2013-01-14 14:15:32 #6 type] 
Type model.Product is not enhanced.

------------------------------------------------------------------------------------------------------------------------

[2013-01-14 14:21:27 #1 store] 
Database '/home/larry/workspace/videoclub/db/videoclub.odb' is opened by 4470@larry-notebook

[2013-01-14 14:21:27 #2 type] 
Type model.Profile is not enhanced.

[2013-01-14 14:21:28 #3 type] 
Type model.Right is not enhanced.

[2013-01-14 14:21:28 #4 type] 
Type model.User is not enhanced.

[2013-01-14 14:21:28 #5 type] 
Type model.Order is not enhanced.

[2013-01-14 14:21:28 #6 type] 
Type model.Product is not enhanced.

------------------------------------------------------------------------------------------------------------------------

[2013-01-14 14:23:32 #1 store] 
Database '/home/larry/workspace/videoclub/db/videoclub.odb' is opened by 4517@larry-notebook

[2013-01-14 14:23:32 #2 type] 
Type model.Profile is not enhanced.

[2013-01-14 14:23:32 #3 type] 
Type model.Right is not enhanced.

[2013-01-14 14:23:32 #4 type] 
Type model.User is not enhanced.

[2013-01-14 14:23:32 #5 type] 
Type model.Order is not enhanced.

[2013-01-14 14:23:32 #6 type] 
Type model.Product is not enhanced.

------------------------------------------------------------------------------------------------------------------------

[2013-01-14 14:39:12 #1 store] 
Database '/home/larry/workspace/videoclub/db/videoclub.odb' is opened by 4750@larry-notebook

[2013-01-14 14:39:12 #2 type] 
Type model.Profile is not enhanced.

[2013-01-14 14:39:12 #3 type] 
Type model.Right is not enhanced.

[2013-01-14 14:39:12 #4 type] 
Type model.User is not enhanced.

[2013-01-14 14:39:12 #5 type] 
Type model.Order is not enhanced.

[2013-01-14 14:39:12 #6 type] 
Type model.Product is not enhanced.

------------------------------------------------------------------------------------------------------------------------

[2013-01-14 14:53:55 #1 store] 
Database '/home/larry/workspace/videoclub/db/videoclub.odb' has been recovered (tr. 8-8)

[2013-01-14 14:53:55 #2 store] 
Database '/home/larry/workspace/videoclub/db/videoclub.odb' is opened by 4995@larry-notebook

[2013-01-14 14:53:55 #3 type] 
Type model.Profile is not enhanced.

[2013-01-14 14:53:55 #4 type] 
Type model.Right is not enhanced.

[2013-01-14 14:53:55 #5 type] 
Type model.User is not enhanced.

[2013-01-14 14:53:55 #6 type] 
Type model.Order is not enhanced.

[2013-01-14 14:53:55 #7 type] 
Type model.Product is not enhanced.

------------------------------------------------------------------------------------------------------------------------

[2013-01-14 14:54:46 #1 store] 
Database '/home/larry/workspace/videoclub/db/videoclub.odb' is opened by 5045@larry-notebook

[2013-01-14 14:54:46 #2 type] 
Type model.Profile is not enhanced.

[2013-01-14 14:54:46 #3 type] 
Type model.Right is not enhanced.

[2013-01-14 14:54:46 #4 type] 
Type model.User is not enhanced.

[2013-01-14 14:54:46 #5 type] 
Type model.Order is not enhanced.

[2013-01-14 14:54:46 #6 type] 
Type model.Product is not enhanced.

------------------------------------------------------------------------------------------------------------------------

[2013-01-14 14:56:52 #1 store] 
Database '/home/larry/workspace/videoclub/db/videoclub.odb' is opened by 5122@larry-notebook

[2013-01-14 14:56:52 #2 type] 
Type model.Profile is not enhanced.

[2013-01-14 14:56:52 #3 type] 
Type model.Right is not enhanced.

[2013-01-14 14:56:52 #4 type] 
Type model.User is not enhanced.

[2013-01-14 14:56:52 #5 type] 
Type model.Order is not enhanced.

[2013-01-14 14:56:52 #6 type] 
Type model.Product is not enhanced.

------------------------------------------------------------------------------------------------------------------------

[2013-01-14 14:59:11 #1 store] 
Database '/home/larry/workspace/videoclub/db/videoclub.odb' is opened by 5154@larry-notebook

[2013-01-14 14:59:12 #2 type] 
Type model.Profile is not enhanced.

[2013-01-14 14:59:12 #3 type] 
Type model.Right is not enhanced.

[2013-01-14 14:59:12 #4 type] 
Type model.User is not enhanced.

[2013-01-14 14:59:12 #5 type] 
Type model.Order is not enhanced.

[2013-01-14 14:59:12 #6 type] 
Type model.Product is not enhanced.

------------------------------------------------------------------------------------------------------------------------

[2013-01-14 15:00:53 #1 store] 
Database '/home/larry/workspace/videoclub/db/videoclub.odb' is opened by 5204@larry-notebook

[2013-01-14 15:00:53 #2 type] 
Type model.Profile is not enhanced.

[2013-01-14 15:00:53 #3 type] 
Type model.Right is not enhanced.

[2013-01-14 15:00:53 #4 type] 
Type model.User is not enhanced.

[2013-01-14 15:00:53 #5 type] 
Type model.Order is not enhanced.

[2013-01-14 15:00:53 #6 type] 
Type model.Product is not enhanced.

