------------------------------------------------------------------------------------------------------------------------

[2013-01-17 19:53:12 #1 store] 
Database '/home/larry/workspace/videoblub/db/videoclub.odb' is opened by 3419@larry-server

[2013-01-17 19:53:12 #2 type] 
Type model.Profile is not enhanced.

[2013-01-17 19:53:12 #3 type] 
Type model.Right is not enhanced.

[2013-01-17 19:53:12 #4 type] 
Type model.User is not enhanced.

[2013-01-17 19:53:12 #5 type] 
Type model.Order is not enhanced.

[2013-01-17 19:53:12 #6 type] 
Type model.Product is not enhanced.

------------------------------------------------------------------------------------------------------------------------

[2013-01-17 19:55:21 #1 store] 
Database '/home/larry/workspace/videoblub/db/videoclub.odb' has been recovered (tr. 9-9)

[2013-01-17 19:55:21 #2 store] 
Database '/home/larry/workspace/videoblub/db/videoclub.odb' is opened by 3475@larry-server

[2013-01-17 19:55:21 #3 type] 
Type model.Profile is not enhanced.

[2013-01-17 19:55:21 #4 type] 
Type model.Right is not enhanced.

[2013-01-17 19:55:21 #5 type] 
Type model.User is not enhanced.

[2013-01-17 19:55:21 #6 type] 
Type model.Order is not enhanced.

[2013-01-17 19:55:21 #7 type] 
Type model.Product is not enhanced.

------------------------------------------------------------------------------------------------------------------------

[2013-01-17 19:56:40 #1 store] 
Database '/home/larry/workspace/videoblub/db/videoclub.odb' is opened by 3515@larry-server

[2013-01-17 19:56:40 #2 type] 
Type model.Profile is not enhanced.

[2013-01-17 19:56:40 #3 type] 
Type model.Right is not enhanced.

[2013-01-17 19:56:40 #4 type] 
Type model.User is not enhanced.

[2013-01-17 19:56:40 #5 type] 
Type model.Order is not enhanced.

[2013-01-17 19:56:40 #6 type] 
Type model.Product is not enhanced.

------------------------------------------------------------------------------------------------------------------------

[2013-01-17 19:57:33 #1 store] 
Database '/home/larry/workspace/videoblub/db/videoclub.odb' is opened by 3551@larry-server

[2013-01-17 19:57:34 #2 type] 
Type model.Profile is not enhanced.

[2013-01-17 19:57:34 #3 type] 
Type model.Right is not enhanced.

[2013-01-17 19:57:34 #4 type] 
Type model.User is not enhanced.

[2013-01-17 19:57:34 #5 type] 
Type model.Order is not enhanced.

[2013-01-17 19:57:34 #6 type] 
Type model.Product is not enhanced.

------------------------------------------------------------------------------------------------------------------------

[2013-01-17 20:00:49 #1 store] 
Database '/home/larry/workspace/videoblub/db/videoclub.odb' is opened by 3627@larry-server

[2013-01-17 20:00:49 #2 type] 
Type model.Profile is not enhanced.

[2013-01-17 20:00:49 #3 type] 
Type model.Right is not enhanced.

[2013-01-17 20:00:49 #4 type] 
Type model.User is not enhanced.

[2013-01-17 20:00:49 #5 type] 
Type model.Order is not enhanced.

[2013-01-17 20:00:49 #6 type] 
Type model.Product is not enhanced.

------------------------------------------------------------------------------------------------------------------------

[2013-01-17 20:02:16 #1 store] 
Database '/home/larry/workspace/videoblub/db/videoclub.odb' is opened by 3677@larry-server

[2013-01-17 20:02:16 #2 type] 
Type model.Profile is not enhanced.

[2013-01-17 20:02:16 #3 type] 
Type model.Right is not enhanced.

[2013-01-17 20:02:16 #4 type] 
Type model.User is not enhanced.

[2013-01-17 20:02:16 #5 type] 
Type model.Order is not enhanced.

[2013-01-17 20:02:16 #6 type] 
Type model.Product is not enhanced.

------------------------------------------------------------------------------------------------------------------------

[2013-01-17 20:02:45 #1 store] 
Database '/home/larry/workspace/videoblub/db/videoclub.odb' is opened by 3704@larry-server

[2013-01-17 20:02:45 #2 type] 
Type model.Profile is not enhanced.

[2013-01-17 20:02:45 #3 type] 
Type model.Right is not enhanced.

[2013-01-17 20:02:45 #4 type] 
Type model.User is not enhanced.

[2013-01-17 20:02:45 #5 type] 
Type model.Order is not enhanced.

[2013-01-17 20:02:45 #6 type] 
Type model.Product is not enhanced.

------------------------------------------------------------------------------------------------------------------------

[2013-01-17 20:04:41 #1 store] 
Database '/home/larry/workspace/videoblub/db/videoclub.odb' is opened by 3797@larry-server

[2013-01-17 20:04:41 #2 type] 
Type model.Profile is not enhanced.

[2013-01-17 20:04:41 #3 type] 
Type model.Right is not enhanced.

[2013-01-17 20:04:41 #4 type] 
Type model.User is not enhanced.

[2013-01-17 20:04:41 #5 type] 
Type model.Order is not enhanced.

[2013-01-17 20:04:41 #6 type] 
Type model.Product is not enhanced.

------------------------------------------------------------------------------------------------------------------------

[2013-01-17 20:08:26 #1 store] 
Database '/home/larry/workspace/videoblub/db/videoclub.odb' is opened by 3880@larry-server

[2013-01-17 20:08:26 #2 type] 
Type model.Profile is not enhanced.

[2013-01-17 20:08:26 #3 type] 
Type model.Right is not enhanced.

[2013-01-17 20:08:26 #4 type] 
Type model.User is not enhanced.

[2013-01-17 20:08:26 #5 type] 
Type model.Order is not enhanced.

[2013-01-17 20:08:26 #6 type] 
Type model.Product is not enhanced.

------------------------------------------------------------------------------------------------------------------------

[2013-01-17 20:23:15 #1 store] 
Database '/home/larry/workspace/videoblub/db/videoclub.odb' is opened by 4012@larry-server

[2013-01-17 20:23:15 #2 type] 
Type model.Profile is not enhanced.

[2013-01-17 20:23:15 #3 type] 
Type model.Right is not enhanced.

[2013-01-17 20:23:15 #4 type] 
Type model.User is not enhanced.

[2013-01-17 20:23:15 #5 type] 
Type model.Order is not enhanced.

[2013-01-17 20:23:15 #6 type] 
Type model.Product is not enhanced.

------------------------------------------------------------------------------------------------------------------------

[2013-01-17 20:24:53 #1 store] 
Database '/home/larry/workspace/videoblub/db/videoclub.odb' is opened by 4079@larry-server

[2013-01-17 20:24:53 #2 type] 
Type model.Profile is not enhanced.

[2013-01-17 20:24:53 #3 type] 
Type model.Right is not enhanced.

[2013-01-17 20:24:53 #4 type] 
Type model.User is not enhanced.

[2013-01-17 20:24:53 #5 type] 
Type model.Order is not enhanced.

[2013-01-17 20:24:53 #6 type] 
Type model.Product is not enhanced.

------------------------------------------------------------------------------------------------------------------------

[2013-01-17 20:26:30 #1 store] 
Database '/home/larry/workspace/videoblub/db/videoclub.odb' is opened by 4131@larry-server

[2013-01-17 20:26:30 #2 type] 
Type model.Profile is not enhanced.

[2013-01-17 20:26:30 #3 type] 
Type model.Right is not enhanced.

[2013-01-17 20:26:30 #4 type] 
Type model.User is not enhanced.

[2013-01-17 20:26:30 #5 type] 
Type model.Order is not enhanced.

[2013-01-17 20:26:30 #6 type] 
Type model.Product is not enhanced.

------------------------------------------------------------------------------------------------------------------------

[2013-01-17 20:27:09 #1 store] 
Database '/home/larry/workspace/videoblub/db/videoclub.odb' is opened by 4164@larry-server

[2013-01-17 20:27:09 #2 type] 
Type model.Profile is not enhanced.

[2013-01-17 20:27:09 #3 type] 
Type model.Right is not enhanced.

[2013-01-17 20:27:09 #4 type] 
Type model.User is not enhanced.

[2013-01-17 20:27:09 #5 type] 
Type model.Order is not enhanced.

[2013-01-17 20:27:09 #6 type] 
Type model.Product is not enhanced.

------------------------------------------------------------------------------------------------------------------------

[2013-01-17 20:30:27 #1 store] 
Database '/home/larry/workspace/videoblub/db/videoclub.odb' is opened by 4255@larry-server

[2013-01-17 20:30:27 #2 type] 
Type model.Profile is not enhanced.

[2013-01-17 20:30:27 #3 type] 
Type model.Right is not enhanced.

[2013-01-17 20:30:27 #4 type] 
Type model.User is not enhanced.

[2013-01-17 20:30:27 #5 type] 
Type model.Order is not enhanced.

[2013-01-17 20:30:27 #6 type] 
Type model.Product is not enhanced.

------------------------------------------------------------------------------------------------------------------------

[2013-01-17 20:32:04 #1 store] 
Database '/home/larry/workspace/videoblub/db/videoclub.odb' is opened by 4339@larry-server

[2013-01-17 20:32:04 #2 type] 
Type model.Profile is not enhanced.

[2013-01-17 20:32:04 #3 type] 
Type model.Right is not enhanced.

[2013-01-17 20:32:05 #4 type] 
Type model.User is not enhanced.

[2013-01-17 20:32:05 #5 type] 
Type model.Order is not enhanced.

[2013-01-17 20:32:05 #6 type] 
Type model.Product is not enhanced.

------------------------------------------------------------------------------------------------------------------------

[2013-01-17 20:34:03 #1 store] 
Database '/home/larry/workspace/videoblub/db/videoclub.odb' is opened by 4398@larry-server

[2013-01-17 20:34:03 #2 type] 
Type model.Profile is not enhanced.

[2013-01-17 20:34:03 #3 type] 
Type model.Right is not enhanced.

[2013-01-17 20:34:03 #4 type] 
Type model.User is not enhanced.

[2013-01-17 20:34:03 #5 type] 
Type model.Order is not enhanced.

[2013-01-17 20:34:03 #6 type] 
Type model.Product is not enhanced.

------------------------------------------------------------------------------------------------------------------------

[2013-01-17 20:38:18 #1 store] 
Database '/home/larry/workspace/videoblub/db/videoclub.odb' is opened by 4453@larry-server

[2013-01-17 20:38:19 #2 type] 
Type model.Profile is not enhanced.

[2013-01-17 20:38:19 #3 type] 
Type model.Right is not enhanced.

[2013-01-17 20:38:19 #4 type] 
Type model.User is not enhanced.

[2013-01-17 20:38:19 #5 type] 
Type model.Order is not enhanced.

[2013-01-17 20:38:19 #6 type] 
Type model.Product is not enhanced.

------------------------------------------------------------------------------------------------------------------------

[2013-01-17 20:40:42 #1 store] 
Database '/home/larry/workspace/videoblub/db/videoclub.odb' is opened by 4524@larry-server

[2013-01-17 20:40:42 #2 type] 
Type model.Profile is not enhanced.

[2013-01-17 20:40:42 #3 type] 
Type model.Right is not enhanced.

[2013-01-17 20:40:42 #4 type] 
Type model.User is not enhanced.

[2013-01-17 20:40:42 #5 type] 
Type model.Order is not enhanced.

[2013-01-17 20:40:42 #6 type] 
Type model.Product is not enhanced.

------------------------------------------------------------------------------------------------------------------------

[2013-01-17 20:44:05 #1 store] 
Database '/home/larry/workspace/videoblub/db/videoclub.odb' is opened by 4570@larry-server

[2013-01-17 20:44:05 #2 type] 
Type model.Profile is not enhanced.

[2013-01-17 20:44:05 #3 type] 
Type model.Right is not enhanced.

[2013-01-17 20:44:05 #4 type] 
Type model.User is not enhanced.

[2013-01-17 20:44:05 #5 type] 
Type model.Order is not enhanced.

[2013-01-17 20:44:05 #6 type] 
Type model.Product is not enhanced.

------------------------------------------------------------------------------------------------------------------------

[2013-01-17 20:51:09 #1 store] 
Database '/home/larry/workspace/videoblub/db/videoclub.odb' is opened by 4894@larry-server

[2013-01-17 20:51:09 #2 type] 
Type model.Profile is not enhanced.

[2013-01-17 20:51:09 #3 type] 
Type model.Right is not enhanced.

[2013-01-17 20:51:09 #4 type] 
Type model.User is not enhanced.

[2013-01-17 20:51:09 #5 type] 
Type model.Order is not enhanced.

[2013-01-17 20:51:09 #6 type] 
Type model.Product is not enhanced.

------------------------------------------------------------------------------------------------------------------------

[2013-01-17 20:52:02 #1 store] 
Database '/home/larry/workspace/videoblub/db/videoclub.odb' is opened by 4958@larry-server

[2013-01-17 20:52:02 #2 type] 
Type model.Profile is not enhanced.

[2013-01-17 20:52:02 #3 type] 
Type model.Right is not enhanced.

[2013-01-17 20:52:02 #4 type] 
Type model.User is not enhanced.

[2013-01-17 20:52:02 #5 type] 
Type model.Order is not enhanced.

[2013-01-17 20:52:02 #6 type] 
Type model.Product is not enhanced.

------------------------------------------------------------------------------------------------------------------------

[2013-01-17 20:59:07 #1 store] 
Database '/home/larry/workspace/videoblub/db/videoclub.odb' is opened by 5010@larry-server

[2013-01-17 20:59:07 #2 type] 
Type model.Profile is not enhanced.

[2013-01-17 20:59:07 #3 type] 
Type model.Right is not enhanced.

[2013-01-17 20:59:07 #4 type] 
Type model.User is not enhanced.

[2013-01-17 20:59:07 #5 type] 
Type model.Order is not enhanced.

[2013-01-17 20:59:07 #6 type] 
Type model.Product is not enhanced.

------------------------------------------------------------------------------------------------------------------------

[2013-01-17 21:02:44 #1 store] 
Database '/home/larry/workspace/videoblub/db/videoclub.odb' is opened by 5096@larry-server

[2013-01-17 21:02:45 #2 type] 
Type model.Profile is not enhanced.

[2013-01-17 21:02:45 #3 type] 
Type model.Right is not enhanced.

[2013-01-17 21:02:45 #4 type] 
Type model.User is not enhanced.

[2013-01-17 21:02:45 #5 type] 
Type model.Order is not enhanced.

[2013-01-17 21:02:45 #6 type] 
Type model.Product is not enhanced.

------------------------------------------------------------------------------------------------------------------------

[2013-01-17 21:09:04 #1 store] 
Database '/home/larry/workspace/videoblub/db/videoclub.odb' is opened by 5201@larry-server

[2013-01-17 21:09:04 #2 type] 
Type model.Profile is not enhanced.

[2013-01-17 21:09:04 #3 type] 
Type model.Right is not enhanced.

[2013-01-17 21:09:04 #4 type] 
Type model.User is not enhanced.

[2013-01-17 21:09:04 #5 type] 
Type model.Order is not enhanced.

[2013-01-17 21:09:04 #6 type] 
Type model.Product is not enhanced.

------------------------------------------------------------------------------------------------------------------------

[2013-01-17 21:10:53 #1 store] 
Database '/home/larry/workspace/videoblub/db/videoclub.odb' is opened by 5230@larry-server

[2013-01-17 21:10:53 #2 type] 
Type model.Profile is not enhanced.

[2013-01-17 21:10:53 #3 type] 
Type model.Right is not enhanced.

[2013-01-17 21:10:53 #4 type] 
Type model.User is not enhanced.

[2013-01-17 21:10:53 #5 type] 
Type model.Order is not enhanced.

[2013-01-17 21:10:53 #6 type] 
Type model.Product is not enhanced.

------------------------------------------------------------------------------------------------------------------------

[2013-01-17 21:14:16 #1 store] 
Database '/home/larry/workspace/videoblub/db/videoclub.odb' is opened by 5285@larry-server

[2013-01-17 21:14:16 #2 type] 
Type model.Profile is not enhanced.

[2013-01-17 21:14:16 #3 type] 
Type model.Right is not enhanced.

[2013-01-17 21:14:16 #4 type] 
Type model.User is not enhanced.

[2013-01-17 21:14:16 #5 type] 
Type model.Order is not enhanced.

[2013-01-17 21:14:16 #6 type] 
Type model.Product is not enhanced.

------------------------------------------------------------------------------------------------------------------------

[2013-01-17 21:16:43 #1 store] 
Database '/home/larry/workspace/videoblub/db/videoclub.odb' is opened by 5336@larry-server

[2013-01-17 21:16:43 #2 type] 
Type model.Profile is not enhanced.

[2013-01-17 21:16:43 #3 type] 
Type model.Right is not enhanced.

[2013-01-17 21:16:43 #4 type] 
Type model.User is not enhanced.

[2013-01-17 21:16:43 #5 type] 
Type model.Order is not enhanced.

[2013-01-17 21:16:43 #6 type] 
Type model.Product is not enhanced.

------------------------------------------------------------------------------------------------------------------------

[2013-01-17 21:18:15 #1 store] 
Database '/home/larry/workspace/videoblub/db/videoclub.odb' is opened by 5400@larry-server

[2013-01-17 21:18:15 #2 type] 
Type model.Profile is not enhanced.

[2013-01-17 21:18:15 #3 type] 
Type model.Right is not enhanced.

[2013-01-17 21:18:15 #4 type] 
Type model.User is not enhanced.

[2013-01-17 21:18:15 #5 type] 
Type model.Order is not enhanced.

[2013-01-17 21:18:15 #6 type] 
Type model.Product is not enhanced.

------------------------------------------------------------------------------------------------------------------------

[2013-01-17 21:18:47 #1 store] 
Database '/home/larry/workspace/videoblub/db/videoclub.odb' is opened by 5432@larry-server

[2013-01-17 21:18:47 #2 type] 
Type model.Profile is not enhanced.

[2013-01-17 21:18:47 #3 type] 
Type model.Right is not enhanced.

[2013-01-17 21:18:47 #4 type] 
Type model.User is not enhanced.

[2013-01-17 21:18:47 #5 type] 
Type model.Order is not enhanced.

[2013-01-17 21:18:47 #6 type] 
Type model.Product is not enhanced.

------------------------------------------------------------------------------------------------------------------------

[2013-01-17 21:22:09 #1 store] 
Database '/home/larry/workspace/videoblub/db/videoclub.odb' is opened by 5580@larry-server

[2013-01-17 21:22:09 #2 type] 
Type model.Profile is not enhanced.

[2013-01-17 21:22:09 #3 type] 
Type model.Right is not enhanced.

[2013-01-17 21:22:09 #4 type] 
Type model.User is not enhanced.

[2013-01-17 21:22:09 #5 type] 
Type model.Order is not enhanced.

[2013-01-17 21:22:09 #6 type] 
Type model.Product is not enhanced.

------------------------------------------------------------------------------------------------------------------------

[2013-01-17 21:23:29 #1 store] 
Database '/home/larry/workspace/videoblub/db/videoclub.odb' is opened by 5654@larry-server

[2013-01-17 21:23:30 #2 type] 
Type model.Profile is not enhanced.

[2013-01-17 21:23:30 #3 type] 
Type model.Right is not enhanced.

[2013-01-17 21:23:30 #4 type] 
Type model.User is not enhanced.

[2013-01-17 21:23:30 #5 type] 
Type model.Order is not enhanced.

[2013-01-17 21:23:30 #6 type] 
Type model.Product is not enhanced.

------------------------------------------------------------------------------------------------------------------------

[2013-01-17 21:24:15 #1 store] 
Database '/home/larry/workspace/videoblub/db/videoclub.odb' is opened by 5681@larry-server

[2013-01-17 21:24:15 #2 type] 
Type model.Profile is not enhanced.

[2013-01-17 21:24:15 #3 type] 
Type model.Right is not enhanced.

[2013-01-17 21:24:15 #4 type] 
Type model.User is not enhanced.

[2013-01-17 21:24:15 #5 type] 
Type model.Order is not enhanced.

[2013-01-17 21:24:15 #6 type] 
Type model.Product is not enhanced.

------------------------------------------------------------------------------------------------------------------------

[2013-01-17 21:32:25 #1 store] 
Database '/home/larry/workspace/videoblub/db/videoclub.odb' is opened by 5792@larry-server

[2013-01-17 21:32:25 #2 type] 
Type model.Profile is not enhanced.

[2013-01-17 21:32:25 #3 type] 
Type model.Right is not enhanced.

[2013-01-17 21:32:25 #4 type] 
Type model.User is not enhanced.

[2013-01-17 21:32:25 #5 type] 
Type model.Order is not enhanced.

[2013-01-17 21:32:25 #6 type] 
Type model.Product is not enhanced.

------------------------------------------------------------------------------------------------------------------------

[2013-01-17 21:33:17 #1 store] 
Database '/home/larry/workspace/videoblub/db/videoclub.odb' is opened by 5831@larry-server

[2013-01-17 21:33:17 #2 type] 
Type model.Profile is not enhanced.

[2013-01-17 21:33:17 #3 type] 
Type model.Right is not enhanced.

[2013-01-17 21:33:17 #4 type] 
Type model.User is not enhanced.

[2013-01-17 21:33:17 #5 type] 
Type model.Order is not enhanced.

[2013-01-17 21:33:17 #6 type] 
Type model.Product is not enhanced.

------------------------------------------------------------------------------------------------------------------------

[2013-01-17 21:34:07 #1 store] 
Database '/home/larry/workspace/videoblub/db/videoclub.odb' is opened by 5879@larry-server

[2013-01-17 21:34:08 #2 type] 
Type model.Profile is not enhanced.

[2013-01-17 21:34:08 #3 type] 
Type model.Right is not enhanced.

[2013-01-17 21:34:08 #4 type] 
Type model.User is not enhanced.

[2013-01-17 21:34:08 #5 type] 
Type model.Order is not enhanced.

[2013-01-17 21:34:08 #6 type] 
Type model.Product is not enhanced.

------------------------------------------------------------------------------------------------------------------------

[2013-01-17 21:34:55 #1 store] 
Database '/home/larry/workspace/videoblub/db/videoclub.odb' has been recovered (tr. 10-10)

[2013-01-17 21:34:55 #2 store] 
Database '/home/larry/workspace/videoblub/db/videoclub.odb' is opened by 5905@larry-server

[2013-01-17 21:34:55 #3 type] 
Type model.Profile is not enhanced.

[2013-01-17 21:34:55 #4 type] 
Type model.Right is not enhanced.

[2013-01-17 21:34:55 #5 type] 
Type model.User is not enhanced.

[2013-01-17 21:34:55 #6 type] 
Type model.Order is not enhanced.

[2013-01-17 21:34:55 #7 type] 
Type model.Product is not enhanced.

------------------------------------------------------------------------------------------------------------------------

[2013-01-17 21:37:22 #1 store] 
Database '/home/larry/workspace/videoblub/db/videoclub.odb' is opened by 5991@larry-server

[2013-01-17 21:37:22 #2 type] 
Type model.Profile is not enhanced.

[2013-01-17 21:37:22 #3 type] 
Type model.Right is not enhanced.

[2013-01-17 21:37:22 #4 type] 
Type model.User is not enhanced.

[2013-01-17 21:37:22 #5 type] 
Type model.Order is not enhanced.

[2013-01-17 21:37:22 #6 type] 
Type model.Product is not enhanced.

------------------------------------------------------------------------------------------------------------------------

[2013-01-17 21:44:35 #1 store] 
Database '/home/larry/workspace/videoblub/db/videoclub.odb' has been recovered (tr. 11-11)

[2013-01-17 21:44:35 #2 store] 
Database '/home/larry/workspace/videoblub/db/videoclub.odb' is opened by 6293@larry-server

[2013-01-17 21:44:35 #3 type] 
Type model.Profile is not enhanced.

[2013-01-17 21:44:35 #4 type] 
Type model.Right is not enhanced.

[2013-01-17 21:44:35 #5 type] 
Type model.User is not enhanced.

[2013-01-17 21:44:35 #6 type] 
Type model.Order is not enhanced.

[2013-01-17 21:44:35 #7 type] 
Type model.Product is not enhanced.

------------------------------------------------------------------------------------------------------------------------

[2013-01-17 21:56:48 #1 store] 
Database '/home/larry/workspace/videoblub/db/videoclub.odb' has been recovered (tr. 12-12)

[2013-01-17 21:56:48 #2 store] 
Database '/home/larry/workspace/videoblub/db/videoclub.odb' is opened by 6399@larry-server

[2013-01-17 21:56:48 #3 type] 
Type model.Profile is not enhanced.

[2013-01-17 21:56:48 #4 type] 
Type model.Right is not enhanced.

[2013-01-17 21:56:48 #5 type] 
Type model.User is not enhanced.

[2013-01-17 21:56:48 #6 type] 
Type model.Order is not enhanced.

[2013-01-17 21:56:48 #7 type] 
Type model.Product is not enhanced.

------------------------------------------------------------------------------------------------------------------------

[2013-01-17 21:57:35 #1 store] 
Database '/home/larry/workspace/videoblub/db/videoclub.odb' has been recovered (tr. 13-13)

[2013-01-17 21:57:35 #2 store] 
Database '/home/larry/workspace/videoblub/db/videoclub.odb' is opened by 6427@larry-server

[2013-01-17 21:57:35 #3 type] 
Type model.Profile is not enhanced.

[2013-01-17 21:57:35 #4 type] 
Type model.Right is not enhanced.

[2013-01-17 21:57:35 #5 type] 
Type model.User is not enhanced.

[2013-01-17 21:57:35 #6 type] 
Type model.Order is not enhanced.

[2013-01-17 21:57:35 #7 type] 
Type model.Product is not enhanced.

------------------------------------------------------------------------------------------------------------------------

[2013-01-17 22:04:59 #1 store] 
Database '/home/larry/workspace/videoblub/db/videoclub.odb' has been recovered (tr. 14-14)

[2013-01-17 22:04:59 #2 store] 
Database '/home/larry/workspace/videoblub/db/videoclub.odb' is opened by 6488@larry-server

[2013-01-17 22:04:59 #3 type] 
Type model.Profile is not enhanced.

[2013-01-17 22:04:59 #4 type] 
Type model.Right is not enhanced.

[2013-01-17 22:04:59 #5 type] 
Type model.User is not enhanced.

[2013-01-17 22:04:59 #6 type] 
Type model.Order is not enhanced.

[2013-01-17 22:04:59 #7 type] 
Type model.Product is not enhanced.

------------------------------------------------------------------------------------------------------------------------

[2013-01-17 22:05:07 #1 store] 
Database '/home/larry/workspace/videoblub/db/videoclub.odb' is opened by 6516@larry-server

[2013-01-17 22:05:07 #2 type] 
Type model.Profile is not enhanced.

[2013-01-17 22:05:07 #3 type] 
Type model.Right is not enhanced.

[2013-01-17 22:05:07 #4 type] 
Type model.User is not enhanced.

[2013-01-17 22:05:07 #5 type] 
Type model.Order is not enhanced.

[2013-01-17 22:05:07 #6 type] 
Type model.Product is not enhanced.

------------------------------------------------------------------------------------------------------------------------

[2013-01-17 22:06:57 #1 store] 
Database '/home/larry/workspace/videoblub/db/videoclub.odb' has been recovered (tr. 15-16)

[2013-01-17 22:06:57 #2 store] 
Database '/home/larry/workspace/videoblub/db/videoclub.odb' is opened by 6562@larry-server

[2013-01-17 22:06:57 #3 type] 
Type model.Profile is not enhanced.

[2013-01-17 22:06:57 #4 type] 
Type model.Right is not enhanced.

[2013-01-17 22:06:57 #5 type] 
Type model.User is not enhanced.

[2013-01-17 22:06:57 #6 type] 
Type model.Order is not enhanced.

[2013-01-17 22:06:57 #7 type] 
Type model.Product is not enhanced.

------------------------------------------------------------------------------------------------------------------------

[2013-01-17 22:08:04 #1 store] 
Database '/home/larry/workspace/videoblub/db/videoclub.odb' has been recovered (tr. 17-17)

[2013-01-17 22:08:04 #2 store] 
Database '/home/larry/workspace/videoblub/db/videoclub.odb' is opened by 6614@larry-server

[2013-01-17 22:08:04 #3 type] 
Type model.Profile is not enhanced.

[2013-01-17 22:08:04 #4 type] 
Type model.Right is not enhanced.

[2013-01-17 22:08:04 #5 type] 
Type model.User is not enhanced.

[2013-01-17 22:08:04 #6 type] 
Type model.Order is not enhanced.

[2013-01-17 22:08:04 #7 type] 
Type model.Product is not enhanced.

------------------------------------------------------------------------------------------------------------------------

[2013-01-17 22:09:31 #1 store] 
Database '/home/larry/workspace/videoblub/db/videoclub.odb' has been recovered (tr. 18-18)

[2013-01-17 22:09:31 #2 store] 
Database '/home/larry/workspace/videoblub/db/videoclub.odb' is opened by 6684@larry-server

[2013-01-17 22:09:31 #3 type] 
Type model.Profile is not enhanced.

[2013-01-17 22:09:31 #4 type] 
Type model.Right is not enhanced.

[2013-01-17 22:09:31 #5 type] 
Type model.User is not enhanced.

[2013-01-17 22:09:31 #6 type] 
Type model.Order is not enhanced.

[2013-01-17 22:09:31 #7 type] 
Type model.Product is not enhanced.

------------------------------------------------------------------------------------------------------------------------

[2013-01-17 22:11:01 #1 store] 
Database '/home/larry/workspace/videoblub/db/videoclub.odb' has been recovered (tr. 19-19)

[2013-01-17 22:11:01 #2 store] 
Database '/home/larry/workspace/videoblub/db/videoclub.odb' is opened by 6758@larry-server

[2013-01-17 22:11:01 #3 type] 
Type model.Profile is not enhanced.

[2013-01-17 22:11:01 #4 type] 
Type model.Right is not enhanced.

[2013-01-17 22:11:02 #5 type] 
Type model.User is not enhanced.

[2013-01-17 22:11:02 #6 type] 
Type model.Order is not enhanced.

[2013-01-17 22:11:02 #7 type] 
Type model.Product is not enhanced.

------------------------------------------------------------------------------------------------------------------------

[2013-01-17 22:14:37 #1 store] 
Database '/home/larry/workspace/videoblub/db/videoclub.odb' has been recovered (tr. 20-20)

[2013-01-17 22:14:37 #2 store] 
Database '/home/larry/workspace/videoblub/db/videoclub.odb' is opened by 6850@larry-server

[2013-01-17 22:14:37 #3 type] 
Type model.Profile is not enhanced.

[2013-01-17 22:14:37 #4 type] 
Type model.Right is not enhanced.

[2013-01-17 22:14:37 #5 type] 
Type model.User is not enhanced.

[2013-01-17 22:14:37 #6 type] 
Type model.Order is not enhanced.

[2013-01-17 22:14:37 #7 type] 
Type model.Product is not enhanced.

------------------------------------------------------------------------------------------------------------------------

[2013-01-17 22:15:25 #1 store] 
Database '/home/larry/workspace/videoblub/db/videoclub.odb' is opened by 6896@larry-server

[2013-01-17 22:15:25 #2 type] 
Type model.Profile is not enhanced.

[2013-01-17 22:15:25 #3 type] 
Type model.Right is not enhanced.

[2013-01-17 22:15:25 #4 type] 
Type model.User is not enhanced.

[2013-01-17 22:15:25 #5 type] 
Type model.Order is not enhanced.

[2013-01-17 22:15:25 #6 type] 
Type model.Product is not enhanced.

------------------------------------------------------------------------------------------------------------------------

[2013-01-17 22:19:26 #1 store] 
Database '/home/larry/workspace/videoblub/db/videoclub.odb' is opened by 7011@larry-server

[2013-01-17 22:19:26 #2 type] 
Type model.Profile is not enhanced.

[2013-01-17 22:19:26 #3 type] 
Type model.Right is not enhanced.

[2013-01-17 22:19:26 #4 type] 
Type model.User is not enhanced.

[2013-01-17 22:19:26 #5 type] 
Type model.Order is not enhanced.

[2013-01-17 22:19:26 #6 type] 
Type model.Product is not enhanced.

------------------------------------------------------------------------------------------------------------------------

[2013-01-17 22:20:08 #1 store] 
Database '/home/larry/workspace/videoblub/db/videoclub.odb' has been recovered (tr. 21-21)

[2013-01-17 22:20:08 #2 store] 
Database '/home/larry/workspace/videoblub/db/videoclub.odb' is opened by 7051@larry-server

[2013-01-17 22:20:08 #3 type] 
Type model.Profile is not enhanced.

[2013-01-17 22:20:08 #4 type] 
Type model.Right is not enhanced.

[2013-01-17 22:20:08 #5 type] 
Type model.User is not enhanced.

[2013-01-17 22:20:08 #6 type] 
Type model.Order is not enhanced.

[2013-01-17 22:20:08 #7 type] 
Type model.Product is not enhanced.

------------------------------------------------------------------------------------------------------------------------

[2013-01-17 22:21:51 #1 store] 
Database '/home/larry/workspace/videoblub/db/videoclub.odb' has been recovered (tr. 22-22)

[2013-01-17 22:21:51 #2 store] 
Database '/home/larry/workspace/videoblub/db/videoclub.odb' is opened by 7097@larry-server

[2013-01-17 22:21:51 #3 type] 
Type model.Profile is not enhanced.

[2013-01-17 22:21:51 #4 type] 
Type model.Right is not enhanced.

[2013-01-17 22:21:51 #5 type] 
Type model.User is not enhanced.

[2013-01-17 22:21:51 #6 type] 
Type model.Order is not enhanced.

[2013-01-17 22:21:51 #7 type] 
Type model.Product is not enhanced.

------------------------------------------------------------------------------------------------------------------------

[2013-01-17 22:25:57 #1 store] 
Database '/home/larry/workspace/videoblub/db/videoclub.odb' has been recovered (tr. 23-23)

[2013-01-17 22:25:57 #2 store] 
Database '/home/larry/workspace/videoblub/db/videoclub.odb' is opened by 7178@larry-server

[2013-01-17 22:25:57 #3 type] 
Type model.Profile is not enhanced.

[2013-01-17 22:25:57 #4 type] 
Type model.Right is not enhanced.

[2013-01-17 22:25:57 #5 type] 
Type model.User is not enhanced.

[2013-01-17 22:25:57 #6 type] 
Type model.Order is not enhanced.

[2013-01-17 22:25:57 #7 type] 
Type model.Product is not enhanced.

------------------------------------------------------------------------------------------------------------------------

[2013-01-17 22:28:18 #1 store] 
Database '/home/larry/workspace/videoblub/db/videoclub.odb' has been recovered (tr. 24-25)

[2013-01-17 22:28:18 #2 store] 
Database '/home/larry/workspace/videoblub/db/videoclub.odb' is opened by 7302@larry-server

[2013-01-17 22:28:18 #3 type] 
Type model.Profile is not enhanced.

[2013-01-17 22:28:18 #4 type] 
Type model.Right is not enhanced.

[2013-01-17 22:28:18 #5 type] 
Type model.User is not enhanced.

[2013-01-17 22:28:18 #6 type] 
Type model.Order is not enhanced.

[2013-01-17 22:28:18 #7 type] 
Type model.Product is not enhanced.

------------------------------------------------------------------------------------------------------------------------

[2013-01-17 22:30:20 #1 store] 
Database '/home/larry/workspace/videoblub/db/videoclub.odb' has been recovered (tr. 26-27)

[2013-01-17 22:30:20 #2 store] 
Database '/home/larry/workspace/videoblub/db/videoclub.odb' is opened by 7399@larry-server

[2013-01-17 22:30:20 #3 type] 
Type model.Profile is not enhanced.

[2013-01-17 22:30:20 #4 type] 
Type model.Right is not enhanced.

[2013-01-17 22:30:20 #5 type] 
Type model.User is not enhanced.

[2013-01-17 22:30:20 #6 type] 
Type model.Order is not enhanced.

[2013-01-17 22:30:20 #7 type] 
Type model.Product is not enhanced.

------------------------------------------------------------------------------------------------------------------------

[2013-01-17 22:31:07 #1 store] 
Database '/home/larry/workspace/videoblub/db/videoclub.odb' has been recovered (tr. 28-30)

[2013-01-17 22:31:07 #2 store] 
Database '/home/larry/workspace/videoblub/db/videoclub.odb' is opened by 7435@larry-server

[2013-01-17 22:31:07 #3 type] 
Type model.Profile is not enhanced.

[2013-01-17 22:31:07 #4 type] 
Type model.Right is not enhanced.

[2013-01-17 22:31:07 #5 type] 
Type model.User is not enhanced.

[2013-01-17 22:31:07 #6 type] 
Type model.Order is not enhanced.

[2013-01-17 22:31:07 #7 type] 
Type model.Product is not enhanced.

------------------------------------------------------------------------------------------------------------------------

[2013-01-17 22:31:32 #1 store] 
Database '/home/larry/workspace/videoblub/db/videoclub.odb' has been recovered (tr. 31-31)

[2013-01-17 22:31:32 #2 store] 
Database '/home/larry/workspace/videoblub/db/videoclub.odb' is opened by 7462@larry-server

[2013-01-17 22:31:32 #3 type] 
Type model.Profile is not enhanced.

[2013-01-17 22:31:32 #4 type] 
Type model.Right is not enhanced.

[2013-01-17 22:31:32 #5 type] 
Type model.User is not enhanced.

[2013-01-17 22:31:32 #6 type] 
Type model.Order is not enhanced.

[2013-01-17 22:31:32 #7 type] 
Type model.Product is not enhanced.

------------------------------------------------------------------------------------------------------------------------

[2013-01-17 23:01:39 #1 store] 
Database '/home/larry/workspace/videoblub/db/videoclub.odb' is opened by 7573@larry-server

[2013-01-17 23:01:39 #2 type] 
Type model.Profile is not enhanced.

[2013-01-17 23:01:39 #3 type] 
Type model.Right is not enhanced.

[2013-01-17 23:01:39 #4 type] 
Type model.User is not enhanced.

[2013-01-17 23:01:39 #5 type] 
Type model.Order is not enhanced.

[2013-01-17 23:01:39 #6 type] 
Type model.Product is not enhanced.

------------------------------------------------------------------------------------------------------------------------

[2013-01-17 23:02:38 #1 store] 
Database '/home/larry/workspace/videoblub/db/videoclub.odb' has been recovered (tr. 32-35)

[2013-01-17 23:02:38 #2 store] 
Database '/home/larry/workspace/videoblub/db/videoclub.odb' is opened by 7602@larry-server

[2013-01-17 23:02:38 #3 type] 
Type model.Profile is not enhanced.

[2013-01-17 23:02:38 #4 type] 
Type model.Right is not enhanced.

[2013-01-17 23:02:38 #5 type] 
Type model.User is not enhanced.

[2013-01-17 23:02:38 #6 type] 
Type model.Order is not enhanced.

[2013-01-17 23:02:38 #7 type] 
Type model.Product is not enhanced.

------------------------------------------------------------------------------------------------------------------------

[2013-01-17 23:05:17 #1 store] 
Database '/home/larry/workspace/videoblub/db/videoclub.odb' is opened by 7650@larry-server

[2013-01-17 23:05:17 #2 type] 
Type model.Profile is not enhanced.

[2013-01-17 23:05:17 #3 type] 
Type model.Right is not enhanced.

[2013-01-17 23:05:17 #4 type] 
Type model.User is not enhanced.

[2013-01-17 23:05:17 #5 type] 
Type model.Order is not enhanced.

[2013-01-17 23:05:17 #6 type] 
Type model.Product is not enhanced.

------------------------------------------------------------------------------------------------------------------------

[2013-01-17 23:08:13 #1 store] 
Database '/home/larry/workspace/videoblub/db/videoclub.odb' has been recovered (tr. 36-37)

[2013-01-17 23:08:13 #2 store] 
Database '/home/larry/workspace/videoblub/db/videoclub.odb' is opened by 7766@larry-server

[2013-01-17 23:08:13 #3 type] 
Type model.Profile is not enhanced.

[2013-01-17 23:08:13 #4 type] 
Type model.Right is not enhanced.

[2013-01-17 23:08:13 #5 type] 
Type model.User is not enhanced.

[2013-01-17 23:08:13 #6 type] 
Type model.Order is not enhanced.

[2013-01-17 23:08:13 #7 type] 
Type model.Product is not enhanced.

------------------------------------------------------------------------------------------------------------------------

[2013-01-17 23:42:43 #1 store] 
Database '/home/larry/workspace/videoblub/db/videoclub.odb' has been recovered (tr. 38-39)

[2013-01-17 23:42:43 #2 store] 
Database '/home/larry/workspace/videoblub/db/videoclub.odb' is opened by 8142@larry-server

[2013-01-17 23:42:43 #3 type] 
Type model.Profile is not enhanced.

[2013-01-17 23:42:43 #4 type] 
Type model.Right is not enhanced.

[2013-01-17 23:42:43 #5 type] 
Type model.User is not enhanced.

[2013-01-17 23:42:43 #6 type] 
Type model.Order is not enhanced.

[2013-01-17 23:42:43 #7 type] 
Type model.Product is not enhanced.

