------------------------------------------------------------------------------------------------------------------------

[2012-12-27 02:13:43 #1 store] 
Database 'C:\Documents and Settings\puppet\My Documents\WorkspaceGIT\videoclub\db\videoclub.odb' is opened by 3988@quake

[2012-12-27 02:13:43 #2 type] 
Type entity.ProductEntity is not enhanced.

[2012-12-27 02:13:43 #3 store] 
Database 'C:\Documents and Settings\puppet\My Documents\WorkspaceGIT\videoclub\db\videoclub.odb' is closed by 3988@quake

[2012-12-27 02:14:01 #4 store] 
Database 'C:\Documents and Settings\puppet\My Documents\WorkspaceGIT\videoclub\db\videoclub.odb' is opened by 3988@quake

[2012-12-27 02:14:01 #5 store] 
Database 'C:\Documents and Settings\puppet\My Documents\WorkspaceGIT\videoclub\db\videoclub.odb' is closed by 3988@quake

[2012-12-27 02:14:01 #6 store] 
Database 'C:\Documents and Settings\puppet\My Documents\WorkspaceGIT\videoclub\db\videoclub.odb' is opened by 3988@quake

[2012-12-27 02:14:01 #7 store] 
Database 'C:\Documents and Settings\puppet\My Documents\WorkspaceGIT\videoclub\db\videoclub.odb' is closed by 3988@quake

------------------------------------------------------------------------------------------------------------------------

[2012-12-27 02:24:35 #1 store] 
Database 'C:\Documents and Settings\puppet\My Documents\WorkspaceGIT\videoclub\db\videoclub.odb' is opened by 2392@quake

[2012-12-27 02:24:35 #2 type] 
Type entity.ProductEntity is not enhanced.

------------------------------------------------------------------------------------------------------------------------

[2012-12-27 02:25:04 #1 store] 
Database 'C:\Documents and Settings\puppet\My Documents\WorkspaceGIT\videoclub\db\videoclub.odb' is opened by 2976@quake

[2012-12-27 02:25:04 #2 type] 
Type entity.ProductEntity is not enhanced.

------------------------------------------------------------------------------------------------------------------------

[2012-12-27 02:48:14 #1 store] 
Database 'C:\Documents and Settings\puppet\My Documents\WorkspaceGIT\videoclub\db\videoclub.odb' is opened by 588@quake

[2012-12-27 02:48:14 #2 type] 
Type entity.ProductEntity is not enhanced.

------------------------------------------------------------------------------------------------------------------------

[2012-12-27 02:48:37 #1 store] 
Database 'C:\Documents and Settings\puppet\My Documents\WorkspaceGIT\videoclub\db\videoclub.odb' is opened by 3084@quake

[2012-12-27 02:48:37 #2 type] 
Type entity.ProductEntity is not enhanced.

------------------------------------------------------------------------------------------------------------------------

[2012-12-27 02:52:52 #1 store] 
Database 'C:\Documents and Settings\puppet\My Documents\WorkspaceGIT\videoclub\db\videoclub.odb' is opened by 484@quake

[2012-12-27 02:52:52 #2 type] 
Type entity.ProductEntity is not enhanced.

------------------------------------------------------------------------------------------------------------------------

[2012-12-27 03:10:50 #1 store] 
Database 'C:\Documents and Settings\puppet\My Documents\WorkspaceGIT\videoclub\db\videoclub.odb' is opened by 3908@quake

[2012-12-27 03:10:51 #2 type] 
Type entity.ProductEntity is not enhanced.

------------------------------------------------------------------------------------------------------------------------

[2012-12-27 03:12:18 #1 store] 
Database 'C:\Documents and Settings\puppet\My Documents\WorkspaceGIT\videoclub\db\videoclub.odb' is opened by 2900@quake

[2012-12-27 03:12:18 #2 type] 
Type entity.ProductEntity is not enhanced.

------------------------------------------------------------------------------------------------------------------------

[2012-12-27 03:14:21 #1 store] 
Database 'C:\Documents and Settings\puppet\My Documents\WorkspaceGIT\videoclub\db\videoclub.odb' is opened by 1484@quake

[2012-12-27 03:14:21 #2 type] 
Type entity.ProductEntity is not enhanced.

------------------------------------------------------------------------------------------------------------------------

[2012-12-27 03:14:48 #1 store] 
Database 'C:\Documents and Settings\puppet\My Documents\WorkspaceGIT\videoclub\db\videoclub.odb' is opened by 3084@quake

[2012-12-27 03:14:48 #2 type] 
Type entity.ProductEntity is not enhanced.

------------------------------------------------------------------------------------------------------------------------

[2012-12-27 03:22:35 #1 store] 
Database 'C:\Documents and Settings\puppet\My Documents\WorkspaceGIT\videoclub\db\videoclub.odb' is opened by 2708@quake

[2012-12-27 03:22:35 #2 type] 
Type entity.ProductEntity is not enhanced.

------------------------------------------------------------------------------------------------------------------------

[2012-12-27 03:32:01 #1 store] 
Database 'C:\Documents and Settings\puppet\My Documents\WorkspaceGIT\videoclub\db\videoclub.odb' is opened by 2316@quake

[2012-12-27 03:32:01 #2 type] 
Type entity.ProductEntity is not enhanced.

------------------------------------------------------------------------------------------------------------------------

[2012-12-27 03:33:12 #1 store] 
Database 'C:\Documents and Settings\puppet\My Documents\WorkspaceGIT\videoclub\db\videoclub.odb' is opened by 3744@quake

[2012-12-27 03:33:12 #2 type] 
Type entity.ProductEntity is not enhanced.

------------------------------------------------------------------------------------------------------------------------

[2012-12-27 03:33:37 #1 store] 
Database 'C:\Documents and Settings\puppet\My Documents\WorkspaceGIT\videoclub\db\videoclub.odb' is opened by 3556@quake

[2012-12-27 03:33:37 #2 type] 
Type entity.ProductEntity is not enhanced.

------------------------------------------------------------------------------------------------------------------------

[2012-12-27 03:44:54 #1 store] 
Database 'C:\Documents and Settings\puppet\My Documents\WorkspaceGIT\videoclub\db\videoclub.odb' is opened by 3400@quake

[2012-12-27 03:44:54 #2 type] 
Type entity.ProductEntity is not enhanced.

------------------------------------------------------------------------------------------------------------------------

[2012-12-27 04:07:00 #1 store] 
Database 'C:\Documents and Settings\puppet\My Documents\WorkspaceGIT\videoclub\db\videoclub.odb' is opened by 2264@quake

[2012-12-27 04:07:00 #2 type] 
Type entity.ProductEntity is not enhanced.

------------------------------------------------------------------------------------------------------------------------

[2012-12-27 04:07:11 #1 store] 
Database 'C:\Documents and Settings\puppet\My Documents\WorkspaceGIT\videoclub\db\videoclub.odb' is opened by 3360@quake

[2012-12-27 04:07:11 #2 type] 
Type entity.ProductEntity is not enhanced.

------------------------------------------------------------------------------------------------------------------------

[2012-12-27 04:15:33 #1 store] 
Database 'C:\Documents and Settings\puppet\My Documents\WorkspaceGIT\videoclub\db\videoclub.odb' is opened by 3444@quake

[2012-12-27 04:15:33 #2 type] 
Type entity.ProductEntity is not enhanced.

------------------------------------------------------------------------------------------------------------------------

[2012-12-27 04:18:54 #1 store] 
Database 'C:\Documents and Settings\puppet\My Documents\WorkspaceGIT\videoclub\db\videoclub.odb' is opened by 2396@quake

[2012-12-27 04:20:39 #2 store] 
Database 'C:\Documents and Settings\puppet\My Documents\WorkspaceGIT\videoclub\db\videoclub.odb' is closed by 2396@quake

------------------------------------------------------------------------------------------------------------------------

[2012-12-27 04:21:48 #1 store] 
Database 'C:\Documents and Settings\puppet\My Documents\WorkspaceGIT\videoclub\db\videoclub.odb' is opened by 2608@quake

[2012-12-27 04:21:48 #2 type] 
Type entity.ProductEntity is not enhanced.

------------------------------------------------------------------------------------------------------------------------

[2012-12-27 04:27:15 #1 store] 
Database 'C:\Documents and Settings\puppet\My Documents\WorkspaceGIT\videoclub\db\videoclub.odb' is opened by 2892@quake

[2012-12-27 04:27:15 #2 type] 
Type entity.ProductEntity is not enhanced.

------------------------------------------------------------------------------------------------------------------------

[2012-12-27 05:21:34 #1 store] 
Database 'C:\Documents and Settings\puppet\My Documents\WorkspaceGIT\videoclub\db\videoclub.odb' is opened by 264@quake

[2012-12-27 05:21:34 #2 type] 
Type entity.ProductEntity is not enhanced.

------------------------------------------------------------------------------------------------------------------------

[2012-12-27 05:24:22 #1 store] 
Database 'C:\Documents and Settings\puppet\My Documents\WorkspaceGIT\videoclub\db\videoclub.odb' is opened by 1728@quake

[2012-12-27 05:24:22 #2 type] 
Type entity.ProductEntity is not enhanced.

------------------------------------------------------------------------------------------------------------------------

[2012-12-27 05:28:17 #1 store] 
Database 'C:\Documents and Settings\puppet\My Documents\WorkspaceGIT\videoclub\db\videoclub.odb' is opened by 3484@quake

[2012-12-27 05:31:05 #2 store] 
Database 'C:\Documents and Settings\puppet\My Documents\WorkspaceGIT\videoclub\db\videoclub.odb' is closed by 3484@quake

------------------------------------------------------------------------------------------------------------------------

[2012-12-27 05:31:12 #1 store] 
Database 'C:\Documents and Settings\puppet\My Documents\WorkspaceGIT\videoclub\db\videoclub.odb' is opened by 2968@quake

[2012-12-27 05:31:12 #2 type] 
Type entity.ProductEntity is not enhanced.

------------------------------------------------------------------------------------------------------------------------

[2012-12-27 05:45:23 #1 store] 
Database 'C:\Documents and Settings\puppet\My Documents\WorkspaceGIT\videoclub\db\videoclub.odb' is opened by 3568@quake

[2012-12-27 05:45:24 #2 type] 
Type entity.ProductEntity is not enhanced.

------------------------------------------------------------------------------------------------------------------------

[2012-12-27 05:57:32 #1 store] 
Database 'C:\Documents and Settings\puppet\My Documents\WorkspaceGIT\videoclub\db\videoclub.odb' is opened by 2960@quake

[2012-12-27 05:57:33 #2 type] 
Type entity.ProductEntity is not enhanced.

------------------------------------------------------------------------------------------------------------------------

[2012-12-27 15:56:32 #1 store] 
Database 'C:\Documents and Settings\puppet\My Documents\WorkspaceGIT\videoclub\db\videoclub.odb' is opened by 3088@quake

[2012-12-27 15:56:32 #2 type] 
Type entity.ProductEntity is not enhanced.

------------------------------------------------------------------------------------------------------------------------

[2012-12-27 15:56:56 #1 store] 
Database 'C:\Documents and Settings\puppet\My Documents\WorkspaceGIT\videoclub\db\videoclub.odb' is opened by 2040@quake

[2012-12-27 15:56:56 #2 type] 
Type entity.ProductEntity is not enhanced.

[2012-12-27 15:56:56 #3 store] 
Database 'C:\Documents and Settings\puppet\My Documents\WorkspaceGIT\videoclub\db\videoclub.odb' is closed by 2040@quake

------------------------------------------------------------------------------------------------------------------------

[2012-12-27 16:36:48 #1 store] 
Database 'C:\Documents and Settings\puppet\My Documents\WorkspaceGIT\videoclub\db\videoclub.odb' is opened by 2380@quake

[2012-12-27 16:36:48 #2 type] 
Type entity.ProductEntity is not enhanced.

[2012-12-27 16:36:48 #3 store] 
Database 'C:\Documents and Settings\puppet\My Documents\WorkspaceGIT\videoclub\db\videoclub.odb' is closed by 2380@quake

[2012-12-27 16:41:39 #4 store] 
Database 'C:\Documents and Settings\puppet\My Documents\WorkspaceGIT\videoclub\db\videoclub.odb' is opened by 2380@quake

[2012-12-27 16:41:39 #5 store] 
Database 'C:\Documents and Settings\puppet\My Documents\WorkspaceGIT\videoclub\db\videoclub.odb' is closed by 2380@quake

[2012-12-27 16:41:39 #6 store] 
Database 'C:\Documents and Settings\puppet\My Documents\WorkspaceGIT\videoclub\db\videoclub.odb' is opened by 2380@quake

[2012-12-27 16:41:39 #7 store] 
Database 'C:\Documents and Settings\puppet\My Documents\WorkspaceGIT\videoclub\db\videoclub.odb' is closed by 2380@quake

[2012-12-27 16:41:51 #8 store] 
Database 'C:\Documents and Settings\puppet\My Documents\WorkspaceGIT\videoclub\db\videoclub.odb' is opened by 2380@quake

------------------------------------------------------------------------------------------------------------------------

[2012-12-27 16:54:13 #1 store] 
Database 'C:\Documents and Settings\puppet\My Documents\WorkspaceGIT\videoclub\db\videoclub.odb' is opened by 3124@quake

[2012-12-27 16:54:13 #2 type] 
Type entity.ProductEntity is not enhanced.

[2012-12-27 16:54:14 #3 store] 
Database 'C:\Documents and Settings\puppet\My Documents\WorkspaceGIT\videoclub\db\videoclub.odb' is closed by 3124@quake

[2012-12-27 16:54:26 #4 store] 
Database 'C:\Documents and Settings\puppet\My Documents\WorkspaceGIT\videoclub\db\videoclub.odb' is opened by 3124@quake

[2012-12-27 16:54:26 #5 store] 
Database 'C:\Documents and Settings\puppet\My Documents\WorkspaceGIT\videoclub\db\videoclub.odb' is closed by 3124@quake

[2012-12-27 16:54:26 #6 store] 
Database 'C:\Documents and Settings\puppet\My Documents\WorkspaceGIT\videoclub\db\videoclub.odb' is opened by 3124@quake

[2012-12-27 16:54:26 #7 store] 
Database 'C:\Documents and Settings\puppet\My Documents\WorkspaceGIT\videoclub\db\videoclub.odb' is closed by 3124@quake

[2012-12-27 16:54:35 #8 store] 
Database 'C:\Documents and Settings\puppet\My Documents\WorkspaceGIT\videoclub\db\videoclub.odb' is opened by 3124@quake

------------------------------------------------------------------------------------------------------------------------

[2012-12-27 16:55:14 #1 store] 
Database 'C:\Documents and Settings\puppet\My Documents\WorkspaceGIT\videoclub\db\videoclub.odb' is opened by 1932@quake

[2012-12-27 16:55:14 #2 type] 
Type entity.ProductEntity is not enhanced.

[2012-12-27 16:55:14 #3 store] 
Database 'C:\Documents and Settings\puppet\My Documents\WorkspaceGIT\videoclub\db\videoclub.odb' is closed by 1932@quake

[2012-12-27 16:55:27 #4 store] 
Database 'C:\Documents and Settings\puppet\My Documents\WorkspaceGIT\videoclub\db\videoclub.odb' is opened by 1932@quake

[2012-12-27 16:55:27 #5 store] 
Database 'C:\Documents and Settings\puppet\My Documents\WorkspaceGIT\videoclub\db\videoclub.odb' is closed by 1932@quake

[2012-12-27 16:55:27 #6 store] 
Database 'C:\Documents and Settings\puppet\My Documents\WorkspaceGIT\videoclub\db\videoclub.odb' is opened by 1932@quake

[2012-12-27 16:55:27 #7 store] 
Database 'C:\Documents and Settings\puppet\My Documents\WorkspaceGIT\videoclub\db\videoclub.odb' is closed by 1932@quake

[2012-12-27 16:55:37 #8 store] 
Database 'C:\Documents and Settings\puppet\My Documents\WorkspaceGIT\videoclub\db\videoclub.odb' is opened by 1932@quake

------------------------------------------------------------------------------------------------------------------------

[2012-12-27 16:59:22 #1 store] 
Database 'C:\Documents and Settings\puppet\My Documents\WorkspaceGIT\videoclub\db\videoclub.odb' is opened by 1800@quake

[2012-12-27 16:59:22 #2 type] 
Type entity.ProductEntity is not enhanced.

[2012-12-27 16:59:23 #3 store] 
Database 'C:\Documents and Settings\puppet\My Documents\WorkspaceGIT\videoclub\db\videoclub.odb' is closed by 1800@quake

[2012-12-27 16:59:43 #4 store] 
Database 'C:\Documents and Settings\puppet\My Documents\WorkspaceGIT\videoclub\db\videoclub.odb' is opened by 1800@quake

[2012-12-27 16:59:43 #5 store] 
Database 'C:\Documents and Settings\puppet\My Documents\WorkspaceGIT\videoclub\db\videoclub.odb' is closed by 1800@quake

[2012-12-27 16:59:43 #6 store] 
Database 'C:\Documents and Settings\puppet\My Documents\WorkspaceGIT\videoclub\db\videoclub.odb' is opened by 1800@quake

[2012-12-27 16:59:43 #7 store] 
Database 'C:\Documents and Settings\puppet\My Documents\WorkspaceGIT\videoclub\db\videoclub.odb' is closed by 1800@quake

[2012-12-27 16:59:57 #8 store] 
Database 'C:\Documents and Settings\puppet\My Documents\WorkspaceGIT\videoclub\db\videoclub.odb' is opened by 1800@quake

------------------------------------------------------------------------------------------------------------------------

[2012-12-27 17:01:24 #1 store] 
Database 'C:\Documents and Settings\puppet\My Documents\WorkspaceGIT\videoclub\db\videoclub.odb' is opened by 2880@quake

[2012-12-27 17:01:24 #2 type] 
Type entity.ProductEntity is not enhanced.

[2012-12-27 17:01:25 #3 store] 
Database 'C:\Documents and Settings\puppet\My Documents\WorkspaceGIT\videoclub\db\videoclub.odb' is closed by 2880@quake

[2012-12-27 17:01:35 #4 store] 
Database 'C:\Documents and Settings\puppet\My Documents\WorkspaceGIT\videoclub\db\videoclub.odb' is opened by 2880@quake

[2012-12-27 17:01:35 #5 store] 
Database 'C:\Documents and Settings\puppet\My Documents\WorkspaceGIT\videoclub\db\videoclub.odb' is closed by 2880@quake

[2012-12-27 17:01:35 #6 store] 
Database 'C:\Documents and Settings\puppet\My Documents\WorkspaceGIT\videoclub\db\videoclub.odb' is opened by 2880@quake

[2012-12-27 17:01:35 #7 store] 
Database 'C:\Documents and Settings\puppet\My Documents\WorkspaceGIT\videoclub\db\videoclub.odb' is closed by 2880@quake

[2012-12-27 17:01:46 #8 store] 
Database 'C:\Documents and Settings\puppet\My Documents\WorkspaceGIT\videoclub\db\videoclub.odb' is opened by 2880@quake

------------------------------------------------------------------------------------------------------------------------

[2012-12-27 17:01:58 #1 store] 
Database 'C:\Documents and Settings\puppet\My Documents\WorkspaceGIT\videoclub\db\videoclub.odb' is opened by 2488@quake

[2012-12-27 17:01:58 #2 type] 
Type entity.ProductEntity is not enhanced.

[2012-12-27 17:01:58 #3 store] 
Database 'C:\Documents and Settings\puppet\My Documents\WorkspaceGIT\videoclub\db\videoclub.odb' is closed by 2488@quake

[2012-12-27 17:02:07 #4 store] 
Database 'C:\Documents and Settings\puppet\My Documents\WorkspaceGIT\videoclub\db\videoclub.odb' is opened by 2488@quake

[2012-12-27 17:02:07 #5 store] 
Database 'C:\Documents and Settings\puppet\My Documents\WorkspaceGIT\videoclub\db\videoclub.odb' is closed by 2488@quake

[2012-12-27 17:02:07 #6 store] 
Database 'C:\Documents and Settings\puppet\My Documents\WorkspaceGIT\videoclub\db\videoclub.odb' is opened by 2488@quake

[2012-12-27 17:02:07 #7 store] 
Database 'C:\Documents and Settings\puppet\My Documents\WorkspaceGIT\videoclub\db\videoclub.odb' is closed by 2488@quake

------------------------------------------------------------------------------------------------------------------------

[2012-12-27 19:21:51 #1 store] 
Database 'C:\Documents and Settings\puppet\My Documents\WorkspaceGIT\videoclub\db\videoclub.odb' is opened by 2792@quake

[2012-12-27 19:21:51 #2 type] 
Type entity.ProductEntity is not enhanced.

------------------------------------------------------------------------------------------------------------------------

[2012-12-27 19:22:59 #1 store] 
Database 'C:\Documents and Settings\puppet\My Documents\WorkspaceGIT\videoclub\db\videoclub.odb' has been recovered (tr. 1-3)

[2012-12-27 19:23:00 #2 store] 
Database 'C:\Documents and Settings\puppet\My Documents\WorkspaceGIT\videoclub\db\videoclub.odb' is opened by 1312@quake

[2012-12-27 19:23:00 #3 type] 
Type entity.ProductEntity is not enhanced.

------------------------------------------------------------------------------------------------------------------------

[2012-12-27 19:23:23 #1 store] 
Database 'C:\Documents and Settings\puppet\My Documents\WorkspaceGIT\videoclub\db\videoclub.odb' is opened by 3236@quake

[2012-12-27 19:23:30 #2 store] 
Database 'C:\Documents and Settings\puppet\My Documents\WorkspaceGIT\videoclub\db\videoclub.odb' is closed by 3236@quake

------------------------------------------------------------------------------------------------------------------------

[2012-12-27 19:23:49 #1 store] 
Database 'C:\Documents and Settings\puppet\My Documents\WorkspaceGIT\videoclub\db\videoclub.odb' is opened by 1204@quake

[2012-12-27 19:23:49 #2 type] 
Type entity.ProductEntity is not enhanced.

[2012-12-27 19:23:49 #3 store] 
Database 'C:\Documents and Settings\puppet\My Documents\WorkspaceGIT\videoclub\db\videoclub.odb' is closed by 1204@quake

[2012-12-27 19:24:01 #4 store] 
Database 'C:\Documents and Settings\puppet\My Documents\WorkspaceGIT\videoclub\db\videoclub.odb' is opened by 1204@quake

[2012-12-27 19:24:01 #5 store] 
Database 'C:\Documents and Settings\puppet\My Documents\WorkspaceGIT\videoclub\db\videoclub.odb' is closed by 1204@quake

[2012-12-27 19:24:01 #6 store] 
Database 'C:\Documents and Settings\puppet\My Documents\WorkspaceGIT\videoclub\db\videoclub.odb' is opened by 1204@quake

[2012-12-27 19:24:01 #7 store] 
Database 'C:\Documents and Settings\puppet\My Documents\WorkspaceGIT\videoclub\db\videoclub.odb' is closed by 1204@quake

------------------------------------------------------------------------------------------------------------------------

[2012-12-27 19:24:07 #1 store] 
Database 'C:\Documents and Settings\puppet\My Documents\WorkspaceGIT\videoclub\db\videoclub.odb' is opened by 2740@quake

[2012-12-27 19:24:07 #2 type] 
Type entity.ProductEntity is not enhanced.

[2012-12-27 19:24:07 #3 store] 
Database 'C:\Documents and Settings\puppet\My Documents\WorkspaceGIT\videoclub\db\videoclub.odb' is closed by 2740@quake

[2012-12-27 19:24:22 #4 store] 
Database 'C:\Documents and Settings\puppet\My Documents\WorkspaceGIT\videoclub\db\videoclub.odb' is opened by 2740@quake

[2012-12-27 19:24:22 #5 store] 
Database 'C:\Documents and Settings\puppet\My Documents\WorkspaceGIT\videoclub\db\videoclub.odb' is closed by 2740@quake

[2012-12-27 19:24:22 #6 store] 
Database 'C:\Documents and Settings\puppet\My Documents\WorkspaceGIT\videoclub\db\videoclub.odb' is opened by 2740@quake

[2012-12-27 19:24:22 #7 store] 
Database 'C:\Documents and Settings\puppet\My Documents\WorkspaceGIT\videoclub\db\videoclub.odb' is closed by 2740@quake

------------------------------------------------------------------------------------------------------------------------

[2012-12-27 19:25:20 #1 store] 
Database 'C:\Documents and Settings\puppet\My Documents\WorkspaceGIT\videoclub\db\videoclub.odb' is opened by 968@quake

[2012-12-27 19:25:20 #2 type] 
Type entity.ProductEntity is not enhanced.

------------------------------------------------------------------------------------------------------------------------

[2012-12-27 19:36:12 #1 store] 
Database 'C:\Documents and Settings\puppet\My Documents\WorkspaceGIT\videoclub\db\videoclub.odb' is opened by 2476@quake

[2012-12-27 19:37:34 #2 store] 
Database 'C:\Documents and Settings\puppet\My Documents\WorkspaceGIT\videoclub\db\videoclub.odb' is closed by 2476@quake

------------------------------------------------------------------------------------------------------------------------

[2012-12-27 19:40:10 #1 store] 
Database 'C:\Documents and Settings\puppet\My Documents\WorkspaceGIT\videoclub\db\videoclub.odb' is opened by 3124@quake

[2012-12-27 19:40:10 #2 type] 
Type entity.ProductEntity is not enhanced.

[2012-12-27 19:40:10 #3 store] 
Database 'C:\Documents and Settings\puppet\My Documents\WorkspaceGIT\videoclub\db\videoclub.odb' is closed by 3124@quake

[2012-12-27 19:40:51 #4 store] 
Database 'C:\Documents and Settings\puppet\My Documents\WorkspaceGIT\videoclub\db\videoclub.odb' is opened by 3124@quake

[2012-12-27 19:40:51 #5 store] 
Database 'C:\Documents and Settings\puppet\My Documents\WorkspaceGIT\videoclub\db\videoclub.odb' is closed by 3124@quake

[2012-12-27 19:40:51 #6 store] 
Database 'C:\Documents and Settings\puppet\My Documents\WorkspaceGIT\videoclub\db\videoclub.odb' is opened by 3124@quake

[2012-12-27 19:40:51 #7 store] 
Database 'C:\Documents and Settings\puppet\My Documents\WorkspaceGIT\videoclub\db\videoclub.odb' is closed by 3124@quake

------------------------------------------------------------------------------------------------------------------------

[2012-12-27 19:41:00 #1 store] 
Database 'C:\Documents and Settings\puppet\My Documents\WorkspaceGIT\videoclub\db\videoclub.odb' is opened by 3748@quake

[2012-12-27 19:41:01 #2 type] 
Type entity.ProductEntity is not enhanced.

[2012-12-27 19:41:01 #3 store] 
Database 'C:\Documents and Settings\puppet\My Documents\WorkspaceGIT\videoclub\db\videoclub.odb' is closed by 3748@quake

[2012-12-27 19:41:41 #4 store] 
Database 'C:\Documents and Settings\puppet\My Documents\WorkspaceGIT\videoclub\db\videoclub.odb' is opened by 3748@quake

[2012-12-27 19:41:41 #5 store] 
Database 'C:\Documents and Settings\puppet\My Documents\WorkspaceGIT\videoclub\db\videoclub.odb' is closed by 3748@quake

[2012-12-27 19:41:41 #6 store] 
Database 'C:\Documents and Settings\puppet\My Documents\WorkspaceGIT\videoclub\db\videoclub.odb' is opened by 3748@quake

[2012-12-27 19:41:41 #7 store] 
Database 'C:\Documents and Settings\puppet\My Documents\WorkspaceGIT\videoclub\db\videoclub.odb' is closed by 3748@quake

------------------------------------------------------------------------------------------------------------------------

[2012-12-27 19:43:26 #1 store] 
Database 'C:\Documents and Settings\puppet\My Documents\WorkspaceGIT\videoclub\db\videoclub.odb' is opened by 3340@quake

[2012-12-27 19:43:26 #2 type] 
Type entity.ProductEntity is not enhanced.

------------------------------------------------------------------------------------------------------------------------

[2012-12-27 19:43:45 #1 store] 
Database 'C:\Documents and Settings\puppet\My Documents\WorkspaceGIT\videoclub\db\videoclub.odb' is opened by 2276@quake

[2012-12-27 19:43:45 #2 type] 
Type entity.ProductEntity is not enhanced.

------------------------------------------------------------------------------------------------------------------------

[2012-12-27 19:44:31 #1 store] 
Database 'C:\Documents and Settings\puppet\My Documents\WorkspaceGIT\videoclub\db\videoclub.odb' is opened by 2904@quake

[2012-12-27 19:44:31 #2 type] 
Type entity.ProductEntity is not enhanced.

------------------------------------------------------------------------------------------------------------------------

[2012-12-27 19:46:44 #1 store] 
Database 'C:\Documents and Settings\puppet\My Documents\WorkspaceGIT\videoclub\db\videoclub.odb' is opened by 1288@quake

[2012-12-27 19:46:44 #2 type] 
Type entity.ProductEntity is not enhanced.

------------------------------------------------------------------------------------------------------------------------

[2012-12-27 19:49:15 #1 store] 
Database 'C:\Documents and Settings\puppet\My Documents\WorkspaceGIT\videoclub\db\videoclub.odb' is opened by 3160@quake

[2012-12-27 19:49:15 #2 type] 
Type entity.ProductEntity is not enhanced.

------------------------------------------------------------------------------------------------------------------------

[2012-12-27 19:49:52 #1 store] 
Database 'C:\Documents and Settings\puppet\My Documents\WorkspaceGIT\videoclub\db\videoclub.odb' is opened by 588@quake

[2012-12-27 19:49:52 #2 type] 
Type entity.ProductEntity is not enhanced.

------------------------------------------------------------------------------------------------------------------------

[2012-12-27 21:38:35 #1 store] 
Database 'C:\Documents and Settings\puppet\My Documents\WorkspaceGIT\videoclub\db\videoclub.odb' is opened by 2304@quake

[2012-12-27 21:38:35 #2 type] 
Type entity.ProductEntity is not enhanced.

------------------------------------------------------------------------------------------------------------------------

[2012-12-27 21:59:43 #1 store] 
Database 'C:\Documents and Settings\puppet\My Documents\WorkspaceGIT\videoclub\db\videoclub.odb' is opened by 2660@quake

[2012-12-27 21:59:43 #2 type] 
Type entity.ProductEntity is not enhanced.

------------------------------------------------------------------------------------------------------------------------

[2012-12-27 22:01:10 #1 store] 
Database 'C:\Documents and Settings\puppet\My Documents\WorkspaceGIT\videoclub\db\videoclub.odb' is opened by 2896@quake

[2012-12-27 22:01:10 #2 type] 
Type entity.ProductEntity is not enhanced.

------------------------------------------------------------------------------------------------------------------------

[2012-12-27 22:02:56 #1 store] 
Database 'C:\Documents and Settings\puppet\My Documents\WorkspaceGIT\videoclub\db\videoclub.odb' is opened by 2832@quake

[2012-12-27 22:02:56 #2 type] 
Type entity.ProductEntity is not enhanced.

------------------------------------------------------------------------------------------------------------------------

[2012-12-27 23:17:56 #1 store] 
Database 'C:\Documents and Settings\puppet\My Documents\WorkspaceGIT\videoclub\db\videoclub.odb' is opened by 3572@quake

[2012-12-27 23:17:57 #2 type] 
Type entity.ProductEntity is not enhanced.

------------------------------------------------------------------------------------------------------------------------

[2012-12-27 23:25:02 #1 store] 
Database 'C:\Documents and Settings\puppet\My Documents\WorkspaceGIT\videoclub\db\videoclub.odb' is opened by 5012@quake

[2012-12-27 23:25:02 #2 type] 
Type entity.ProductEntity is not enhanced.

------------------------------------------------------------------------------------------------------------------------

[2012-12-27 23:27:11 #1 store] 
Database 'C:\Documents and Settings\puppet\My Documents\WorkspaceGIT\videoclub\db\videoclub.odb' is opened by 4264@quake

[2012-12-27 23:27:11 #2 type] 
Type entity.ProductEntity is not enhanced.

------------------------------------------------------------------------------------------------------------------------

[2012-12-27 23:30:33 #1 store] 
Database 'C:\Documents and Settings\puppet\My Documents\WorkspaceGIT\videoclub\db\videoclub.odb' is opened by 3736@quake

[2012-12-27 23:30:33 #2 type] 
Type entity.ProductEntity is not enhanced.

------------------------------------------------------------------------------------------------------------------------

[2012-12-27 23:31:27 #1 store] 
Database 'C:\Documents and Settings\puppet\My Documents\WorkspaceGIT\videoclub\db\videoclub.odb' is opened by 3528@quake

[2012-12-27 23:31:27 #2 type] 
Type entity.ProductEntity is not enhanced.

------------------------------------------------------------------------------------------------------------------------

[2012-12-27 23:33:01 #1 store] 
Database 'C:\Documents and Settings\puppet\My Documents\WorkspaceGIT\videoclub\db\videoclub.odb' is opened by 3364@quake

[2012-12-27 23:33:01 #2 type] 
Type entity.ProductEntity is not enhanced.

------------------------------------------------------------------------------------------------------------------------

[2012-12-27 23:33:34 #1 store] 
Database 'C:\Documents and Settings\puppet\My Documents\WorkspaceGIT\videoclub\db\videoclub.odb' is opened by 5348@quake

[2012-12-27 23:33:34 #2 type] 
Type entity.ProductEntity is not enhanced.

