------------------------------------------------------------------------------------------------------------------------

[2013-01-09 00:00:33 #1 store] 
Database '/home/larry/workspace/videoclub/db/videoclub.odb' is opened by 10319@larry-notebook

[2013-01-09 00:00:33 #2 type] 
Type model.Product is not enhanced.

------------------------------------------------------------------------------------------------------------------------

[2013-01-09 00:01:36 #1 store] 
Database '/home/larry/workspace/videoclub/db/videoclub.odb' is opened by 10353@larry-notebook

[2013-01-09 00:01:36 #2 type] 
Type model.Product is not enhanced.

------------------------------------------------------------------------------------------------------------------------

[2013-01-09 00:05:59 #1 store] 
Database '/home/larry/workspace/videoclub/db/videoclub.odb' is opened by 10397@larry-notebook

[2013-01-09 00:05:59 #2 type] 
Type model.Product is not enhanced.

------------------------------------------------------------------------------------------------------------------------

[2013-01-09 00:08:56 #1 store] 
Database '/home/larry/workspace/videoclub/db/videoclub.odb' is opened by 10464@larry-notebook

[2013-01-09 00:08:57 #2 type] 
Type model.Product is not enhanced.

------------------------------------------------------------------------------------------------------------------------

[2013-01-09 00:12:31 #1 store] 
Database '/home/larry/workspace/videoclub/db/videoclub.odb' is opened by 10519@larry-notebook

[2013-01-09 00:12:31 #2 type] 
Type model.Product is not enhanced.

------------------------------------------------------------------------------------------------------------------------

[2013-01-09 00:13:53 #1 store] 
Database '/home/larry/workspace/videoclub/db/videoclub.odb' is opened by 10570@larry-notebook

[2013-01-09 00:13:53 #2 type] 
Type model.Product is not enhanced.

------------------------------------------------------------------------------------------------------------------------

[2013-01-09 00:14:19 #1 store] 
Database '/home/larry/workspace/videoclub/db/videoclub.odb' is opened by 10609@larry-notebook

[2013-01-09 00:14:19 #2 type] 
Type model.Product is not enhanced.

------------------------------------------------------------------------------------------------------------------------

[2013-01-09 00:15:48 #1 store] 
Database '/home/larry/workspace/videoclub/db/videoclub.odb' is opened by 10699@larry-notebook

[2013-01-09 00:15:48 #2 type] 
Type model.Product is not enhanced.

------------------------------------------------------------------------------------------------------------------------

[2013-01-09 00:18:23 #1 store] 
Database '/home/larry/workspace/videoclub/db/videoclub.odb' is opened by 10810@larry-notebook

[2013-01-09 00:18:23 #2 type] 
Type model.Product is not enhanced.

------------------------------------------------------------------------------------------------------------------------

[2013-01-09 00:19:23 #1 store] 
Database '/home/larry/workspace/videoclub/db/videoclub.odb' is opened by 10856@larry-notebook

[2013-01-09 00:19:23 #2 type] 
Type model.Product is not enhanced.

------------------------------------------------------------------------------------------------------------------------

[2013-01-09 00:21:37 #1 store] 
Database '/home/larry/workspace/videoclub/db/videoclub.odb' is opened by 10917@larry-notebook

[2013-01-09 00:21:37 #2 type] 
Type model.Product is not enhanced.

------------------------------------------------------------------------------------------------------------------------

[2013-01-09 00:24:02 #1 store] 
Database '/home/larry/workspace/videoclub/db/videoclub.odb' is opened by 10975@larry-notebook

[2013-01-09 00:24:02 #2 type] 
Type model.Product is not enhanced.

------------------------------------------------------------------------------------------------------------------------

[2013-01-09 00:25:45 #1 store] 
Database '/home/larry/workspace/videoclub/db/videoclub.odb' is opened by 11059@larry-notebook

[2013-01-09 00:25:45 #2 type] 
Type model.Product is not enhanced.

------------------------------------------------------------------------------------------------------------------------

[2013-01-09 00:26:44 #1 store] 
Database '/home/larry/workspace/videoclub/db/videoclub.odb' is opened by 11094@larry-notebook

[2013-01-09 00:26:44 #2 type] 
Type model.Product is not enhanced.

------------------------------------------------------------------------------------------------------------------------

[2013-01-09 00:27:18 #1 store] 
Database '/home/larry/workspace/videoclub/db/videoclub.odb' is opened by 11120@larry-notebook

[2013-01-09 00:27:18 #2 type] 
Type model.Product is not enhanced.

------------------------------------------------------------------------------------------------------------------------

[2013-01-09 00:29:24 #1 store] 
Database '/home/larry/workspace/videoclub/db/videoclub.odb' is opened by 11151@larry-notebook

[2013-01-09 00:29:24 #2 type] 
Type model.Product is not enhanced.

------------------------------------------------------------------------------------------------------------------------

[2013-01-09 00:31:27 #1 store] 
Database '/home/larry/workspace/videoclub/db/videoclub.odb' is opened by 11221@larry-notebook

[2013-01-09 00:31:28 #2 type] 
Type model.Product is not enhanced.

------------------------------------------------------------------------------------------------------------------------

[2013-01-09 00:31:49 #1 store] 
Database '/home/larry/workspace/videoclub/db/videoclub.odb' is opened by 11248@larry-notebook

[2013-01-09 00:31:49 #2 type] 
Type model.Product is not enhanced.

------------------------------------------------------------------------------------------------------------------------

[2013-01-09 00:32:02 #1 store] 
Database '/home/larry/workspace/videoclub/db/videoclub.odb' is opened by 11275@larry-notebook

[2013-01-09 00:32:02 #2 type] 
Type model.Product is not enhanced.

------------------------------------------------------------------------------------------------------------------------

[2013-01-09 00:33:10 #1 store] 
Database '/home/larry/workspace/videoclub/db/videoclub.odb' is opened by 11337@larry-notebook

[2013-01-09 00:33:10 #2 type] 
Type model.Product is not enhanced.

------------------------------------------------------------------------------------------------------------------------

[2013-01-09 00:36:08 #1 store] 
Database '/home/larry/workspace/videoclub/db/videoclub.odb' is opened by 11430@larry-notebook

[2013-01-09 00:36:09 #2 type] 
Type model.Product is not enhanced.

------------------------------------------------------------------------------------------------------------------------

[2013-01-09 00:41:08 #1 store] 
Database '/home/larry/workspace/videoclub/db/videoclub.odb' is opened by 11497@larry-notebook

[2013-01-09 00:41:08 #2 type] 
Type model.Product is not enhanced.

------------------------------------------------------------------------------------------------------------------------

[2013-01-09 00:41:38 #1 store] 
Database '/home/larry/workspace/videoclub/db/videoclub.odb' is opened by 11526@larry-notebook

[2013-01-09 00:41:38 #2 type] 
Type model.Product is not enhanced.

------------------------------------------------------------------------------------------------------------------------

[2013-01-09 00:43:28 #1 store] 
Database '/home/larry/workspace/videoclub/db/videoclub.odb' is opened by 11640@larry-notebook

[2013-01-09 00:43:28 #2 type] 
Type model.Product is not enhanced.

------------------------------------------------------------------------------------------------------------------------

[2013-01-09 00:46:46 #1 store] 
Database '/home/larry/workspace/videoclub/db/videoclub.odb' is opened by 11798@larry-notebook

[2013-01-09 00:46:46 #2 type] 
Type model.Product is not enhanced.

------------------------------------------------------------------------------------------------------------------------

[2013-01-09 00:47:56 #1 store] 
Database '/home/larry/workspace/videoclub/db/videoclub.odb' has been recovered (tr. 15-15)

[2013-01-09 00:47:56 #2 store] 
Database '/home/larry/workspace/videoclub/db/videoclub.odb' is opened by 11854@larry-notebook

[2013-01-09 00:47:56 #3 type] 
Type model.Product is not enhanced.

------------------------------------------------------------------------------------------------------------------------

[2013-01-09 00:49:44 #1 store] 
Database '/home/larry/workspace/videoclub/db/videoclub.odb' is opened by 11925@larry-notebook

[2013-01-09 00:49:44 #2 type] 
Type model.Product is not enhanced.

------------------------------------------------------------------------------------------------------------------------

[2013-01-09 00:54:51 #1 store] 
Database '/home/larry/workspace/videoclub/db/videoclub.odb' has been recovered (tr. 16-16)

[2013-01-09 00:54:51 #2 store] 
Database '/home/larry/workspace/videoclub/db/videoclub.odb' is opened by 12028@larry-notebook

[2013-01-09 00:54:51 #3 type] 
Type model.Product is not enhanced.

------------------------------------------------------------------------------------------------------------------------

[2013-01-09 00:55:30 #1 store] 
Database '/home/larry/workspace/videoclub/db/videoclub.odb' has been recovered (tr. 17-17)

[2013-01-09 00:55:30 #2 store] 
Database '/home/larry/workspace/videoclub/db/videoclub.odb' is opened by 12056@larry-notebook

[2013-01-09 00:55:30 #3 type] 
Type model.Product is not enhanced.

------------------------------------------------------------------------------------------------------------------------

[2013-01-09 00:59:08 #1 store] 
Database '/home/larry/workspace/videoclub/db/videoclub.odb' is opened by 12115@larry-notebook

[2013-01-09 00:59:08 #2 type] 
Type model.Product is not enhanced.

------------------------------------------------------------------------------------------------------------------------

[2013-01-09 01:03:56 #1 store] 
Database '/home/larry/workspace/videoclub/db/videoclub.odb' is opened by 12189@larry-notebook

[2013-01-09 01:03:56 #2 type] 
Type model.Product is not enhanced.

------------------------------------------------------------------------------------------------------------------------

[2013-01-09 01:10:15 #1 store] 
Database '/home/larry/workspace/videoclub/db/videoclub.odb' is opened by 12341@larry-notebook

[2013-01-09 01:10:15 #2 type] 
Type model.Product is not enhanced.

------------------------------------------------------------------------------------------------------------------------

[2013-01-09 01:16:10 #1 store] 
Database '/home/larry/workspace/videoclub/db/videoclub.odb' is opened by 12532@larry-notebook

[2013-01-09 01:16:10 #2 type] 
Type model.Product is not enhanced.

------------------------------------------------------------------------------------------------------------------------

[2013-01-09 01:16:33 #1 store] 
Database '/home/larry/workspace/videoclub/db/videoclub.odb' has been recovered (tr. 17-17)

[2013-01-09 01:16:33 #2 store] 
Database '/home/larry/workspace/videoclub/db/videoclub.odb' is opened by 12559@larry-notebook

[2013-01-09 01:16:33 #3 type] 
Type model.Product is not enhanced.

------------------------------------------------------------------------------------------------------------------------

[2013-01-09 01:16:56 #1 store] 
Database '/home/larry/workspace/videoclub/db/videoclub.odb' has been recovered (tr. 18-18)

[2013-01-09 01:16:56 #2 store] 
Database '/home/larry/workspace/videoclub/db/videoclub.odb' is opened by 12589@larry-notebook

[2013-01-09 01:16:56 #3 type] 
Type model.Product is not enhanced.

------------------------------------------------------------------------------------------------------------------------

[2013-01-09 01:17:18 #1 store] 
Database '/home/larry/workspace/videoclub/db/videoclub.odb' has been recovered (tr. 19-19)

[2013-01-09 01:17:18 #2 store] 
Database '/home/larry/workspace/videoclub/db/videoclub.odb' is opened by 12618@larry-notebook

[2013-01-09 01:17:18 #3 type] 
Type model.Product is not enhanced.

------------------------------------------------------------------------------------------------------------------------

[2013-01-09 01:19:58 #1 store] 
Database '/home/larry/workspace/videoclub/db/videoclub.odb' is opened by 12663@larry-notebook

[2013-01-09 01:19:59 #2 type] 
Type model.Product is not enhanced.

------------------------------------------------------------------------------------------------------------------------

[2013-01-09 01:38:55 #1 store] 
Database '/home/larry/workspace/videoclub/db/videoclub.odb' has been recovered (tr. 20-20)

[2013-01-09 01:38:55 #2 store] 
Database '/home/larry/workspace/videoclub/db/videoclub.odb' is opened by 13019@larry-notebook

[2013-01-09 01:39:12 #3 store] 
Database '/home/larry/workspace/videoclub/db/videoclub.odb' is closed by 13019@larry-notebook

------------------------------------------------------------------------------------------------------------------------

[2013-01-09 02:14:43 #1 store] 
Database '/home/larry/workspace/videoclub/db/videoclub.odb' is opened by 13760@larry-notebook

[2013-01-09 02:14:43 #2 type] 
Type model.Product is not enhanced.

------------------------------------------------------------------------------------------------------------------------

[2013-01-09 02:18:46 #1 store] 
Database '/home/larry/workspace/videoclub/db/videoclub.odb' is opened by 13868@larry-notebook

[2013-01-09 02:18:46 #2 type] 
Type model.Product is not enhanced.

------------------------------------------------------------------------------------------------------------------------

[2013-01-09 02:23:45 #1 store] 
Database '/home/larry/workspace/videoclub/db/videoclub.odb' is opened by 13943@larry-notebook

[2013-01-09 02:23:45 #2 type] 
Type model.Product is not enhanced.

------------------------------------------------------------------------------------------------------------------------

[2013-01-09 02:29:51 #1 store] 
Database '/home/larry/workspace/videoclub/db/videoclub.odb' is opened by 14105@larry-notebook

[2013-01-09 02:29:52 #2 type] 
Type model.Product is not enhanced.

------------------------------------------------------------------------------------------------------------------------

[2013-01-09 02:30:59 #1 store] 
Database '/home/larry/workspace/videoclub/db/videoclub.odb' is opened by 14139@larry-notebook

[2013-01-09 02:30:59 #2 type] 
Type model.Product is not enhanced.

------------------------------------------------------------------------------------------------------------------------

[2013-01-09 02:33:27 #1 store] 
Database '/home/larry/workspace/videoclub/db/videoclub.odb' is opened by 14209@larry-notebook

[2013-01-09 02:33:28 #2 type] 
Type model.Product is not enhanced.

------------------------------------------------------------------------------------------------------------------------

[2013-01-09 02:35:06 #1 store] 
Database '/home/larry/workspace/videoclub/db/videoclub.odb' is opened by 14249@larry-notebook

[2013-01-09 02:35:06 #2 type] 
Type model.Product is not enhanced.

------------------------------------------------------------------------------------------------------------------------

[2013-01-09 02:36:47 #1 store] 
Database '/home/larry/workspace/videoclub/db/videoclub.odb' is opened by 14314@larry-notebook

[2013-01-09 02:36:47 #2 type] 
Type model.Product is not enhanced.

[2013-01-09 02:36:47 #3 type] 
Type model.Profile is not enhanced.

[2013-01-09 02:36:47 #4 type] 
Type model.Right is not enhanced.

------------------------------------------------------------------------------------------------------------------------

[2013-01-09 02:37:25 #1 store] 
Database '/home/larry/workspace/videoclub/db/videoclub.odb' has been recovered (tr. 21-21)

[2013-01-09 02:37:26 #2 store] 
Database '/home/larry/workspace/videoclub/db/videoclub.odb' is opened by 14418@larry-notebook

[2013-01-09 02:39:18 #3 store] 
Database '/home/larry/workspace/videoclub/db/videoclub.odb' is closed by 14418@larry-notebook

------------------------------------------------------------------------------------------------------------------------

[2013-01-09 02:39:23 #1 store] 
Database '/home/larry/workspace/videoclub/db/videoclub.odb' is opened by 14445@larry-notebook

[2013-01-09 02:39:53 #2 store] 
Database '/home/larry/workspace/videoclub/db/videoclub.odb' is closed by 14445@larry-notebook

------------------------------------------------------------------------------------------------------------------------

[2013-01-09 02:40:36 #1 store] 
Database '/home/larry/workspace/videoclub/db/videoclub.odb' is opened by 14485@larry-notebook

[2013-01-09 02:40:36 #2 type] 
Type model.Profile is not enhanced.

[2013-01-09 02:40:36 #3 type] 
Type model.Right is not enhanced.

[2013-01-09 02:40:36 #4 type] 
Type model.Product is not enhanced.

------------------------------------------------------------------------------------------------------------------------

[2013-01-09 02:41:07 #1 store] 
Database '/home/larry/workspace/videoclub/db/videoclub.odb' has been recovered (tr. 1-4)

[2013-01-09 02:41:07 #2 store] 
Database '/home/larry/workspace/videoclub/db/videoclub.odb' is opened by 14522@larry-notebook

[2013-01-09 02:41:24 #3 store] 
Database '/home/larry/workspace/videoclub/db/videoclub.odb' is closed by 14522@larry-notebook

------------------------------------------------------------------------------------------------------------------------

[2013-01-09 17:18:21 #1 store] 
Database '/home/larry/workspace/videoclub/db/videoclub.odb' is opened by 8284@larry-notebook

[2013-01-09 17:18:22 #2 type] 
Type model.Product is not enhanced.

------------------------------------------------------------------------------------------------------------------------

[2013-01-09 17:18:54 #1 store] 
Database '/home/larry/workspace/videoclub/db/videoclub.odb' has been recovered (tr. 1-3)

[2013-01-09 17:18:54 #2 store] 
Database '/home/larry/workspace/videoclub/db/videoclub.odb' is opened by 8320@larry-notebook

[2013-01-09 17:18:54 #3 type] 
Type model.Product is not enhanced.

------------------------------------------------------------------------------------------------------------------------

[2013-01-09 17:22:08 #1 store] 
Database '/home/larry/workspace/videoclub/db/videoclub.odb' is opened by 8386@larry-notebook

[2013-01-09 17:22:08 #2 type] 
Type model.Product is not enhanced.

------------------------------------------------------------------------------------------------------------------------

[2013-01-09 17:22:26 #1 store] 
Database '/home/larry/workspace/videoclub/db/videoclub.odb' is opened by 8424@larry-notebook

[2013-01-09 17:22:26 #2 type] 
Type model.Product is not enhanced.

------------------------------------------------------------------------------------------------------------------------

[2013-01-09 17:27:07 #1 store] 
Database '/home/larry/workspace/videoclub/db/videoclub.odb' is opened by 8527@larry-notebook

[2013-01-09 17:27:07 #2 type] 
Type model.Product is not enhanced.

------------------------------------------------------------------------------------------------------------------------

[2013-01-09 17:28:35 #1 store] 
Database '/home/larry/workspace/videoclub/db/videoclub.odb' is opened by 8586@larry-notebook

[2013-01-09 17:28:35 #2 type] 
Type model.Product is not enhanced.

------------------------------------------------------------------------------------------------------------------------

[2013-01-09 17:29:23 #1 store] 
Database '/home/larry/workspace/videoclub/db/videoclub.odb' is opened by 8636@larry-notebook

[2013-01-09 17:29:23 #2 type] 
Type model.Product is not enhanced.

------------------------------------------------------------------------------------------------------------------------

[2013-01-09 17:30:52 #1 store] 
Database '/home/larry/workspace/videoclub/db/videoclub.odb' is opened by 8699@larry-notebook

[2013-01-09 17:30:52 #2 type] 
Type model.Product is not enhanced.

------------------------------------------------------------------------------------------------------------------------

[2013-01-09 17:32:12 #1 store] 
Database '/home/larry/workspace/videoclub/db/videoclub.odb' is opened by 8767@larry-notebook

[2013-01-09 17:32:12 #2 type] 
Type model.Product is not enhanced.

------------------------------------------------------------------------------------------------------------------------

[2013-01-09 17:32:50 #1 store] 
Database '/home/larry/workspace/videoclub/db/videoclub.odb' is opened by 8805@larry-notebook

[2013-01-09 17:32:51 #2 type] 
Type model.Product is not enhanced.

------------------------------------------------------------------------------------------------------------------------

[2013-01-09 17:34:39 #1 store] 
Database '/home/larry/workspace/videoclub/db/videoclub.odb' is opened by 8854@larry-notebook

[2013-01-09 17:34:39 #2 type] 
Type model.Product is not enhanced.

------------------------------------------------------------------------------------------------------------------------

[2013-01-09 17:37:03 #1 store] 
Database '/home/larry/workspace/videoclub/db/videoclub.odb' is opened by 8939@larry-notebook

[2013-01-09 17:37:04 #2 type] 
Type model.Product is not enhanced.

------------------------------------------------------------------------------------------------------------------------

[2013-01-09 17:47:07 #1 store] 
Database '/home/larry/workspace/videoclub/db/videoclub.odb' is opened by 9136@larry-notebook

[2013-01-09 17:47:07 #2 type] 
Type model.Product is not enhanced.

------------------------------------------------------------------------------------------------------------------------

[2013-01-09 17:48:06 #1 store] 
Database '/home/larry/workspace/videoclub/db/videoclub.odb' is opened by 9196@larry-notebook

[2013-01-09 17:48:06 #2 type] 
Type model.Product is not enhanced.

------------------------------------------------------------------------------------------------------------------------

[2013-01-09 17:48:23 #1 store] 
Database '/home/larry/workspace/videoclub/db/videoclub.odb' is opened by 9235@larry-notebook

[2013-01-09 17:48:23 #2 type] 
Type model.Product is not enhanced.

------------------------------------------------------------------------------------------------------------------------

[2013-01-09 17:49:02 #1 store] 
Database '/home/larry/workspace/videoclub/db/videoclub.odb' is opened by 9272@larry-notebook

[2013-01-09 17:49:02 #2 type] 
Type model.Product is not enhanced.

------------------------------------------------------------------------------------------------------------------------

[2013-01-09 17:49:14 #1 store] 
Database '/home/larry/workspace/videoclub/db/videoclub.odb' is opened by 9307@larry-notebook

[2013-01-09 17:49:14 #2 type] 
Type model.Product is not enhanced.

------------------------------------------------------------------------------------------------------------------------

[2013-01-09 17:53:21 #1 store] 
Database '/home/larry/workspace/videoclub/db/videoclub.odb' is opened by 9432@larry-notebook

[2013-01-09 17:53:21 #2 type] 
Type model.Product is not enhanced.

------------------------------------------------------------------------------------------------------------------------

[2013-01-09 17:53:38 #1 store] 
Database '/home/larry/workspace/videoclub/db/videoclub.odb' is opened by 9470@larry-notebook

[2013-01-09 17:53:38 #2 type] 
Type model.Product is not enhanced.

------------------------------------------------------------------------------------------------------------------------

[2013-01-09 18:04:20 #1 store] 
Database '/home/larry/workspace/videoclub/db/videoclub.odb' is opened by 9631@larry-notebook

[2013-01-09 18:04:20 #2 type] 
Type model.Product is not enhanced.

------------------------------------------------------------------------------------------------------------------------

[2013-01-09 18:04:36 #1 store] 
Database '/home/larry/workspace/videoclub/db/videoclub.odb' is opened by 9670@larry-notebook

[2013-01-09 18:04:37 #2 type] 
Type model.Product is not enhanced.

------------------------------------------------------------------------------------------------------------------------

[2013-01-09 18:06:55 #1 store] 
Database '/home/larry/workspace/videoclub/db/videoclub.odb' is opened by 9717@larry-notebook

[2013-01-09 18:06:55 #2 type] 
Type model.Product is not enhanced.

[2013-01-09 18:06:55 #3 type] 
Type model.Profile is not enhanced.

[2013-01-09 18:06:55 #4 type] 
Type model.Right is not enhanced.

------------------------------------------------------------------------------------------------------------------------

[2013-01-09 18:07:56 #1 store] 
Database '/home/larry/workspace/videoclub/db/videoclub.odb' has been recovered (tr. 4-5)

[2013-01-09 18:07:56 #2 store] 
Database '/home/larry/workspace/videoclub/db/videoclub.odb' is opened by 9763@larry-notebook

[2013-01-09 18:09:34 #3 store] 
Database '/home/larry/workspace/videoclub/db/videoclub.odb' is closed by 9763@larry-notebook

------------------------------------------------------------------------------------------------------------------------

[2013-01-09 18:09:46 #1 store] 
Database '/home/larry/workspace/videoclub/db/videoclub.odb' is opened by 9797@larry-notebook

[2013-01-09 18:09:49 #2 store] 
Database '/home/larry/workspace/videoclub/db/videoclub.odb' is closed by 9797@larry-notebook

------------------------------------------------------------------------------------------------------------------------

[2013-01-09 18:13:52 #1 store] 
Database '/home/larry/workspace/videoclub/db/videoclub.odb' is opened by 9939@larry-notebook

[2013-01-09 18:13:52 #2 type] 
Type model.Right is not enhanced.

[2013-01-09 18:13:52 #3 type] 
Type model.Profile is not enhanced.

[2013-01-09 18:13:53 #4 type] 
Type model.Product is not enhanced.

------------------------------------------------------------------------------------------------------------------------

[2013-01-09 18:14:00 #1 store] 
Database '/home/larry/workspace/videoclub/db/videoclub.odb' has been recovered (tr. 1-6)

[2013-01-09 18:14:00 #2 store] 
Database '/home/larry/workspace/videoclub/db/videoclub.odb' is opened by 9971@larry-notebook

[2013-01-09 18:15:17 #3 store] 
Database '/home/larry/workspace/videoclub/db/videoclub.odb' is closed by 9971@larry-notebook

------------------------------------------------------------------------------------------------------------------------

[2013-01-09 18:15:40 #1 store] 
Database '/home/larry/workspace/videoclub/db/videoclub.odb' is opened by 10012@larry-notebook

[2013-01-09 18:15:40 #2 type] 
Type model.Right is not enhanced.

[2013-01-09 18:15:40 #3 type] 
Type model.Profile is not enhanced.

[2013-01-09 18:15:40 #4 type] 
Type model.Product is not enhanced.

------------------------------------------------------------------------------------------------------------------------

[2013-01-09 18:15:46 #1 store] 
Database '/home/larry/workspace/videoclub/db/videoclub.odb' has been recovered (tr. 1-6)

[2013-01-09 18:15:47 #2 store] 
Database '/home/larry/workspace/videoclub/db/videoclub.odb' is opened by 10044@larry-notebook

[2013-01-09 18:16:02 #3 store] 
Database '/home/larry/workspace/videoclub/db/videoclub.odb' is closed by 10044@larry-notebook

------------------------------------------------------------------------------------------------------------------------

[2013-01-09 18:17:03 #1 store] 
Database '/home/larry/workspace/videoclub/db/videoclub.odb' is opened by 10101@larry-notebook

[2013-01-09 18:17:03 #2 type] 
Type model.Right is not enhanced.

[2013-01-09 18:17:03 #3 type] 
Type model.Profile is not enhanced.

[2013-01-09 18:17:03 #4 type] 
Type model.Product is not enhanced.

------------------------------------------------------------------------------------------------------------------------

[2013-01-09 18:17:23 #1 store] 
Database '/home/larry/workspace/videoclub/db/videoclub.odb' is opened by 10143@larry-notebook

[2013-01-09 18:17:23 #2 type] 
Type model.Right is not enhanced.

[2013-01-09 18:17:23 #3 type] 
Type model.Profile is not enhanced.

[2013-01-09 18:17:23 #4 type] 
Type model.Product is not enhanced.

------------------------------------------------------------------------------------------------------------------------

[2013-01-09 18:24:12 #1 store] 
Database '/home/larry/workspace/videoclub/db/videoclub.odb' is opened by 10267@larry-notebook

[2013-01-09 18:24:12 #2 type] 
Type model.Right is not enhanced.

[2013-01-09 18:24:12 #3 type] 
Type model.Profile is not enhanced.

[2013-01-09 18:24:12 #4 type] 
Type model.Product is not enhanced.

[2013-01-09 18:24:12 #5 type] 
Type model.User is not enhanced.

[2013-01-09 18:24:12 #6 type] 
Type model.Order is not enhanced.

------------------------------------------------------------------------------------------------------------------------

[2013-01-09 18:25:09 #1 store] 
Database '/home/larry/workspace/videoclub/db/videoclub.odb' has been recovered (tr. 8-8)

[2013-01-09 18:25:09 #2 store] 
Database '/home/larry/workspace/videoclub/db/videoclub.odb' is opened by 10294@larry-notebook

[2013-01-09 18:26:01 #3 store] 
Database '/home/larry/workspace/videoclub/db/videoclub.odb' is closed by 10294@larry-notebook

------------------------------------------------------------------------------------------------------------------------

[2013-01-09 18:28:03 #1 store] 
Database '/home/larry/workspace/videoclub/db/videoclub.odb' is opened by 10368@larry-notebook

[2013-01-09 18:28:03 #2 type] 
Type model.Right is not enhanced.

[2013-01-09 18:28:03 #3 type] 
Type model.Profile is not enhanced.

[2013-01-09 18:28:03 #4 type] 
Type model.User is not enhanced.

[2013-01-09 18:28:03 #5 type] 
Type model.Order is not enhanced.

[2013-01-09 18:28:03 #6 type] 
Type model.Product is not enhanced.

------------------------------------------------------------------------------------------------------------------------

[2013-01-09 18:29:27 #1 store] 
Database '/home/larry/workspace/videoclub/db/videoclub.odb' has been recovered (tr. 1-7)

[2013-01-09 18:29:28 #2 store] 
Database '/home/larry/workspace/videoclub/db/videoclub.odb' is opened by 10437@larry-notebook

[2013-01-09 18:31:20 #3 store] 
Database '/home/larry/workspace/videoclub/db/videoclub.odb' is closed by 10437@larry-notebook

------------------------------------------------------------------------------------------------------------------------

[2013-01-09 18:31:26 #1 store] 
Database '/home/larry/workspace/videoclub/db/videoclub.odb' is opened by 10501@larry-notebook

[2013-01-09 18:31:27 #2 type] 
Type model.Right is not enhanced.

[2013-01-09 18:31:27 #3 type] 
Type model.Profile is not enhanced.

[2013-01-09 18:31:27 #4 type] 
Type model.User is not enhanced.

[2013-01-09 18:31:27 #5 type] 
Type model.Order is not enhanced.

[2013-01-09 18:31:27 #6 type] 
Type model.Product is not enhanced.

------------------------------------------------------------------------------------------------------------------------

[2013-01-09 18:31:50 #1 store] 
Database '/home/larry/workspace/videoclub/db/videoclub.odb' is opened by 10526@larry-notebook

[2013-01-09 18:34:06 #2 store] 
Database '/home/larry/workspace/videoclub/db/videoclub.odb' is closed by 10526@larry-notebook

------------------------------------------------------------------------------------------------------------------------

[2013-01-09 20:09:44 #1 store] 
Database '/home/larry/workspace/videoclub/db/videoclub.odb' is opened by 11497@larry-notebook

[2013-01-09 20:09:44 #2 type] 
Type model.Right is not enhanced.

[2013-01-09 20:09:44 #3 type] 
Type model.Profile is not enhanced.

[2013-01-09 20:09:44 #4 type] 
Type model.User is not enhanced.

[2013-01-09 20:09:44 #5 type] 
Type model.Order is not enhanced.

[2013-01-09 20:09:44 #6 type] 
Type model.Product is not enhanced.

------------------------------------------------------------------------------------------------------------------------

[2013-01-09 20:09:55 #1 store] 
Database '/home/larry/workspace/videoclub/db/videoclub.odb' is opened by 11531@larry-notebook

[2013-01-09 20:09:56 #2 type] 
Type model.Right is not enhanced.

[2013-01-09 20:09:56 #3 type] 
Type model.Profile is not enhanced.

[2013-01-09 20:09:56 #4 type] 
Type model.User is not enhanced.

[2013-01-09 20:09:56 #5 type] 
Type model.Order is not enhanced.

[2013-01-09 20:09:56 #6 type] 
Type model.Product is not enhanced.

------------------------------------------------------------------------------------------------------------------------

[2013-01-09 20:10:28 #1 store] 
Database '/home/larry/workspace/videoclub/db/videoclub.odb' is opened by 11568@larry-notebook

[2013-01-09 20:10:28 #2 type] 
Type model.Right is not enhanced.

[2013-01-09 20:10:28 #3 type] 
Type model.Profile is not enhanced.

[2013-01-09 20:10:28 #4 type] 
Type model.User is not enhanced.

[2013-01-09 20:10:28 #5 type] 
Type model.Order is not enhanced.

[2013-01-09 20:10:28 #6 type] 
Type model.Product is not enhanced.

------------------------------------------------------------------------------------------------------------------------

[2013-01-09 20:10:37 #1 store] 
Database '/home/larry/workspace/videoclub/db/videoclub.odb' is opened by 11599@larry-notebook

[2013-01-09 20:10:37 #2 type] 
Type model.Right is not enhanced.

[2013-01-09 20:10:37 #3 type] 
Type model.Profile is not enhanced.

[2013-01-09 20:10:37 #4 type] 
Type model.User is not enhanced.

[2013-01-09 20:10:37 #5 type] 
Type model.Order is not enhanced.

[2013-01-09 20:10:37 #6 type] 
Type model.Product is not enhanced.

------------------------------------------------------------------------------------------------------------------------

[2013-01-09 20:11:30 #1 store] 
Database '/home/larry/workspace/videoclub/db/videoclub.odb' is opened by 11632@larry-notebook

[2013-01-09 20:11:30 #2 type] 
Type model.Right is not enhanced.

[2013-01-09 20:11:30 #3 type] 
Type model.Profile is not enhanced.

[2013-01-09 20:11:30 #4 type] 
Type model.User is not enhanced.

[2013-01-09 20:11:30 #5 type] 
Type model.Order is not enhanced.

[2013-01-09 20:11:30 #6 type] 
Type model.Product is not enhanced.

------------------------------------------------------------------------------------------------------------------------

[2013-01-09 20:21:06 #1 store] 
Database '/home/larry/workspace/videoclub/db/videoclub.odb' is opened by 11809@larry-notebook

[2013-01-09 20:21:07 #2 type] 
Type model.Right is not enhanced.

[2013-01-09 20:21:07 #3 type] 
Type model.Profile is not enhanced.

[2013-01-09 20:21:07 #4 type] 
Type model.User is not enhanced.

[2013-01-09 20:21:07 #5 type] 
Type model.Order is not enhanced.

[2013-01-09 20:21:07 #6 type] 
Type model.Product is not enhanced.

------------------------------------------------------------------------------------------------------------------------

[2013-01-09 20:23:50 #1 store] 
Database '/home/larry/workspace/videoclub/db/videoclub.odb' is opened by 11916@larry-notebook

[2013-01-09 20:23:50 #2 type] 
Type model.Right is not enhanced.

[2013-01-09 20:23:50 #3 type] 
Type model.Profile is not enhanced.

[2013-01-09 20:23:50 #4 type] 
Type model.User is not enhanced.

[2013-01-09 20:23:50 #5 type] 
Type model.Order is not enhanced.

[2013-01-09 20:23:50 #6 type] 
Type model.Product is not enhanced.

------------------------------------------------------------------------------------------------------------------------

[2013-01-09 20:25:43 #1 store] 
Database '/home/larry/workspace/videoclub/db/videoclub.odb' is opened by 12011@larry-notebook

[2013-01-09 20:25:44 #2 type] 
Type model.Right is not enhanced.

[2013-01-09 20:25:44 #3 type] 
Type model.Profile is not enhanced.

[2013-01-09 20:25:44 #4 type] 
Type model.User is not enhanced.

[2013-01-09 20:25:44 #5 type] 
Type model.Order is not enhanced.

[2013-01-09 20:25:44 #6 type] 
Type model.Product is not enhanced.

------------------------------------------------------------------------------------------------------------------------

[2013-01-09 20:50:54 #1 store] 
Database '/home/larry/workspace/videoclub/db/videoclub.odb' is opened by 12613@larry-notebook

[2013-01-09 20:50:54 #2 type] 
Type model.Right is not enhanced.

[2013-01-09 20:50:54 #3 type] 
Type model.Profile is not enhanced.

[2013-01-09 20:50:54 #4 type] 
Type model.User is not enhanced.

[2013-01-09 20:50:54 #5 type] 
Type model.Order is not enhanced.

[2013-01-09 20:50:54 #6 type] 
Type model.Product is not enhanced.

------------------------------------------------------------------------------------------------------------------------

[2013-01-09 20:52:56 #1 store] 
Database '/home/larry/workspace/videoclub/db/videoclub.odb' is opened by 12706@larry-notebook

[2013-01-09 20:52:56 #2 type] 
Type model.Right is not enhanced.

[2013-01-09 20:52:56 #3 type] 
Type model.Profile is not enhanced.

[2013-01-09 20:52:56 #4 type] 
Type model.User is not enhanced.

[2013-01-09 20:52:56 #5 type] 
Type model.Order is not enhanced.

[2013-01-09 20:52:56 #6 type] 
Type model.Product is not enhanced.

------------------------------------------------------------------------------------------------------------------------

[2013-01-09 20:53:08 #1 store] 
Database '/home/larry/workspace/videoclub/db/videoclub.odb' is opened by 12741@larry-notebook

[2013-01-09 20:53:09 #2 type] 
Type model.Right is not enhanced.

[2013-01-09 20:53:09 #3 type] 
Type model.Profile is not enhanced.

[2013-01-09 20:53:09 #4 type] 
Type model.User is not enhanced.

[2013-01-09 20:53:09 #5 type] 
Type model.Order is not enhanced.

[2013-01-09 20:53:09 #6 type] 
Type model.Product is not enhanced.

------------------------------------------------------------------------------------------------------------------------

[2013-01-09 20:56:24 #1 store] 
Database '/home/larry/workspace/videoclub/db/videoclub.odb' is opened by 12916@larry-notebook

[2013-01-09 20:56:24 #2 type] 
Type model.Right is not enhanced.

[2013-01-09 20:56:24 #3 type] 
Type model.Profile is not enhanced.

[2013-01-09 20:56:24 #4 type] 
Type model.User is not enhanced.

[2013-01-09 20:56:24 #5 type] 
Type model.Order is not enhanced.

[2013-01-09 20:56:24 #6 type] 
Type model.Product is not enhanced.

------------------------------------------------------------------------------------------------------------------------

[2013-01-09 20:57:09 #1 store] 
Database '/home/larry/workspace/videoclub/db/videoclub.odb' is opened by 12953@larry-notebook

[2013-01-09 20:57:10 #2 type] 
Type model.Right is not enhanced.

[2013-01-09 20:57:10 #3 type] 
Type model.Profile is not enhanced.

[2013-01-09 20:57:10 #4 type] 
Type model.User is not enhanced.

[2013-01-09 20:57:10 #5 type] 
Type model.Order is not enhanced.

[2013-01-09 20:57:10 #6 type] 
Type model.Product is not enhanced.

------------------------------------------------------------------------------------------------------------------------

[2013-01-09 20:59:28 #1 store] 
Database '/home/larry/workspace/videoclub/db/videoclub.odb' is opened by 13010@larry-notebook

[2013-01-09 20:59:28 #2 type] 
Type model.Right is not enhanced.

[2013-01-09 20:59:28 #3 type] 
Type model.Profile is not enhanced.

[2013-01-09 20:59:28 #4 type] 
Type model.User is not enhanced.

[2013-01-09 20:59:28 #5 type] 
Type model.Order is not enhanced.

[2013-01-09 20:59:28 #6 type] 
Type model.Product is not enhanced.

------------------------------------------------------------------------------------------------------------------------

[2013-01-09 21:00:34 #1 store] 
Database '/home/larry/workspace/videoclub/db/videoclub.odb' is opened by 13066@larry-notebook

[2013-01-09 21:00:34 #2 type] 
Type model.Right is not enhanced.

[2013-01-09 21:00:34 #3 type] 
Type model.Profile is not enhanced.

[2013-01-09 21:00:34 #4 type] 
Type model.User is not enhanced.

[2013-01-09 21:00:34 #5 type] 
Type model.Order is not enhanced.

[2013-01-09 21:00:34 #6 type] 
Type model.Product is not enhanced.

------------------------------------------------------------------------------------------------------------------------

[2013-01-09 21:00:58 #1 store] 
Database '/home/larry/workspace/videoclub/db/videoclub.odb' is opened by 13101@larry-notebook

[2013-01-09 21:00:58 #2 type] 
Type model.Right is not enhanced.

[2013-01-09 21:00:58 #3 type] 
Type model.Profile is not enhanced.

[2013-01-09 21:00:58 #4 type] 
Type model.User is not enhanced.

[2013-01-09 21:00:58 #5 type] 
Type model.Order is not enhanced.

[2013-01-09 21:00:58 #6 type] 
Type model.Product is not enhanced.

------------------------------------------------------------------------------------------------------------------------

[2013-01-09 21:01:40 #1 store] 
Database '/home/larry/workspace/videoclub/db/videoclub.odb' is opened by 13134@larry-notebook

[2013-01-09 21:01:40 #2 type] 
Type model.Right is not enhanced.

[2013-01-09 21:01:40 #3 type] 
Type model.Profile is not enhanced.

[2013-01-09 21:01:40 #4 type] 
Type model.User is not enhanced.

[2013-01-09 21:01:40 #5 type] 
Type model.Order is not enhanced.

[2013-01-09 21:01:40 #6 type] 
Type model.Product is not enhanced.

------------------------------------------------------------------------------------------------------------------------

[2013-01-09 21:02:12 #1 store] 
Database '/home/larry/workspace/videoclub/db/videoclub.odb' is opened by 13165@larry-notebook

[2013-01-09 21:02:12 #2 type] 
Type model.Right is not enhanced.

[2013-01-09 21:02:12 #3 type] 
Type model.Profile is not enhanced.

[2013-01-09 21:02:12 #4 type] 
Type model.User is not enhanced.

[2013-01-09 21:02:12 #5 type] 
Type model.Order is not enhanced.

[2013-01-09 21:02:12 #6 type] 
Type model.Product is not enhanced.

------------------------------------------------------------------------------------------------------------------------

[2013-01-09 21:07:18 #1 store] 
Database '/home/larry/workspace/videoclub/db/videoclub.odb' is opened by 13268@larry-notebook

[2013-01-09 21:07:18 #2 type] 
Type model.Right is not enhanced.

[2013-01-09 21:07:19 #3 type] 
Type model.Profile is not enhanced.

[2013-01-09 21:07:19 #4 type] 
Type model.User is not enhanced.

[2013-01-09 21:07:19 #5 type] 
Type model.Order is not enhanced.

[2013-01-09 21:07:19 #6 type] 
Type model.Product is not enhanced.

------------------------------------------------------------------------------------------------------------------------

[2013-01-09 21:12:25 #1 store] 
Database '/home/larry/workspace/videoclub/db/videoclub.odb' is opened by 13411@larry-notebook

[2013-01-09 21:12:25 #2 type] 
Type model.Right is not enhanced.

[2013-01-09 21:12:25 #3 type] 
Type model.Profile is not enhanced.

[2013-01-09 21:12:25 #4 type] 
Type model.User is not enhanced.

[2013-01-09 21:12:25 #5 type] 
Type model.Order is not enhanced.

[2013-01-09 21:12:25 #6 type] 
Type model.Product is not enhanced.

------------------------------------------------------------------------------------------------------------------------

[2013-01-09 21:12:56 #1 store] 
Database '/home/larry/workspace/videoclub/db/videoclub.odb' is opened by 13442@larry-notebook

[2013-01-09 21:12:56 #2 type] 
Type model.Right is not enhanced.

[2013-01-09 21:12:56 #3 type] 
Type model.Profile is not enhanced.

[2013-01-09 21:12:56 #4 type] 
Type model.User is not enhanced.

[2013-01-09 21:12:56 #5 type] 
Type model.Order is not enhanced.

[2013-01-09 21:12:56 #6 type] 
Type model.Product is not enhanced.

------------------------------------------------------------------------------------------------------------------------

[2013-01-09 21:13:57 #1 store] 
Database '/home/larry/workspace/videoclub/db/videoclub.odb' is opened by 13513@larry-notebook

[2013-01-09 21:13:57 #2 type] 
Type model.Right is not enhanced.

[2013-01-09 21:13:57 #3 type] 
Type model.Profile is not enhanced.

[2013-01-09 21:13:57 #4 type] 
Type model.User is not enhanced.

[2013-01-09 21:13:57 #5 type] 
Type model.Order is not enhanced.

[2013-01-09 21:13:57 #6 type] 
Type model.Product is not enhanced.

------------------------------------------------------------------------------------------------------------------------

[2013-01-09 21:15:57 #1 store] 
Database '/home/larry/workspace/videoclub/db/videoclub.odb' is opened by 13563@larry-notebook

[2013-01-09 21:15:57 #2 type] 
Type model.Right is not enhanced.

[2013-01-09 21:15:57 #3 type] 
Type model.Profile is not enhanced.

[2013-01-09 21:15:57 #4 type] 
Type model.User is not enhanced.

[2013-01-09 21:15:57 #5 type] 
Type model.Order is not enhanced.

[2013-01-09 21:15:57 #6 type] 
Type model.Product is not enhanced.

------------------------------------------------------------------------------------------------------------------------

[2013-01-09 21:16:36 #1 store] 
Database '/home/larry/workspace/videoclub/db/videoclub.odb' is opened by 13612@larry-notebook

[2013-01-09 21:16:36 #2 type] 
Type model.Right is not enhanced.

[2013-01-09 21:16:36 #3 type] 
Type model.Profile is not enhanced.

[2013-01-09 21:16:36 #4 type] 
Type model.User is not enhanced.

[2013-01-09 21:16:36 #5 type] 
Type model.Order is not enhanced.

[2013-01-09 21:16:36 #6 type] 
Type model.Product is not enhanced.

------------------------------------------------------------------------------------------------------------------------

[2013-01-09 21:20:37 #1 store] 
Database '/home/larry/workspace/videoclub/db/videoclub.odb' is opened by 13720@larry-notebook

[2013-01-09 21:20:37 #2 type] 
Type model.Right is not enhanced.

[2013-01-09 21:20:37 #3 type] 
Type model.Profile is not enhanced.

[2013-01-09 21:20:37 #4 type] 
Type model.User is not enhanced.

[2013-01-09 21:20:37 #5 type] 
Type model.Order is not enhanced.

[2013-01-09 21:20:37 #6 type] 
Type model.Product is not enhanced.

------------------------------------------------------------------------------------------------------------------------

[2013-01-09 21:23:28 #1 store] 
Database '/home/larry/workspace/videoclub/db/videoclub.odb' is opened by 13779@larry-notebook

[2013-01-09 21:23:29 #2 type] 
Type model.Right is not enhanced.

[2013-01-09 21:23:29 #3 type] 
Type model.Profile is not enhanced.

[2013-01-09 21:23:29 #4 type] 
Type model.User is not enhanced.

[2013-01-09 21:23:29 #5 type] 
Type model.Order is not enhanced.

[2013-01-09 21:23:29 #6 type] 
Type model.Product is not enhanced.

------------------------------------------------------------------------------------------------------------------------

[2013-01-09 21:23:52 #1 store] 
Database '/home/larry/workspace/videoclub/db/videoclub.odb' is opened by 13822@larry-notebook

[2013-01-09 21:23:52 #2 type] 
Type model.Right is not enhanced.

[2013-01-09 21:23:52 #3 type] 
Type model.Profile is not enhanced.

[2013-01-09 21:23:52 #4 type] 
Type model.User is not enhanced.

[2013-01-09 21:23:52 #5 type] 
Type model.Order is not enhanced.

[2013-01-09 21:23:52 #6 type] 
Type model.Product is not enhanced.

------------------------------------------------------------------------------------------------------------------------

[2013-01-09 21:24:32 #1 store] 
Database '/home/larry/workspace/videoclub/db/videoclub.odb' is opened by 13867@larry-notebook

[2013-01-09 21:24:32 #2 type] 
Type model.Right is not enhanced.

[2013-01-09 21:24:32 #3 type] 
Type model.Profile is not enhanced.

[2013-01-09 21:24:32 #4 type] 
Type model.User is not enhanced.

[2013-01-09 21:24:32 #5 type] 
Type model.Order is not enhanced.

[2013-01-09 21:24:32 #6 type] 
Type model.Product is not enhanced.

------------------------------------------------------------------------------------------------------------------------

[2013-01-09 22:17:24 #1 store] 
Database '/home/larry/workspace/videoclub/db/videoclub.odb' is opened by 13985@larry-notebook

[2013-01-09 22:17:37 #2 store] 
Database '/home/larry/workspace/videoclub/db/videoclub.odb' is closed by 13985@larry-notebook

------------------------------------------------------------------------------------------------------------------------

[2013-01-09 22:58:20 #1 store] 
Database '/home/larry/workspace/videoclub/db/videoclub.odb' is opened by 14717@larry-notebook

[2013-01-09 22:58:21 #2 type] 
Type model.User is not enhanced.

[2013-01-09 22:58:21 #3 type] 
Type model.Order is not enhanced.

[2013-01-09 22:58:21 #4 type] 
Type model.Profile is not enhanced.

[2013-01-09 22:58:21 #5 type] 
Type model.Product is not enhanced.

[2013-01-09 22:58:21 #6 type] 
Type model.Right is not enhanced.

------------------------------------------------------------------------------------------------------------------------

[2013-01-09 22:58:51 #1 store] 
Database '/home/larry/workspace/videoclub/db/videoclub.odb' has been recovered (tr. 1-3)

[2013-01-09 22:58:51 #2 store] 
Database '/home/larry/workspace/videoclub/db/videoclub.odb' is opened by 14744@larry-notebook

[2013-01-09 22:59:03 #3 store] 
Database '/home/larry/workspace/videoclub/db/videoclub.odb' is closed by 14744@larry-notebook

------------------------------------------------------------------------------------------------------------------------

[2013-01-09 23:04:18 #1 store] 
Database '/home/larry/workspace/videoclub/db/videoclub.odb' is opened by 14812@larry-notebook

[2013-01-09 23:04:19 #2 type] 
Type model.User is not enhanced.

[2013-01-09 23:04:19 #3 type] 
Type model.Order is not enhanced.

[2013-01-09 23:04:19 #4 type] 
Type model.Profile is not enhanced.

[2013-01-09 23:04:19 #5 type] 
Type model.Product is not enhanced.

[2013-01-09 23:04:19 #6 type] 
Type model.Right is not enhanced.

------------------------------------------------------------------------------------------------------------------------

[2013-01-09 23:10:01 #1 store] 
Database '/home/larry/workspace/videoclub/db/videoclub.odb' is opened by 14934@larry-notebook

[2013-01-09 23:10:01 #2 type] 
Type model.Profile is not enhanced.

[2013-01-09 23:10:01 #3 type] 
Type model.Right is not enhanced.

------------------------------------------------------------------------------------------------------------------------

[2013-01-09 23:12:29 #1 store] 
Database '/home/larry/workspace/videoclub/db/videoclub.odb' is opened by 14997@larry-notebook

[2013-01-09 23:12:30 #2 type] 
Type model.Profile is not enhanced.

[2013-01-09 23:12:30 #3 type] 
Type model.Right is not enhanced.

------------------------------------------------------------------------------------------------------------------------

[2013-01-09 23:13:25 #1 store] 
Database '/home/larry/workspace/videoclub/db/videoclub.odb' has been recovered (tr. 1-3)

[2013-01-09 23:13:26 #2 store] 
Database '/home/larry/workspace/videoclub/db/videoclub.odb' is opened by 15048@larry-notebook

[2013-01-09 23:13:26 #3 type] 
Type model.Profile is not enhanced.

[2013-01-09 23:13:26 #4 type] 
Type model.Right is not enhanced.

[2013-01-09 23:13:26 #5 type] 
Type model.Product is not enhanced.

------------------------------------------------------------------------------------------------------------------------

[2013-01-09 23:13:37 #1 store] 
Database '/home/larry/workspace/videoclub/db/videoclub.odb' has been recovered (tr. 4-4)

[2013-01-09 23:13:37 #2 store] 
Database '/home/larry/workspace/videoclub/db/videoclub.odb' is opened by 15077@larry-notebook

[2013-01-09 23:13:47 #3 store] 
Database '/home/larry/workspace/videoclub/db/videoclub.odb' is closed by 15077@larry-notebook

------------------------------------------------------------------------------------------------------------------------

[2013-01-09 23:15:08 #1 store] 
Database '/home/larry/workspace/videoclub/db/videoclub.odb' is opened by 15119@larry-notebook

[2013-01-09 23:15:08 #2 type] 
Type model.Product is not enhanced.

------------------------------------------------------------------------------------------------------------------------

[2013-01-09 23:15:21 #1 store] 
Database '/home/larry/workspace/videoclub/db/videoclub.odb' has been recovered (tr. 1-3)

[2013-01-09 23:15:21 #2 store] 
Database '/home/larry/workspace/videoclub/db/videoclub.odb' is opened by 15149@larry-notebook

[2013-01-09 23:15:29 #3 store] 
Database '/home/larry/workspace/videoclub/db/videoclub.odb' is closed by 15149@larry-notebook

------------------------------------------------------------------------------------------------------------------------

[2013-01-09 23:16:44 #1 store] 
Database '/home/larry/workspace/videoclub/db/videoclub.odb' is opened by 15179@larry-notebook

[2013-01-09 23:16:44 #2 type] 
Type model.Product is not enhanced.

------------------------------------------------------------------------------------------------------------------------

[2013-01-09 23:17:05 #1 explorer] 
[ObjectDB 2.4.4_18] javax.persistence.PersistenceException
Attempt to open a database file '/home/larry/workspace/videoclub/db/videoclub.odb' that is currently in use by another process (error 141)
	at com.objectdb.Explorer$1.run(Explorer.java:56)
	at java.awt.event.InvocationEvent.dispatch(InvocationEvent.java:251)
	at java.awt.EventQueue.dispatchEventImpl(EventQueue.java:721)
	at java.awt.EventQueue.access$200(EventQueue.java:103)
	at java.awt.EventQueue$3.run(EventQueue.java:682)
	at java.awt.EventQueue$3.run(EventQueue.java:680)
	at java.security.AccessController.doPrivileged(Native Method)
	at java.security.ProtectionDomain$1.doIntersectionPrivilege(ProtectionDomain.java:76)
	at java.awt.EventQueue.dispatchEvent(EventQueue.java:691)
	at java.awt.EventDispatchThread.pumpOneEventForFilters(EventDispatchThread.java:244)
	at java.awt.EventDispatchThread.pumpEventsForFilter(EventDispatchThread.java:163)
	at java.awt.EventDispatchThread.pumpEventsForHierarchy(EventDispatchThread.java:151)
	at java.awt.EventDispatchThread.pumpEvents(EventDispatchThread.java:147)
	at java.awt.EventDispatchThread.pumpEvents(EventDispatchThread.java:139)
	at java.awt.EventDispatchThread.run(EventDispatchThread.java:97)
Caused by: com.objectdb.o.UserException: Attempt to open a database file '/home/larry/workspace/videoclub/db/videoclub.odb' that is currently in use by another process
	at com.objectdb.o.MSG.d(MSG.java:61)
	at com.objectdb.o.LFL.O(LFL.java:913)
	at com.objectdb.o.LFL.I(LFL.java:859)
	at com.objectdb.o.LFL.I(LFL.java:769)
	at com.objectdb.o.SFL.<init>(SFL.java:226)
	at com.objectdb.o.MST.<init>(MST.java:109)
	at com.objectdb.o.MST.aI(MST.java:94)
	at com.objectdb.o.MSF.UJ(MSF.java:178)
	at com.objectdb.o.OMF.am(OMF.java:751)
	at com.objectdb.jpa.EMF.am(EMF.java:232)
	at com.objectdb.o.OMF.al(OMF.java:693)
	at com.objectdb.jpa.EMF.createEntityManager(EMF.java:250)
	... 17 more

------------------------------------------------------------------------------------------------------------------------

[2013-01-09 23:17:15 #1 store] 
Database '/home/larry/workspace/videoclub/db/videoclub.odb' has been recovered (tr. 1-3)

[2013-01-09 23:17:15 #2 store] 
Database '/home/larry/workspace/videoclub/db/videoclub.odb' is opened by 15236@larry-notebook

[2013-01-09 23:17:21 #3 store] 
Database '/home/larry/workspace/videoclub/db/videoclub.odb' is closed by 15236@larry-notebook

------------------------------------------------------------------------------------------------------------------------

[2013-01-09 23:19:07 #1 store] 
Database '/home/larry/workspace/videoclub/db/videoclub.odb' is opened by 15274@larry-notebook

[2013-01-09 23:19:07 #2 type] 
Type model.Product is not enhanced.

------------------------------------------------------------------------------------------------------------------------

[2013-01-09 23:19:15 #1 store] 
Database '/home/larry/workspace/videoclub/db/videoclub.odb' is opened by 15304@larry-notebook

[2013-01-09 23:19:21 #2 store] 
Database '/home/larry/workspace/videoclub/db/videoclub.odb' is closed by 15304@larry-notebook

------------------------------------------------------------------------------------------------------------------------

[2013-01-09 23:19:40 #1 store] 
Database '/home/larry/workspace/videoclub/db/videoclub.odb' is opened by 15329@larry-notebook

[2013-01-09 23:19:41 #2 type] 
Type model.Product is not enhanced.

------------------------------------------------------------------------------------------------------------------------

[2013-01-09 23:19:57 #1 store] 
Database '/home/larry/workspace/videoclub/db/videoclub.odb' has been recovered (tr. 1-3)

[2013-01-09 23:19:57 #2 store] 
Database '/home/larry/workspace/videoclub/db/videoclub.odb' is opened by 15357@larry-notebook

[2013-01-09 23:20:07 #3 store] 
Database '/home/larry/workspace/videoclub/db/videoclub.odb' is closed by 15357@larry-notebook

------------------------------------------------------------------------------------------------------------------------

[2013-01-09 23:23:28 #1 store] 
Database '/home/larry/workspace/videoclub/db/videoclub.odb' is opened by 15453@larry-notebook

[2013-01-09 23:23:29 #2 store] 
Database '/home/larry/workspace/videoclub/db/ProfilesAndRights.odb' is opened by 15453@larry-notebook

[2013-01-09 23:23:29 #3 type] 
Type model.Profile is not enhanced.

[2013-01-09 23:23:29 #4 type] 
Type model.Right is not enhanced.

[2013-01-09 23:23:29 #5 store] 
Database '/home/larry/workspace/videoclub/db/ProfilesAndRights.odb' is closed by 15453@larry-notebook

------------------------------------------------------------------------------------------------------------------------

[2013-01-09 23:24:11 #1 store] 
Database '/home/larry/workspace/videoclub/db/videoclub.odb' has been recovered (tr. 1-2)

[2013-01-09 23:24:11 #2 store] 
Database '/home/larry/workspace/videoclub/db/videoclub.odb' is opened by 15550@larry-notebook

[2013-01-09 23:24:24 #3 store] 
Database '/home/larry/workspace/videoclub/db/videoclub.odb' is closed by 15550@larry-notebook

[2013-01-09 23:24:24 #4 store] 
Database '/home/larry/workspace/videoclub/db/ProfilesAndRights.odb' is opened by 15550@larry-notebook

[2013-01-09 23:24:37 #5 store] 
Database '/home/larry/workspace/videoclub/db/ProfilesAndRights.odb' is closed by 15550@larry-notebook

------------------------------------------------------------------------------------------------------------------------

[2013-01-09 23:24:50 #1 store] 
Database '/home/larry/workspace/videoclub/db/videoclub.odb' is opened by 15580@larry-notebook

[2013-01-09 23:24:50 #2 store] 
Database '/home/larry/workspace/videoclub/db/ProfilesAndRights.odb' is opened by 15580@larry-notebook

[2013-01-09 23:24:50 #3 type] 
Type model.Profile is not enhanced.

[2013-01-09 23:24:50 #4 type] 
Type model.Right is not enhanced.

[2013-01-09 23:24:51 #5 store] 
Database '/home/larry/workspace/videoclub/db/ProfilesAndRights.odb' is closed by 15580@larry-notebook

------------------------------------------------------------------------------------------------------------------------

[2013-01-09 23:25:22 #1 store] 
Database '/home/larry/workspace/videoclub/db/ProfilesAndRights.odb' is opened by 15605@larry-notebook

[2013-01-09 23:25:46 #2 store] 
Database '/home/larry/workspace/videoclub/db/ProfilesAndRights.odb' is closed by 15605@larry-notebook

------------------------------------------------------------------------------------------------------------------------

[2013-01-09 23:30:17 #1 store] 
Database '/home/larry/workspace/videoclub/db/videoclub.odb' is opened by 15694@larry-notebook

[2013-01-09 23:30:18 #2 type] 
Type model.Product is not enhanced.

------------------------------------------------------------------------------------------------------------------------

[2013-01-09 23:30:33 #1 store] 
Database '/home/larry/workspace/videoclub/db/ProfilesAndRights.odb' is opened by 15725@larry-notebook

[2013-01-09 23:30:41 #2 store] 
Database '/home/larry/workspace/videoclub/db/ProfilesAndRights.odb' is closed by 15725@larry-notebook

[2013-01-09 23:30:41 #3 store] 
Database '/home/larry/workspace/videoclub/db/videoclub.odb' has been recovered (tr. 1-3)

[2013-01-09 23:30:41 #4 store] 
Database '/home/larry/workspace/videoclub/db/videoclub.odb' is opened by 15725@larry-notebook

[2013-01-09 23:30:48 #5 store] 
Database '/home/larry/workspace/videoclub/db/videoclub.odb' is closed by 15725@larry-notebook

------------------------------------------------------------------------------------------------------------------------

[2013-01-09 23:31:25 #1 store] 
Database '/home/larry/workspace/videoclub/db/videoclub.odb' is opened by 15756@larry-notebook

[2013-01-09 23:31:26 #2 type] 
Type model.Product is not enhanced.

------------------------------------------------------------------------------------------------------------------------

[2013-01-09 23:32:31 #1 store] 
Database '/home/larry/workspace/videoclub/db/videoclub.odb' is opened by 15836@larry-notebook

[2013-01-09 23:32:31 #2 type] 
Type model.Product is not enhanced.

------------------------------------------------------------------------------------------------------------------------

[2013-01-09 23:33:35 #1 store] 
Database '/home/larry/workspace/videoclub/db/videoclub.odb' has been recovered (tr. 1-3)

[2013-01-09 23:33:35 #2 store] 
Database '/home/larry/workspace/videoclub/db/videoclub.odb' is opened by 15950@larry-notebook

[2013-01-09 23:33:40 #3 store] 
Database '/home/larry/workspace/videoclub/db/videoclub.odb' is closed by 15950@larry-notebook

------------------------------------------------------------------------------------------------------------------------

[2013-01-09 23:34:26 #1 store] 
Database '/home/larry/workspace/videoclub/db/videoclub.odb' is opened by 15977@larry-notebook

[2013-01-09 23:34:32 #2 store] 
Database '/home/larry/workspace/videoclub/db/videoclub.odb' is closed by 15977@larry-notebook

[2013-01-09 23:34:32 #3 store] 
Database '/home/larry/workspace/videoclub/db/videoclub.odb' is opened by 15977@larry-notebook

[2013-01-09 23:34:40 #4 store] 
Database '/home/larry/workspace/videoclub/db/videoclub.odb' is closed by 15977@larry-notebook

------------------------------------------------------------------------------------------------------------------------

[2013-01-09 23:36:37 #1 store] 
Database '/home/larry/workspace/videoclub/db/videoclub.odb' is opened by 16091@larry-notebook

[2013-01-09 23:36:37 #2 type] 
Type model.Product is not enhanced.

------------------------------------------------------------------------------------------------------------------------

[2013-01-09 23:38:57 #1 store] 
Database '/home/larry/workspace/videoclub/db/videoclub.odb' is opened by 16176@larry-notebook

[2013-01-09 23:38:58 #2 type] 
Type model.Product is not enhanced.

------------------------------------------------------------------------------------------------------------------------

[2013-01-09 23:41:59 #1 store] 
Database '/home/larry/workspace/videoclub/db/videoclub.odb' is opened by 16270@larry-notebook

[2013-01-09 23:42:00 #2 type] 
Type model.Product is not enhanced.

------------------------------------------------------------------------------------------------------------------------

[2013-01-09 23:42:07 #1 store] 
Database '/home/larry/workspace/videoclub/db/videoclub.odb' has been recovered (tr. 1-3)

[2013-01-09 23:42:07 #2 store] 
Database '/home/larry/workspace/videoclub/db/videoclub.odb' is opened by 16300@larry-notebook

[2013-01-09 23:42:12 #3 store] 
Database '/home/larry/workspace/videoclub/db/videoclub.odb' is closed by 16300@larry-notebook

------------------------------------------------------------------------------------------------------------------------

[2013-01-09 23:45:00 #1 store] 
Database '/home/larry/workspace/videoclub/db/videoclub.odb' is opened by 16371@larry-notebook

[2013-01-09 23:45:00 #2 type] 
Type model.Profile is not enhanced.

[2013-01-09 23:45:00 #3 type] 
Type model.Right is not enhanced.

[2013-01-09 23:45:00 #4 type] 
Type model.Product is not enhanced.

------------------------------------------------------------------------------------------------------------------------

[2013-01-09 23:45:08 #1 store] 
Database '/home/larry/workspace/videoclub/db/videoclub.odb' has been recovered (tr. 1-5)

[2013-01-09 23:45:09 #2 store] 
Database '/home/larry/workspace/videoclub/db/videoclub.odb' is opened by 16399@larry-notebook

[2013-01-09 23:45:24 #3 store] 
Database '/home/larry/workspace/videoclub/db/videoclub.odb' is closed by 16399@larry-notebook

------------------------------------------------------------------------------------------------------------------------

[2013-01-09 23:49:42 #1 store] 
Database '/home/larry/workspace/videoclub/db/videoclub.odb' is opened by 16544@larry-notebook

[2013-01-09 23:49:42 #2 type] 
Type model.Profile is not enhanced.

[2013-01-09 23:49:42 #3 type] 
Type model.Right is not enhanced.

[2013-01-09 23:49:42 #4 type] 
Type model.User is not enhanced.

[2013-01-09 23:49:42 #5 type] 
Type model.Order is not enhanced.

[2013-01-09 23:49:42 #6 type] 
Type model.Product is not enhanced.

------------------------------------------------------------------------------------------------------------------------

[2013-01-09 23:49:50 #1 store] 
Database '/home/larry/workspace/videoclub/db/videoclub.odb' has been recovered (tr. 1-5)

[2013-01-09 23:49:50 #2 store] 
Database '/home/larry/workspace/videoclub/db/videoclub.odb' is opened by 16573@larry-notebook

[2013-01-09 23:50:16 #3 store] 
Database '/home/larry/workspace/videoclub/db/videoclub.odb' is closed by 16573@larry-notebook

------------------------------------------------------------------------------------------------------------------------

[2013-01-09 23:50:28 #1 store] 
Database '/home/larry/workspace/videoclub/db/videoclub.odb' is opened by 16603@larry-notebook

[2013-01-09 23:50:28 #2 type] 
Type model.Profile is not enhanced.

[2013-01-09 23:50:28 #3 type] 
Type model.Right is not enhanced.

[2013-01-09 23:50:28 #4 type] 
Type model.User is not enhanced.

[2013-01-09 23:50:28 #5 type] 
Type model.Order is not enhanced.

[2013-01-09 23:50:28 #6 type] 
Type model.Product is not enhanced.

------------------------------------------------------------------------------------------------------------------------

[2013-01-09 23:50:39 #1 store] 
Database '/home/larry/workspace/videoclub/db/videoclub.odb' is opened by 16630@larry-notebook

[2013-01-09 23:50:52 #2 store] 
Database '/home/larry/workspace/videoclub/db/videoclub.odb' is closed by 16630@larry-notebook

