------------------------------------------------------------------------------------------------------------------------

[2013-01-29 02:51:19 #1 store] 
Database '/home/larry/workspace/videoclub/db/videoclub.odb' is opened by 5570@larry-notebook

[2013-01-29 02:51:19 #2 type] 
Type model.Profile is not enhanced.

[2013-01-29 02:51:19 #3 type] 
Type model.Right is not enhanced.

[2013-01-29 02:51:19 #4 type] 
Type model.User is not enhanced.

[2013-01-29 02:51:19 #5 type] 
Type model.Order is not enhanced.

[2013-01-29 02:51:19 #6 type] 
Type model.Product is not enhanced.

------------------------------------------------------------------------------------------------------------------------

[2013-01-29 02:52:34 #1 store] 
Database '/home/larry/workspace/videoclub/db/videoclub.odb' is opened by 5629@larry-notebook

[2013-01-29 02:52:35 #2 type] 
Type model.Profile is not enhanced.

[2013-01-29 02:52:35 #3 type] 
Type model.Right is not enhanced.

[2013-01-29 02:52:35 #4 type] 
Type model.User is not enhanced.

[2013-01-29 02:52:35 #5 type] 
Type model.Order is not enhanced.

[2013-01-29 02:52:35 #6 type] 
Type model.Product is not enhanced.

------------------------------------------------------------------------------------------------------------------------

[2013-01-29 02:54:17 #1 store] 
Database '/home/larry/workspace/videoclub/db/videoclub.odb' has been recovered (tr. 15-15)

[2013-01-29 02:54:17 #2 store] 
Database '/home/larry/workspace/videoclub/db/videoclub.odb' is opened by 5660@larry-notebook

[2013-01-29 02:54:17 #3 type] 
Type model.Profile is not enhanced.

[2013-01-29 02:54:17 #4 type] 
Type model.Right is not enhanced.

[2013-01-29 02:54:17 #5 type] 
Type model.User is not enhanced.

[2013-01-29 02:54:17 #6 type] 
Type model.Order is not enhanced.

[2013-01-29 02:54:17 #7 type] 
Type model.Product is not enhanced.

------------------------------------------------------------------------------------------------------------------------

[2013-01-29 03:01:37 #1 store] 
Database '/home/larry/workspace/videoclub/db/videoclub.odb' has been recovered (tr. 16-24)

[2013-01-29 03:01:37 #2 store] 
Database '/home/larry/workspace/videoclub/db/videoclub.odb' is opened by 5779@larry-notebook

[2013-01-29 03:01:37 #3 type] 
Type model.Profile is not enhanced.

[2013-01-29 03:01:37 #4 type] 
Type model.Right is not enhanced.

[2013-01-29 03:01:37 #5 type] 
Type model.User is not enhanced.

[2013-01-29 03:01:37 #6 type] 
Type model.Order is not enhanced.

[2013-01-29 03:01:37 #7 type] 
Type model.Product is not enhanced.

------------------------------------------------------------------------------------------------------------------------

[2013-01-29 03:02:57 #1 store] 
Database '/home/larry/workspace/videoclub/db/videoclub.odb' has been recovered (tr. 25-26)

[2013-01-29 03:02:57 #2 store] 
Database '/home/larry/workspace/videoclub/db/videoclub.odb' is opened by 5830@larry-notebook

[2013-01-29 03:02:58 #3 type] 
Type model.Profile is not enhanced.

[2013-01-29 03:02:58 #4 type] 
Type model.Right is not enhanced.

[2013-01-29 03:02:58 #5 type] 
Type model.User is not enhanced.

[2013-01-29 03:02:58 #6 type] 
Type model.Order is not enhanced.

[2013-01-29 03:02:58 #7 type] 
Type model.Product is not enhanced.

------------------------------------------------------------------------------------------------------------------------

[2013-01-29 03:05:20 #1 store] 
Database '/home/larry/workspace/videoclub/db/videoclub.odb' is opened by 5958@larry-notebook

[2013-01-29 03:05:21 #2 type] 
Type model.Profile is not enhanced.

[2013-01-29 03:05:21 #3 type] 
Type model.Right is not enhanced.

[2013-01-29 03:05:21 #4 type] 
Type model.User is not enhanced.

[2013-01-29 03:05:21 #5 type] 
Type model.Order is not enhanced.

[2013-01-29 03:05:21 #6 type] 
Type model.Product is not enhanced.

------------------------------------------------------------------------------------------------------------------------

[2013-01-29 03:06:27 #1 store] 
Database '/home/larry/workspace/videoclub/db/videoclub.odb' is opened by 6002@larry-notebook

[2013-01-29 03:06:27 #2 type] 
Type model.Profile is not enhanced.

[2013-01-29 03:06:27 #3 type] 
Type model.Right is not enhanced.

[2013-01-29 03:06:27 #4 type] 
Type model.User is not enhanced.

[2013-01-29 03:06:27 #5 type] 
Type model.Order is not enhanced.

[2013-01-29 03:06:27 #6 type] 
Type model.Product is not enhanced.

------------------------------------------------------------------------------------------------------------------------

[2013-01-29 03:19:13 #1 store] 
Database '/home/larry/workspace/videoclub/db/videoclub.odb' is opened by 6334@larry-notebook

[2013-01-29 03:19:14 #2 type] 
Type model.Profile is not enhanced.

[2013-01-29 03:19:14 #3 type] 
Type model.Right is not enhanced.

[2013-01-29 03:19:14 #4 type] 
Type model.User is not enhanced.

[2013-01-29 03:19:14 #5 type] 
Type model.Order is not enhanced.

[2013-01-29 03:19:14 #6 type] 
Type model.Product is not enhanced.

------------------------------------------------------------------------------------------------------------------------

[2013-01-29 03:23:13 #1 store] 
Database '/home/larry/workspace/videoclub/db/videoclub.odb' is opened by 6398@larry-notebook

[2013-01-29 03:23:13 #2 type] 
Type model.Profile is not enhanced.

[2013-01-29 03:23:13 #3 type] 
Type model.Right is not enhanced.

[2013-01-29 03:23:13 #4 type] 
Type model.User is not enhanced.

[2013-01-29 03:23:13 #5 type] 
Type model.Order is not enhanced.

[2013-01-29 03:23:13 #6 type] 
Type model.Product is not enhanced.

------------------------------------------------------------------------------------------------------------------------

[2013-01-29 03:33:45 #1 store] 
Database '/home/larry/workspace/videoclub/db/videoclub.odb' has been recovered (tr. 27-27)

[2013-01-29 03:33:45 #2 store] 
Database '/home/larry/workspace/videoclub/db/videoclub.odb' is opened by 6713@larry-notebook

[2013-01-29 03:33:45 #3 type] 
Type model.Profile is not enhanced.

[2013-01-29 03:33:45 #4 type] 
Type model.Right is not enhanced.

[2013-01-29 03:33:45 #5 type] 
Type model.User is not enhanced.

[2013-01-29 03:33:45 #6 type] 
Type model.Order is not enhanced.

[2013-01-29 03:33:45 #7 type] 
Type model.Product is not enhanced.

------------------------------------------------------------------------------------------------------------------------

[2013-01-29 03:38:33 #1 store] 
Database '/home/larry/workspace/videoclub/db/videoclub.odb' is opened by 6810@larry-notebook

[2013-01-29 03:38:33 #2 type] 
Type model.Profile is not enhanced.

[2013-01-29 03:38:33 #3 type] 
Type model.Right is not enhanced.

[2013-01-29 03:38:33 #4 type] 
Type model.User is not enhanced.

[2013-01-29 03:38:33 #5 type] 
Type model.Order is not enhanced.

[2013-01-29 03:38:33 #6 type] 
Type model.Product is not enhanced.

------------------------------------------------------------------------------------------------------------------------

[2013-01-29 03:47:49 #1 store] 
Database '/home/larry/workspace/videoclub/db/videoclub.odb' is opened by 6937@larry-notebook

[2013-01-29 03:47:49 #2 type] 
Type model.Profile is not enhanced.

[2013-01-29 03:47:49 #3 type] 
Type model.Right is not enhanced.

[2013-01-29 03:47:49 #4 type] 
Type model.User is not enhanced.

[2013-01-29 03:47:49 #5 type] 
Type model.Order is not enhanced.

[2013-01-29 03:47:49 #6 type] 
Type model.Product is not enhanced.

------------------------------------------------------------------------------------------------------------------------

[2013-01-29 03:50:49 #1 store] 
Database '/home/larry/workspace/videoclub/db/videoclub.odb' is opened by 7022@larry-notebook

[2013-01-29 03:50:49 #2 type] 
Type model.Profile is not enhanced.

[2013-01-29 03:50:49 #3 type] 
Type model.Right is not enhanced.

[2013-01-29 03:50:49 #4 type] 
Type model.User is not enhanced.

[2013-01-29 03:50:49 #5 type] 
Type model.Order is not enhanced.

[2013-01-29 03:50:49 #6 type] 
Type model.Product is not enhanced.

------------------------------------------------------------------------------------------------------------------------

[2013-01-29 03:54:20 #1 store] 
Database '/home/larry/workspace/videoclub/db/videoclub.odb' is opened by 7097@larry-notebook

[2013-01-29 03:54:21 #2 type] 
Type model.Profile is not enhanced.

[2013-01-29 03:54:21 #3 type] 
Type model.Right is not enhanced.

[2013-01-29 03:54:21 #4 type] 
Type model.User is not enhanced.

[2013-01-29 03:54:21 #5 type] 
Type model.Order is not enhanced.

[2013-01-29 03:54:21 #6 type] 
Type model.Product is not enhanced.

------------------------------------------------------------------------------------------------------------------------

[2013-01-29 04:05:00 #1 store] 
Database '/home/larry/workspace/videoclub/db/videoclub.odb' is opened by 7291@larry-notebook

[2013-01-29 04:05:00 #2 type] 
Type model.Profile is not enhanced.

[2013-01-29 04:05:00 #3 type] 
Type model.Right is not enhanced.

[2013-01-29 04:05:00 #4 type] 
Type model.User is not enhanced.

[2013-01-29 04:05:00 #5 type] 
Type model.Order is not enhanced.

[2013-01-29 04:05:00 #6 type] 
Type model.Product is not enhanced.

------------------------------------------------------------------------------------------------------------------------

[2013-01-29 04:07:07 #1 store] 
Database '/home/larry/workspace/videoclub/db/videoclub.odb' is opened by 7326@larry-notebook

[2013-01-29 04:07:08 #2 type] 
Type model.Profile is not enhanced.

[2013-01-29 04:07:08 #3 type] 
Type model.Right is not enhanced.

[2013-01-29 04:07:08 #4 type] 
Type model.User is not enhanced.

[2013-01-29 04:07:08 #5 type] 
Type model.Order is not enhanced.

[2013-01-29 04:07:08 #6 type] 
Type model.Product is not enhanced.

------------------------------------------------------------------------------------------------------------------------

[2013-01-29 04:11:33 #1 store] 
Database '/home/larry/workspace/videoclub/db/videoclub.odb' is opened by 7446@larry-notebook

[2013-01-29 04:11:33 #2 type] 
Type model.Profile is not enhanced.

[2013-01-29 04:11:33 #3 type] 
Type model.Right is not enhanced.

[2013-01-29 04:11:34 #4 type] 
Type model.User is not enhanced.

[2013-01-29 04:11:34 #5 type] 
Type model.Order is not enhanced.

[2013-01-29 04:11:34 #6 type] 
Type model.Product is not enhanced.

------------------------------------------------------------------------------------------------------------------------

[2013-01-29 04:14:09 #1 store] 
Database '/home/larry/workspace/videoclub/db/videoclub.odb' is opened by 7548@larry-notebook

[2013-01-29 04:14:09 #2 type] 
Type model.Profile is not enhanced.

[2013-01-29 04:14:09 #3 type] 
Type model.Right is not enhanced.

[2013-01-29 04:14:09 #4 type] 
Type model.User is not enhanced.

[2013-01-29 04:14:09 #5 type] 
Type model.Order is not enhanced.

[2013-01-29 04:14:09 #6 type] 
Type model.Product is not enhanced.

------------------------------------------------------------------------------------------------------------------------

[2013-01-29 04:19:21 #1 store] 
Database '/home/larry/workspace/videoclub/db/videoclub.odb' is opened by 7804@larry-notebook

[2013-01-29 04:19:21 #2 type] 
Type model.Profile is not enhanced.

[2013-01-29 04:19:21 #3 type] 
Type model.Right is not enhanced.

[2013-01-29 04:19:21 #4 type] 
Type model.User is not enhanced.

[2013-01-29 04:19:21 #5 type] 
Type model.Order is not enhanced.

[2013-01-29 04:19:21 #6 type] 
Type model.Product is not enhanced.

------------------------------------------------------------------------------------------------------------------------

[2013-01-29 04:21:34 #1 store] 
Database '/home/larry/workspace/videoclub/db/videoclub.odb' is opened by 7880@larry-notebook

[2013-01-29 04:21:35 #2 type] 
Type model.Profile is not enhanced.

[2013-01-29 04:21:35 #3 type] 
Type model.Right is not enhanced.

[2013-01-29 04:21:35 #4 type] 
Type model.User is not enhanced.

[2013-01-29 04:21:35 #5 type] 
Type model.Order is not enhanced.

[2013-01-29 04:21:35 #6 type] 
Type model.Product is not enhanced.

------------------------------------------------------------------------------------------------------------------------

[2013-01-29 04:24:11 #1 store] 
Database '/home/larry/workspace/videoclub/db/videoclub.odb' is opened by 7944@larry-notebook

[2013-01-29 04:24:11 #2 type] 
Type model.Profile is not enhanced.

[2013-01-29 04:24:11 #3 type] 
Type model.Right is not enhanced.

[2013-01-29 04:24:11 #4 type] 
Type model.User is not enhanced.

[2013-01-29 04:24:11 #5 type] 
Type model.Order is not enhanced.

[2013-01-29 04:24:11 #6 type] 
Type model.Product is not enhanced.

------------------------------------------------------------------------------------------------------------------------

[2013-01-29 04:24:36 #1 store] 
Database '/home/larry/workspace/videoclub/db/videoclub.odb' is opened by 7972@larry-notebook

[2013-01-29 04:24:36 #2 type] 
Type model.Profile is not enhanced.

[2013-01-29 04:24:36 #3 type] 
Type model.Right is not enhanced.

[2013-01-29 04:24:36 #4 type] 
Type model.User is not enhanced.

[2013-01-29 04:24:36 #5 type] 
Type model.Order is not enhanced.

[2013-01-29 04:24:36 #6 type] 
Type model.Product is not enhanced.

------------------------------------------------------------------------------------------------------------------------

[2013-01-29 04:25:33 #1 store] 
Database '/home/larry/workspace/videoclub/db/videoclub.odb' is opened by 8006@larry-notebook

[2013-01-29 04:25:33 #2 type] 
Type model.Profile is not enhanced.

[2013-01-29 04:25:33 #3 type] 
Type model.Right is not enhanced.

[2013-01-29 04:25:33 #4 type] 
Type model.User is not enhanced.

[2013-01-29 04:25:33 #5 type] 
Type model.Order is not enhanced.

[2013-01-29 04:25:33 #6 type] 
Type model.Product is not enhanced.

------------------------------------------------------------------------------------------------------------------------

[2013-01-29 04:26:18 #1 store] 
Database '/home/larry/workspace/videoclub/db/videoclub.odb' is opened by 8037@larry-notebook

[2013-01-29 04:26:18 #2 type] 
Type model.Profile is not enhanced.

[2013-01-29 04:26:18 #3 type] 
Type model.Right is not enhanced.

[2013-01-29 04:26:18 #4 type] 
Type model.User is not enhanced.

[2013-01-29 04:26:18 #5 type] 
Type model.Order is not enhanced.

[2013-01-29 04:26:18 #6 type] 
Type model.Product is not enhanced.

------------------------------------------------------------------------------------------------------------------------

[2013-01-29 17:48:58 #1 store] 
Database '/home/larry/workspace/videoblub/db/videoclub.odb' is opened by 4175@larry-server

[2013-01-29 17:49:06 #2 store] 
Database '/home/larry/workspace/videoblub/db/videoclub.odb' is closed by 4175@larry-server

------------------------------------------------------------------------------------------------------------------------

[2013-01-29 17:50:52 #1 store] 
Database '/home/larry/workspace/videoblub/db/videoclub.odb' is opened by 4337@larry-server

[2013-01-29 17:50:55 #2 store] 
Database '/home/larry/workspace/videoblub/db/videoclub.odb' is closed by 4337@larry-server

------------------------------------------------------------------------------------------------------------------------

[2013-01-29 17:51:05 #1 store] 
Database '/home/larry/workspace/videoclub/db/videoclub.odb' is opened by 4363@larry-server

[2013-01-29 17:51:05 #2 type] 
Type model.Profile is not enhanced.

[2013-01-29 17:51:05 #3 type] 
Type model.Right is not enhanced.

[2013-01-29 17:51:05 #4 type] 
Type model.User is not enhanced.

[2013-01-29 17:51:05 #5 type] 
Type model.Order is not enhanced.

[2013-01-29 17:51:05 #6 type] 
Type model.Product is not enhanced.

------------------------------------------------------------------------------------------------------------------------

[2013-01-29 17:51:58 #1 store] 
Database '/home/larry/workspace/videoclub/db/videoclub.odb' is opened by 4495@larry-server

[2013-01-29 18:06:21 #2 store] 
Database '/home/larry/workspace/videoclub/db/videoclub.odb' is closed by 4495@larry-server

------------------------------------------------------------------------------------------------------------------------

[2013-01-29 18:10:18 #1 store] 
Database '/home/larry/workspace/videoclub/db/videoclub.odb' is opened by 4653@larry-server

[2013-01-29 18:10:18 #2 type] 
Type model.Profile is not enhanced.

[2013-01-29 18:10:18 #3 type] 
Type model.Right is not enhanced.

[2013-01-29 18:10:18 #4 type] 
Type model.User is not enhanced.

[2013-01-29 18:10:18 #5 type] 
Type model.Order is not enhanced.

[2013-01-29 18:10:18 #6 type] 
Type model.Product is not enhanced.

------------------------------------------------------------------------------------------------------------------------

[2013-01-29 18:19:15 #1 store] 
Database '/home/larry/workspace/videoclub/db/videoclub.odb' is opened by 4749@larry-server

[2013-01-29 18:19:15 #2 type] 
Type model.Profile is not enhanced.

[2013-01-29 18:19:15 #3 type] 
Type model.Right is not enhanced.

[2013-01-29 18:19:15 #4 type] 
Type model.User is not enhanced.

[2013-01-29 18:19:15 #5 type] 
Type model.Order is not enhanced.

[2013-01-29 18:19:15 #6 type] 
Type model.Product is not enhanced.

------------------------------------------------------------------------------------------------------------------------

[2013-01-29 18:20:01 #1 store] 
Database '/home/larry/workspace/videoclub/db/videoclub.odb' is opened by 4798@larry-server

[2013-01-29 18:20:01 #2 type] 
Type model.Profile is not enhanced.

[2013-01-29 18:20:01 #3 type] 
Type model.Right is not enhanced.

[2013-01-29 18:20:01 #4 type] 
Type model.User is not enhanced.

[2013-01-29 18:20:01 #5 type] 
Type model.Order is not enhanced.

[2013-01-29 18:20:01 #6 type] 
Type model.Product is not enhanced.

------------------------------------------------------------------------------------------------------------------------

[2013-01-29 18:28:02 #1 store] 
Database '/home/larry/workspace/videoclub/db/videoclub.odb' is opened by 4885@larry-server

[2013-01-29 18:28:02 #2 type] 
Type model.Profile is not enhanced.

[2013-01-29 18:28:02 #3 type] 
Type model.Right is not enhanced.

[2013-01-29 18:28:02 #4 type] 
Type model.User is not enhanced.

[2013-01-29 18:28:02 #5 type] 
Type model.Order is not enhanced.

[2013-01-29 18:28:02 #6 type] 
Type model.Product is not enhanced.

------------------------------------------------------------------------------------------------------------------------

[2013-01-29 19:10:19 #1 store] 
Database '/home/larry/workspace/videoclub/db/videoclub.odb' is opened by 5579@larry-server

[2013-01-29 19:10:20 #2 type] 
Type model.Profile is not enhanced.

[2013-01-29 19:10:20 #3 type] 
Type model.Right is not enhanced.

[2013-01-29 19:10:20 #4 type] 
Type model.User is not enhanced.

[2013-01-29 19:10:20 #5 type] 
Type model.Order is not enhanced.

[2013-01-29 19:10:20 #6 type] 
Type model.Product is not enhanced.

------------------------------------------------------------------------------------------------------------------------

[2013-01-29 19:11:46 #1 store] 
Database '/home/larry/workspace/videoclub/db/videoclub.odb' is opened by 5616@larry-server

[2013-01-29 19:11:46 #2 type] 
Type model.Profile is not enhanced.

[2013-01-29 19:11:46 #3 type] 
Type model.Right is not enhanced.

[2013-01-29 19:11:46 #4 type] 
Type model.User is not enhanced.

[2013-01-29 19:11:46 #5 type] 
Type model.Order is not enhanced.

[2013-01-29 19:11:46 #6 type] 
Type model.Product is not enhanced.

------------------------------------------------------------------------------------------------------------------------

[2013-01-29 19:12:46 #1 store] 
Database '/home/larry/workspace/videoclub/db/videoclub.odb' is opened by 5652@larry-server

[2013-01-29 19:12:46 #2 type] 
Type model.Profile is not enhanced.

[2013-01-29 19:12:46 #3 type] 
Type model.Right is not enhanced.

[2013-01-29 19:12:46 #4 type] 
Type model.User is not enhanced.

[2013-01-29 19:12:46 #5 type] 
Type model.Order is not enhanced.

[2013-01-29 19:12:46 #6 type] 
Type model.Product is not enhanced.

------------------------------------------------------------------------------------------------------------------------

[2013-01-29 19:13:20 #1 store] 
Database '/home/larry/workspace/videoclub/db/videoclub.odb' is opened by 5685@larry-server

[2013-01-29 19:13:20 #2 type] 
Type model.Profile is not enhanced.

[2013-01-29 19:13:20 #3 type] 
Type model.Right is not enhanced.

[2013-01-29 19:13:20 #4 type] 
Type model.User is not enhanced.

[2013-01-29 19:13:20 #5 type] 
Type model.Order is not enhanced.

[2013-01-29 19:13:20 #6 type] 
Type model.Product is not enhanced.

------------------------------------------------------------------------------------------------------------------------

[2013-01-29 19:15:53 #1 store] 
Database '/home/larry/workspace/videoclub/db/videoclub.odb' is opened by 5725@larry-server

[2013-01-29 19:15:53 #2 type] 
Type model.Profile is not enhanced.

[2013-01-29 19:15:53 #3 type] 
Type model.Right is not enhanced.

[2013-01-29 19:15:53 #4 type] 
Type model.User is not enhanced.

[2013-01-29 19:15:53 #5 type] 
Type model.Order is not enhanced.

[2013-01-29 19:15:53 #6 type] 
Type model.Product is not enhanced.

------------------------------------------------------------------------------------------------------------------------

[2013-01-29 19:16:24 #1 store] 
Database '/home/larry/workspace/videoclub/db/videoclub.odb' is opened by 5755@larry-server

[2013-01-29 19:16:24 #2 type] 
Type model.Profile is not enhanced.

[2013-01-29 19:16:24 #3 type] 
Type model.Right is not enhanced.

[2013-01-29 19:16:24 #4 type] 
Type model.User is not enhanced.

[2013-01-29 19:16:24 #5 type] 
Type model.Order is not enhanced.

[2013-01-29 19:16:24 #6 type] 
Type model.Product is not enhanced.

------------------------------------------------------------------------------------------------------------------------

[2013-01-29 19:16:49 #1 store] 
Database '/home/larry/workspace/videoclub/db/videoclub.odb' is opened by 5784@larry-server

[2013-01-29 19:16:49 #2 type] 
Type model.Profile is not enhanced.

[2013-01-29 19:16:49 #3 type] 
Type model.Right is not enhanced.

[2013-01-29 19:16:49 #4 type] 
Type model.User is not enhanced.

[2013-01-29 19:16:49 #5 type] 
Type model.Order is not enhanced.

[2013-01-29 19:16:49 #6 type] 
Type model.Product is not enhanced.

------------------------------------------------------------------------------------------------------------------------

[2013-01-29 19:17:12 #1 store] 
Database '/home/larry/workspace/videoclub/db/videoclub.odb' is opened by 5819@larry-server

[2013-01-29 19:17:12 #2 type] 
Type model.Profile is not enhanced.

[2013-01-29 19:17:12 #3 type] 
Type model.Right is not enhanced.

[2013-01-29 19:17:12 #4 type] 
Type model.User is not enhanced.

[2013-01-29 19:17:12 #5 type] 
Type model.Order is not enhanced.

[2013-01-29 19:17:12 #6 type] 
Type model.Product is not enhanced.

------------------------------------------------------------------------------------------------------------------------

[2013-01-29 19:20:31 #1 store] 
Database '/home/larry/workspace/videoclub/db/videoclub.odb' is opened by 5856@larry-server

[2013-01-29 19:20:31 #2 type] 
Type model.Profile is not enhanced.

[2013-01-29 19:20:31 #3 type] 
Type model.Right is not enhanced.

[2013-01-29 19:20:31 #4 type] 
Type model.User is not enhanced.

[2013-01-29 19:20:31 #5 type] 
Type model.Order is not enhanced.

[2013-01-29 19:20:31 #6 type] 
Type model.Product is not enhanced.

------------------------------------------------------------------------------------------------------------------------

[2013-01-29 19:21:17 #1 store] 
Database '/home/larry/workspace/videoclub/db/videoclub.odb' is opened by 5889@larry-server

[2013-01-29 19:21:17 #2 type] 
Type model.Profile is not enhanced.

[2013-01-29 19:21:17 #3 type] 
Type model.Right is not enhanced.

[2013-01-29 19:21:17 #4 type] 
Type model.User is not enhanced.

[2013-01-29 19:21:17 #5 type] 
Type model.Order is not enhanced.

[2013-01-29 19:21:17 #6 type] 
Type model.Product is not enhanced.

------------------------------------------------------------------------------------------------------------------------

[2013-01-29 19:21:51 #1 store] 
Database '/home/larry/workspace/videoclub/db/videoclub.odb' is opened by 5918@larry-server

[2013-01-29 19:21:51 #2 type] 
Type model.Profile is not enhanced.

[2013-01-29 19:21:51 #3 type] 
Type model.Right is not enhanced.

[2013-01-29 19:21:51 #4 type] 
Type model.User is not enhanced.

[2013-01-29 19:21:51 #5 type] 
Type model.Order is not enhanced.

[2013-01-29 19:21:51 #6 type] 
Type model.Product is not enhanced.

------------------------------------------------------------------------------------------------------------------------

[2013-01-29 19:22:15 #1 store] 
Database '/home/larry/workspace/videoclub/db/videoclub.odb' is opened by 5948@larry-server

[2013-01-29 19:22:15 #2 type] 
Type model.Profile is not enhanced.

[2013-01-29 19:22:15 #3 type] 
Type model.Right is not enhanced.

[2013-01-29 19:22:15 #4 type] 
Type model.User is not enhanced.

[2013-01-29 19:22:15 #5 type] 
Type model.Order is not enhanced.

[2013-01-29 19:22:15 #6 type] 
Type model.Product is not enhanced.

------------------------------------------------------------------------------------------------------------------------

[2013-01-29 19:23:12 #1 store] 
Database '/home/larry/workspace/videoclub/db/videoclub.odb' is opened by 5979@larry-server

[2013-01-29 19:23:12 #2 type] 
Type model.Profile is not enhanced.

[2013-01-29 19:23:12 #3 type] 
Type model.Right is not enhanced.

[2013-01-29 19:23:12 #4 type] 
Type model.User is not enhanced.

[2013-01-29 19:23:12 #5 type] 
Type model.Order is not enhanced.

[2013-01-29 19:23:12 #6 type] 
Type model.Product is not enhanced.

------------------------------------------------------------------------------------------------------------------------

[2013-01-29 19:24:26 #1 store] 
Database '/home/larry/workspace/videoclub/db/videoclub.odb' is opened by 6026@larry-server

[2013-01-29 19:24:26 #2 type] 
Type model.Profile is not enhanced.

[2013-01-29 19:24:26 #3 type] 
Type model.Right is not enhanced.

[2013-01-29 19:24:26 #4 type] 
Type model.User is not enhanced.

[2013-01-29 19:24:26 #5 type] 
Type model.Order is not enhanced.

[2013-01-29 19:24:26 #6 type] 
Type model.Product is not enhanced.

------------------------------------------------------------------------------------------------------------------------

[2013-01-29 19:26:34 #1 store] 
Database '/home/larry/workspace/videoclub/db/videoclub.odb' is opened by 6088@larry-server

[2013-01-29 19:26:34 #2 type] 
Type model.Profile is not enhanced.

[2013-01-29 19:26:34 #3 type] 
Type model.Right is not enhanced.

[2013-01-29 19:26:34 #4 type] 
Type model.User is not enhanced.

[2013-01-29 19:26:34 #5 type] 
Type model.Order is not enhanced.

[2013-01-29 19:26:34 #6 type] 
Type model.Product is not enhanced.

------------------------------------------------------------------------------------------------------------------------

[2013-01-29 19:28:12 #1 store] 
Database '/home/larry/workspace/videoclub/db/videoclub.odb' is opened by 6126@larry-server

[2013-01-29 19:28:13 #2 type] 
Type model.Profile is not enhanced.

[2013-01-29 19:28:13 #3 type] 
Type model.Right is not enhanced.

[2013-01-29 19:28:13 #4 type] 
Type model.User is not enhanced.

[2013-01-29 19:28:13 #5 type] 
Type model.Order is not enhanced.

[2013-01-29 19:28:13 #6 type] 
Type model.Product is not enhanced.

------------------------------------------------------------------------------------------------------------------------

[2013-01-29 19:29:13 #1 store] 
Database '/home/larry/workspace/videoclub/db/videoclub.odb' is opened by 6169@larry-server

[2013-01-29 19:29:14 #2 type] 
Type model.Profile is not enhanced.

[2013-01-29 19:29:14 #3 type] 
Type model.Right is not enhanced.

[2013-01-29 19:29:14 #4 type] 
Type model.User is not enhanced.

[2013-01-29 19:29:14 #5 type] 
Type model.Order is not enhanced.

[2013-01-29 19:29:14 #6 type] 
Type model.Product is not enhanced.

------------------------------------------------------------------------------------------------------------------------

[2013-01-29 19:35:42 #1 store] 
Database '/home/larry/workspace/videoclub/db/videoclub.odb' is opened by 6399@larry-server

[2013-01-29 19:35:42 #2 type] 
Type model.Profile is not enhanced.

[2013-01-29 19:35:42 #3 type] 
Type model.Right is not enhanced.

[2013-01-29 19:35:42 #4 type] 
Type model.User is not enhanced.

[2013-01-29 19:35:42 #5 type] 
Type model.Order is not enhanced.

[2013-01-29 19:35:42 #6 type] 
Type model.Product is not enhanced.

------------------------------------------------------------------------------------------------------------------------

[2013-01-29 19:43:22 #1 store] 
Database '/home/larry/workspace/videoclub/db/videoclub.odb' is opened by 6632@larry-server

[2013-01-29 19:43:22 #2 type] 
Type model.Profile is not enhanced.

[2013-01-29 19:43:22 #3 type] 
Type model.Right is not enhanced.

[2013-01-29 19:43:22 #4 type] 
Type model.User is not enhanced.

[2013-01-29 19:43:22 #5 type] 
Type model.Order is not enhanced.

[2013-01-29 19:43:22 #6 type] 
Type model.Product is not enhanced.

------------------------------------------------------------------------------------------------------------------------

[2013-01-29 19:44:08 #1 store] 
Database '/home/larry/workspace/videoclub/db/videoclub.odb' is opened by 6687@larry-server

[2013-01-29 19:44:08 #2 type] 
Type model.Profile is not enhanced.

[2013-01-29 19:44:08 #3 type] 
Type model.Right is not enhanced.

[2013-01-29 19:44:08 #4 type] 
Type model.User is not enhanced.

[2013-01-29 19:44:08 #5 type] 
Type model.Order is not enhanced.

[2013-01-29 19:44:08 #6 type] 
Type model.Product is not enhanced.

------------------------------------------------------------------------------------------------------------------------

[2013-01-29 19:46:48 #1 store] 
Database '/home/larry/workspace/videoclub/db/videoclub.odb' is opened by 6824@larry-server

[2013-01-29 19:46:48 #2 type] 
Type model.Profile is not enhanced.

[2013-01-29 19:46:48 #3 type] 
Type model.Right is not enhanced.

[2013-01-29 19:46:48 #4 type] 
Type model.User is not enhanced.

[2013-01-29 19:46:48 #5 type] 
Type model.Order is not enhanced.

[2013-01-29 19:46:48 #6 type] 
Type model.Product is not enhanced.

------------------------------------------------------------------------------------------------------------------------

[2013-01-29 20:30:19 #1 store] 
Database '/home/larry/workspace/videoclub/db/videoclub.odb' has been recovered (tr. 28-28)

[2013-01-29 20:30:19 #2 store] 
Database '/home/larry/workspace/videoclub/db/videoclub.odb' is opened by 8068@larry-server

[2013-01-29 20:30:20 #3 type] 
Type model.Profile is not enhanced.

[2013-01-29 20:30:20 #4 type] 
Type model.Right is not enhanced.

[2013-01-29 20:30:20 #5 type] 
Type model.User is not enhanced.

[2013-01-29 20:30:20 #6 type] 
Type model.Order is not enhanced.

[2013-01-29 20:30:20 #7 type] 
Type model.Product is not enhanced.

------------------------------------------------------------------------------------------------------------------------

[2013-01-29 20:34:37 #1 store] 
Database '/home/larry/workspace/videoclub/db/videoclub.odb' is opened by 8180@larry-server

[2013-01-29 20:34:37 #2 type] 
Type model.Profile is not enhanced.

[2013-01-29 20:34:37 #3 type] 
Type model.Right is not enhanced.

[2013-01-29 20:34:37 #4 type] 
Type model.User is not enhanced.

[2013-01-29 20:34:37 #5 type] 
Type model.Order is not enhanced.

[2013-01-29 20:34:37 #6 type] 
Type model.Product is not enhanced.

------------------------------------------------------------------------------------------------------------------------

[2013-01-29 20:36:55 #1 store] 
Database '/home/larry/workspace/videoclub/db/videoclub.odb' is opened by 8239@larry-server

[2013-01-29 20:36:55 #2 type] 
Type model.Profile is not enhanced.

[2013-01-29 20:36:55 #3 type] 
Type model.Right is not enhanced.

[2013-01-29 20:36:55 #4 type] 
Type model.User is not enhanced.

[2013-01-29 20:36:55 #5 type] 
Type model.Order is not enhanced.

[2013-01-29 20:36:55 #6 type] 
Type model.Product is not enhanced.

------------------------------------------------------------------------------------------------------------------------

[2013-01-29 20:49:40 #1 store] 
Database '/home/larry/workspace/videoclub/db/videoclub.odb' has been recovered (tr. 29-29)

[2013-01-29 20:49:40 #2 store] 
Database '/home/larry/workspace/videoclub/db/videoclub.odb' is opened by 8351@larry-server

[2013-01-29 20:49:40 #3 type] 
Type model.Profile is not enhanced.

[2013-01-29 20:49:40 #4 type] 
Type model.Right is not enhanced.

[2013-01-29 20:49:40 #5 type] 
Type model.User is not enhanced.

[2013-01-29 20:49:40 #6 type] 
Type model.Order is not enhanced.

[2013-01-29 20:49:40 #7 type] 
Type model.Product is not enhanced.

------------------------------------------------------------------------------------------------------------------------

[2013-01-29 20:51:45 #1 store] 
Database '/home/larry/workspace/videoclub/db/videoclub.odb' has been recovered (tr. 30-30)

[2013-01-29 20:51:45 #2 store] 
Database '/home/larry/workspace/videoclub/db/videoclub.odb' is opened by 8448@larry-server

[2013-01-29 20:51:45 #3 type] 
Type model.Profile is not enhanced.

[2013-01-29 20:51:45 #4 type] 
Type model.Right is not enhanced.

[2013-01-29 20:51:45 #5 type] 
Type model.User is not enhanced.

[2013-01-29 20:51:45 #6 type] 
Type model.Order is not enhanced.

[2013-01-29 20:51:45 #7 type] 
Type model.Product is not enhanced.

------------------------------------------------------------------------------------------------------------------------

[2013-01-29 20:54:39 #1 store] 
Database '/home/larry/workspace/videoclub/db/videoclub.odb' has been recovered (tr. 31-31)

[2013-01-29 20:54:39 #2 store] 
Database '/home/larry/workspace/videoclub/db/videoclub.odb' is opened by 8516@larry-server

[2013-01-29 20:54:39 #3 type] 
Type model.Profile is not enhanced.

[2013-01-29 20:54:39 #4 type] 
Type model.Right is not enhanced.

[2013-01-29 20:54:39 #5 type] 
Type model.User is not enhanced.

[2013-01-29 20:54:39 #6 type] 
Type model.Order is not enhanced.

[2013-01-29 20:54:39 #7 type] 
Type model.Product is not enhanced.

------------------------------------------------------------------------------------------------------------------------

[2013-01-29 20:56:05 #1 store] 
Database '/home/larry/workspace/videoclub/db/videoclub.odb' is opened by 8587@larry-server

[2013-01-29 20:56:05 #2 type] 
Type model.Profile is not enhanced.

[2013-01-29 20:56:05 #3 type] 
Type model.Right is not enhanced.

[2013-01-29 20:56:05 #4 type] 
Type model.User is not enhanced.

[2013-01-29 20:56:05 #5 type] 
Type model.Order is not enhanced.

[2013-01-29 20:56:05 #6 type] 
Type model.Product is not enhanced.

------------------------------------------------------------------------------------------------------------------------

[2013-01-29 20:58:36 #1 store] 
Database '/home/larry/workspace/videoclub/db/videoclub.odb' has been recovered (tr. 32-32)

[2013-01-29 20:58:36 #2 store] 
Database '/home/larry/workspace/videoclub/db/videoclub.odb' is opened by 8640@larry-server

[2013-01-29 20:58:36 #3 type] 
Type model.Profile is not enhanced.

[2013-01-29 20:58:36 #4 type] 
Type model.Right is not enhanced.

[2013-01-29 20:58:36 #5 type] 
Type model.User is not enhanced.

[2013-01-29 20:58:36 #6 type] 
Type model.Order is not enhanced.

[2013-01-29 20:58:36 #7 type] 
Type model.Product is not enhanced.

------------------------------------------------------------------------------------------------------------------------

[2013-01-29 21:25:58 #1 store] 
Database '/home/larry/workspace/videoclub/db/videoclub.odb' is opened by 9332@larry-server

[2013-01-29 21:25:58 #2 type] 
Type model.Profile is not enhanced.

[2013-01-29 21:25:58 #3 type] 
Type model.Right is not enhanced.

[2013-01-29 21:25:58 #4 type] 
Type model.User is not enhanced.

[2013-01-29 21:25:58 #5 type] 
Type model.Order is not enhanced.

[2013-01-29 21:25:58 #6 type] 
Type model.Product is not enhanced.

------------------------------------------------------------------------------------------------------------------------

[2013-01-29 21:28:25 #1 store] 
Database '/home/larry/workspace/videoclub/db/videoclub.odb' is opened by 9390@larry-server

[2013-01-29 21:28:25 #2 type] 
Type model.Profile is not enhanced.

[2013-01-29 21:28:25 #3 type] 
Type model.Right is not enhanced.

[2013-01-29 21:28:25 #4 type] 
Type model.User is not enhanced.

[2013-01-29 21:28:25 #5 type] 
Type model.Order is not enhanced.

[2013-01-29 21:28:25 #6 type] 
Type model.Product is not enhanced.

------------------------------------------------------------------------------------------------------------------------

[2013-01-29 21:29:40 #1 store] 
Database '/home/larry/workspace/videoclub/db/videoclub.odb' is opened by 9423@larry-server

[2013-01-29 21:29:40 #2 type] 
Type model.Profile is not enhanced.

[2013-01-29 21:29:40 #3 type] 
Type model.Right is not enhanced.

[2013-01-29 21:29:40 #4 type] 
Type model.User is not enhanced.

[2013-01-29 21:29:40 #5 type] 
Type model.Order is not enhanced.

[2013-01-29 21:29:40 #6 type] 
Type model.Product is not enhanced.

------------------------------------------------------------------------------------------------------------------------

[2013-01-29 21:30:58 #1 store] 
Database '/home/larry/workspace/videoclub/db/videoclub.odb' is opened by 9460@larry-server

[2013-01-29 21:30:58 #2 type] 
Type model.Profile is not enhanced.

[2013-01-29 21:30:58 #3 type] 
Type model.Right is not enhanced.

[2013-01-29 21:30:58 #4 type] 
Type model.User is not enhanced.

[2013-01-29 21:30:58 #5 type] 
Type model.Order is not enhanced.

[2013-01-29 21:30:58 #6 type] 
Type model.Product is not enhanced.

------------------------------------------------------------------------------------------------------------------------

[2013-01-29 21:31:32 #1 store] 
Database '/home/larry/workspace/videoclub/db/videoclub.odb' is opened by 9494@larry-server

[2013-01-29 21:31:32 #2 type] 
Type model.Profile is not enhanced.

[2013-01-29 21:31:32 #3 type] 
Type model.Right is not enhanced.

[2013-01-29 21:31:32 #4 type] 
Type model.User is not enhanced.

[2013-01-29 21:31:32 #5 type] 
Type model.Order is not enhanced.

[2013-01-29 21:31:32 #6 type] 
Type model.Product is not enhanced.

------------------------------------------------------------------------------------------------------------------------

[2013-01-29 21:33:52 #1 store] 
Database '/home/larry/workspace/videoclub/db/videoclub.odb' is opened by 9537@larry-server

[2013-01-29 21:33:53 #2 type] 
Type model.Profile is not enhanced.

[2013-01-29 21:33:53 #3 type] 
Type model.Right is not enhanced.

[2013-01-29 21:33:53 #4 type] 
Type model.User is not enhanced.

[2013-01-29 21:33:53 #5 type] 
Type model.Order is not enhanced.

[2013-01-29 21:33:53 #6 type] 
Type model.Product is not enhanced.

------------------------------------------------------------------------------------------------------------------------

[2013-01-29 21:37:58 #1 store] 
Database '/home/larry/workspace/videoclub/db/videoclub.odb' is opened by 9624@larry-server

[2013-01-29 21:37:58 #2 type] 
Type model.Profile is not enhanced.

[2013-01-29 21:37:58 #3 type] 
Type model.Right is not enhanced.

[2013-01-29 21:37:58 #4 type] 
Type model.User is not enhanced.

[2013-01-29 21:37:58 #5 type] 
Type model.Order is not enhanced.

[2013-01-29 21:37:58 #6 type] 
Type model.Product is not enhanced.

------------------------------------------------------------------------------------------------------------------------

[2013-01-29 21:39:08 #1 store] 
Database '/home/larry/workspace/videoclub/db/videoclub.odb' is opened by 9673@larry-server

[2013-01-29 21:39:08 #2 type] 
Type model.Profile is not enhanced.

[2013-01-29 21:39:08 #3 type] 
Type model.Right is not enhanced.

[2013-01-29 21:39:08 #4 type] 
Type model.User is not enhanced.

[2013-01-29 21:39:08 #5 type] 
Type model.Order is not enhanced.

[2013-01-29 21:39:08 #6 type] 
Type model.Product is not enhanced.

------------------------------------------------------------------------------------------------------------------------

[2013-01-29 21:42:38 #1 store] 
Database '/home/larry/workspace/videoclub/db/videoclub.odb' is opened by 9764@larry-server

[2013-01-29 21:42:38 #2 type] 
Type model.Profile is not enhanced.

[2013-01-29 21:42:38 #3 type] 
Type model.Right is not enhanced.

[2013-01-29 21:42:38 #4 type] 
Type model.User is not enhanced.

[2013-01-29 21:42:38 #5 type] 
Type model.Order is not enhanced.

[2013-01-29 21:42:38 #6 type] 
Type model.Product is not enhanced.

------------------------------------------------------------------------------------------------------------------------

[2013-01-29 21:43:55 #1 store] 
Database '/home/larry/workspace/videoclub/db/videoclub.odb' is opened by 9849@larry-server

[2013-01-29 21:43:55 #2 type] 
Type model.Profile is not enhanced.

[2013-01-29 21:43:55 #3 type] 
Type model.Right is not enhanced.

[2013-01-29 21:43:55 #4 type] 
Type model.User is not enhanced.

[2013-01-29 21:43:55 #5 type] 
Type model.Order is not enhanced.

[2013-01-29 21:43:55 #6 type] 
Type model.Product is not enhanced.

------------------------------------------------------------------------------------------------------------------------

[2013-01-29 21:45:50 #1 store] 
Database '/home/larry/workspace/videoclub/db/videoclub.odb' is opened by 9911@larry-server

[2013-01-29 21:45:50 #2 type] 
Type model.Profile is not enhanced.

[2013-01-29 21:45:50 #3 type] 
Type model.Right is not enhanced.

[2013-01-29 21:45:50 #4 type] 
Type model.User is not enhanced.

[2013-01-29 21:45:50 #5 type] 
Type model.Order is not enhanced.

[2013-01-29 21:45:50 #6 type] 
Type model.Product is not enhanced.

------------------------------------------------------------------------------------------------------------------------

[2013-01-29 21:46:13 #1 store] 
Database '/home/larry/workspace/videoclub/db/videoclub.odb' has been recovered (tr. 33-33)

[2013-01-29 21:46:13 #2 store] 
Database '/home/larry/workspace/videoclub/db/videoclub.odb' is opened by 9937@larry-server

[2013-01-29 21:46:13 #3 type] 
Type model.Profile is not enhanced.

[2013-01-29 21:46:13 #4 type] 
Type model.Right is not enhanced.

[2013-01-29 21:46:13 #5 type] 
Type model.User is not enhanced.

[2013-01-29 21:46:13 #6 type] 
Type model.Order is not enhanced.

[2013-01-29 21:46:13 #7 type] 
Type model.Product is not enhanced.

------------------------------------------------------------------------------------------------------------------------

[2013-01-29 21:47:58 #1 store] 
Database '/home/larry/workspace/videoclub/db/videoclub.odb' is opened by 9986@larry-server

[2013-01-29 21:47:58 #2 type] 
Type model.Profile is not enhanced.

[2013-01-29 21:47:58 #3 type] 
Type model.Right is not enhanced.

[2013-01-29 21:47:58 #4 type] 
Type model.User is not enhanced.

[2013-01-29 21:47:58 #5 type] 
Type model.Order is not enhanced.

[2013-01-29 21:47:58 #6 type] 
Type model.Product is not enhanced.

------------------------------------------------------------------------------------------------------------------------

[2013-01-29 21:50:24 #1 store] 
Database '/home/larry/workspace/videoclub/db/videoclub.odb' is opened by 10087@larry-server

[2013-01-29 21:50:24 #2 type] 
Type model.Profile is not enhanced.

[2013-01-29 21:50:24 #3 type] 
Type model.Right is not enhanced.

[2013-01-29 21:50:24 #4 type] 
Type model.User is not enhanced.

[2013-01-29 21:50:24 #5 type] 
Type model.Order is not enhanced.

[2013-01-29 21:50:24 #6 type] 
Type model.Product is not enhanced.

